  INFO root [2018-08-21 10:03:04,999] - 
  INFO root [2018-08-21 10:03:04,999] - -----------------------------------------------------------------------------------------


  INFO root [2018-08-21 10:03:05,001] - Resmgr::initialize: KBE_ROOT=D:/KBE/kbengine-2.2.0/
  INFO root [2018-08-21 10:03:05,001] - Resmgr::initialize: KBE_RES_PATH=D:/KBE/kbengine-2.2.0/kbe/res/;D:/KBE/kbengine-2.2.0/ori_assets/;D:/KBE/kbengine-2.2.0/ori_assets/scripts/;D:/KBE/kbengine-2.2.0/ori_assets/res/
  INFO root [2018-08-21 10:03:05,002] - Resmgr::initialize: KBE_BIN_PATH=D:/KBE/kbengine-2.2.0/kbe/bin/server/
  INFO root [2018-08-21 10:03:05,016] - NetworkInterface::initialize(INTERNAL-TCP): bound to all interfaces with default route interface on 192.168.0.155 ( 192.168.0.155:58527 )
  INFO root [2018-08-21 10:03:05,016] - NetworkInterface::initialize(INTERNAL-TCP): address 192.168.0.155:58527, SOMAXCONN=5.
  INFO root [2018-08-21 10:03:05,016] - server-configs:
  INFO root [2018-08-21 10:03:05,017] - 	internalTcpAddr : 192.168.0.155:58527
  INFO root [2018-08-21 10:03:05,017] - 	componentID : 6000
  INFO root [2018-08-21 10:03:05,142] - Components::findLogger: found logger, addr:192.168.0.155:58518
  INFO root [2018-08-21 10:03:05,143] - Components::addComponent: reset orderLog, uid=4262!
  INFO root [2018-08-21 10:03:05,143] - Components::addComponent[logger], uid=4262, componentID=2000, globalorderid=1, grouporderid=1, totalcount=1
  INFO root [2018-08-21 10:03:05,151] - ---- cellappmgr Version: 2.2.0. ScriptVersion: 0.1.0. Protocol: 7743AAA1EB37FBAE72D2427E7CF2EF51. Config: Debug X86. Built: 18:34:05 Aug  8 2018. AppID: 6000. UID: 4262. PID: 100412 ----
  INFO root [2018-08-21 10:03:05,152] - Server : Intel(R) Core(TM) i7-6700 CPU @ 3.40GHz with 4194303kB RAM
  INFO root [2018-08-21 10:03:05,153] - ThreadPool::createThreadPool: creating  threadpool...
  INFO root [2018-08-21 10:03:05,155] - ThreadPool::createThreadPool: successfully(2), newThreadCount=1, normalMaxThreadCount=2, maxThreadCount=8
  INFO root [2018-08-21 10:03:05,667] - ---- cellappmgr is running ----
 DEBUG root [2018-08-21 10:03:05,668] - Components::process(): Request for the process of identity...
  WARN root [2018-08-21 10:03:12,390] - Forwarding logs to logger[192.168.0.155:58518/0/0/0]...
 ERROR root [2018-08-21 11:10:47,226] - Components::removeComponentByChannel: logger : 2000, Abnormal exit! errorno=10054
  INFO root [2018-08-21 11:10:47,233] - The following logs sent to logger failed:
  WARN root [2018-08-21 11:10:47,234] - ==> [2018-08-21 11:10:47 225] TCPPacketReceiver::processPendingEvents(192.168.0.155:58518): Throwing REASON_GENERAL_NETWORK - WSAECONNRESET
 ERROR root [2018-08-21 11:10:47,234] - ==> [2018-08-21 11:10:47 226] Components::removeComponentByChannel: logger : 2000, Abnormal exit! errorno=10054
  WARN root [2018-08-21 11:10:47,764] - TCPPacketReceiver::processPendingEvents(192.168.0.155:58521): Throwing REASON_GENERAL_NETWORK - WSAECONNRESET
 ERROR root [2018-08-21 11:10:47,765] - Components::removeComponentByChannel: dbmgr : 4000, Abnormal exit! errorno=10054
  INFO root [2018-08-21 11:10:47,776] - Shutdowner::onShutdownBegin: shutting down(period=0, tickPeriod=1)
  INFO root [2018-08-21 11:10:47,779] - Shutdowner::onShutdown: shutting down
  INFO root [2018-08-21 11:10:47,780] - Shutdowner::onShutdownEnd: shutting down
 DEBUG root [2018-08-21 11:10:47,780] - ThreadPool::destroy(): starting size 2.
  WARN root [2018-08-21 11:10:48,080] - ThreadPool::destroy(): waiting for thread(2)[0x65ac78,0x65ac10,], try=1
 DEBUG root [2018-08-21 11:10:48,480] - TPThread::~TPThread(): 0x65ac78
 DEBUG root [2018-08-21 11:10:48,480] - TPThread::~TPThread(): 0x65ac10
 DEBUG root [2018-08-21 11:10:48,480] - ThreadPool::destroy(): successfully!
 DEBUG root [2018-08-21 11:10:48,493] - Bundle::destroyObjPool(): size 6.
 DEBUG root [2018-08-21 11:10:48,493] - Channel::destroyObjPool(): size 13.
 DEBUG root [2018-08-21 11:10:48,494] - TCPPacket::destroyObjPool(): size 5.
 DEBUG root [2018-08-21 11:10:48,494] - UDPPacket::destroyObjPool(): size 6.
 DEBUG root [2018-08-21 11:10:48,494] - EndPoint::destroyObjPool(): size 13.
 DEBUG root [2018-08-21 11:10:48,494] - Address::destroyObjPool(): size 0.
 DEBUG root [2018-08-21 11:10:48,494] - TCPPacketReceiver::destroyObjPool(): size 0.
 DEBUG root [2018-08-21 11:10:48,494] - UDPPacketReceiver::destroyObjPool(): size 0.
  INFO root [2018-08-21 11:10:48,494] - cellappmgr(6000) has shut down.
  INFO root [2018-08-21 11:20:52,181] - 
  INFO root [2018-08-21 11:20:52,182] - -----------------------------------------------------------------------------------------


  INFO root [2018-08-21 11:20:52,184] - Resmgr::initialize: KBE_ROOT=D:/KBE/kbengine-2.2.0/
  INFO root [2018-08-21 11:20:52,184] - Resmgr::initialize: KBE_RES_PATH=D:/KBE/kbengine-2.2.0/kbe/res/;D:/KBE/kbengine-2.2.0/ori_assets/;D:/KBE/kbengine-2.2.0/ori_assets/scripts/;D:/KBE/kbengine-2.2.0/ori_assets/res/
  INFO root [2018-08-21 11:20:52,184] - Resmgr::initialize: KBE_BIN_PATH=D:/KBE/kbengine-2.2.0/kbe/bin/server/
  INFO root [2018-08-21 11:20:52,200] - NetworkInterface::initialize(INTERNAL-TCP): bound to all interfaces with default route interface on 192.168.0.155 ( 192.168.0.155:59954 )
  INFO root [2018-08-21 11:20:52,200] - NetworkInterface::initialize(INTERNAL-TCP): address 192.168.0.155:59954, SOMAXCONN=5.
  INFO root [2018-08-21 11:20:52,200] - server-configs:
  INFO root [2018-08-21 11:20:52,200] - 	internalTcpAddr : 192.168.0.155:59954
  INFO root [2018-08-21 11:20:52,201] - 	componentID : 6000
  INFO root [2018-08-21 11:20:52,282] - Components::findLogger: found logger, addr:192.168.0.155:59943
  INFO root [2018-08-21 11:20:52,282] - Components::addComponent: reset orderLog, uid=19503!
  INFO root [2018-08-21 11:20:52,282] - Components::addComponent[logger], uid=19503, componentID=2000, globalorderid=1, grouporderid=1, totalcount=1
  INFO root [2018-08-21 11:20:52,293] - ---- cellappmgr Version: 2.2.0. ScriptVersion: 0.1.0. Protocol: 7743AAA1EB37FBAE72D2427E7CF2EF51. Config: Debug X86. Built: 18:34:05 Aug  8 2018. AppID: 6000. UID: 19503. PID: 122956 ----
  INFO root [2018-08-21 11:20:52,293] - Server : Intel(R) Core(TM) i7-6700 CPU @ 3.40GHz with 4194303kB RAM
  INFO root [2018-08-21 11:20:52,294] - ThreadPool::createThreadPool: creating  threadpool...
  INFO root [2018-08-21 11:20:52,294] - ThreadPool::createThreadPool: successfully(2), newThreadCount=1, normalMaxThreadCount=2, maxThreadCount=8
  INFO root [2018-08-21 11:20:52,980] - ---- cellappmgr is running ----
 DEBUG root [2018-08-21 11:20:52,981] - Components::process(): Request for the process of identity...
  WARN root [2018-08-21 11:20:59,526] - Forwarding logs to logger[192.168.0.155:59943/0/0/0]...
 ERROR root [2018-08-21 12:07:09,542] - Components::removeComponentByChannel: logger : 2000, Abnormal exit! errorno=10054
  INFO root [2018-08-21 12:07:09,558] - The following logs sent to logger failed:
  WARN root [2018-08-21 12:07:09,559] - ==> [2018-08-21 12:07:09 541] TCPPacketReceiver::processPendingEvents(192.168.0.155:59943): Throwing REASON_GENERAL_NETWORK - WSAECONNRESET
 ERROR root [2018-08-21 12:07:09,559] - ==> [2018-08-21 12:07:09 543] Components::removeComponentByChannel: logger : 2000, Abnormal exit! errorno=10054
  WARN root [2018-08-21 12:07:10,532] - TCPPacketReceiver::processPendingEvents(192.168.0.155:59947): Throwing REASON_GENERAL_NETWORK - WSAECONNRESET
 ERROR root [2018-08-21 12:07:10,554] - Components::removeComponentByChannel: dbmgr : 4000, Abnormal exit! errorno=10054
  INFO root [2018-08-21 12:07:10,564] - Shutdowner::onShutdownBegin: shutting down(period=0, tickPeriod=1)
  INFO root [2018-08-21 12:07:10,576] - Shutdowner::onShutdown: shutting down
  INFO root [2018-08-21 12:07:10,576] - Shutdowner::onShutdownEnd: shutting down
 DEBUG root [2018-08-21 12:07:10,577] - ThreadPool::destroy(): starting size 2.
  WARN root [2018-08-21 12:07:10,877] - ThreadPool::destroy(): waiting for thread(2)[0xedad20,0xedacb8,], try=1
 DEBUG root [2018-08-21 12:07:11,278] - TPThread::~TPThread(): 0xedad20
 DEBUG root [2018-08-21 12:07:11,278] - TPThread::~TPThread(): 0xedacb8
 DEBUG root [2018-08-21 12:07:11,279] - ThreadPool::destroy(): successfully!
 DEBUG root [2018-08-21 12:07:11,294] - Bundle::destroyObjPool(): size 6.
 DEBUG root [2018-08-21 12:07:11,294] - Channel::destroyObjPool(): size 13.
 DEBUG root [2018-08-21 12:07:11,294] - TCPPacket::destroyObjPool(): size 5.
 DEBUG root [2018-08-21 12:07:11,294] - UDPPacket::destroyObjPool(): size 6.
 DEBUG root [2018-08-21 12:07:11,294] - EndPoint::destroyObjPool(): size 13.
 DEBUG root [2018-08-21 12:07:11,295] - Address::destroyObjPool(): size 0.
 DEBUG root [2018-08-21 12:07:11,295] - TCPPacketReceiver::destroyObjPool(): size 0.
 DEBUG root [2018-08-21 12:07:11,295] - UDPPacketReceiver::destroyObjPool(): size 0.
  INFO root [2018-08-21 12:07:11,295] - cellappmgr(6000) has shut down.
  INFO root [2018-08-21 12:07:50,682] - 
  INFO root [2018-08-21 12:07:50,682] - -----------------------------------------------------------------------------------------


  INFO root [2018-08-21 12:07:50,684] - Resmgr::initialize: KBE_ROOT=D:/KBE/kbengine-2.2.0/
  INFO root [2018-08-21 12:07:50,685] - Resmgr::initialize: KBE_RES_PATH=D:/KBE/kbengine-2.2.0/kbe/res/;D:/KBE/kbengine-2.2.0/ori_assets/;D:/KBE/kbengine-2.2.0/ori_assets/scripts/;D:/KBE/kbengine-2.2.0/ori_assets/res/
  INFO root [2018-08-21 12:07:50,685] - Resmgr::initialize: KBE_BIN_PATH=D:/KBE/kbengine-2.2.0/kbe/bin/server/
  INFO root [2018-08-21 12:07:50,728] - NetworkInterface::initialize(INTERNAL-TCP): bound to all interfaces with default route interface on 192.168.0.155 ( 192.168.0.155:60639 )
  INFO root [2018-08-21 12:07:50,728] - NetworkInterface::initialize(INTERNAL-TCP): address 192.168.0.155:60639, SOMAXCONN=5.
  INFO root [2018-08-21 12:07:50,728] - server-configs:
  INFO root [2018-08-21 12:07:50,728] - 	internalTcpAddr : 192.168.0.155:60639
  INFO root [2018-08-21 12:07:50,729] - 	componentID : 6000
  INFO root [2018-08-21 12:07:50,752] - Components::findLogger: found logger, addr:192.168.0.155:60629
  INFO root [2018-08-21 12:07:50,752] - Components::addComponent: reset orderLog, uid=28692!
  INFO root [2018-08-21 12:07:50,752] - Components::addComponent[logger], uid=28692, componentID=2000, globalorderid=1, grouporderid=1, totalcount=1
  INFO root [2018-08-21 12:07:50,763] - ---- cellappmgr Version: 2.2.0. ScriptVersion: 0.1.0. Protocol: 7743AAA1EB37FBAE72D2427E7CF2EF51. Config: Debug X86. Built: 18:34:05 Aug  8 2018. AppID: 6000. UID: 28692. PID: 60832 ----
  INFO root [2018-08-21 12:07:50,765] - Server : Intel(R) Core(TM) i7-6700 CPU @ 3.40GHz with 4194303kB RAM
  INFO root [2018-08-21 12:07:50,765] - ThreadPool::createThreadPool: creating  threadpool...
  INFO root [2018-08-21 12:07:50,765] - ThreadPool::createThreadPool: successfully(2), newThreadCount=1, normalMaxThreadCount=2, maxThreadCount=8
  INFO root [2018-08-21 12:07:51,412] - ---- cellappmgr is running ----
 DEBUG root [2018-08-21 12:07:51,451] - Components::process(): Request for the process of identity...
  WARN root [2018-08-21 12:07:58,763] - Forwarding logs to logger[192.168.0.155:60629/0/0/0]...
 ERROR root [2018-08-21 16:32:48,939] - Components::removeComponentByChannel: logger : 2000, Abnormal exit! errorno=10054
  INFO root [2018-08-21 16:32:48,945] - The following logs sent to logger failed:
  WARN root [2018-08-21 16:32:48,946] - ==> [2018-08-21 16:32:48 933] TCPPacketReceiver::processPendingEvents(192.168.0.155:60629): Throwing REASON_GENERAL_NETWORK - WSAECONNRESET
 ERROR root [2018-08-21 16:32:48,947] - ==> [2018-08-21 16:32:48 939] Components::removeComponentByChannel: logger : 2000, Abnormal exit! errorno=10054
  WARN root [2018-08-21 16:32:49,547] - TCPPacketReceiver::processPendingEvents(192.168.0.155:60632): Throwing REASON_GENERAL_NETWORK - WSAECONNRESET
 ERROR root [2018-08-21 16:32:49,549] - Components::removeComponentByChannel: dbmgr : 4000, Abnormal exit! errorno=10054
  INFO root [2018-08-21 16:32:49,558] - Shutdowner::onShutdownBegin: shutting down(period=0, tickPeriod=1)
  INFO root [2018-08-21 16:32:49,560] - Shutdowner::onShutdown: shutting down
  INFO root [2018-08-21 16:32:49,560] - Shutdowner::onShutdownEnd: shutting down
 DEBUG root [2018-08-21 16:32:49,561] - ThreadPool::destroy(): starting size 2.
  WARN root [2018-08-21 16:32:49,861] - ThreadPool::destroy(): waiting for thread(2)[0xf9adb8,0xf9ad50,], try=1
 DEBUG root [2018-08-21 16:32:50,261] - TPThread::~TPThread(): 0xf9adb8
 DEBUG root [2018-08-21 16:32:50,261] - TPThread::~TPThread(): 0xf9ad50
 DEBUG root [2018-08-21 16:32:50,261] - ThreadPool::destroy(): successfully!
 DEBUG root [2018-08-21 16:32:50,274] - Bundle::destroyObjPool(): size 6.
 DEBUG root [2018-08-21 16:32:50,274] - Channel::destroyObjPool(): size 13.
 DEBUG root [2018-08-21 16:32:50,275] - TCPPacket::destroyObjPool(): size 5.
 DEBUG root [2018-08-21 16:32:50,275] - UDPPacket::destroyObjPool(): size 6.
 DEBUG root [2018-08-21 16:32:50,275] - EndPoint::destroyObjPool(): size 13.
 DEBUG root [2018-08-21 16:32:50,275] - Address::destroyObjPool(): size 0.
 DEBUG root [2018-08-21 16:32:50,275] - TCPPacketReceiver::destroyObjPool(): size 0.
 DEBUG root [2018-08-21 16:32:50,275] - UDPPacketReceiver::destroyObjPool(): size 0.
  INFO root [2018-08-21 16:32:50,276] - cellappmgr(6000) has shut down.
  INFO root [2018-08-21 16:32:57,426] - 
  INFO root [2018-08-21 16:32:57,427] - -----------------------------------------------------------------------------------------


  INFO root [2018-08-21 16:32:57,428] - Resmgr::initialize: KBE_ROOT=D:/KBE/kbengine-2.2.0/
  INFO root [2018-08-21 16:32:57,428] - Resmgr::initialize: KBE_RES_PATH=D:/KBE/kbengine-2.2.0/kbe/res/;D:/KBE/kbengine-2.2.0/ori_assets/;D:/KBE/kbengine-2.2.0/ori_assets/scripts/;D:/KBE/kbengine-2.2.0/ori_assets/res/
  INFO root [2018-08-21 16:32:57,428] - Resmgr::initialize: KBE_BIN_PATH=D:/KBE/kbengine-2.2.0/kbe/bin/server/
  INFO root [2018-08-21 16:32:57,441] - NetworkInterface::initialize(INTERNAL-TCP): bound to all interfaces with default route interface on 192.168.0.155 ( 192.168.0.155:64964 )
  INFO root [2018-08-21 16:32:57,441] - NetworkInterface::initialize(INTERNAL-TCP): address 192.168.0.155:64964, SOMAXCONN=5.
  INFO root [2018-08-21 16:32:57,441] - server-configs:
  INFO root [2018-08-21 16:32:57,441] - 	internalTcpAddr : 192.168.0.155:64964
  INFO root [2018-08-21 16:32:57,441] - 	componentID : 6000
  INFO root [2018-08-21 16:32:57,499] - Components::findLogger: found logger, addr:192.168.0.155:64959
  INFO root [2018-08-21 16:32:57,499] - Components::addComponent: reset orderLog, uid=15108!
  INFO root [2018-08-21 16:32:57,500] - Components::addComponent[logger], uid=15108, componentID=2000, globalorderid=1, grouporderid=1, totalcount=1
  INFO root [2018-08-21 16:32:57,508] - ---- cellappmgr Version: 2.2.0. ScriptVersion: 0.1.0. Protocol: 7743AAA1EB37FBAE72D2427E7CF2EF51. Config: Debug X86. Built: 18:34:05 Aug  8 2018. AppID: 6000. UID: 15108. PID: 25984 ----
  INFO root [2018-08-21 16:32:57,509] - Server : Intel(R) Core(TM) i7-6700 CPU @ 3.40GHz with 4194303kB RAM
  INFO root [2018-08-21 16:32:57,510] - ThreadPool::createThreadPool: creating  threadpool...
  INFO root [2018-08-21 16:32:57,510] - ThreadPool::createThreadPool: successfully(2), newThreadCount=1, normalMaxThreadCount=2, maxThreadCount=8
  INFO root [2018-08-21 16:32:58,187] - ---- cellappmgr is running ----
 DEBUG root [2018-08-21 16:32:58,188] - Components::process(): Request for the process of identity...
  WARN root [2018-08-21 16:33:05,784] - Forwarding logs to logger[192.168.0.155:64959/0/0/0]...
 ERROR root [2018-08-21 16:33:21,438] - Components::removeComponentByChannel: logger : 2000, Abnormal exit! errorno=10054
  INFO root [2018-08-21 16:33:21,449] - The following logs sent to logger failed:
  WARN root [2018-08-21 16:33:21,450] - ==> [2018-08-21 16:33:21 432] TCPPacketReceiver::processPendingEvents(192.168.0.155:64959): Throwing REASON_GENERAL_NETWORK - WSAECONNRESET
 ERROR root [2018-08-21 16:33:21,450] - ==> [2018-08-21 16:33:21 438] Components::removeComponentByChannel: logger : 2000, Abnormal exit! errorno=10054
  WARN root [2018-08-21 16:33:21,957] - TCPPacketReceiver::processPendingEvents(192.168.0.155:64961): Throwing REASON_GENERAL_NETWORK - WSAECONNRESET
 ERROR root [2018-08-21 16:33:21,960] - Components::removeComponentByChannel: dbmgr : 4000, Abnormal exit! errorno=10054
  INFO root [2018-08-21 16:33:21,968] - Shutdowner::onShutdownBegin: shutting down(period=0, tickPeriod=1)
  INFO root [2018-08-21 16:33:21,972] - Shutdowner::onShutdown: shutting down
  INFO root [2018-08-21 16:33:21,972] - Shutdowner::onShutdownEnd: shutting down
 DEBUG root [2018-08-21 16:33:21,972] - ThreadPool::destroy(): starting size 2.
  WARN root [2018-08-21 16:33:22,273] - ThreadPool::destroy(): waiting for thread(2)[0xeead20,0xeeacb8,], try=1
 DEBUG root [2018-08-21 16:33:22,673] - TPThread::~TPThread(): 0xeead20
 DEBUG root [2018-08-21 16:33:22,673] - TPThread::~TPThread(): 0xeeacb8
 DEBUG root [2018-08-21 16:33:22,673] - ThreadPool::destroy(): successfully!
 DEBUG root [2018-08-21 16:33:22,681] - Bundle::destroyObjPool(): size 22.
 DEBUG root [2018-08-21 16:33:22,681] - Channel::destroyObjPool(): size 12.
 DEBUG root [2018-08-21 16:33:22,681] - TCPPacket::destroyObjPool(): size 5.
 DEBUG root [2018-08-21 16:33:22,682] - UDPPacket::destroyObjPool(): size 6.
 DEBUG root [2018-08-21 16:33:22,682] - EndPoint::destroyObjPool(): size 12.
 DEBUG root [2018-08-21 16:33:22,682] - Address::destroyObjPool(): size 0.
 DEBUG root [2018-08-21 16:33:22,682] - TCPPacketReceiver::destroyObjPool(): size 0.
 DEBUG root [2018-08-21 16:33:22,682] - UDPPacketReceiver::destroyObjPool(): size 0.
  INFO root [2018-08-21 16:33:22,682] - cellappmgr(6000) has shut down.
  INFO root [2018-08-21 17:39:42,238] - 
  INFO root [2018-08-21 17:39:42,239] - -----------------------------------------------------------------------------------------


  INFO root [2018-08-21 17:39:42,240] - Resmgr::initialize: KBE_ROOT=D:/KBE/kbengine-2.2.0/
  INFO root [2018-08-21 17:39:42,240] - Resmgr::initialize: KBE_RES_PATH=D:/KBE/kbengine-2.2.0/kbe/res/;D:/KBE/kbengine-2.2.0/ori_assets/;D:/KBE/kbengine-2.2.0/ori_assets/scripts/;D:/KBE/kbengine-2.2.0/ori_assets/res/
  INFO root [2018-08-21 17:39:42,240] - Resmgr::initialize: KBE_BIN_PATH=D:/KBE/kbengine-2.2.0/kbe/bin/server/
  INFO root [2018-08-21 17:39:42,249] - NetworkInterface::initialize(INTERNAL-TCP): bound to all interfaces with default route interface on 192.168.0.155 ( 192.168.0.155:49525 )
  INFO root [2018-08-21 17:39:42,250] - NetworkInterface::initialize(INTERNAL-TCP): address 192.168.0.155:49525, SOMAXCONN=5.
  INFO root [2018-08-21 17:39:42,250] - server-configs:
  INFO root [2018-08-21 17:39:42,250] - 	internalTcpAddr : 192.168.0.155:49525
  INFO root [2018-08-21 17:39:42,250] - 	componentID : 6000
  INFO root [2018-08-21 17:39:42,301] - Components::findLogger: found logger, addr:192.168.0.155:49517
  INFO root [2018-08-21 17:39:42,301] - Components::addComponent: reset orderLog, uid=28190!
  INFO root [2018-08-21 17:39:42,301] - Components::addComponent[logger], uid=28190, componentID=2000, globalorderid=1, grouporderid=1, totalcount=1
  INFO root [2018-08-21 17:39:42,310] - ---- cellappmgr Version: 2.2.0. ScriptVersion: 0.1.0. Protocol: 7743AAA1EB37FBAE72D2427E7CF2EF51. Config: Debug X86. Built: 18:34:05 Aug  8 2018. AppID: 6000. UID: 28190. PID: 173096 ----
  INFO root [2018-08-21 17:39:42,311] - Server : Intel(R) Core(TM) i7-6700 CPU @ 3.40GHz with 4194303kB RAM
  INFO root [2018-08-21 17:39:42,311] - ThreadPool::createThreadPool: creating  threadpool...
  INFO root [2018-08-21 17:39:42,311] - ThreadPool::createThreadPool: successfully(2), newThreadCount=1, normalMaxThreadCount=2, maxThreadCount=8
  INFO root [2018-08-21 17:39:42,897] - ---- cellappmgr is running ----
 DEBUG root [2018-08-21 17:39:42,898] - Components::process(): Request for the process of identity...
  WARN root [2018-08-21 17:39:50,233] - Forwarding logs to logger[192.168.0.155:49517/0/0/0]...
 ERROR root [2018-08-21 18:05:56,712] - Components::removeComponentByChannel: logger : 2000, Abnormal exit! errorno=10054
  INFO root [2018-08-21 18:05:56,714] - The following logs sent to logger failed:
  WARN root [2018-08-21 18:05:56,714] - ==> [2018-08-21 18:05:56 711] TCPPacketReceiver::processPendingEvents(192.168.0.155:49517): Throwing REASON_GENERAL_NETWORK - WSAECONNRESET
 ERROR root [2018-08-21 18:05:56,715] - ==> [2018-08-21 18:05:56 713] Components::removeComponentByChannel: logger : 2000, Abnormal exit! errorno=10054
  WARN root [2018-08-21 18:05:57,360] - TCPPacketReceiver::processPendingEvents(192.168.0.155:49519): Throwing REASON_GENERAL_NETWORK - WSAECONNRESET
 ERROR root [2018-08-21 18:05:57,362] - Components::removeComponentByChannel: dbmgr : 4000, Abnormal exit! errorno=10054
  INFO root [2018-08-21 18:05:57,370] - Shutdowner::onShutdownBegin: shutting down(period=0, tickPeriod=1)
  INFO root [2018-08-21 18:05:57,372] - Shutdowner::onShutdown: shutting down
  INFO root [2018-08-21 18:05:57,372] - Shutdowner::onShutdownEnd: shutting down
 DEBUG root [2018-08-21 18:05:57,372] - ThreadPool::destroy(): starting size 2.
  WARN root [2018-08-21 18:05:57,672] - ThreadPool::destroy(): waiting for thread(2)[0x56adb8,0x56ad50,], try=1
 DEBUG root [2018-08-21 18:05:58,072] - TPThread::~TPThread(): 0x56adb8
 DEBUG root [2018-08-21 18:05:58,072] - TPThread::~TPThread(): 0x56ad50
 DEBUG root [2018-08-21 18:05:58,072] - ThreadPool::destroy(): successfully!
 DEBUG root [2018-08-21 18:05:58,085] - Bundle::destroyObjPool(): size 6.
 DEBUG root [2018-08-21 18:05:58,085] - Channel::destroyObjPool(): size 13.
 DEBUG root [2018-08-21 18:05:58,085] - TCPPacket::destroyObjPool(): size 5.
 DEBUG root [2018-08-21 18:05:58,086] - UDPPacket::destroyObjPool(): size 5.
 DEBUG root [2018-08-21 18:05:58,086] - EndPoint::destroyObjPool(): size 13.
 DEBUG root [2018-08-21 18:05:58,086] - Address::destroyObjPool(): size 0.
 DEBUG root [2018-08-21 18:05:58,086] - TCPPacketReceiver::destroyObjPool(): size 0.
 DEBUG root [2018-08-21 18:05:58,086] - UDPPacketReceiver::destroyObjPool(): size 0.
  INFO root [2018-08-21 18:05:58,086] - cellappmgr(6000) has shut down.
  INFO root [2018-08-21 18:06:22,716] - 
  INFO root [2018-08-21 18:06:22,717] - -----------------------------------------------------------------------------------------


  INFO root [2018-08-21 18:06:22,719] - Resmgr::initialize: KBE_ROOT=D:/KBE/kbengine-2.2.0/
  INFO root [2018-08-21 18:06:22,719] - Resmgr::initialize: KBE_RES_PATH=D:/KBE/kbengine-2.2.0/kbe/res/;D:/KBE/kbengine-2.2.0/ori_assets/;D:/KBE/kbengine-2.2.0/ori_assets/scripts/;D:/KBE/kbengine-2.2.0/ori_assets/res/
  INFO root [2018-08-21 18:06:22,719] - Resmgr::initialize: KBE_BIN_PATH=D:/KBE/kbengine-2.2.0/kbe/bin/server/
  INFO root [2018-08-21 18:06:22,744] - NetworkInterface::initialize(INTERNAL-TCP): bound to all interfaces with default route interface on 192.168.0.155 ( 192.168.0.155:49890 )
  INFO root [2018-08-21 18:06:22,744] - NetworkInterface::initialize(INTERNAL-TCP): address 192.168.0.155:49890, SOMAXCONN=5.
  INFO root [2018-08-21 18:06:22,744] - server-configs:
  INFO root [2018-08-21 18:06:22,744] - 	internalTcpAddr : 192.168.0.155:49890
  INFO root [2018-08-21 18:06:22,745] - 	componentID : 6000
  INFO root [2018-08-21 18:06:24,268] - ---- cellappmgr Version: 2.2.0. ScriptVersion: 0.1.0. Protocol: 7743AAA1EB37FBAE72D2427E7CF2EF51. Config: Debug X86. Built: 18:34:05 Aug  8 2018. AppID: 6000. UID: 654. PID: 173852 ----
  INFO root [2018-08-21 18:06:24,269] - Server : Intel(R) Core(TM) i7-6700 CPU @ 3.40GHz with 4194303kB RAM
  INFO root [2018-08-21 18:06:24,270] - ThreadPool::createThreadPool: creating  threadpool...
  INFO root [2018-08-21 18:06:24,271] - ThreadPool::createThreadPool: successfully(2), newThreadCount=1, normalMaxThreadCount=2, maxThreadCount=8
  INFO root [2018-08-21 18:06:25,046] - ---- cellappmgr is running ----
 DEBUG root [2018-08-21 18:06:25,048] - Components::process(): Request for the process of identity...
  INFO root [2018-08-21 18:06:33,592] - Components::findComponents: find logger(1)...
  INFO root [2018-08-21 18:06:33,704] - Components::findComponents: found logger, addr:192.168.0.155:49887
  INFO root [2018-08-21 18:06:33,704] - Components::addComponent: reset orderLog, uid=654!
  INFO root [2018-08-21 18:06:33,704] - Components::addComponent[logger], uid=654, componentID=2000, globalorderid=1, grouporderid=1, totalcount=1
  INFO root [2018-08-21 18:06:33,706] - Components::findComponents: find dbmgr(2)...
  INFO root [2018-08-21 18:06:33,815] - Components::findComponents: found dbmgr, addr:192.168.0.155:49888
  INFO root [2018-08-21 18:06:33,816] - Components::addComponent: reset orderLog, uid=654!
  INFO root [2018-08-21 18:06:33,816] - Components::addComponent[dbmgr], uid=654, componentID=4000, globalorderid=1, grouporderid=1, totalcount=1
  INFO root [2018-08-21 18:06:33,816] - Components::findComponents: found dbmgr, addr:192.168.0.155:49888
  WARN root [2018-08-21 18:06:34,816] - Forwarding logs to logger[192.168.0.155:49887/0/0/0]...
 ERROR root [2018-08-21 18:31:22,935] - Components::removeComponentByChannel: logger : 2000, Abnormal exit! errorno=10054
  INFO root [2018-08-21 18:31:22,947] - The following logs sent to logger failed:
  WARN root [2018-08-21 18:31:22,947] - ==> [2018-08-21 18:31:22 931] TCPPacketReceiver::processPendingEvents(192.168.0.155:49887): Throwing REASON_GENERAL_NETWORK - WSAECONNRESET
 ERROR root [2018-08-21 18:31:22,948] - ==> [2018-08-21 18:31:22 936] Components::removeComponentByChannel: logger : 2000, Abnormal exit! errorno=10054
  WARN root [2018-08-21 18:31:23,932] - TCPPacketReceiver::processPendingEvents(192.168.0.155:49888): Throwing REASON_GENERAL_NETWORK - WSAECONNRESET
 ERROR root [2018-08-21 18:31:23,933] - Components::removeComponentByChannel: dbmgr : 4000, Abnormal exit! errorno=10054
  INFO root [2018-08-21 18:31:23,941] - Shutdowner::onShutdownBegin: shutting down(period=0, tickPeriod=1)
  INFO root [2018-08-21 18:31:23,947] - Shutdowner::onShutdown: shutting down
  INFO root [2018-08-21 18:31:23,948] - Shutdowner::onShutdownEnd: shutting down
 DEBUG root [2018-08-21 18:31:23,949] - ThreadPool::destroy(): starting size 2.
  WARN root [2018-08-21 18:31:24,249] - ThreadPool::destroy(): waiting for thread(2)[0x59adf0,0x59ad88,], try=1
 DEBUG root [2018-08-21 18:31:24,650] - TPThread::~TPThread(): 0x59adf0
 DEBUG root [2018-08-21 18:31:24,650] - TPThread::~TPThread(): 0x59ad88
 DEBUG root [2018-08-21 18:31:24,650] - ThreadPool::destroy(): successfully!
 DEBUG root [2018-08-21 18:31:24,665] - Bundle::destroyObjPool(): size 6.
 DEBUG root [2018-08-21 18:31:24,665] - Channel::destroyObjPool(): size 13.
 DEBUG root [2018-08-21 18:31:24,666] - TCPPacket::destroyObjPool(): size 5.
 DEBUG root [2018-08-21 18:31:24,666] - UDPPacket::destroyObjPool(): size 4.
 DEBUG root [2018-08-21 18:31:24,666] - EndPoint::destroyObjPool(): size 13.
 DEBUG root [2018-08-21 18:31:24,666] - Address::destroyObjPool(): size 0.
 DEBUG root [2018-08-21 18:31:24,666] - TCPPacketReceiver::destroyObjPool(): size 0.
 DEBUG root [2018-08-21 18:31:24,666] - UDPPacketReceiver::destroyObjPool(): size 0.
  INFO root [2018-08-21 18:31:24,667] - cellappmgr(6000) has shut down.
  INFO root [2018-08-21 18:34:05,077] - 
  INFO root [2018-08-21 18:34:05,078] - -----------------------------------------------------------------------------------------


  INFO root [2018-08-21 18:34:05,080] - Resmgr::initialize: KBE_ROOT=D:/KBE/kbengine-2.2.0/
  INFO root [2018-08-21 18:34:05,081] - Resmgr::initialize: KBE_RES_PATH=D:/KBE/kbengine-2.2.0/kbe/res/;D:/KBE/kbengine-2.2.0/ori_assets/;D:/KBE/kbengine-2.2.0/ori_assets/scripts/;D:/KBE/kbengine-2.2.0/ori_assets/res/
  INFO root [2018-08-21 18:34:05,081] - Resmgr::initialize: KBE_BIN_PATH=D:/KBE/kbengine-2.2.0/kbe/bin/server/
  INFO root [2018-08-21 18:34:05,097] - NetworkInterface::initialize(INTERNAL-TCP): bound to all interfaces with default route interface on 192.168.0.155 ( 192.168.0.155:50235 )
  INFO root [2018-08-21 18:34:05,097] - NetworkInterface::initialize(INTERNAL-TCP): address 192.168.0.155:50235, SOMAXCONN=5.
  INFO root [2018-08-21 18:34:05,098] - server-configs:
  INFO root [2018-08-21 18:34:05,098] - 	internalTcpAddr : 192.168.0.155:50235
  INFO root [2018-08-21 18:34:05,098] - 	componentID : 6000
  INFO root [2018-08-21 18:34:05,208] - Components::findLogger: found logger, addr:192.168.0.155:50216
  INFO root [2018-08-21 18:34:05,208] - Components::addComponent: reset orderLog, uid=6048!
  INFO root [2018-08-21 18:34:05,209] - Components::addComponent[logger], uid=6048, componentID=2000, globalorderid=1, grouporderid=1, totalcount=1
  INFO root [2018-08-21 18:34:05,223] - ---- cellappmgr Version: 2.2.0. ScriptVersion: 0.1.0. Protocol: 7743AAA1EB37FBAE72D2427E7CF2EF51. Config: Debug X86. Built: 18:34:05 Aug  8 2018. AppID: 6000. UID: 6048. PID: 179544 ----
  INFO root [2018-08-21 18:34:05,223] - Server : Intel(R) Core(TM) i7-6700 CPU @ 3.40GHz with 4194303kB RAM
  INFO root [2018-08-21 18:34:05,224] - ThreadPool::createThreadPool: creating  threadpool...
  INFO root [2018-08-21 18:34:05,225] - ThreadPool::createThreadPool: successfully(2), newThreadCount=1, normalMaxThreadCount=2, maxThreadCount=8
  INFO root [2018-08-21 18:34:05,997] - ---- cellappmgr is running ----
 DEBUG root [2018-08-21 18:34:05,998] - Components::process(): Request for the process of identity...
  WARN root [2018-08-21 18:34:14,086] - Forwarding logs to logger[192.168.0.155:50216/0/0/0]...
 ERROR root [2018-08-21 18:38:53,157] - Components::removeComponentByChannel: logger : 2000, Abnormal exit! errorno=10054
  INFO root [2018-08-21 18:38:53,161] - The following logs sent to logger failed:
  WARN root [2018-08-21 18:38:53,161] - ==> [2018-08-21 18:38:53 152] TCPPacketReceiver::processPendingEvents(192.168.0.155:50216): Throwing REASON_GENERAL_NETWORK - WSAECONNRESET
 ERROR root [2018-08-21 18:38:53,161] - ==> [2018-08-21 18:38:53 157] Components::removeComponentByChannel: logger : 2000, Abnormal exit! errorno=10054
  WARN root [2018-08-21 18:38:53,684] - TCPPacketReceiver::processPendingEvents(192.168.0.155:50220): Throwing REASON_GENERAL_NETWORK - WSAECONNRESET
 ERROR root [2018-08-21 18:38:53,686] - Components::removeComponentByChannel: dbmgr : 4000, Abnormal exit! errorno=10054
  INFO root [2018-08-21 18:38:53,691] - Shutdowner::onShutdownBegin: shutting down(period=0, tickPeriod=1)
  INFO root [2018-08-21 18:38:53,707] - Shutdowner::onShutdown: shutting down
  INFO root [2018-08-21 18:38:53,708] - Shutdowner::onShutdownEnd: shutting down
 DEBUG root [2018-08-21 18:38:53,708] - ThreadPool::destroy(): starting size 2.
  WARN root [2018-08-21 18:38:54,008] - ThreadPool::destroy(): waiting for thread(2)[0x43ac78,0x43ac10,], try=1
 DEBUG root [2018-08-21 18:38:54,408] - TPThread::~TPThread(): 0x43ac78
 DEBUG root [2018-08-21 18:38:54,408] - TPThread::~TPThread(): 0x43ac10
 DEBUG root [2018-08-21 18:38:54,409] - ThreadPool::destroy(): successfully!
 DEBUG root [2018-08-21 18:38:54,428] - Bundle::destroyObjPool(): size 22.
 DEBUG root [2018-08-21 18:38:54,428] - Channel::destroyObjPool(): size 13.
 DEBUG root [2018-08-21 18:38:54,428] - TCPPacket::destroyObjPool(): size 5.
 DEBUG root [2018-08-21 18:38:54,428] - UDPPacket::destroyObjPool(): size 5.
 DEBUG root [2018-08-21 18:38:54,428] - EndPoint::destroyObjPool(): size 13.
 DEBUG root [2018-08-21 18:38:54,429] - Address::destroyObjPool(): size 0.
 DEBUG root [2018-08-21 18:38:54,429] - TCPPacketReceiver::destroyObjPool(): size 0.
 DEBUG root [2018-08-21 18:38:54,429] - UDPPacketReceiver::destroyObjPool(): size 0.
  INFO root [2018-08-21 18:38:54,429] - cellappmgr(6000) has shut down.
  INFO root [2018-08-21 18:44:03,322] - 
  INFO root [2018-08-21 18:44:03,323] - -----------------------------------------------------------------------------------------


  INFO root [2018-08-21 18:44:03,324] - Resmgr::initialize: KBE_ROOT=D:/KBE/kbengine-2.2.0/
  INFO root [2018-08-21 18:44:03,325] - Resmgr::initialize: KBE_RES_PATH=D:/KBE/kbengine-2.2.0/kbe/res/;D:/KBE/kbengine-2.2.0/ori_assets/;D:/KBE/kbengine-2.2.0/ori_assets/scripts/;D:/KBE/kbengine-2.2.0/ori_assets/res/
  INFO root [2018-08-21 18:44:03,325] - Resmgr::initialize: KBE_BIN_PATH=D:/KBE/kbengine-2.2.0/kbe/bin/server/
  INFO root [2018-08-21 18:44:03,336] - NetworkInterface::initialize(INTERNAL-TCP): bound to all interfaces with default route interface on 192.168.0.155 ( 192.168.0.155:50390 )
  INFO root [2018-08-21 18:44:03,337] - NetworkInterface::initialize(INTERNAL-TCP): address 192.168.0.155:50390, SOMAXCONN=5.
  INFO root [2018-08-21 18:44:03,337] - server-configs:
  INFO root [2018-08-21 18:44:03,337] - 	internalTcpAddr : 192.168.0.155:50390
  INFO root [2018-08-21 18:44:03,337] - 	componentID : 6000
  INFO root [2018-08-21 18:44:04,847] - ---- cellappmgr Version: 2.2.0. ScriptVersion: 0.1.0. Protocol: 7743AAA1EB37FBAE72D2427E7CF2EF51. Config: Debug X86. Built: 18:34:05 Aug  8 2018. AppID: 6000. UID: 8027. PID: 182168 ----
  INFO root [2018-08-21 18:44:04,848] - Server : Intel(R) Core(TM) i7-6700 CPU @ 3.40GHz with 4194303kB RAM
  INFO root [2018-08-21 18:44:04,849] - ThreadPool::createThreadPool: creating  threadpool...
  INFO root [2018-08-21 18:44:04,849] - ThreadPool::createThreadPool: successfully(2), newThreadCount=1, normalMaxThreadCount=2, maxThreadCount=8
  INFO root [2018-08-21 18:44:05,611] - ---- cellappmgr is running ----
 DEBUG root [2018-08-21 18:44:05,614] - Components::process(): Request for the process of identity...
  INFO root [2018-08-21 18:44:14,150] - Components::findComponents: find logger(1)...
  INFO root [2018-08-21 18:44:14,166] - Components::findComponents: found logger, addr:192.168.0.155:50387
  INFO root [2018-08-21 18:44:14,166] - Components::addComponent: reset orderLog, uid=8027!
  INFO root [2018-08-21 18:44:14,167] - Components::addComponent[logger], uid=8027, componentID=2000, globalorderid=1, grouporderid=1, totalcount=1
  INFO root [2018-08-21 18:44:14,168] - Components::findComponents: find dbmgr(2)...
  INFO root [2018-08-21 18:44:14,274] - Components::findComponents: found dbmgr, addr:192.168.0.155:50388
  INFO root [2018-08-21 18:44:14,275] - Components::addComponent: reset orderLog, uid=8027!
  INFO root [2018-08-21 18:44:14,275] - Components::addComponent[dbmgr], uid=8027, componentID=4000, globalorderid=1, grouporderid=1, totalcount=1
  INFO root [2018-08-21 18:44:14,275] - Components::findComponents: found dbmgr, addr:192.168.0.155:50388
  WARN root [2018-08-21 18:44:15,275] - Forwarding logs to logger[192.168.0.155:50387/0/0/0]...
 ERROR root [2018-08-21 19:30:53,110] - Components::removeComponentByChannel: logger : 2000, Abnormal exit! errorno=10054
  INFO root [2018-08-21 19:30:53,119] - The following logs sent to logger failed:
  WARN root [2018-08-21 19:30:53,119] - ==> [2018-08-21 19:30:53 107] TCPPacketReceiver::processPendingEvents(192.168.0.155:50387): Throwing REASON_GENERAL_NETWORK - WSAECONNRESET
 ERROR root [2018-08-21 19:30:53,119] - ==> [2018-08-21 19:30:53 111] Components::removeComponentByChannel: logger : 2000, Abnormal exit! errorno=10054
  WARN root [2018-08-21 19:30:53,620] - TCPPacketReceiver::processPendingEvents(192.168.0.155:50388): Throwing REASON_GENERAL_NETWORK - WSAECONNRESET
 ERROR root [2018-08-21 19:30:53,623] - Components::removeComponentByChannel: dbmgr : 4000, Abnormal exit! errorno=10054
  INFO root [2018-08-21 19:30:53,648] - Shutdowner::onShutdownBegin: shutting down(period=0, tickPeriod=1)
  INFO root [2018-08-21 19:30:53,656] - Shutdowner::onShutdown: shutting down
  INFO root [2018-08-21 19:30:53,656] - Shutdowner::onShutdownEnd: shutting down
 DEBUG root [2018-08-21 19:30:53,657] - ThreadPool::destroy(): starting size 2.
  WARN root [2018-08-21 19:30:53,957] - ThreadPool::destroy(): waiting for thread(2)[0x107a7c0,0x107a758,], try=1
 DEBUG root [2018-08-21 19:30:54,357] - TPThread::~TPThread(): 0x107a7c0
 DEBUG root [2018-08-21 19:30:54,357] - TPThread::~TPThread(): 0x107a758
 DEBUG root [2018-08-21 19:30:54,357] - ThreadPool::destroy(): successfully!
 DEBUG root [2018-08-21 19:30:54,365] - Bundle::destroyObjPool(): size 6.
 DEBUG root [2018-08-21 19:30:54,365] - Channel::destroyObjPool(): size 13.
 DEBUG root [2018-08-21 19:30:54,365] - TCPPacket::destroyObjPool(): size 5.
 DEBUG root [2018-08-21 19:30:54,365] - UDPPacket::destroyObjPool(): size 4.
 DEBUG root [2018-08-21 19:30:54,366] - EndPoint::destroyObjPool(): size 13.
 DEBUG root [2018-08-21 19:30:54,366] - Address::destroyObjPool(): size 0.
 DEBUG root [2018-08-21 19:30:54,366] - TCPPacketReceiver::destroyObjPool(): size 0.
 DEBUG root [2018-08-21 19:30:54,366] - UDPPacketReceiver::destroyObjPool(): size 0.
  INFO root [2018-08-21 19:30:54,366] - cellappmgr(6000) has shut down.
