  INFO root [0x00002c58] [2018-08-23 11:45:22,017] - 
  INFO root [0x00002c58] [2018-08-23 11:45:22,022] - -----------------------------------------------------------------------------------------


  INFO root [0x00002c58] [2018-08-23 11:45:22,048] - Resmgr::initialize: KBE_ROOT=G:/kbengine-2.2.0/
  INFO root [0x00002c58] [2018-08-23 11:45:22,048] - Resmgr::initialize: KBE_RES_PATH=G:/kbengine-2.2.0/kbe/res/;G:/kbengine-2.2.0/Server/;G:/kbengine-2.2.0/Server/scripts/;G:/kbengine-2.2.0/Server/res/
  INFO root [0x00002c58] [2018-08-23 11:45:22,049] - Resmgr::initialize: KBE_BIN_PATH=G:/kbengine-2.2.0/kbe/bin/server/
  INFO root [0x00002c58] [2018-08-23 11:45:22,065] - NetworkInterface::initialize(INTERNAL-TCP): bound to all interfaces with default route interface on 192.168.0.149 ( 192.168.0.149:64201 )
  INFO root [0x00002c58] [2018-08-23 11:45:22,066] - NetworkInterface::initialize(INTERNAL-TCP): address 192.168.0.149:64201, SOMAXCONN=5.
  INFO root [0x00002c58] [2018-08-23 11:45:22,066] - server-configs:
  INFO root [0x00002c58] [2018-08-23 11:45:22,066] - 	gameUpdateHertz : 10
  INFO root [0x00002c58] [2018-08-23 11:45:22,070] - 	defaultViewRadius : 80
  INFO root [0x00002c58] [2018-08-23 11:45:22,071] - 	defaultViewHysteresisArea : 5
  INFO root [0x00002c58] [2018-08-23 11:45:22,071] - 	entryScriptFile : kbemain
  INFO root [0x00002c58] [2018-08-23 11:45:22,071] - 	internalTcpAddr : 192.168.0.149:64201
  INFO root [0x00002c58] [2018-08-23 11:45:22,071] - 	componentID : 8001
  INFO root [0x00002c58] [2018-08-23 11:45:22,186] - Components::findLogger: found logger, addr:192.168.0.149:64156
  INFO root [0x00002c58] [2018-08-23 11:45:22,186] - Components::addComponent: reset orderLog, uid=31510!
  INFO root [0x00002c58] [2018-08-23 11:45:22,187] - Components::addComponent[logger], uid=31510, componentID=2000, globalorderid=1, grouporderid=1, totalcount=1
  INFO root [0x00002c58] [2018-08-23 11:45:22,204] - ---- cellapp Version: 2.2.0. ScriptVersion: 0.1.0. Protocol: 810D2732DDBE3D44569EBB3F7F92FF77. Config: Debug X86. Built: 18:13:23 Aug 17 2018. AppID: 8001. UID: 31510. PID: 18476 ----
  INFO root [0x00002c58] [2018-08-23 11:45:22,207] - Server : Intel(R) Xeon(R) CPU E3-1231 v3 @ 3.40GHz with 4194303kB RAM
  INFO root [0x00002c58] [2018-08-23 11:45:22,210] - ThreadPool::createThreadPool: creating  threadpool...
  INFO root [0x00002c58] [2018-08-23 11:45:22,210] - ThreadPool::createThreadPool: successfully(2), newThreadCount=1, normalMaxThreadCount=2, maxThreadCount=8
 DEBUG root [0x00002c58] [2018-08-23 11:45:22,408] - Script::install_py_dlls(): PyInit_pyexpat
 DEBUG root [0x00002c58] [2018-08-23 11:45:22,409] - Script::install_py_dlls(): PyInit__socket
 DEBUG root [0x00002c58] [2018-08-23 11:45:22,410] - Script::install_py_dlls(): PyInit__ssl
 DEBUG root [0x00002c58] [2018-08-23 11:45:22,419] - Script::install_py_dlls(): PyInit__hashlib
 DEBUG root [0x00002c58] [2018-08-23 11:45:22,420] - Script::install_py_dlls(): PyInit_select
 DEBUG root [0x00002c58] [2018-08-23 11:45:22,421] - Script::install_py_dlls(): PyInit__ctypes
 DEBUG root [0x00002c58] [2018-08-23 11:45:22,422] - Script::install_py_dlls(): PyInit__elementtree
 DEBUG root [0x00002c58] [2018-08-23 11:45:22,526] - Script::install_py_dlls(): PyInit_unicodedata
  INFO root [0x00002c58] [2018-08-23 11:45:22,622] - Script::install(): is successfully, Python=(3.4.2 (default, Aug 17 2018, 18:11:37) [MSC v.1914 32 bit (Intel)])!
  INFO root [0x00002c58] [2018-08-23 11:45:22,622] - Script::install(): KBExtra is successfully!
 DEBUG root [0x00002c58] [2018-08-23 11:45:22,671] - loaded entity-script:Avatar(1).
 DEBUG root [0x00002c58] [2018-08-23 11:45:22,777] - loaded entity-script:Room(3).
  INFO root [0x00002c58] [2018-08-23 11:45:22,778] - TelnetServer server is running on port 50000
  INFO root [0x00002c58] [2018-08-23 11:45:23,736] - ---- cellapp is running ----
 DEBUG root [0x00002c58] [2018-08-23 11:45:23,747] - Components::process(): Request for the process of identity...
  WARN root [0x00002c58] [2018-08-23 11:45:31,841] - Forwarding logs to logger[192.168.0.149:64156/0/0/0]...
  INFO root [0x00006dc8] [2018-08-23 18:18:04,300] - 
  INFO root [0x00006dc8] [2018-08-23 18:18:04,346] - -----------------------------------------------------------------------------------------


  INFO root [0x00006dc8] [2018-08-23 18:18:04,397] - Resmgr::initialize: KBE_ROOT=G:/kbengine-2.2.0/
  INFO root [0x00006dc8] [2018-08-23 18:18:04,398] - Resmgr::initialize: KBE_RES_PATH=G:/kbengine-2.2.0/kbe/res/;G:/kbengine-2.2.0/Server/;G:/kbengine-2.2.0/Server/scripts/;G:/kbengine-2.2.0/Server/res/
  INFO root [0x00006dc8] [2018-08-23 18:18:04,398] - Resmgr::initialize: KBE_BIN_PATH=G:/kbengine-2.2.0/kbe/bin/server/
  INFO root [0x00006dc8] [2018-08-23 18:18:04,451] - NetworkInterface::initialize(INTERNAL-TCP): bound to all interfaces with default route interface on 192.168.0.149 ( 192.168.0.149:52171 )
  INFO root [0x00006dc8] [2018-08-23 18:18:04,460] - NetworkInterface::initialize(INTERNAL-TCP): address 192.168.0.149:52171, SOMAXCONN=5.
  INFO root [0x00006dc8] [2018-08-23 18:18:04,460] - server-configs:
  INFO root [0x00006dc8] [2018-08-23 18:18:04,460] - 	gameUpdateHertz : 10
  INFO root [0x00006dc8] [2018-08-23 18:18:04,497] - 	defaultViewRadius : 80
  INFO root [0x00006dc8] [2018-08-23 18:18:04,497] - 	defaultViewHysteresisArea : 5
  INFO root [0x00006dc8] [2018-08-23 18:18:04,498] - 	entryScriptFile : kbemain
  INFO root [0x00006dc8] [2018-08-23 18:18:04,498] - 	internalTcpAddr : 192.168.0.149:52171
  INFO root [0x00006dc8] [2018-08-23 18:18:04,498] - 	componentID : 8001
  INFO root [0x00006dc8] [2018-08-23 18:18:04,614] - Components::findLogger: found logger, addr:192.168.0.149:52067
  INFO root [0x00006dc8] [2018-08-23 18:18:04,617] - Components::addComponent: reset orderLog, uid=10123!
  INFO root [0x00006dc8] [2018-08-23 18:18:04,617] - Components::addComponent[logger], uid=10123, componentID=2000, globalorderid=1, grouporderid=1, totalcount=1
  INFO root [0x00006dc8] [2018-08-23 18:18:04,693] - ---- cellapp Version: 2.2.0. ScriptVersion: 0.1.0. Protocol: 810D2732DDBE3D44569EBB3F7F92FF77. Config: Debug X86. Built: 18:13:23 Aug 17 2018. AppID: 8001. UID: 10123. PID: 6152 ----
  INFO root [0x00006dc8] [2018-08-23 18:18:04,694] - Server : Intel(R) Xeon(R) CPU E3-1231 v3 @ 3.40GHz with 4194303kB RAM
  INFO root [0x00006dc8] [2018-08-23 18:18:04,696] - ThreadPool::createThreadPool: creating  threadpool...
  INFO root [0x00006dc8] [2018-08-23 18:18:04,697] - ThreadPool::createThreadPool: successfully(2), newThreadCount=1, normalMaxThreadCount=2, maxThreadCount=8
 DEBUG root [0x00006dc8] [2018-08-23 18:18:04,993] - Script::install_py_dlls(): PyInit_pyexpat
 DEBUG root [0x00006dc8] [2018-08-23 18:18:05,070] - Script::install_py_dlls(): PyInit__socket
 DEBUG root [0x00006dc8] [2018-08-23 18:18:05,114] - Script::install_py_dlls(): PyInit__ssl
 DEBUG root [0x00006dc8] [2018-08-23 18:18:05,228] - Script::install_py_dlls(): PyInit__hashlib
 DEBUG root [0x00006dc8] [2018-08-23 18:18:05,229] - Script::install_py_dlls(): PyInit_select
 DEBUG root [0x00006dc8] [2018-08-23 18:18:05,229] - Script::install_py_dlls(): PyInit__ctypes
 DEBUG root [0x00006dc8] [2018-08-23 18:18:05,232] - Script::install_py_dlls(): PyInit__elementtree
 DEBUG root [0x00006dc8] [2018-08-23 18:18:05,287] - Script::install_py_dlls(): PyInit_unicodedata
  INFO root [0x00006dc8] [2018-08-23 18:18:05,384] - Script::install(): is successfully, Python=(3.4.2 (default, Aug 17 2018, 18:11:37) [MSC v.1914 32 bit (Intel)])!
  INFO root [0x00006dc8] [2018-08-23 18:18:05,384] - Script::install(): KBExtra is successfully!
 DEBUG root [0x00006dc8] [2018-08-23 18:18:05,683] - loaded entity-script:Avatar(1).
 DEBUG root [0x00006dc8] [2018-08-23 18:18:05,709] - loaded entity-script:Room(3).
  INFO root [0x00006dc8] [2018-08-23 18:18:05,712] - TelnetServer server is running on port 50000
  INFO root [0x00006dc8] [2018-08-23 18:18:06,607] - ---- cellapp is running ----
 DEBUG root [0x00006dc8] [2018-08-23 18:18:06,608] - Components::process(): Request for the process of identity...
  WARN root [0x00006dc8] [2018-08-23 18:18:13,158] - Forwarding logs to logger[192.168.0.149:52067/0/0/0]...
