  INFO root [2018-08-21 10:03:04,257] - 
  INFO root [2018-08-21 10:03:04,257] - -----------------------------------------------------------------------------------------


  INFO root [2018-08-21 10:03:04,259] - Resmgr::initialize: KBE_ROOT=D:/KBE/kbengine-2.2.0/
  INFO root [2018-08-21 10:03:04,259] - Resmgr::initialize: KBE_RES_PATH=D:/KBE/kbengine-2.2.0/kbe/res/;D:/KBE/kbengine-2.2.0/ori_assets/;D:/KBE/kbengine-2.2.0/ori_assets/scripts/;D:/KBE/kbengine-2.2.0/ori_assets/res/
  INFO root [2018-08-21 10:03:04,259] - Resmgr::initialize: KBE_BIN_PATH=D:/KBE/kbengine-2.2.0/kbe/bin/server/
  INFO root [2018-08-21 10:03:04,288] - NetworkInterface::initialize(INTERNAL-TCP): bound to all interfaces with default route interface on 192.168.0.155 ( 192.168.0.155:58521 )
  INFO root [2018-08-21 10:03:04,288] - NetworkInterface::initialize(INTERNAL-TCP): address 192.168.0.155:58521, SOMAXCONN=5.
  INFO root [2018-08-21 10:03:04,288] - server-configs:
  INFO root [2018-08-21 10:03:04,288] - 	internalTcpAddr : 192.168.0.155:58521
  INFO root [2018-08-21 10:03:04,288] - 	componentID : 4000
  INFO root [2018-08-21 10:03:04,696] - Components::findLogger: found logger, addr:192.168.0.155:58518
  INFO root [2018-08-21 10:03:04,696] - Components::addComponent: reset orderLog, uid=4262!
  INFO root [2018-08-21 10:03:04,696] - Components::addComponent[logger], uid=4262, componentID=2000, globalorderid=1, grouporderid=1, totalcount=1
  INFO root [2018-08-21 10:03:04,704] - ---- dbmgr Version: 2.2.0. ScriptVersion: 0.1.0. Protocol: C85D8893D1079B3F8EA4D6F8485316E8. Config: Debug X86. Built: 18:34:10 Aug  8 2018. AppID: 4000. UID: 4262. PID: 118956 ----
  INFO root [2018-08-21 10:03:04,705] - Server : Intel(R) Core(TM) i7-6700 CPU @ 3.40GHz with 4194303kB RAM
  INFO root [2018-08-21 10:03:04,705] - ThreadPool::createThreadPool: creating  threadpool...
  INFO root [2018-08-21 10:03:04,705] - ThreadPool::createThreadPool: successfully(2), newThreadCount=1, normalMaxThreadCount=2, maxThreadCount=8
 DEBUG root [2018-08-21 10:03:04,872] - Script::install_py_dlls(): PyInit_pyexpat
 DEBUG root [2018-08-21 10:03:04,873] - Script::install_py_dlls(): PyInit__socket
 DEBUG root [2018-08-21 10:03:04,874] - Script::install_py_dlls(): PyInit__ssl
 DEBUG root [2018-08-21 10:03:04,879] - Script::install_py_dlls(): PyInit__hashlib
 DEBUG root [2018-08-21 10:03:04,879] - Script::install_py_dlls(): PyInit_select
 DEBUG root [2018-08-21 10:03:04,880] - Script::install_py_dlls(): PyInit__ctypes
 DEBUG root [2018-08-21 10:03:04,880] - Script::install_py_dlls(): PyInit__elementtree
 DEBUG root [2018-08-21 10:03:04,950] - Script::install_py_dlls(): PyInit_unicodedata
  INFO root [2018-08-21 10:03:05,027] - Script::install(): is successfully, Python=(3.4.2 (default, Aug  8 2018, 18:33:54) [MSC v.1913 32 bit (Intel)])!
  INFO root [2018-08-21 10:03:05,028] - Script::install(): KBExtra is successfully!
  INFO root [2018-08-21 10:03:05,056] - Dbmgr::initializeEnd: digest(B72698EB66A6C238C7CEB03AA0E8286E)
S_INFO root [2018-08-21 10:03:05,056] - onDBMgrReady: bootstrapGroupIndex=0, bootstrapGlobalIndex=0
  INFO root [2018-08-21 10:03:05,057] - TelnetServer server is running on port 32000
  INFO root [2018-08-21 10:03:05,057] - Dbmgr::initInterfacesHandler: interfaces addr(127.0.0.1:30099), accountType:(interfaces), chargeType:(interfaces).
  WARN root [2018-08-21 10:03:06,196] - DBUtil::initialize: db(default) password is not encrypted!
please use password(rsa):
38CE8937E2E178F8CE2F0436D5D3E09E0917705E49BAA5969157FAE2AA04BB23C15F29F510AF80B946D5C09FE1ECBAB5603EC9DA6E1800B80CCFD26DC25D59247D57D398AAE5DC1480580FFEB455712335D2B40D4FAFD9D215A07FB6AAEBC843CB2B7936633B305EF65B54E9926783B6831E19193C1B8F9449E5CBF5F18DC3A1
 DEBUG root [2018-08-21 10:03:06,199] - DBInterfaceMysql::attach: connect: localhost:3306 starting...
 DEBUG root [2018-08-21 10:03:06,208] - DBInterfaceMysql::attach: successfully! addr: localhost:3306
  INFO root [2018-08-21 10:03:06,208] - DBUtil::createInterface[0x3aefac]: interface=default, dbtype=mysql, ip=localhost, port=3306, currdatabase=ori, username=kbe, connected=yes.

  INFO root [2018-08-21 10:03:06,209] - ThreadPool::createThreadPool: creating  threadpool...
  INFO root [2018-08-21 10:03:06,209] - ThreadPool::createThreadPool: successfully(5), newThreadCount=5, normalMaxThreadCount=5, maxThreadCount=5
 DEBUG root [2018-08-21 10:03:06,210] - DBInterfaceMysql::attach: connect: localhost:3306 starting...
 DEBUG root [2018-08-21 10:03:06,210] - DBInterfaceMysql::attach: connect: localhost:3306 starting...
 DEBUG root [2018-08-21 10:03:06,211] - DBInterfaceMysql::attach: connect: localhost:3306 starting...
 DEBUG root [2018-08-21 10:03:06,211] - DBInterfaceMysql::attach: connect: localhost:3306 starting...
 DEBUG root [2018-08-21 10:03:06,211] - DBInterfaceMysql::attach: connect: localhost:3306 starting...
 DEBUG root [2018-08-21 10:03:06,216] - DBInterfaceMysql::attach: successfully! addr: localhost:3306
 DEBUG root [2018-08-21 10:03:06,216] - DBThread::onStart(): 0x58c7e0!
 DEBUG root [2018-08-21 10:03:06,217] - DBInterfaceMysql::attach: successfully! addr: localhost:3306
 DEBUG root [2018-08-21 10:03:06,217] - DBThread::onStart(): 0x58c6d0!
 DEBUG root [2018-08-21 10:03:06,218] - DBInterfaceMysql::attach: successfully! addr: localhost:3306
 DEBUG root [2018-08-21 10:03:06,219] - DBThread::onStart(): 0x58c978!
 DEBUG root [2018-08-21 10:03:06,221] - DBInterfaceMysql::attach: successfully! addr: localhost:3306
 DEBUG root [2018-08-21 10:03:06,221] - DBInterfaceMysql::attach: successfully! addr: localhost:3306
 DEBUG root [2018-08-21 10:03:06,221] - DBThread::onStart(): 0x58c868!
 DEBUG root [2018-08-21 10:03:06,222] - DBThread::onStart(): 0x58c8f0!
  INFO root [2018-08-21 10:03:06,312] - DBInterfaceMysql::query: successfully!
  INFO root [2018-08-21 10:03:06,313] - DBInterfaceMysql::query: successfully!
  INFO root [2018-08-21 10:03:06,313] - DBInterfaceMysql::query: successfully!
  INFO root [2018-08-21 10:03:06,314] - DBInterfaceMysql::query: successfully!
  INFO root [2018-08-21 10:03:06,314] - DBInterfaceMysql::query: successfully!
  INFO root [2018-08-21 10:03:06,314] - DBInterfaceMysql::query: successfully!
  INFO root [2018-08-21 10:03:06,315] - DBInterfaceMysql::query: successfully!
  INFO root [2018-08-21 10:03:06,315] - DBInterfaceMysql::query: successfully!
  INFO root [2018-08-21 10:03:06,316] - DBInterfaceMysql::query: successfully!
  WARN root [2018-08-21 10:03:06,333] - d:\kbe\kbengine-2.2.0\kbe\src\server\dbmgr\dbmgr.cpp:307: Profile scriptCall took 1.28 seconds
  INFO root [2018-08-21 10:03:06,852] - ---- dbmgr is running ----
 DEBUG root [2018-08-21 10:03:06,852] - Components::process(): Request for the process of identity...
  WARN root [2018-08-21 10:03:13,263] - Forwarding logs to logger[192.168.0.155:58518/0/0/0]...
 ERROR root [2018-08-21 11:10:47,226] - Components::removeComponentByChannel: logger : 2000, Abnormal exit! errorno=10054
  INFO root [2018-08-21 11:10:47,228] - The following logs sent to logger failed:
  WARN root [2018-08-21 11:10:47,229] - ==> [2018-08-21 11:10:47 225] TCPPacketReceiver::processPendingEvents(192.168.0.155:58518): Throwing REASON_GENERAL_NETWORK - WSAECONNRESET
 ERROR root [2018-08-21 11:10:47,229] - ==> [2018-08-21 11:10:47 226] Components::removeComponentByChannel: logger : 2000, Abnormal exit! errorno=10054
  INFO root [2018-08-21 11:20:51,224] - 
  INFO root [2018-08-21 11:20:51,224] - -----------------------------------------------------------------------------------------


  INFO root [2018-08-21 11:20:51,226] - Resmgr::initialize: KBE_ROOT=D:/KBE/kbengine-2.2.0/
  INFO root [2018-08-21 11:20:51,227] - Resmgr::initialize: KBE_RES_PATH=D:/KBE/kbengine-2.2.0/kbe/res/;D:/KBE/kbengine-2.2.0/ori_assets/;D:/KBE/kbengine-2.2.0/ori_assets/scripts/;D:/KBE/kbengine-2.2.0/ori_assets/res/
  INFO root [2018-08-21 11:20:51,227] - Resmgr::initialize: KBE_BIN_PATH=D:/KBE/kbengine-2.2.0/kbe/bin/server/
  INFO root [2018-08-21 11:20:51,246] - NetworkInterface::initialize(INTERNAL-TCP): bound to all interfaces with default route interface on 192.168.0.155 ( 192.168.0.155:59947 )
  INFO root [2018-08-21 11:20:51,247] - NetworkInterface::initialize(INTERNAL-TCP): address 192.168.0.155:59947, SOMAXCONN=5.
  INFO root [2018-08-21 11:20:51,247] - server-configs:
  INFO root [2018-08-21 11:20:51,248] - 	internalTcpAddr : 192.168.0.155:59947
  INFO root [2018-08-21 11:20:51,248] - 	componentID : 4000
  INFO root [2018-08-21 11:20:51,776] - Components::findLogger: found logger, addr:192.168.0.155:59943
  INFO root [2018-08-21 11:20:51,776] - Components::addComponent: reset orderLog, uid=19503!
  INFO root [2018-08-21 11:20:51,776] - Components::addComponent[logger], uid=19503, componentID=2000, globalorderid=1, grouporderid=1, totalcount=1
  INFO root [2018-08-21 11:20:51,786] - ---- dbmgr Version: 2.2.0. ScriptVersion: 0.1.0. Protocol: C85D8893D1079B3F8EA4D6F8485316E8. Config: Debug X86. Built: 18:34:10 Aug  8 2018. AppID: 4000. UID: 19503. PID: 40264 ----
  INFO root [2018-08-21 11:20:51,786] - Server : Intel(R) Core(TM) i7-6700 CPU @ 3.40GHz with 4194303kB RAM
  INFO root [2018-08-21 11:20:51,787] - ThreadPool::createThreadPool: creating  threadpool...
  INFO root [2018-08-21 11:20:51,787] - ThreadPool::createThreadPool: successfully(2), newThreadCount=1, normalMaxThreadCount=2, maxThreadCount=8
 DEBUG root [2018-08-21 11:20:51,949] - Script::install_py_dlls(): PyInit_pyexpat
 DEBUG root [2018-08-21 11:20:51,950] - Script::install_py_dlls(): PyInit__socket
 DEBUG root [2018-08-21 11:20:51,950] - Script::install_py_dlls(): PyInit__ssl
 DEBUG root [2018-08-21 11:20:51,955] - Script::install_py_dlls(): PyInit__hashlib
 DEBUG root [2018-08-21 11:20:51,956] - Script::install_py_dlls(): PyInit_select
 DEBUG root [2018-08-21 11:20:51,956] - Script::install_py_dlls(): PyInit__ctypes
 DEBUG root [2018-08-21 11:20:51,957] - Script::install_py_dlls(): PyInit__elementtree
 DEBUG root [2018-08-21 11:20:52,025] - Script::install_py_dlls(): PyInit_unicodedata
  INFO root [2018-08-21 11:20:52,093] - Script::install(): is successfully, Python=(3.4.2 (default, Aug  8 2018, 18:33:54) [MSC v.1913 32 bit (Intel)])!
  INFO root [2018-08-21 11:20:52,093] - Script::install(): KBExtra is successfully!
  INFO root [2018-08-21 11:20:52,116] - Dbmgr::initializeEnd: digest(B72698EB66A6C238C7CEB03AA0E8286E)
S_INFO root [2018-08-21 11:20:52,116] - onDBMgrReady: bootstrapGroupIndex=0, bootstrapGlobalIndex=0
  INFO root [2018-08-21 11:20:52,117] - TelnetServer server is running on port 32000
  INFO root [2018-08-21 11:20:52,117] - Dbmgr::initInterfacesHandler: interfaces addr(127.0.0.1:30099), accountType:(interfaces), chargeType:(interfaces).
  WARN root [2018-08-21 11:20:53,171] - DBUtil::initialize: db(default) password is not encrypted!
please use password(rsa):
B8579F7D9B83A5C5B2367F5319FA4F87EE9AF41283DA616C4584D997189532D739C92FBD10E05CCE243EB91B4B659C2A11A7B24C61BE6347049614E3DAB8F9AF2C7C28EEA0FE1A2AC9C2F43C6658D07F7CD5BB304B58F357FC228A0A2E0E6A1BED40CCCCEBBFD3327400D282467BD98A15764204EA24AF81A91D2A8B21BE474A
 DEBUG root [2018-08-21 11:20:53,175] - DBInterfaceMysql::attach: connect: localhost:3306 starting...
 DEBUG root [2018-08-21 11:20:53,184] - DBInterfaceMysql::attach: successfully! addr: localhost:3306
  INFO root [2018-08-21 11:20:53,184] - DBUtil::createInterface[0x17f42c]: interface=default, dbtype=mysql, ip=localhost, port=3306, currdatabase=ori, username=kbe, connected=yes.

  INFO root [2018-08-21 11:20:53,184] - ThreadPool::createThreadPool: creating  threadpool...
 DEBUG root [2018-08-21 11:20:53,185] - DBInterfaceMysql::attach: connect: localhost:3306 starting...
 DEBUG root [2018-08-21 11:20:53,185] - DBInterfaceMysql::attach: connect: localhost:3306 starting...
  INFO root [2018-08-21 11:20:53,186] - ThreadPool::createThreadPool: successfully(5), newThreadCount=5, normalMaxThreadCount=5, maxThreadCount=5
 DEBUG root [2018-08-21 11:20:53,186] - DBInterfaceMysql::attach: connect: localhost:3306 starting...
 DEBUG root [2018-08-21 11:20:53,186] - DBInterfaceMysql::attach: connect: localhost:3306 starting...
 DEBUG root [2018-08-21 11:20:53,187] - DBInterfaceMysql::attach: connect: localhost:3306 starting...
 DEBUG root [2018-08-21 11:20:53,193] - DBInterfaceMysql::attach: successfully! addr: localhost:3306
 DEBUG root [2018-08-21 11:20:53,193] - DBThread::onStart(): 0x50c998!
 DEBUG root [2018-08-21 11:20:53,194] - DBInterfaceMysql::attach: successfully! addr: localhost:3306
 DEBUG root [2018-08-21 11:20:53,195] - DBThread::onStart(): 0x50c910!
 DEBUG root [2018-08-21 11:20:53,196] - DBInterfaceMysql::attach: successfully! addr: localhost:3306
 DEBUG root [2018-08-21 11:20:53,199] - DBInterfaceMysql::attach: successfully! addr: localhost:3306
 DEBUG root [2018-08-21 11:20:53,199] - DBThread::onStart(): 0x50ca20!
 DEBUG root [2018-08-21 11:20:53,199] - DBThread::onStart(): 0x50c888!
 DEBUG root [2018-08-21 11:20:53,200] - DBInterfaceMysql::attach: successfully! addr: localhost:3306
 DEBUG root [2018-08-21 11:20:53,200] - DBThread::onStart(): 0x50caa8!
  INFO root [2018-08-21 11:20:53,287] - DBInterfaceMysql::query: successfully!
  INFO root [2018-08-21 11:20:53,290] - DBInterfaceMysql::query: successfully!
  INFO root [2018-08-21 11:20:53,290] - DBInterfaceMysql::query: successfully!
  INFO root [2018-08-21 11:20:53,290] - DBInterfaceMysql::query: successfully!
  INFO root [2018-08-21 11:20:53,290] - DBInterfaceMysql::query: successfully!
  INFO root [2018-08-21 11:20:53,291] - DBInterfaceMysql::query: successfully!
  INFO root [2018-08-21 11:20:53,291] - DBInterfaceMysql::query: successfully!
  INFO root [2018-08-21 11:20:53,291] - DBInterfaceMysql::query: successfully!
  INFO root [2018-08-21 11:20:53,295] - DBInterfaceMysql::query: successfully!
  WARN root [2018-08-21 11:20:53,309] - d:\kbe\kbengine-2.2.0\kbe\src\server\dbmgr\dbmgr.cpp:307: Profile scriptCall took 1.19 seconds
  INFO root [2018-08-21 11:20:53,889] - ---- dbmgr is running ----
 DEBUG root [2018-08-21 11:20:53,889] - Components::process(): Request for the process of identity...
  WARN root [2018-08-21 11:21:00,328] - Forwarding logs to logger[192.168.0.155:59943/0/0/0]...
 ERROR root [2018-08-21 12:07:09,541] - Components::removeComponentByChannel: logger : 2000, Abnormal exit! errorno=10054
  INFO root [2018-08-21 12:07:09,557] - The following logs sent to logger failed:
  WARN root [2018-08-21 12:07:09,557] - ==> [2018-08-21 12:07:09 540] TCPPacketReceiver::processPendingEvents(192.168.0.155:59943): Throwing REASON_GENERAL_NETWORK - WSAECONNRESET
 ERROR root [2018-08-21 12:07:09,558] - ==> [2018-08-21 12:07:09 542] Components::removeComponentByChannel: logger : 2000, Abnormal exit! errorno=10054
  INFO root [2018-08-21 12:07:49,165] - 
  INFO root [2018-08-21 12:07:49,166] - -----------------------------------------------------------------------------------------


  INFO root [2018-08-21 12:07:49,168] - Resmgr::initialize: KBE_ROOT=D:/KBE/kbengine-2.2.0/
  INFO root [2018-08-21 12:07:49,168] - Resmgr::initialize: KBE_RES_PATH=D:/KBE/kbengine-2.2.0/kbe/res/;D:/KBE/kbengine-2.2.0/ori_assets/;D:/KBE/kbengine-2.2.0/ori_assets/scripts/;D:/KBE/kbengine-2.2.0/ori_assets/res/
  INFO root [2018-08-21 12:07:49,168] - Resmgr::initialize: KBE_BIN_PATH=D:/KBE/kbengine-2.2.0/kbe/bin/server/
  INFO root [2018-08-21 12:07:49,188] - NetworkInterface::initialize(INTERNAL-TCP): bound to all interfaces with default route interface on 192.168.0.155 ( 192.168.0.155:60632 )
  INFO root [2018-08-21 12:07:49,188] - NetworkInterface::initialize(INTERNAL-TCP): address 192.168.0.155:60632, SOMAXCONN=5.
  INFO root [2018-08-21 12:07:49,188] - server-configs:
  INFO root [2018-08-21 12:07:49,189] - 	internalTcpAddr : 192.168.0.155:60632
  INFO root [2018-08-21 12:07:49,189] - 	componentID : 4000
  INFO root [2018-08-21 12:07:50,041] - Components::findLogger: found logger, addr:192.168.0.155:60629
  INFO root [2018-08-21 12:07:50,042] - Components::addComponent: reset orderLog, uid=28692!
  INFO root [2018-08-21 12:07:50,042] - Components::addComponent[logger], uid=28692, componentID=2000, globalorderid=1, grouporderid=1, totalcount=1
  INFO root [2018-08-21 12:07:50,056] - ---- dbmgr Version: 2.2.0. ScriptVersion: 0.1.0. Protocol: C85D8893D1079B3F8EA4D6F8485316E8. Config: Debug X86. Built: 18:34:10 Aug  8 2018. AppID: 4000. UID: 28692. PID: 133620 ----
  INFO root [2018-08-21 12:07:50,057] - Server : Intel(R) Core(TM) i7-6700 CPU @ 3.40GHz with 4194303kB RAM
  INFO root [2018-08-21 12:07:50,057] - ThreadPool::createThreadPool: creating  threadpool...
  INFO root [2018-08-21 12:07:50,058] - ThreadPool::createThreadPool: successfully(2), newThreadCount=1, normalMaxThreadCount=2, maxThreadCount=8
 DEBUG root [2018-08-21 12:07:50,250] - Script::install_py_dlls(): PyInit_pyexpat
 DEBUG root [2018-08-21 12:07:50,251] - Script::install_py_dlls(): PyInit__socket
 DEBUG root [2018-08-21 12:07:50,252] - Script::install_py_dlls(): PyInit__ssl
 DEBUG root [2018-08-21 12:07:50,259] - Script::install_py_dlls(): PyInit__hashlib
 DEBUG root [2018-08-21 12:07:50,260] - Script::install_py_dlls(): PyInit_select
 DEBUG root [2018-08-21 12:07:50,260] - Script::install_py_dlls(): PyInit__ctypes
 DEBUG root [2018-08-21 12:07:50,262] - Script::install_py_dlls(): PyInit__elementtree
 DEBUG root [2018-08-21 12:07:50,352] - Script::install_py_dlls(): PyInit_unicodedata
  INFO root [2018-08-21 12:07:50,447] - Script::install(): is successfully, Python=(3.4.2 (default, Aug  8 2018, 18:33:54) [MSC v.1913 32 bit (Intel)])!
  INFO root [2018-08-21 12:07:50,447] - Script::install(): KBExtra is successfully!
  INFO root [2018-08-21 12:07:50,475] - Dbmgr::initializeEnd: digest(B72698EB66A6C238C7CEB03AA0E8286E)
S_INFO root [2018-08-21 12:07:50,476] - onDBMgrReady: bootstrapGroupIndex=0, bootstrapGlobalIndex=0
  INFO root [2018-08-21 12:07:50,476] - TelnetServer server is running on port 32000
  INFO root [2018-08-21 12:07:50,477] - Dbmgr::initInterfacesHandler: interfaces addr(127.0.0.1:30099), accountType:(interfaces), chargeType:(interfaces).
  WARN root [2018-08-21 12:07:52,515] - DBUtil::initialize: db(default) password is not encrypted!
please use password(rsa):
1EB65DDCC117F332EE123E831265C8ECC7C118D37B608BB41260961DE9EBA7C4A8D7595C76D7ED2085283FF96DCB18871059FC3EEA8ECC51C79D77E271DEAB8893099EF50307823C9C2169B76FC4A548E092A48DA006BB76D768F125D5600EC2A3435F761388E09DF936B04E7294A762EA50F4E0736A97F71118BC76AC7E37D8
 DEBUG root [2018-08-21 12:07:52,519] - DBInterfaceMysql::attach: connect: localhost:3306 starting...
 DEBUG root [2018-08-21 12:07:52,529] - DBInterfaceMysql::attach: successfully! addr: localhost:3306
  INFO root [2018-08-21 12:07:52,529] - DBUtil::createInterface[0x37f398]: interface=default, dbtype=mysql, ip=localhost, port=3306, currdatabase=ori, username=kbe, connected=yes.

  INFO root [2018-08-21 12:07:52,530] - ThreadPool::createThreadPool: creating  threadpool...
 DEBUG root [2018-08-21 12:07:52,531] - DBInterfaceMysql::attach: connect: localhost:3306 starting...
  INFO root [2018-08-21 12:07:52,531] - ThreadPool::createThreadPool: successfully(5), newThreadCount=5, normalMaxThreadCount=5, maxThreadCount=5
 DEBUG root [2018-08-21 12:07:52,531] - DBInterfaceMysql::attach: connect: localhost:3306 starting...
 DEBUG root [2018-08-21 12:07:52,532] - DBInterfaceMysql::attach: connect: localhost:3306 starting...
 DEBUG root [2018-08-21 12:07:52,536] - DBInterfaceMysql::attach: connect: localhost:3306 starting...
 DEBUG root [2018-08-21 12:07:52,539] - DBInterfaceMysql::attach: successfully! addr: localhost:3306
 DEBUG root [2018-08-21 12:07:52,539] - DBInterfaceMysql::attach: connect: localhost:3306 starting...
 DEBUG root [2018-08-21 12:07:52,539] - DBThread::onStart(): 0x8482b0!
 DEBUG root [2018-08-21 12:07:52,541] - DBInterfaceMysql::attach: successfully! addr: localhost:3306
 DEBUG root [2018-08-21 12:07:52,541] - DBThread::onStart(): 0x847f80!
 DEBUG root [2018-08-21 12:07:52,543] - DBInterfaceMysql::attach: successfully! addr: localhost:3306
 DEBUG root [2018-08-21 12:07:52,543] - DBThread::onStart(): 0x848008!
 DEBUG root [2018-08-21 12:07:52,546] - DBInterfaceMysql::attach: successfully! addr: localhost:3306
 DEBUG root [2018-08-21 12:07:52,546] - DBThread::onStart(): 0x848118!
 DEBUG root [2018-08-21 12:07:52,559] - DBInterfaceMysql::attach: successfully! addr: localhost:3306
 DEBUG root [2018-08-21 12:07:52,559] - DBThread::onStart(): 0x848090!
  INFO root [2018-08-21 12:07:52,633] - DBInterfaceMysql::query: successfully!
  INFO root [2018-08-21 12:07:52,635] - DBInterfaceMysql::query: successfully!
  INFO root [2018-08-21 12:07:52,635] - DBInterfaceMysql::query: successfully!
  INFO root [2018-08-21 12:07:52,636] - DBInterfaceMysql::query: successfully!
  INFO root [2018-08-21 12:07:52,636] - DBInterfaceMysql::query: successfully!
  INFO root [2018-08-21 12:07:52,637] - DBInterfaceMysql::query: successfully!
  INFO root [2018-08-21 12:07:52,637] - DBInterfaceMysql::query: successfully!
  INFO root [2018-08-21 12:07:52,639] - DBInterfaceMysql::query: successfully!
  INFO root [2018-08-21 12:07:52,639] - DBInterfaceMysql::query: successfully!
  WARN root [2018-08-21 12:07:52,665] - d:\kbe\kbengine-2.2.0\kbe\src\server\dbmgr\dbmgr.cpp:307: Profile scriptCall took 2.19 seconds
  INFO root [2018-08-21 12:07:53,713] - ---- dbmgr is running ----
 DEBUG root [2018-08-21 12:07:53,718] - Components::process(): Request for the process of identity...
  WARN root [2018-08-21 12:08:00,293] - Forwarding logs to logger[192.168.0.155:60629/0/0/0]...
 ERROR root [2018-08-21 16:32:48,939] - Components::removeComponentByChannel: logger : 2000, Abnormal exit! errorno=10054
  INFO root [2018-08-21 16:32:48,944] - The following logs sent to logger failed:
  WARN root [2018-08-21 16:32:48,945] - ==> [2018-08-21 16:32:48 933] TCPPacketReceiver::processPendingEvents(192.168.0.155:60629): Throwing REASON_GENERAL_NETWORK - WSAECONNRESET
 ERROR root [2018-08-21 16:32:48,945] - ==> [2018-08-21 16:32:48 940] Components::removeComponentByChannel: logger : 2000, Abnormal exit! errorno=10054
  INFO root [2018-08-21 16:32:55,592] - 
  INFO root [2018-08-21 16:32:55,593] - -----------------------------------------------------------------------------------------


  INFO root [2018-08-21 16:32:55,594] - Resmgr::initialize: KBE_ROOT=D:/KBE/kbengine-2.2.0/
  INFO root [2018-08-21 16:32:55,595] - Resmgr::initialize: KBE_RES_PATH=D:/KBE/kbengine-2.2.0/kbe/res/;D:/KBE/kbengine-2.2.0/ori_assets/;D:/KBE/kbengine-2.2.0/ori_assets/scripts/;D:/KBE/kbengine-2.2.0/ori_assets/res/
  INFO root [2018-08-21 16:32:55,595] - Resmgr::initialize: KBE_BIN_PATH=D:/KBE/kbengine-2.2.0/kbe/bin/server/
  INFO root [2018-08-21 16:32:55,608] - NetworkInterface::initialize(INTERNAL-TCP): bound to all interfaces with default route interface on 192.168.0.155 ( 192.168.0.155:64961 )
  INFO root [2018-08-21 16:32:55,608] - NetworkInterface::initialize(INTERNAL-TCP): address 192.168.0.155:64961, SOMAXCONN=5.
  INFO root [2018-08-21 16:32:55,609] - server-configs:
  INFO root [2018-08-21 16:32:55,609] - 	internalTcpAddr : 192.168.0.155:64961
  INFO root [2018-08-21 16:32:55,609] - 	componentID : 4000
  INFO root [2018-08-21 16:32:57,117] - ---- dbmgr Version: 2.2.0. ScriptVersion: 0.1.0. Protocol: C85D8893D1079B3F8EA4D6F8485316E8. Config: Debug X86. Built: 18:34:10 Aug  8 2018. AppID: 4000. UID: 15108. PID: 144568 ----
  INFO root [2018-08-21 16:32:57,118] - Server : Intel(R) Core(TM) i7-6700 CPU @ 3.40GHz with 4194303kB RAM
  INFO root [2018-08-21 16:32:57,119] - ThreadPool::createThreadPool: creating  threadpool...
  INFO root [2018-08-21 16:32:57,119] - ThreadPool::createThreadPool: successfully(2), newThreadCount=1, normalMaxThreadCount=2, maxThreadCount=8
 DEBUG root [2018-08-21 16:32:57,279] - Script::install_py_dlls(): PyInit_pyexpat
 DEBUG root [2018-08-21 16:32:57,280] - Script::install_py_dlls(): PyInit__socket
 DEBUG root [2018-08-21 16:32:57,281] - Script::install_py_dlls(): PyInit__ssl
 DEBUG root [2018-08-21 16:32:57,287] - Script::install_py_dlls(): PyInit__hashlib
 DEBUG root [2018-08-21 16:32:57,288] - Script::install_py_dlls(): PyInit_select
 DEBUG root [2018-08-21 16:32:57,288] - Script::install_py_dlls(): PyInit__ctypes
 DEBUG root [2018-08-21 16:32:57,289] - Script::install_py_dlls(): PyInit__elementtree
 DEBUG root [2018-08-21 16:32:57,365] - Script::install_py_dlls(): PyInit_unicodedata
  INFO root [2018-08-21 16:32:57,435] - Script::install(): is successfully, Python=(3.4.2 (default, Aug  8 2018, 18:33:54) [MSC v.1913 32 bit (Intel)])!
  INFO root [2018-08-21 16:32:57,435] - Script::install(): KBExtra is successfully!
  INFO root [2018-08-21 16:32:57,455] - Dbmgr::initializeEnd: digest(554100EB75E264A47192E9101703F0ED)
S_INFO root [2018-08-21 16:32:57,455] - onDBMgrReady: bootstrapGroupIndex=0, bootstrapGlobalIndex=0
  INFO root [2018-08-21 16:32:57,456] - TelnetServer server is running on port 32000
  INFO root [2018-08-21 16:32:57,456] - Dbmgr::initInterfacesHandler: interfaces addr(127.0.0.1:30099), accountType:(interfaces), chargeType:(interfaces).
  WARN root [2018-08-21 16:32:59,131] - DBUtil::initialize: db(default) password is not encrypted!
please use password(rsa):
3C6249C8B5D38A71EA4E7B674D67F85F688EF01632E955E96CF4A05732BE4EA25644ACEA55E701EDDBF3127A7B32FA3E289F7D7D5576482DB8A0B7258B6A44157D89B4788B059942F04AEFB9BBCF5D3E18DBA11021270057E0DCD8972E34E09F2980FAAF79C2465D7D3FD7F5F547244D83E36D90629F2F5F8CF84F6BFC7D994B
 DEBUG root [2018-08-21 16:32:59,138] - DBInterfaceMysql::attach: connect: localhost:3306 starting...
 DEBUG root [2018-08-21 16:32:59,152] - DBInterfaceMysql::attach: successfully! addr: localhost:3306
  INFO root [2018-08-21 16:32:59,153] - DBUtil::createInterface[0x1ff3dc]: interface=default, dbtype=mysql, ip=localhost, port=3306, currdatabase=ori, username=kbe, connected=yes.

  INFO root [2018-08-21 16:32:59,153] - ThreadPool::createThreadPool: creating  threadpool...
  INFO root [2018-08-21 16:32:59,154] - ThreadPool::createThreadPool: successfully(5), newThreadCount=5, normalMaxThreadCount=5, maxThreadCount=5
 DEBUG root [2018-08-21 16:32:59,157] - DBInterfaceMysql::attach: connect: localhost:3306 starting...
 DEBUG root [2018-08-21 16:32:59,157] - DBInterfaceMysql::attach: connect: localhost:3306 starting...
 DEBUG root [2018-08-21 16:32:59,158] - DBInterfaceMysql::attach: connect: localhost:3306 starting...
 DEBUG root [2018-08-21 16:32:59,167] - DBInterfaceMysql::attach: successfully! addr: localhost:3306
 DEBUG root [2018-08-21 16:32:59,167] - DBThread::onStart(): 0x40c888!
 DEBUG root [2018-08-21 16:32:59,169] - DBInterfaceMysql::attach: successfully! addr: localhost:3306
 DEBUG root [2018-08-21 16:32:59,169] - DBThread::onStart(): 0x40c800!
 DEBUG root [2018-08-21 16:32:59,170] - DBInterfaceMysql::attach: successfully! addr: localhost:3306
 DEBUG root [2018-08-21 16:32:59,170] - DBThread::onStart(): 0x40c910!
 DEBUG root [2018-08-21 16:32:59,192] - DBInterfaceMysql::attach: connect: localhost:3306 starting...
 DEBUG root [2018-08-21 16:32:59,195] - DBInterfaceMysql::attach: connect: localhost:3306 starting...
 DEBUG root [2018-08-21 16:32:59,208] - DBInterfaceMysql::attach: successfully! addr: localhost:3306
 DEBUG root [2018-08-21 16:32:59,208] - DBThread::onStart(): 0x40c6f0!
 DEBUG root [2018-08-21 16:32:59,221] - DBInterfaceMysql::attach: successfully! addr: localhost:3306
 DEBUG root [2018-08-21 16:32:59,221] - DBThread::onStart(): 0x40c998!
  INFO root [2018-08-21 16:32:59,256] - DBInterfaceMysql::query: successfully!
  INFO root [2018-08-21 16:32:59,258] - DBInterfaceMysql::query: successfully!
  INFO root [2018-08-21 16:32:59,258] - DBInterfaceMysql::query: successfully!
  INFO root [2018-08-21 16:32:59,259] - DBInterfaceMysql::query: successfully!
  INFO root [2018-08-21 16:32:59,259] - DBInterfaceMysql::query: successfully!
  INFO root [2018-08-21 16:32:59,260] - DBInterfaceMysql::query: successfully!
  INFO root [2018-08-21 16:32:59,261] - DBInterfaceMysql::query: successfully!
  INFO root [2018-08-21 16:32:59,261] - DBInterfaceMysql::query: successfully!
  INFO root [2018-08-21 16:32:59,263] - DBInterfaceMysql::query: successfully!
  WARN root [2018-08-21 16:32:59,277] - d:\kbe\kbengine-2.2.0\kbe\src\server\dbmgr\dbmgr.cpp:307: Profile scriptCall took 1.82 seconds
  INFO root [2018-08-21 16:33:00,020] - ---- dbmgr is running ----
 DEBUG root [2018-08-21 16:33:00,020] - Components::process(): Request for the process of identity...
  INFO root [2018-08-21 16:33:07,796] - Components::findComponents: find logger(1)...
  INFO root [2018-08-21 16:33:07,836] - Components::findComponents: found logger, addr:192.168.0.155:64959
  INFO root [2018-08-21 16:33:07,836] - Components::addComponent: reset orderLog, uid=15108!
  INFO root [2018-08-21 16:33:07,836] - Components::addComponent[logger], uid=15108, componentID=2000, globalorderid=1, grouporderid=1, totalcount=1
  WARN root [2018-08-21 16:33:07,837] - Forwarding logs to logger[192.168.0.155:64959/0/0/0]...
 ERROR root [2018-08-21 16:33:21,439] - Components::removeComponentByChannel: logger : 2000, Abnormal exit! errorno=10054
  INFO root [2018-08-21 16:33:21,450] - The following logs sent to logger failed:
  WARN root [2018-08-21 16:33:21,450] - ==> [2018-08-21 16:33:21 432] TCPPacketReceiver::processPendingEvents(192.168.0.155:64959): Throwing REASON_GENERAL_NETWORK - WSAECONNRESET
 ERROR root [2018-08-21 16:33:21,451] - ==> [2018-08-21 16:33:21 439] Components::removeComponentByChannel: logger : 2000, Abnormal exit! errorno=10054
  INFO root [2018-08-21 17:39:41,086] - 
  INFO root [2018-08-21 17:39:41,087] - -----------------------------------------------------------------------------------------


  INFO root [2018-08-21 17:39:41,088] - Resmgr::initialize: KBE_ROOT=D:/KBE/kbengine-2.2.0/
  INFO root [2018-08-21 17:39:41,088] - Resmgr::initialize: KBE_RES_PATH=D:/KBE/kbengine-2.2.0/kbe/res/;D:/KBE/kbengine-2.2.0/ori_assets/;D:/KBE/kbengine-2.2.0/ori_assets/scripts/;D:/KBE/kbengine-2.2.0/ori_assets/res/
  INFO root [2018-08-21 17:39:41,089] - Resmgr::initialize: KBE_BIN_PATH=D:/KBE/kbengine-2.2.0/kbe/bin/server/
  INFO root [2018-08-21 17:39:41,098] - NetworkInterface::initialize(INTERNAL-TCP): bound to all interfaces with default route interface on 192.168.0.155 ( 192.168.0.155:49519 )
  INFO root [2018-08-21 17:39:41,098] - NetworkInterface::initialize(INTERNAL-TCP): address 192.168.0.155:49519, SOMAXCONN=5.
  INFO root [2018-08-21 17:39:41,098] - server-configs:
  INFO root [2018-08-21 17:39:41,098] - 	internalTcpAddr : 192.168.0.155:49519
  INFO root [2018-08-21 17:39:41,098] - 	componentID : 4000
  INFO root [2018-08-21 17:39:42,194] - Components::findLogger: found logger, addr:192.168.0.155:49517
  INFO root [2018-08-21 17:39:42,194] - Components::addComponent: reset orderLog, uid=28190!
  INFO root [2018-08-21 17:39:42,195] - Components::addComponent[logger], uid=28190, componentID=2000, globalorderid=1, grouporderid=1, totalcount=1
  INFO root [2018-08-21 17:39:42,208] - ---- dbmgr Version: 2.2.0. ScriptVersion: 0.1.0. Protocol: C85D8893D1079B3F8EA4D6F8485316E8. Config: Debug X86. Built: 18:34:10 Aug  8 2018. AppID: 4000. UID: 28190. PID: 173952 ----
  INFO root [2018-08-21 17:39:42,209] - Server : Intel(R) Core(TM) i7-6700 CPU @ 3.40GHz with 4194303kB RAM
  INFO root [2018-08-21 17:39:42,209] - ThreadPool::createThreadPool: creating  threadpool...
  INFO root [2018-08-21 17:39:42,209] - ThreadPool::createThreadPool: successfully(2), newThreadCount=1, normalMaxThreadCount=2, maxThreadCount=8
 DEBUG root [2018-08-21 17:39:42,378] - Script::install_py_dlls(): PyInit_pyexpat
 DEBUG root [2018-08-21 17:39:42,379] - Script::install_py_dlls(): PyInit__socket
 DEBUG root [2018-08-21 17:39:42,380] - Script::install_py_dlls(): PyInit__ssl
 DEBUG root [2018-08-21 17:39:42,384] - Script::install_py_dlls(): PyInit__hashlib
 DEBUG root [2018-08-21 17:39:42,385] - Script::install_py_dlls(): PyInit_select
 DEBUG root [2018-08-21 17:39:42,385] - Script::install_py_dlls(): PyInit__ctypes
 DEBUG root [2018-08-21 17:39:42,386] - Script::install_py_dlls(): PyInit__elementtree
 DEBUG root [2018-08-21 17:39:42,454] - Script::install_py_dlls(): PyInit_unicodedata
  INFO root [2018-08-21 17:39:42,523] - Script::install(): is successfully, Python=(3.4.2 (default, Aug  8 2018, 18:33:54) [MSC v.1913 32 bit (Intel)])!
  INFO root [2018-08-21 17:39:42,524] - Script::install(): KBExtra is successfully!
  INFO root [2018-08-21 17:39:42,549] - Dbmgr::initializeEnd: digest(554100EB75E264A47192E9101703F0ED)
S_INFO root [2018-08-21 17:39:42,549] - onDBMgrReady: bootstrapGroupIndex=0, bootstrapGlobalIndex=0
  INFO root [2018-08-21 17:39:42,550] - TelnetServer server is running on port 32000
  INFO root [2018-08-21 17:39:42,550] - Dbmgr::initInterfacesHandler: interfaces addr(127.0.0.1:30099), accountType:(interfaces), chargeType:(interfaces).
  WARN root [2018-08-21 17:39:44,238] - DBUtil::initialize: db(default) password is not encrypted!
please use password(rsa):
3B73036956E41E651C6A817A4655DDF6ABE11524612BEFD7445D88736AD08DC7EC669F10B3688AE2199591446EC32A5F85309832B5AA0390F81B016BB9857EA2343435DC89EBF6ADB9338FF9EE3DCAD656E1F5DC65AD422EC6AB6AFA14ED0BCBA6036E819504D75ECEBDE0780596DADF9D98480C1980E38F0129EBB3055A71F9
 DEBUG root [2018-08-21 17:39:44,243] - DBInterfaceMysql::attach: connect: localhost:3306 starting...
 DEBUG root [2018-08-21 17:39:44,252] - DBInterfaceMysql::attach: successfully! addr: localhost:3306
  INFO root [2018-08-21 17:39:44,252] - DBUtil::createInterface[0x2cedd8]: interface=default, dbtype=mysql, ip=localhost, port=3306, currdatabase=ori, username=kbe, connected=yes.

  INFO root [2018-08-21 17:39:44,253] - ThreadPool::createThreadPool: creating  threadpool...
 DEBUG root [2018-08-21 17:39:44,253] - DBInterfaceMysql::attach: connect: localhost:3306 starting...
 DEBUG root [2018-08-21 17:39:44,254] - DBInterfaceMysql::attach: connect: localhost:3306 starting...
  INFO root [2018-08-21 17:39:44,254] - ThreadPool::createThreadPool: successfully(5), newThreadCount=5, normalMaxThreadCount=5, maxThreadCount=5
 DEBUG root [2018-08-21 17:39:44,254] - DBInterfaceMysql::attach: connect: localhost:3306 starting...
 DEBUG root [2018-08-21 17:39:44,256] - DBInterfaceMysql::attach: connect: localhost:3306 starting...
 DEBUG root [2018-08-21 17:39:44,256] - DBInterfaceMysql::attach: connect: localhost:3306 starting...
 DEBUG root [2018-08-21 17:39:44,269] - DBInterfaceMysql::attach: successfully! addr: localhost:3306
 DEBUG root [2018-08-21 17:39:44,269] - DBThread::onStart(): 0x6f7f80!
 DEBUG root [2018-08-21 17:39:44,270] - DBInterfaceMysql::attach: successfully! addr: localhost:3306
 DEBUG root [2018-08-21 17:39:44,271] - DBThread::onStart(): 0x6f8090!
 DEBUG root [2018-08-21 17:39:44,272] - DBInterfaceMysql::attach: successfully! addr: localhost:3306
 DEBUG root [2018-08-21 17:39:44,272] - DBThread::onStart(): 0x6f8008!
 DEBUG root [2018-08-21 17:39:44,286] - DBInterfaceMysql::attach: successfully! addr: localhost:3306
 DEBUG root [2018-08-21 17:39:44,286] - DBThread::onStart(): 0x6f81a0!
 DEBUG root [2018-08-21 17:39:44,292] - DBInterfaceMysql::attach: successfully! addr: localhost:3306
 DEBUG root [2018-08-21 17:39:44,292] - DBThread::onStart(): 0x6f8118!
  INFO root [2018-08-21 17:39:44,356] - DBInterfaceMysql::query: successfully!
  INFO root [2018-08-21 17:39:44,358] - DBInterfaceMysql::query: successfully!
  INFO root [2018-08-21 17:39:44,359] - DBInterfaceMysql::query: successfully!
  INFO root [2018-08-21 17:39:44,359] - DBInterfaceMysql::query: successfully!
  INFO root [2018-08-21 17:39:44,359] - DBInterfaceMysql::query: successfully!
  INFO root [2018-08-21 17:39:44,360] - DBInterfaceMysql::query: successfully!
  INFO root [2018-08-21 17:39:44,360] - DBInterfaceMysql::query: successfully!
  INFO root [2018-08-21 17:39:44,361] - DBInterfaceMysql::query: successfully!
  INFO root [2018-08-21 17:39:44,361] - DBInterfaceMysql::query: successfully!
  WARN root [2018-08-21 17:39:44,377] - d:\kbe\kbengine-2.2.0\kbe\src\server\dbmgr\dbmgr.cpp:307: Profile scriptCall took 1.83 seconds
  INFO root [2018-08-21 17:39:45,100] - ---- dbmgr is running ----
 DEBUG root [2018-08-21 17:39:45,101] - Components::process(): Request for the process of identity...
  WARN root [2018-08-21 17:39:52,551] - Forwarding logs to logger[192.168.0.155:49517/0/0/0]...
 ERROR root [2018-08-21 18:05:56,712] - Components::removeComponentByChannel: logger : 2000, Abnormal exit! errorno=10054
  INFO root [2018-08-21 18:05:56,720] - The following logs sent to logger failed:
  WARN root [2018-08-21 18:05:56,721] - ==> [2018-08-21 18:05:56 711] TCPPacketReceiver::processPendingEvents(192.168.0.155:49517): Throwing REASON_GENERAL_NETWORK - WSAECONNRESET
 ERROR root [2018-08-21 18:05:56,722] - ==> [2018-08-21 18:05:56 713] Components::removeComponentByChannel: logger : 2000, Abnormal exit! errorno=10054
  INFO root [2018-08-21 18:06:22,273] - 
  INFO root [2018-08-21 18:06:22,274] - -----------------------------------------------------------------------------------------


  INFO root [2018-08-21 18:06:22,275] - Resmgr::initialize: KBE_ROOT=D:/KBE/kbengine-2.2.0/
  INFO root [2018-08-21 18:06:22,275] - Resmgr::initialize: KBE_RES_PATH=D:/KBE/kbengine-2.2.0/kbe/res/;D:/KBE/kbengine-2.2.0/ori_assets/;D:/KBE/kbengine-2.2.0/ori_assets/scripts/;D:/KBE/kbengine-2.2.0/ori_assets/res/
  INFO root [2018-08-21 18:06:22,275] - Resmgr::initialize: KBE_BIN_PATH=D:/KBE/kbengine-2.2.0/kbe/bin/server/
  INFO root [2018-08-21 18:06:22,284] - NetworkInterface::initialize(INTERNAL-TCP): bound to all interfaces with default route interface on 192.168.0.155 ( 192.168.0.155:49888 )
  INFO root [2018-08-21 18:06:22,284] - NetworkInterface::initialize(INTERNAL-TCP): address 192.168.0.155:49888, SOMAXCONN=5.
  INFO root [2018-08-21 18:06:22,284] - server-configs:
  INFO root [2018-08-21 18:06:22,284] - 	internalTcpAddr : 192.168.0.155:49888
  INFO root [2018-08-21 18:06:22,285] - 	componentID : 4000
  INFO root [2018-08-21 18:06:23,794] - ---- dbmgr Version: 2.2.0. ScriptVersion: 0.1.0. Protocol: C85D8893D1079B3F8EA4D6F8485316E8. Config: Debug X86. Built: 18:34:10 Aug  8 2018. AppID: 4000. UID: 654. PID: 178988 ----
  INFO root [2018-08-21 18:06:23,795] - Server : Intel(R) Core(TM) i7-6700 CPU @ 3.40GHz with 4194303kB RAM
  INFO root [2018-08-21 18:06:23,795] - ThreadPool::createThreadPool: creating  threadpool...
  INFO root [2018-08-21 18:06:23,796] - ThreadPool::createThreadPool: successfully(2), newThreadCount=1, normalMaxThreadCount=2, maxThreadCount=8
 DEBUG root [2018-08-21 18:06:23,966] - Script::install_py_dlls(): PyInit_pyexpat
 DEBUG root [2018-08-21 18:06:23,967] - Script::install_py_dlls(): PyInit__socket
 DEBUG root [2018-08-21 18:06:23,968] - Script::install_py_dlls(): PyInit__ssl
 DEBUG root [2018-08-21 18:06:23,975] - Script::install_py_dlls(): PyInit__hashlib
 DEBUG root [2018-08-21 18:06:23,976] - Script::install_py_dlls(): PyInit_select
 DEBUG root [2018-08-21 18:06:23,976] - Script::install_py_dlls(): PyInit__ctypes
 DEBUG root [2018-08-21 18:06:23,978] - Script::install_py_dlls(): PyInit__elementtree
 DEBUG root [2018-08-21 18:06:24,056] - Script::install_py_dlls(): PyInit_unicodedata
  INFO root [2018-08-21 18:06:24,139] - Script::install(): is successfully, Python=(3.4.2 (default, Aug  8 2018, 18:33:54) [MSC v.1913 32 bit (Intel)])!
  INFO root [2018-08-21 18:06:24,140] - Script::install(): KBExtra is successfully!
  INFO root [2018-08-21 18:06:24,166] - Dbmgr::initializeEnd: digest(554100EB75E264A47192E9101703F0ED)
S_INFO root [2018-08-21 18:06:24,166] - onDBMgrReady: bootstrapGroupIndex=0, bootstrapGlobalIndex=0
  INFO root [2018-08-21 18:06:24,167] - TelnetServer server is running on port 32000
  INFO root [2018-08-21 18:06:24,167] - Dbmgr::initInterfacesHandler: interfaces addr(127.0.0.1:30099), accountType:(interfaces), chargeType:(interfaces).
  WARN root [2018-08-21 18:06:25,950] - DBUtil::initialize: db(default) password is not encrypted!
please use password(rsa):
6260D8C29BF9D5CD84870BA98D42ED5DE8E7D81F90DB1B952DFD2EF80917CA365BAFC24A12F8BF4B458A1E1C137C38322F6F378F6EEDFC12ED93F3705F193A2693979C0E15936F012FDF3532F912F74CA21364483E085A25C46665EA062DF15DA6789C6A71836AE56B15C10FBDB8ED1FAAC13E0CB774ECEABE518821B778A3CE
 DEBUG root [2018-08-21 18:06:25,954] - DBInterfaceMysql::attach: connect: localhost:3306 starting...
 DEBUG root [2018-08-21 18:06:26,097] - DBInterfaceMysql::attach: successfully! addr: localhost:3306
  INFO root [2018-08-21 18:06:26,098] - DBUtil::createInterface[0x14ef30]: interface=default, dbtype=mysql, ip=localhost, port=3306, currdatabase=ori, username=kbe, connected=yes.

  INFO root [2018-08-21 18:06:26,098] - ThreadPool::createThreadPool: creating  threadpool...
  INFO root [2018-08-21 18:06:26,099] - ThreadPool::createThreadPool: successfully(5), newThreadCount=5, normalMaxThreadCount=5, maxThreadCount=5
 DEBUG root [2018-08-21 18:06:26,100] - DBInterfaceMysql::attach: connect: localhost:3306 starting...
 DEBUG root [2018-08-21 18:06:26,110] - DBInterfaceMysql::attach: connect: localhost:3306 starting...
 DEBUG root [2018-08-21 18:06:26,116] - DBInterfaceMysql::attach: connect: localhost:3306 starting...
 DEBUG root [2018-08-21 18:06:26,119] - DBInterfaceMysql::attach: connect: localhost:3306 starting...
 DEBUG root [2018-08-21 18:06:26,160] - DBInterfaceMysql::attach: connect: localhost:3306 starting...
  INFO root [2018-08-21 18:06:26,200] - DBInterfaceMysql::query: successfully!
 DEBUG root [2018-08-21 18:06:26,334] - DBInterfaceMysql::attach: successfully! addr: localhost:3306
 DEBUG root [2018-08-21 18:06:26,334] - DBThread::onStart(): 0x5bc868!
 DEBUG root [2018-08-21 18:06:26,335] - DBInterfaceMysql::attach: successfully! addr: localhost:3306
 DEBUG root [2018-08-21 18:06:26,335] - DBThread::onStart(): 0x5bca88!
  INFO root [2018-08-21 18:06:26,336] - DBInterfaceMysql::query: successfully!
 DEBUG root [2018-08-21 18:06:26,379] - DBInterfaceMysql::attach: successfully! addr: localhost:3306
 DEBUG root [2018-08-21 18:06:26,379] - DBThread::onStart(): 0x5bca00!
 DEBUG root [2018-08-21 18:06:26,380] - DBInterfaceMysql::attach: successfully! addr: localhost:3306
 DEBUG root [2018-08-21 18:06:26,381] - DBThread::onStart(): 0x5bc978!
  INFO root [2018-08-21 18:06:26,381] - DBInterfaceMysql::query: successfully!
  INFO root [2018-08-21 18:06:26,382] - DBInterfaceMysql::query: successfully!
  INFO root [2018-08-21 18:06:26,382] - DBInterfaceMysql::query: successfully!
  INFO root [2018-08-21 18:06:26,382] - DBInterfaceMysql::query: successfully!
  INFO root [2018-08-21 18:06:26,383] - DBInterfaceMysql::query: successfully!
 DEBUG root [2018-08-21 18:06:26,424] - DBInterfaceMysql::attach: successfully! addr: localhost:3306
 DEBUG root [2018-08-21 18:06:26,424] - DBThread::onStart(): 0x5bc8f0!
  INFO root [2018-08-21 18:06:26,426] - DBInterfaceMysql::query: successfully!
  INFO root [2018-08-21 18:06:26,428] - DBInterfaceMysql::query: successfully!
  WARN root [2018-08-21 18:06:26,442] - d:\kbe\kbengine-2.2.0\kbe\src\server\dbmgr\dbmgr.cpp:307: Profile scriptCall took 2.28 seconds
  INFO root [2018-08-21 18:06:27,589] - ---- dbmgr is running ----
 DEBUG root [2018-08-21 18:06:27,590] - Components::process(): Request for the process of identity...
  INFO root [2018-08-21 18:06:35,867] - Components::findComponents: find logger(1)...
  INFO root [2018-08-21 18:06:35,873] - Components::findComponents: found logger, addr:192.168.0.155:49887
  INFO root [2018-08-21 18:06:35,874] - Components::addComponent: reset orderLog, uid=654!
  INFO root [2018-08-21 18:06:35,874] - Components::addComponent[logger], uid=654, componentID=2000, globalorderid=1, grouporderid=1, totalcount=1
  WARN root [2018-08-21 18:06:35,878] - Forwarding logs to logger[192.168.0.155:49887/0/0/0]...
 ERROR root [2018-08-21 18:31:22,934] - Components::removeComponentByChannel: logger : 2000, Abnormal exit! errorno=10054
  INFO root [2018-08-21 18:31:22,947] - The following logs sent to logger failed:
  WARN root [2018-08-21 18:31:22,947] - ==> [2018-08-21 18:31:22 930] TCPPacketReceiver::processPendingEvents(192.168.0.155:49887): Throwing REASON_GENERAL_NETWORK - WSAECONNRESET
 ERROR root [2018-08-21 18:31:22,948] - ==> [2018-08-21 18:31:22 935] Components::removeComponentByChannel: logger : 2000, Abnormal exit! errorno=10054
  INFO root [2018-08-21 18:34:02,142] - 
  INFO root [2018-08-21 18:34:02,142] - -----------------------------------------------------------------------------------------


  INFO root [2018-08-21 18:34:02,144] - Resmgr::initialize: KBE_ROOT=D:/KBE/kbengine-2.2.0/
  INFO root [2018-08-21 18:34:02,144] - Resmgr::initialize: KBE_RES_PATH=D:/KBE/kbengine-2.2.0/kbe/res/;D:/KBE/kbengine-2.2.0/ori_assets/;D:/KBE/kbengine-2.2.0/ori_assets/scripts/;D:/KBE/kbengine-2.2.0/ori_assets/res/
  INFO root [2018-08-21 18:34:02,145] - Resmgr::initialize: KBE_BIN_PATH=D:/KBE/kbengine-2.2.0/kbe/bin/server/
  INFO root [2018-08-21 18:34:02,186] - NetworkInterface::initialize(INTERNAL-TCP): bound to all interfaces with default route interface on 192.168.0.155 ( 192.168.0.155:50220 )
  INFO root [2018-08-21 18:34:02,186] - NetworkInterface::initialize(INTERNAL-TCP): address 192.168.0.155:50220, SOMAXCONN=5.
  INFO root [2018-08-21 18:34:02,187] - server-configs:
  INFO root [2018-08-21 18:34:02,187] - 	internalTcpAddr : 192.168.0.155:50220
  INFO root [2018-08-21 18:34:02,187] - 	componentID : 4000
  INFO root [2018-08-21 18:34:02,202] - Components::findLogger: found logger, addr:192.168.0.155:50216
  INFO root [2018-08-21 18:34:02,202] - Components::addComponent: reset orderLog, uid=6048!
  INFO root [2018-08-21 18:34:02,203] - Components::addComponent[logger], uid=6048, componentID=2000, globalorderid=1, grouporderid=1, totalcount=1
  INFO root [2018-08-21 18:34:02,212] - ---- dbmgr Version: 2.2.0. ScriptVersion: 0.1.0. Protocol: C85D8893D1079B3F8EA4D6F8485316E8. Config: Debug X86. Built: 18:34:10 Aug  8 2018. AppID: 4000. UID: 6048. PID: 172444 ----
  INFO root [2018-08-21 18:34:02,213] - Server : Intel(R) Core(TM) i7-6700 CPU @ 3.40GHz with 4194303kB RAM
  INFO root [2018-08-21 18:34:02,213] - ThreadPool::createThreadPool: creating  threadpool...
  INFO root [2018-08-21 18:34:02,214] - ThreadPool::createThreadPool: successfully(2), newThreadCount=1, normalMaxThreadCount=2, maxThreadCount=8
 DEBUG root [2018-08-21 18:34:02,450] - Script::install_py_dlls(): PyInit_pyexpat
 DEBUG root [2018-08-21 18:34:02,451] - Script::install_py_dlls(): PyInit__socket
 DEBUG root [2018-08-21 18:34:02,452] - Script::install_py_dlls(): PyInit__ssl
 DEBUG root [2018-08-21 18:34:02,459] - Script::install_py_dlls(): PyInit__hashlib
 DEBUG root [2018-08-21 18:34:02,460] - Script::install_py_dlls(): PyInit_select
 DEBUG root [2018-08-21 18:34:02,460] - Script::install_py_dlls(): PyInit__ctypes
 DEBUG root [2018-08-21 18:34:02,461] - Script::install_py_dlls(): PyInit__elementtree
 DEBUG root [2018-08-21 18:34:02,557] - Script::install_py_dlls(): PyInit_unicodedata
  INFO root [2018-08-21 18:34:02,655] - Script::install(): is successfully, Python=(3.4.2 (default, Aug  8 2018, 18:33:54) [MSC v.1913 32 bit (Intel)])!
  INFO root [2018-08-21 18:34:02,655] - Script::install(): KBExtra is successfully!
  INFO root [2018-08-21 18:34:02,685] - Dbmgr::initializeEnd: digest(554100EB75E264A47192E9101703F0ED)
S_INFO root [2018-08-21 18:34:02,685] - onDBMgrReady: bootstrapGroupIndex=0, bootstrapGlobalIndex=0
  INFO root [2018-08-21 18:34:02,686] - TelnetServer server is running on port 32000
  INFO root [2018-08-21 18:34:02,686] - Dbmgr::initInterfacesHandler: interfaces addr(127.0.0.1:30099), accountType:(interfaces), chargeType:(interfaces).
  WARN root [2018-08-21 18:34:04,942] - DBUtil::initialize: db(default) password is not encrypted!
please use password(rsa):
18C999B7340567D04D4EE19CEB72003C35A972511DBACD968782A9281E94E4B6F06FC17334FE4E1776A35C965D36377DC597FCDB0D49114C3F0592E9932384EAF890B41971A9E1AB757F48C4F3FED3D6BA9DE67D5E6A6B134ED1D64E4F3C20FAC433CE3974AFECDAD88F284060AB1020B722CD790B3C6AB46076AC73FE5B730B
 DEBUG root [2018-08-21 18:34:04,948] - DBInterfaceMysql::attach: connect: localhost:3306 starting...
 DEBUG root [2018-08-21 18:34:04,960] - DBInterfaceMysql::attach: successfully! addr: localhost:3306
  INFO root [2018-08-21 18:34:04,961] - DBUtil::createInterface[0x36f0cc]: interface=default, dbtype=mysql, ip=localhost, port=3306, currdatabase=ori, username=kbe, connected=yes.

  INFO root [2018-08-21 18:34:04,961] - ThreadPool::createThreadPool: creating  threadpool...
  INFO root [2018-08-21 18:34:04,962] - ThreadPool::createThreadPool: successfully(5), newThreadCount=5, normalMaxThreadCount=5, maxThreadCount=5
 DEBUG root [2018-08-21 18:34:04,963] - DBInterfaceMysql::attach: connect: localhost:3306 starting...
 DEBUG root [2018-08-21 18:34:04,963] - DBInterfaceMysql::attach: connect: localhost:3306 starting...
 DEBUG root [2018-08-21 18:34:04,963] - DBInterfaceMysql::attach: connect: localhost:3306 starting...
 DEBUG root [2018-08-21 18:34:04,964] - DBInterfaceMysql::attach: connect: localhost:3306 starting...
 DEBUG root [2018-08-21 18:34:04,964] - DBInterfaceMysql::attach: connect: localhost:3306 starting...
 DEBUG root [2018-08-21 18:34:04,973] - DBInterfaceMysql::attach: successfully! addr: localhost:3306
 DEBUG root [2018-08-21 18:34:04,974] - DBThread::onStart(): 0x44c868!
 DEBUG root [2018-08-21 18:34:04,975] - DBInterfaceMysql::attach: successfully! addr: localhost:3306
 DEBUG root [2018-08-21 18:34:04,976] - DBThread::onStart(): 0x44c8f0!
 DEBUG root [2018-08-21 18:34:04,979] - DBInterfaceMysql::attach: successfully! addr: localhost:3306
 DEBUG root [2018-08-21 18:34:04,979] - DBThread::onStart(): 0x44c978!
 DEBUG root [2018-08-21 18:34:04,981] - DBInterfaceMysql::attach: successfully! addr: localhost:3306
 DEBUG root [2018-08-21 18:34:04,981] - DBThread::onStart(): 0x44c7e0!
 DEBUG root [2018-08-21 18:34:04,983] - DBInterfaceMysql::attach: successfully! addr: localhost:3306
 DEBUG root [2018-08-21 18:34:04,983] - DBThread::onStart(): 0x44c6d0!
  INFO root [2018-08-21 18:34:05,064] - DBInterfaceMysql::query: successfully!
  INFO root [2018-08-21 18:34:05,068] - DBInterfaceMysql::query: successfully!
  INFO root [2018-08-21 18:34:05,068] - DBInterfaceMysql::query: successfully!
  INFO root [2018-08-21 18:34:05,069] - DBInterfaceMysql::query: successfully!
  INFO root [2018-08-21 18:34:05,069] - DBInterfaceMysql::query: successfully!
  INFO root [2018-08-21 18:34:05,069] - DBInterfaceMysql::query: successfully!
  INFO root [2018-08-21 18:34:05,070] - DBInterfaceMysql::query: successfully!
  INFO root [2018-08-21 18:34:05,071] - DBInterfaceMysql::query: successfully!
  INFO root [2018-08-21 18:34:05,072] - DBInterfaceMysql::query: successfully!
  WARN root [2018-08-21 18:34:05,097] - d:\kbe\kbengine-2.2.0\kbe\src\server\dbmgr\dbmgr.cpp:307: Profile scriptCall took 2.41 seconds
  INFO root [2018-08-21 18:34:06,156] - ---- dbmgr is running ----
 DEBUG root [2018-08-21 18:34:06,160] - Components::process(): Request for the process of identity...
  WARN root [2018-08-21 18:34:14,264] - Forwarding logs to logger[192.168.0.155:50216/0/0/0]...
 ERROR root [2018-08-21 18:38:53,155] - Components::removeComponentByChannel: logger : 2000, Abnormal exit! errorno=10054
  INFO root [2018-08-21 18:38:53,156] - The following logs sent to logger failed:
  WARN root [2018-08-21 18:38:53,157] - ==> [2018-08-21 18:38:53 151] TCPPacketReceiver::processPendingEvents(192.168.0.155:50216): Throwing REASON_GENERAL_NETWORK - WSAECONNRESET
 ERROR root [2018-08-21 18:38:53,157] - ==> [2018-08-21 18:38:53 155] Components::removeComponentByChannel: logger : 2000, Abnormal exit! errorno=10054
  INFO root [2018-08-21 18:44:03,267] - 
  INFO root [2018-08-21 18:44:03,268] - -----------------------------------------------------------------------------------------


  INFO root [2018-08-21 18:44:03,270] - Resmgr::initialize: KBE_ROOT=D:/KBE/kbengine-2.2.0/
  INFO root [2018-08-21 18:44:03,270] - Resmgr::initialize: KBE_RES_PATH=D:/KBE/kbengine-2.2.0/kbe/res/;D:/KBE/kbengine-2.2.0/ori_assets/;D:/KBE/kbengine-2.2.0/ori_assets/scripts/;D:/KBE/kbengine-2.2.0/ori_assets/res/
  INFO root [2018-08-21 18:44:03,271] - Resmgr::initialize: KBE_BIN_PATH=D:/KBE/kbengine-2.2.0/kbe/bin/server/
  INFO root [2018-08-21 18:44:03,285] - NetworkInterface::initialize(INTERNAL-TCP): bound to all interfaces with default route interface on 192.168.0.155 ( 192.168.0.155:50388 )
  INFO root [2018-08-21 18:44:03,286] - NetworkInterface::initialize(INTERNAL-TCP): address 192.168.0.155:50388, SOMAXCONN=5.
  INFO root [2018-08-21 18:44:03,286] - server-configs:
  INFO root [2018-08-21 18:44:03,287] - 	internalTcpAddr : 192.168.0.155:50388
  INFO root [2018-08-21 18:44:03,287] - 	componentID : 4000
  INFO root [2018-08-21 18:44:04,798] - ---- dbmgr Version: 2.2.0. ScriptVersion: 0.1.0. Protocol: C85D8893D1079B3F8EA4D6F8485316E8. Config: Debug X86. Built: 18:34:10 Aug  8 2018. AppID: 4000. UID: 8027. PID: 115508 ----
  INFO root [2018-08-21 18:44:04,799] - Server : Intel(R) Core(TM) i7-6700 CPU @ 3.40GHz with 4194303kB RAM
  INFO root [2018-08-21 18:44:04,800] - ThreadPool::createThreadPool: creating  threadpool...
  INFO root [2018-08-21 18:44:04,801] - ThreadPool::createThreadPool: successfully(2), newThreadCount=1, normalMaxThreadCount=2, maxThreadCount=8
 DEBUG root [2018-08-21 18:44:05,090] - Script::install_py_dlls(): PyInit_pyexpat
 DEBUG root [2018-08-21 18:44:05,091] - Script::install_py_dlls(): PyInit__socket
 DEBUG root [2018-08-21 18:44:05,092] - Script::install_py_dlls(): PyInit__ssl
 DEBUG root [2018-08-21 18:44:05,100] - Script::install_py_dlls(): PyInit__hashlib
 DEBUG root [2018-08-21 18:44:05,101] - Script::install_py_dlls(): PyInit_select
 DEBUG root [2018-08-21 18:44:05,101] - Script::install_py_dlls(): PyInit__ctypes
 DEBUG root [2018-08-21 18:44:05,102] - Script::install_py_dlls(): PyInit__elementtree
 DEBUG root [2018-08-21 18:44:05,222] - Script::install_py_dlls(): PyInit_unicodedata
  INFO root [2018-08-21 18:44:05,312] - Script::install(): is successfully, Python=(3.4.2 (default, Aug  8 2018, 18:33:54) [MSC v.1913 32 bit (Intel)])!
  INFO root [2018-08-21 18:44:05,312] - Script::install(): KBExtra is successfully!
  INFO root [2018-08-21 18:44:05,342] - Dbmgr::initializeEnd: digest(554100EB75E264A47192E9101703F0ED)
S_INFO root [2018-08-21 18:44:05,342] - onDBMgrReady: bootstrapGroupIndex=0, bootstrapGlobalIndex=0
  INFO root [2018-08-21 18:44:05,343] - TelnetServer server is running on port 32000
  INFO root [2018-08-21 18:44:05,357] - Dbmgr::initInterfacesHandler: interfaces addr(127.0.0.1:30099), accountType:(interfaces), chargeType:(interfaces).
  WARN root [2018-08-21 18:44:07,662] - DBUtil::initialize: db(default) password is not encrypted!
please use password(rsa):
37D914113A468D5263089D4072BD543ADE09C44FB1BB3068E4D6FBD12DAA351DC64EF2920DFE2109E40BE69356291B64F123FA8C40C21CB3BEE43B8A87DB3C4F60989AD120C1EECB824C02D8AF8A201A116E5408200221F07600170B110D306C1C5B0C44F61E710E016B4BC3BB8440EBC396D8E2A5D6486ABD6A366EF5AF103C
 DEBUG root [2018-08-21 18:44:07,667] - DBInterfaceMysql::attach: connect: localhost:3306 starting...
 DEBUG root [2018-08-21 18:44:07,678] - DBInterfaceMysql::attach: successfully! addr: localhost:3306
  INFO root [2018-08-21 18:44:07,678] - DBUtil::createInterface[0x40f040]: interface=default, dbtype=mysql, ip=localhost, port=3306, currdatabase=ori, username=kbe, connected=yes.

  INFO root [2018-08-21 18:44:07,679] - ThreadPool::createThreadPool: creating  threadpool...
  INFO root [2018-08-21 18:44:07,680] - ThreadPool::createThreadPool: successfully(5), newThreadCount=5, normalMaxThreadCount=5, maxThreadCount=5
 DEBUG root [2018-08-21 18:44:07,681] - DBInterfaceMysql::attach: connect: localhost:3306 starting...
 DEBUG root [2018-08-21 18:44:07,682] - DBInterfaceMysql::attach: connect: localhost:3306 starting...
 DEBUG root [2018-08-21 18:44:07,683] - DBInterfaceMysql::attach: connect: localhost:3306 starting...
 DEBUG root [2018-08-21 18:44:07,684] - DBInterfaceMysql::attach: connect: localhost:3306 starting...
 DEBUG root [2018-08-21 18:44:07,685] - DBInterfaceMysql::attach: connect: localhost:3306 starting...
 DEBUG root [2018-08-21 18:44:07,694] - DBInterfaceMysql::attach: successfully! addr: localhost:3306
 DEBUG root [2018-08-21 18:44:07,695] - DBThread::onStart(): 0x916a88!
 DEBUG root [2018-08-21 18:44:07,696] - DBInterfaceMysql::attach: successfully! addr: localhost:3306
 DEBUG root [2018-08-21 18:44:07,696] - DBThread::onStart(): 0x916978!
 DEBUG root [2018-08-21 18:44:07,697] - DBInterfaceMysql::attach: successfully! addr: localhost:3306
 DEBUG root [2018-08-21 18:44:07,697] - DBThread::onStart(): 0x916a00!
 DEBUG root [2018-08-21 18:44:07,704] - DBInterfaceMysql::attach: successfully! addr: localhost:3306
 DEBUG root [2018-08-21 18:44:07,704] - DBThread::onStart(): 0x916b98!
 DEBUG root [2018-08-21 18:44:07,706] - DBInterfaceMysql::attach: successfully! addr: localhost:3306
 DEBUG root [2018-08-21 18:44:07,706] - DBThread::onStart(): 0x916b10!
  INFO root [2018-08-21 18:44:07,781] - DBInterfaceMysql::query: successfully!
  INFO root [2018-08-21 18:44:07,784] - DBInterfaceMysql::query: successfully!
  INFO root [2018-08-21 18:44:07,784] - DBInterfaceMysql::query: successfully!
  INFO root [2018-08-21 18:44:07,785] - DBInterfaceMysql::query: successfully!
  INFO root [2018-08-21 18:44:07,785] - DBInterfaceMysql::query: successfully!
  INFO root [2018-08-21 18:44:07,785] - DBInterfaceMysql::query: successfully!
  INFO root [2018-08-21 18:44:07,786] - DBInterfaceMysql::query: successfully!
  INFO root [2018-08-21 18:44:07,786] - DBInterfaceMysql::query: successfully!
  INFO root [2018-08-21 18:44:07,823] - DBInterfaceMysql::query: successfully!
  WARN root [2018-08-21 18:44:07,843] - d:\kbe\kbengine-2.2.0\kbe\src\server\dbmgr\dbmgr.cpp:307: Profile scriptCall took 2.50 seconds
  INFO root [2018-08-21 18:44:08,747] - ---- dbmgr is running ----
 DEBUG root [2018-08-21 18:44:08,748] - Components::process(): Request for the process of identity...
  INFO root [2018-08-21 18:44:17,043] - Components::findComponents: find logger(1)...
  INFO root [2018-08-21 18:44:17,137] - Components::findComponents: found logger, addr:192.168.0.155:50387
  INFO root [2018-08-21 18:44:17,138] - Components::addComponent: reset orderLog, uid=8027!
  INFO root [2018-08-21 18:44:17,138] - Components::addComponent[logger], uid=8027, componentID=2000, globalorderid=1, grouporderid=1, totalcount=1
  WARN root [2018-08-21 18:44:17,139] - Forwarding logs to logger[192.168.0.155:50387/0/0/0]...
 ERROR root [2018-08-21 19:30:53,113] - Components::removeComponentByChannel: logger : 2000, Abnormal exit! errorno=10054
  INFO root [2018-08-21 19:30:53,124] - The following logs sent to logger failed:
  WARN root [2018-08-21 19:30:53,124] - ==> [2018-08-21 19:30:53 107] TCPPacketReceiver::processPendingEvents(192.168.0.155:50387): Throwing REASON_GENERAL_NETWORK - WSAECONNRESET
 ERROR root [2018-08-21 19:30:53,125] - ==> [2018-08-21 19:30:53 113] Components::removeComponentByChannel: logger : 2000, Abnormal exit! errorno=10054
