  WARN root [2018-08-24 09:58:20,866] - TCPPacketReceiver::processPendingEvents(127.0.0.1:52115): Throwing REASON_GENERAL_NETWORK - WSAECONNRESET
  INFO root [2018-08-24 09:58:26,867] - 
  INFO root [2018-08-24 09:58:26,867] - -----------------------------------------------------------------------------------------


  INFO root [2018-08-24 09:58:26,869] - Resmgr::initialize: KBE_ROOT=G:/kbengine-2.2.0/
  INFO root [2018-08-24 09:58:26,869] - Resmgr::initialize: KBE_RES_PATH=G:/kbengine-2.2.0/kbe/res/;G:/kbengine-2.2.0/Server/;G:/kbengine-2.2.0/Server/scripts/;G:/kbengine-2.2.0/Server/res/
  INFO root [2018-08-24 09:58:26,869] - Resmgr::initialize: KBE_BIN_PATH=G:/kbengine-2.2.0/kbe/bin/server/
  INFO root [2018-08-24 09:58:26,875] - NetworkInterface::initialize(INTERNAL-TCP): bound to all interfaces with default route interface on 192.168.0.149 ( 192.168.0.149:30099 )
  INFO root [2018-08-24 09:58:26,876] - NetworkInterface::initialize(INTERNAL-TCP): address 192.168.0.149:30099, SOMAXCONN=5.
  INFO root [2018-08-24 09:58:26,889] - ---- interfaces Version: 2.2.0. ScriptVersion: 0.1.0. Protocol: 02AFC29E4F5C607C91FFC8D093B53B8B. Config: Debug X86. Built: 18:10:44 Aug 17 2018. AppID: 3000. UID: 30586. PID: 29188 ----
  INFO root [2018-08-24 09:58:26,890] - Server : Intel(R) Xeon(R) CPU E3-1231 v3 @ 3.40GHz with 4194303kB RAM
  INFO root [2018-08-24 09:58:26,891] - ThreadPool::createThreadPool: creating  threadpool...
  INFO root [2018-08-24 09:58:26,891] - ThreadPool::createThreadPool: successfully(2), newThreadCount=1, normalMaxThreadCount=2, maxThreadCount=8
 DEBUG root [2018-08-24 09:58:27,056] - Script::install_py_dlls(): PyInit_pyexpat
 DEBUG root [2018-08-24 09:58:27,057] - Script::install_py_dlls(): PyInit__socket
 DEBUG root [2018-08-24 09:58:27,058] - Script::install_py_dlls(): PyInit__ssl
 DEBUG root [2018-08-24 09:58:27,063] - Script::install_py_dlls(): PyInit__hashlib
 DEBUG root [2018-08-24 09:58:27,063] - Script::install_py_dlls(): PyInit_select
 DEBUG root [2018-08-24 09:58:27,063] - Script::install_py_dlls(): PyInit__ctypes
 DEBUG root [2018-08-24 09:58:27,064] - Script::install_py_dlls(): PyInit__elementtree
 DEBUG root [2018-08-24 09:58:27,135] - Script::install_py_dlls(): PyInit_unicodedata
  INFO root [2018-08-24 09:58:27,435] - Script::install(): is successfully, Python=(3.4.2 (default, Aug 17 2018, 18:10:35) [MSC v.1914 32 bit (Intel)])!
  INFO root [2018-08-24 09:58:27,435] - Script::install(): KBExtra is successfully!
S_INFO root [2018-08-24 09:58:27,516] - onInterfaceAppReady: bootstrapGroupIndex=0, bootstrapGlobalIndex=0
  INFO root [2018-08-24 09:58:27,534] - TelnetServer server is running on port 33000
  INFO root [2018-08-24 09:58:28,192] - ---- interfaces is running ----
 DEBUG root [2018-08-24 09:58:28,193] - Components::process(): Request for the process of identity...
  INFO root [2018-08-24 09:58:35,970] - Components::process(): Found all the components!
S_INFO root [2018-08-24 09:59:00,119] - onRequestAccountLogin: registerName=123
S_INFO root [2018-08-24 10:01:02,134] - onRequestAccountLogin: registerName=hashvr
S_INFO root [2018-08-24 10:14:22,022] - onRequestAccountLogin: registerName=123
S_INFO root [2018-08-24 10:15:42,632] - onRequestAccountLogin: registerName=hashvr
S_INFO root [2018-08-24 10:21:40,536] - onRequestAccountLogin: registerName=123
S_INFO root [2018-08-24 10:23:22,642] - onRequestAccountLogin: registerName=123
S_INFO root [2018-08-24 10:24:41,202] - onRequestAccountLogin: registerName=hashvr
S_INFO root [2018-08-24 10:27:12,784] - onRequestAccountLogin: registerName=123
S_INFO root [2018-08-24 10:29:04,189] - onRequestAccountLogin: registerName=123
S_INFO root [2018-08-24 10:31:09,123] - onRequestAccountLogin: registerName=123
S_INFO root [2018-08-24 10:35:59,824] - onRequestAccountLogin: registerName=123
S_INFO root [2018-08-24 10:38:00,421] - onRequestAccountLogin: registerName=hashvr
S_INFO root [2018-08-24 10:40:13,691] - onRequestAccountLogin: registerName=123
S_INFO root [2018-08-24 10:40:40,933] - onRequestAccountLogin: registerName=hashvr
S_INFO root [2018-08-24 10:50:29,979] - onRequestAccountLogin: registerName=123
S_INFO root [2018-08-24 10:51:06,619] - onRequestAccountLogin: registerName=hashvr
S_INFO root [2018-08-24 10:52:32,936] - onRequestAccountLogin: registerName=123
S_INFO root [2018-08-24 10:58:04,185] - onRequestAccountLogin: registerName=123
S_INFO root [2018-08-24 11:06:10,740] - onRequestAccountLogin: registerName=123
S_INFO root [2018-08-24 11:07:06,448] - onRequestAccountLogin: registerName=hashvr
S_INFO root [2018-08-24 11:08:37,865] - onRequestAccountLogin: registerName=123
S_INFO root [2018-08-24 11:14:19,971] - onRequestAccountLogin: registerName=123
S_INFO root [2018-08-24 11:15:50,983] - onRequestAccountLogin: registerName=123
S_INFO root [2018-08-24 11:17:07,343] - onRequestAccountLogin: registerName=123
S_INFO root [2018-08-24 11:20:05,756] - onRequestAccountLogin: registerName=123
S_INFO root [2018-08-24 11:20:10,503] - onRequestAccountLogin: registerName=123
S_INFO root [2018-08-24 11:20:29,250] - onRequestAccountLogin: registerName=123
S_INFO root [2018-08-24 11:21:29,544] - onRequestAccountLogin: registerName=123
S_INFO root [2018-08-24 11:24:08,969] - onRequestAccountLogin: registerName=123
S_INFO root [2018-08-24 11:25:16,746] - onRequestAccountLogin: registerName=123
S_INFO root [2018-08-24 11:26:00,066] - onRequestAccountLogin: registerName=123
S_INFO root [2018-08-24 11:27:26,995] - onRequestAccountLogin: registerName=123
S_INFO root [2018-08-24 11:27:42,834] - onRequestAccountLogin: registerName=123
S_INFO root [2018-08-24 11:34:29,523] - onRequestAccountLogin: registerName=123
S_INFO root [2018-08-24 11:35:15,433] - onRequestAccountLogin: registerName=hashvr
S_INFO root [2018-08-24 11:36:07,589] - onRequestAccountLogin: registerName=123
S_INFO root [2018-08-24 11:38:08,529] - onRequestAccountLogin: registerName=123
S_INFO root [2018-08-24 11:38:41,240] - onRequestAccountLogin: registerName=hashvr
S_INFO root [2018-08-24 11:39:32,046] - onRequestAccountLogin: registerName=123
S_INFO root [2018-08-24 11:39:46,539] - onRequestAccountLogin: registerName=123
S_INFO root [2018-08-24 11:40:47,288] - onRequestAccountLogin: registerName=123
S_INFO root [2018-08-24 11:43:33,331] - onRequestAccountLogin: registerName=123
S_INFO root [2018-08-24 11:45:06,397] - onRequestAccountLogin: registerName=hashvr
S_INFO root [2018-08-24 11:48:50,253] - onRequestAccountLogin: registerName=123
S_INFO root [2018-08-24 11:49:20,595] - onRequestAccountLogin: registerName=hashvr
S_INFO root [2018-08-24 11:52:10,638] - onRequestAccountLogin: registerName=123
S_INFO root [2018-08-24 11:52:18,947] - onRequestAccountLogin: registerName=123
S_INFO root [2018-08-24 11:54:13,706] - onRequestAccountLogin: registerName=123
S_INFO root [2018-08-24 12:03:03,524] - onRequestAccountLogin: registerName=123
S_INFO root [2018-08-24 12:03:13,395] - onRequestAccountLogin: registerName=hashvr
S_INFO root [2018-08-24 12:06:09,955] - onRequestAccountLogin: registerName=123
S_INFO root [2018-08-24 12:06:21,162] - onRequestAccountLogin: registerName=123
S_INFO root [2018-08-24 12:07:51,037] - onRequestAccountLogin: registerName=123
S_INFO root [2018-08-24 12:13:01,666] - onRequestAccountLogin: registerName=123
S_INFO root [2018-08-24 12:15:59,953] - onRequestAccountLogin: registerName=123
S_INFO root [2018-08-24 12:17:24,225] - onRequestAccountLogin: registerName=123
S_INFO root [2018-08-24 12:19:06,964] - onRequestAccountLogin: registerName=123
S_INFO root [2018-08-24 12:22:04,965] - onRequestAccountLogin: registerName=123
S_INFO root [2018-08-24 12:23:29,906] - onRequestAccountLogin: registerName=123
S_INFO root [2018-08-24 12:27:41,789] - onRequestAccountLogin: registerName=123
S_INFO root [2018-08-24 12:27:51,305] - onRequestAccountLogin: registerName=123
S_INFO root [2018-08-24 12:28:00,526] - onRequestAccountLogin: registerName=123
S_INFO root [2018-08-24 12:29:00,671] - onRequestAccountLogin: registerName=123
S_INFO root [2018-08-24 12:33:41,430] - onRequestAccountLogin: registerName=123
S_INFO root [2018-08-24 12:34:34,212] - onRequestAccountLogin: registerName=123
S_INFO root [2018-08-24 12:37:21,622] - onRequestAccountLogin: registerName=123
S_INFO root [2018-08-24 12:38:53,352] - onRequestAccountLogin: registerName=123
S_INFO root [2018-08-24 12:39:40,535] - onRequestAccountLogin: registerName=123
S_INFO root [2018-08-24 12:40:38,087] - onRequestAccountLogin: registerName=123
S_INFO root [2018-08-24 12:40:49,608] - onRequestAccountLogin: registerName=123
S_INFO root [2018-08-24 12:41:04,464] - onRequestAccountLogin: registerName=123
S_INFO root [2018-08-24 12:42:47,718] - onRequestAccountLogin: registerName=123
S_INFO root [2018-08-24 12:46:14,096] - onRequestAccountLogin: registerName=123
S_INFO root [2018-08-24 12:46:23,433] - onRequestAccountLogin: registerName=123
S_INFO root [2018-08-24 12:47:01,558] - onRequestAccountLogin: registerName=123
S_INFO root [2018-08-24 12:48:05,822] - onRequestAccountLogin: registerName=123
S_INFO root [2018-08-24 12:49:15,324] - onRequestAccountLogin: registerName=123
S_INFO root [2018-08-24 12:49:26,066] - onRequestAccountLogin: registerName=123
S_INFO root [2018-08-24 12:51:48,093] - onRequestAccountLogin: registerName=123
S_INFO root [2018-08-24 12:52:45,321] - onRequestAccountLogin: registerName=123
S_INFO root [2018-08-24 12:52:53,005] - onRequestAccountLogin: registerName=123
  WARN root [2018-08-24 12:57:51,054] - TCPPacketReceiver::processPendingEvents(127.0.0.1:53117): Throwing REASON_GENERAL_NETWORK - WSAECONNRESET
  INFO root [2018-08-24 12:58:36,737] - 
  INFO root [2018-08-24 12:58:36,738] - -----------------------------------------------------------------------------------------


  INFO root [2018-08-24 12:58:36,739] - Resmgr::initialize: KBE_ROOT=G:/kbengine-2.2.0/
  INFO root [2018-08-24 12:58:36,740] - Resmgr::initialize: KBE_RES_PATH=G:/kbengine-2.2.0/kbe/res/;G:/kbengine-2.2.0/Server/;G:/kbengine-2.2.0/Server/scripts/;G:/kbengine-2.2.0/Server/res/
  INFO root [2018-08-24 12:58:36,740] - Resmgr::initialize: KBE_BIN_PATH=G:/kbengine-2.2.0/kbe/bin/server/
  INFO root [2018-08-24 12:58:36,748] - NetworkInterface::initialize(INTERNAL-TCP): bound to all interfaces with default route interface on 192.168.0.149 ( 192.168.0.149:30099 )
  INFO root [2018-08-24 12:58:36,748] - NetworkInterface::initialize(INTERNAL-TCP): address 192.168.0.149:30099, SOMAXCONN=5.
  INFO root [2018-08-24 12:58:36,757] - ---- interfaces Version: 2.2.0. ScriptVersion: 0.1.0. Protocol: 02AFC29E4F5C607C91FFC8D093B53B8B. Config: Debug X86. Built: 18:10:44 Aug 17 2018. AppID: 3000. UID: 361. PID: 25048 ----
  INFO root [2018-08-24 12:58:36,758] - Server : Intel(R) Xeon(R) CPU E3-1231 v3 @ 3.40GHz with 4194303kB RAM
  INFO root [2018-08-24 12:58:36,758] - ThreadPool::createThreadPool: creating  threadpool...
  INFO root [2018-08-24 12:58:36,759] - ThreadPool::createThreadPool: successfully(2), newThreadCount=1, normalMaxThreadCount=2, maxThreadCount=8
 DEBUG root [2018-08-24 12:58:36,924] - Script::install_py_dlls(): PyInit_pyexpat
 DEBUG root [2018-08-24 12:58:36,925] - Script::install_py_dlls(): PyInit__socket
 DEBUG root [2018-08-24 12:58:36,926] - Script::install_py_dlls(): PyInit__ssl
 DEBUG root [2018-08-24 12:58:36,932] - Script::install_py_dlls(): PyInit__hashlib
 DEBUG root [2018-08-24 12:58:36,933] - Script::install_py_dlls(): PyInit_select
 DEBUG root [2018-08-24 12:58:36,933] - Script::install_py_dlls(): PyInit__ctypes
 DEBUG root [2018-08-24 12:58:36,934] - Script::install_py_dlls(): PyInit__elementtree
 DEBUG root [2018-08-24 12:58:37,000] - Script::install_py_dlls(): PyInit_unicodedata
  INFO root [2018-08-24 12:58:37,261] - Script::install(): is successfully, Python=(3.4.2 (default, Aug 17 2018, 18:10:35) [MSC v.1914 32 bit (Intel)])!
  INFO root [2018-08-24 12:58:37,261] - Script::install(): KBExtra is successfully!
S_INFO root [2018-08-24 12:58:37,301] - onInterfaceAppReady: bootstrapGroupIndex=0, bootstrapGlobalIndex=0
  INFO root [2018-08-24 12:58:37,322] - TelnetServer server is running on port 33000
  WARN root [2018-08-24 12:58:37,322] - g:\kbengine-2.2.0\kbe\src\server\tools\interfaces\interfaces.cpp:147: Profile scriptCall took 0.02 seconds
  INFO root [2018-08-24 12:58:38,182] - ---- interfaces is running ----
 DEBUG root [2018-08-24 12:58:38,184] - Components::process(): Request for the process of identity...
  WARN root [2018-08-24 12:58:44,828] - g:\kbengine-2.2.0\kbe\src\lib\network\event_dispatcher.cpp:153: Profile callSystemTimers took 0.02 seconds
  INFO root [2018-08-24 12:58:45,841] - Components::process(): Found all the components!
S_INFO root [2018-08-24 12:59:19,926] - onRequestAccountLogin: registerName=123
S_INFO root [2018-08-24 12:59:41,058] - onRequestAccountLogin: registerName=hashvr
S_INFO root [2018-08-24 13:00:32,655] - onRequestAccountLogin: registerName=123
S_INFO root [2018-08-24 13:00:35,954] - onRequestAccountLogin: registerName=123
S_INFO root [2018-08-24 13:00:43,699] - onRequestAccountLogin: registerName=123
S_INFO root [2018-08-24 13:01:45,051] - onRequestAccountLogin: registerName=123
S_INFO root [2018-08-24 13:01:53,322] - onRequestAccountLogin: registerName=123
S_INFO root [2018-08-24 13:02:03,229] - onRequestAccountLogin: registerName=123
S_INFO root [2018-08-24 13:02:20,000] - onRequestAccountLogin: registerName=123
S_INFO root [2018-08-24 13:02:36,969] - onRequestAccountLogin: registerName=123
  WARN root [2018-08-24 13:35:12,444] - TCPPacketReceiver::processPendingEvents(127.0.0.1:52607): Throwing REASON_GENERAL_NETWORK - WSAECONNRESET
  INFO root [2018-08-24 14:07:48,479] - 
  INFO root [2018-08-24 14:07:48,481] - -----------------------------------------------------------------------------------------


  INFO root [2018-08-24 14:07:48,483] - Resmgr::initialize: KBE_ROOT=G:/kbengine-2.2.0/
  INFO root [2018-08-24 14:07:48,483] - Resmgr::initialize: KBE_RES_PATH=G:/kbengine-2.2.0/kbe/res/;G:/kbengine-2.2.0/Server/;G:/kbengine-2.2.0/Server/scripts/;G:/kbengine-2.2.0/Server/res/
  INFO root [2018-08-24 14:07:48,483] - Resmgr::initialize: KBE_BIN_PATH=G:/kbengine-2.2.0/kbe/bin/server/
  INFO root [2018-08-24 14:07:48,492] - NetworkInterface::initialize(INTERNAL-TCP): bound to all interfaces with default route interface on 192.168.0.149 ( 192.168.0.149:30099 )
  INFO root [2018-08-24 14:07:48,493] - NetworkInterface::initialize(INTERNAL-TCP): address 192.168.0.149:30099, SOMAXCONN=5.
  INFO root [2018-08-24 14:07:48,504] - ---- interfaces Version: 2.2.0. ScriptVersion: 0.1.0. Protocol: 02AFC29E4F5C607C91FFC8D093B53B8B. Config: Debug X86. Built: 18:10:44 Aug 17 2018. AppID: 3000. UID: 13923. PID: 25768 ----
  INFO root [2018-08-24 14:07:48,504] - Server : Intel(R) Xeon(R) CPU E3-1231 v3 @ 3.40GHz with 4194303kB RAM
  INFO root [2018-08-24 14:07:48,505] - ThreadPool::createThreadPool: creating  threadpool...
  INFO root [2018-08-24 14:07:48,506] - ThreadPool::createThreadPool: successfully(2), newThreadCount=1, normalMaxThreadCount=2, maxThreadCount=8
 DEBUG root [2018-08-24 14:07:48,660] - Script::install_py_dlls(): PyInit_pyexpat
 DEBUG root [2018-08-24 14:07:48,661] - Script::install_py_dlls(): PyInit__socket
 DEBUG root [2018-08-24 14:07:48,662] - Script::install_py_dlls(): PyInit__ssl
 DEBUG root [2018-08-24 14:07:48,667] - Script::install_py_dlls(): PyInit__hashlib
 DEBUG root [2018-08-24 14:07:48,668] - Script::install_py_dlls(): PyInit_select
 DEBUG root [2018-08-24 14:07:48,668] - Script::install_py_dlls(): PyInit__ctypes
 DEBUG root [2018-08-24 14:07:48,670] - Script::install_py_dlls(): PyInit__elementtree
 DEBUG root [2018-08-24 14:07:48,743] - Script::install_py_dlls(): PyInit_unicodedata
  INFO root [2018-08-24 14:07:48,799] - Script::install(): is successfully, Python=(3.4.2 (default, Aug 17 2018, 18:10:35) [MSC v.1914 32 bit (Intel)])!
  INFO root [2018-08-24 14:07:48,800] - Script::install(): KBExtra is successfully!
S_INFO root [2018-08-24 14:07:48,939] - onInterfaceAppReady: bootstrapGroupIndex=0, bootstrapGlobalIndex=0
  INFO root [2018-08-24 14:07:48,962] - TelnetServer server is running on port 33000
  WARN root [2018-08-24 14:07:48,963] - g:\kbengine-2.2.0\kbe\src\server\tools\interfaces\interfaces.cpp:147: Profile scriptCall took 0.02 seconds
  INFO root [2018-08-24 14:07:49,642] - ---- interfaces is running ----
 DEBUG root [2018-08-24 14:07:49,643] - Components::process(): Request for the process of identity...
  WARN root [2018-08-24 14:07:56,749] - g:\kbengine-2.2.0\kbe\src\lib\network\event_dispatcher.cpp:153: Profile callSystemTimers took 0.02 seconds
  INFO root [2018-08-24 14:07:57,761] - Components::process(): Found all the components!
  WARN root [2018-08-24 14:08:24,450] - TCPPacketReceiver::processPendingEvents(127.0.0.1:54779): Throwing REASON_GENERAL_NETWORK - WSAECONNRESET
  INFO root [2018-08-24 14:49:36,945] - 
  INFO root [2018-08-24 14:49:37,080] - -----------------------------------------------------------------------------------------


  INFO root [2018-08-24 14:49:37,148] - Resmgr::initialize: KBE_ROOT=G:/kbengine-2.2.0/
  INFO root [2018-08-24 14:49:37,148] - Resmgr::initialize: KBE_RES_PATH=G:/kbengine-2.2.0/kbe/res/;G:/kbengine-2.2.0/Server/;G:/kbengine-2.2.0/Server/scripts/;G:/kbengine-2.2.0/Server/res/
  INFO root [2018-08-24 14:49:37,148] - Resmgr::initialize: KBE_BIN_PATH=G:/kbengine-2.2.0/kbe/bin/server/
  INFO root [2018-08-24 14:49:37,163] - NetworkInterface::initialize(INTERNAL-TCP): bound to all interfaces with default route interface on 192.168.0.149 ( 192.168.0.149:30099 )
  INFO root [2018-08-24 14:49:37,164] - NetworkInterface::initialize(INTERNAL-TCP): address 192.168.0.149:30099, SOMAXCONN=5.
  INFO root [2018-08-24 14:49:37,204] - ---- interfaces Version: 2.2.0. ScriptVersion: 0.1.0. Protocol: 02AFC29E4F5C607C91FFC8D093B53B8B. Config: Debug X86. Built: 18:10:44 Aug 17 2018. AppID: 3000. UID: 22110. PID: 28928 ----
  INFO root [2018-08-24 14:49:37,204] - Server : Intel(R) Xeon(R) CPU E3-1231 v3 @ 3.40GHz with 4194303kB RAM
  INFO root [2018-08-24 14:49:37,227] - ThreadPool::createThreadPool: creating  threadpool...
  INFO root [2018-08-24 14:49:37,228] - ThreadPool::createThreadPool: successfully(2), newThreadCount=1, normalMaxThreadCount=2, maxThreadCount=8
 DEBUG root [2018-08-24 14:49:37,545] - Script::install_py_dlls(): PyInit_pyexpat
 DEBUG root [2018-08-24 14:49:37,557] - Script::install_py_dlls(): PyInit__socket
 DEBUG root [2018-08-24 14:49:37,578] - Script::install_py_dlls(): PyInit__ssl
 DEBUG root [2018-08-24 14:49:37,587] - Script::install_py_dlls(): PyInit__hashlib
 DEBUG root [2018-08-24 14:49:37,588] - Script::install_py_dlls(): PyInit_select
 DEBUG root [2018-08-24 14:49:37,588] - Script::install_py_dlls(): PyInit__ctypes
 DEBUG root [2018-08-24 14:49:37,592] - Script::install_py_dlls(): PyInit__elementtree
 DEBUG root [2018-08-24 14:49:37,712] - Script::install_py_dlls(): PyInit_unicodedata
  INFO root [2018-08-24 14:49:37,829] - Script::install(): is successfully, Python=(3.4.2 (default, Aug 17 2018, 18:10:35) [MSC v.1914 32 bit (Intel)])!
  INFO root [2018-08-24 14:49:37,829] - Script::install(): KBExtra is successfully!
S_INFO root [2018-08-24 14:49:37,898] - onInterfaceAppReady: bootstrapGroupIndex=0, bootstrapGlobalIndex=0
  INFO root [2018-08-24 14:49:37,928] - TelnetServer server is running on port 33000
  WARN root [2018-08-24 14:49:37,929] - g:\kbengine-2.2.0\kbe\src\server\tools\interfaces\interfaces.cpp:147: Profile scriptCall took 0.03 seconds
  INFO root [2018-08-24 14:49:38,573] - ---- interfaces is running ----
 DEBUG root [2018-08-24 14:49:38,574] - Components::process(): Request for the process of identity...
  WARN root [2018-08-24 14:49:45,435] - g:\kbengine-2.2.0\kbe\src\lib\network\event_dispatcher.cpp:153: Profile callSystemTimers took 0.01 seconds
  INFO root [2018-08-24 14:49:46,448] - Components::process(): Found all the components!
  WARN root [2018-08-24 14:50:23,862] - TCPPacketReceiver::processPendingEvents(127.0.0.1:65518): Throwing REASON_GENERAL_NETWORK - WSAECONNRESET
  INFO root [2018-08-24 14:53:27,745] - 
  INFO root [2018-08-24 14:53:27,746] - -----------------------------------------------------------------------------------------


  INFO root [2018-08-24 14:53:27,748] - Resmgr::initialize: KBE_ROOT=G:/kbengine-2.2.0/
  INFO root [2018-08-24 14:53:27,748] - Resmgr::initialize: KBE_RES_PATH=G:/kbengine-2.2.0/kbe/res/;G:/kbengine-2.2.0/Server/;G:/kbengine-2.2.0/Server/scripts/;G:/kbengine-2.2.0/Server/res/
  INFO root [2018-08-24 14:53:27,748] - Resmgr::initialize: KBE_BIN_PATH=G:/kbengine-2.2.0/kbe/bin/server/
  INFO root [2018-08-24 14:53:27,764] - NetworkInterface::initialize(INTERNAL-TCP): bound to all interfaces with default route interface on 192.168.0.149 ( 192.168.0.149:30099 )
  INFO root [2018-08-24 14:53:27,764] - NetworkInterface::initialize(INTERNAL-TCP): address 192.168.0.149:30099, SOMAXCONN=5.
  INFO root [2018-08-24 14:53:27,778] - ---- interfaces Version: 2.2.0. ScriptVersion: 0.1.0. Protocol: 02AFC29E4F5C607C91FFC8D093B53B8B. Config: Debug X86. Built: 18:10:44 Aug 17 2018. AppID: 3000. UID: 22861. PID: 6380 ----
  INFO root [2018-08-24 14:53:27,785] - Server : Intel(R) Xeon(R) CPU E3-1231 v3 @ 3.40GHz with 4194303kB RAM
  INFO root [2018-08-24 14:53:27,801] - ThreadPool::createThreadPool: creating  threadpool...
  INFO root [2018-08-24 14:53:27,801] - ThreadPool::createThreadPool: successfully(2), newThreadCount=1, normalMaxThreadCount=2, maxThreadCount=8
 DEBUG root [2018-08-24 14:53:27,996] - Script::install_py_dlls(): PyInit_pyexpat
 DEBUG root [2018-08-24 14:53:27,997] - Script::install_py_dlls(): PyInit__socket
 DEBUG root [2018-08-24 14:53:27,998] - Script::install_py_dlls(): PyInit__ssl
 DEBUG root [2018-08-24 14:53:28,007] - Script::install_py_dlls(): PyInit__hashlib
 DEBUG root [2018-08-24 14:53:28,008] - Script::install_py_dlls(): PyInit_select
 DEBUG root [2018-08-24 14:53:28,008] - Script::install_py_dlls(): PyInit__ctypes
 DEBUG root [2018-08-24 14:53:28,010] - Script::install_py_dlls(): PyInit__elementtree
 DEBUG root [2018-08-24 14:53:28,107] - Script::install_py_dlls(): PyInit_unicodedata
  INFO root [2018-08-24 14:53:28,216] - Script::install(): is successfully, Python=(3.4.2 (default, Aug 17 2018, 18:10:35) [MSC v.1914 32 bit (Intel)])!
  INFO root [2018-08-24 14:53:28,216] - Script::install(): KBExtra is successfully!
S_INFO root [2018-08-24 14:53:28,242] - onInterfaceAppReady: bootstrapGroupIndex=0, bootstrapGlobalIndex=0
  INFO root [2018-08-24 14:53:28,262] - TelnetServer server is running on port 33000
  WARN root [2018-08-24 14:53:28,263] - g:\kbengine-2.2.0\kbe\src\server\tools\interfaces\interfaces.cpp:147: Profile scriptCall took 0.02 seconds
  INFO root [2018-08-24 14:53:28,951] - ---- interfaces is running ----
 DEBUG root [2018-08-24 14:53:28,952] - Components::process(): Request for the process of identity...
  WARN root [2018-08-24 14:53:35,393] - g:\kbengine-2.2.0\kbe\src\lib\network\event_dispatcher.cpp:153: Profile callSystemTimers took 0.01 seconds
  INFO root [2018-08-24 14:53:36,413] - Components::process(): Found all the components!
  WARN root [2018-08-24 14:53:45,132] - TCPPacketReceiver::processPendingEvents(127.0.0.1:50156): Throwing REASON_GENERAL_NETWORK - WSAECONNRESET
  INFO root [2018-08-24 14:57:40,917] - 
  INFO root [2018-08-24 14:57:40,919] - -----------------------------------------------------------------------------------------


  INFO root [2018-08-24 14:57:40,920] - Resmgr::initialize: KBE_ROOT=G:/kbengine-2.2.0/
  INFO root [2018-08-24 14:57:40,921] - Resmgr::initialize: KBE_RES_PATH=G:/kbengine-2.2.0/kbe/res/;G:/kbengine-2.2.0/Server/;G:/kbengine-2.2.0/Server/scripts/;G:/kbengine-2.2.0/Server/res/
  INFO root [2018-08-24 14:57:40,921] - Resmgr::initialize: KBE_BIN_PATH=G:/kbengine-2.2.0/kbe/bin/server/
  INFO root [2018-08-24 14:57:40,937] - NetworkInterface::initialize(INTERNAL-TCP): bound to all interfaces with default route interface on 192.168.0.149 ( 192.168.0.149:30099 )
  INFO root [2018-08-24 14:57:40,937] - NetworkInterface::initialize(INTERNAL-TCP): address 192.168.0.149:30099, SOMAXCONN=5.
  INFO root [2018-08-24 14:57:40,953] - ---- interfaces Version: 2.2.0. ScriptVersion: 0.1.0. Protocol: 02AFC29E4F5C607C91FFC8D093B53B8B. Config: Debug X86. Built: 18:10:44 Aug 17 2018. AppID: 3000. UID: 23697. PID: 24820 ----
  INFO root [2018-08-24 14:57:40,961] - Server : Intel(R) Xeon(R) CPU E3-1231 v3 @ 3.40GHz with 4194303kB RAM
  INFO root [2018-08-24 14:57:40,963] - ThreadPool::createThreadPool: creating  threadpool...
  INFO root [2018-08-24 14:57:40,964] - ThreadPool::createThreadPool: successfully(2), newThreadCount=1, normalMaxThreadCount=2, maxThreadCount=8
 DEBUG root [2018-08-24 14:57:41,169] - Script::install_py_dlls(): PyInit_pyexpat
 DEBUG root [2018-08-24 14:57:41,170] - Script::install_py_dlls(): PyInit__socket
 DEBUG root [2018-08-24 14:57:41,171] - Script::install_py_dlls(): PyInit__ssl
 DEBUG root [2018-08-24 14:57:41,180] - Script::install_py_dlls(): PyInit__hashlib
 DEBUG root [2018-08-24 14:57:41,181] - Script::install_py_dlls(): PyInit_select
 DEBUG root [2018-08-24 14:57:41,181] - Script::install_py_dlls(): PyInit__ctypes
 DEBUG root [2018-08-24 14:57:41,183] - Script::install_py_dlls(): PyInit__elementtree
 DEBUG root [2018-08-24 14:57:41,264] - Script::install_py_dlls(): PyInit_unicodedata
  INFO root [2018-08-24 14:57:41,351] - Script::install(): is successfully, Python=(3.4.2 (default, Aug 17 2018, 18:10:35) [MSC v.1914 32 bit (Intel)])!
  INFO root [2018-08-24 14:57:41,352] - Script::install(): KBExtra is successfully!
S_INFO root [2018-08-24 14:57:41,379] - onInterfaceAppReady: bootstrapGroupIndex=0, bootstrapGlobalIndex=0
  INFO root [2018-08-24 14:57:41,404] - TelnetServer server is running on port 33000
  WARN root [2018-08-24 14:57:41,406] - g:\kbengine-2.2.0\kbe\src\server\tools\interfaces\interfaces.cpp:147: Profile scriptCall took 0.03 seconds
  INFO root [2018-08-24 14:57:42,178] - ---- interfaces is running ----
 DEBUG root [2018-08-24 14:57:42,180] - Components::process(): Request for the process of identity...
  WARN root [2018-08-24 14:57:49,070] - g:\kbengine-2.2.0\kbe\src\lib\network\event_dispatcher.cpp:153: Profile callSystemTimers took 0.02 seconds
  INFO root [2018-08-24 14:57:50,089] - Components::process(): Found all the components!
  WARN root [2018-08-24 14:57:58,059] - TCPPacketReceiver::processPendingEvents(127.0.0.1:51308): Throwing REASON_GENERAL_NETWORK - WSAECONNRESET
  INFO root [2018-08-24 14:58:06,771] - 
  INFO root [2018-08-24 14:58:06,854] - -----------------------------------------------------------------------------------------


  INFO root [2018-08-24 14:58:06,855] - Resmgr::initialize: KBE_ROOT=G:/kbengine-2.2.0/
  INFO root [2018-08-24 14:58:06,855] - Resmgr::initialize: KBE_RES_PATH=G:/kbengine-2.2.0/kbe/res/;G:/kbengine-2.2.0/Server/;G:/kbengine-2.2.0/Server/scripts/;G:/kbengine-2.2.0/Server/res/
  INFO root [2018-08-24 14:58:06,856] - Resmgr::initialize: KBE_BIN_PATH=G:/kbengine-2.2.0/kbe/bin/server/
  INFO root [2018-08-24 14:58:06,886] - NetworkInterface::initialize(INTERNAL-TCP): bound to all interfaces with default route interface on 192.168.0.149 ( 192.168.0.149:30099 )
  INFO root [2018-08-24 14:58:06,886] - NetworkInterface::initialize(INTERNAL-TCP): address 192.168.0.149:30099, SOMAXCONN=5.
  INFO root [2018-08-24 14:58:06,895] - ---- interfaces Version: 2.2.0. ScriptVersion: 0.1.0. Protocol: 02AFC29E4F5C607C91FFC8D093B53B8B. Config: Debug X86. Built: 18:10:44 Aug 17 2018. AppID: 3000. UID: 23778. PID: 26204 ----
  INFO root [2018-08-24 14:58:06,903] - Server : Intel(R) Xeon(R) CPU E3-1231 v3 @ 3.40GHz with 4194303kB RAM
  INFO root [2018-08-24 14:58:06,904] - ThreadPool::createThreadPool: creating  threadpool...
  INFO root [2018-08-24 14:58:06,905] - ThreadPool::createThreadPool: successfully(2), newThreadCount=1, normalMaxThreadCount=2, maxThreadCount=8
 DEBUG root [2018-08-24 14:58:07,094] - Script::install_py_dlls(): PyInit_pyexpat
 DEBUG root [2018-08-24 14:58:07,095] - Script::install_py_dlls(): PyInit__socket
 DEBUG root [2018-08-24 14:58:07,096] - Script::install_py_dlls(): PyInit__ssl
 DEBUG root [2018-08-24 14:58:07,102] - Script::install_py_dlls(): PyInit__hashlib
 DEBUG root [2018-08-24 14:58:07,103] - Script::install_py_dlls(): PyInit_select
 DEBUG root [2018-08-24 14:58:07,103] - Script::install_py_dlls(): PyInit__ctypes
 DEBUG root [2018-08-24 14:58:07,105] - Script::install_py_dlls(): PyInit__elementtree
 DEBUG root [2018-08-24 14:58:07,198] - Script::install_py_dlls(): PyInit_unicodedata
  INFO root [2018-08-24 14:58:07,288] - Script::install(): is successfully, Python=(3.4.2 (default, Aug 17 2018, 18:10:35) [MSC v.1914 32 bit (Intel)])!
  INFO root [2018-08-24 14:58:07,289] - Script::install(): KBExtra is successfully!
S_INFO root [2018-08-24 14:58:07,314] - onInterfaceAppReady: bootstrapGroupIndex=0, bootstrapGlobalIndex=0
  INFO root [2018-08-24 14:58:07,341] - TelnetServer server is running on port 33000
  WARN root [2018-08-24 14:58:07,342] - g:\kbengine-2.2.0\kbe\src\server\tools\interfaces\interfaces.cpp:147: Profile scriptCall took 0.03 seconds
  INFO root [2018-08-24 14:58:08,001] - ---- interfaces is running ----
 DEBUG root [2018-08-24 14:58:08,002] - Components::process(): Request for the process of identity...
  WARN root [2018-08-24 14:58:08,313] - BundleBroadcast::BundleBroadcast: Cannot bind to port 20317, errorno=10048
  WARN root [2018-08-24 14:58:16,970] - g:\kbengine-2.2.0\kbe\src\lib\network\event_dispatcher.cpp:153: Profile callSystemTimers took 0.02 seconds
  INFO root [2018-08-24 14:58:17,982] - Components::process(): Found all the components!
  WARN root [2018-08-24 14:58:20,164] - TCPPacketReceiver::processPendingEvents(127.0.0.1:51457): Throwing REASON_GENERAL_NETWORK - WSAECONNRESET
  INFO root [2018-08-24 14:59:25,181] - 
  INFO root [2018-08-24 14:59:25,189] - -----------------------------------------------------------------------------------------


  INFO root [2018-08-24 14:59:25,190] - Resmgr::initialize: KBE_ROOT=G:/kbengine-2.2.0/
  INFO root [2018-08-24 14:59:25,190] - Resmgr::initialize: KBE_RES_PATH=G:/kbengine-2.2.0/kbe/res/;G:/kbengine-2.2.0/Server/;G:/kbengine-2.2.0/Server/scripts/;G:/kbengine-2.2.0/Server/res/
  INFO root [2018-08-24 14:59:25,191] - Resmgr::initialize: KBE_BIN_PATH=G:/kbengine-2.2.0/kbe/bin/server/
  INFO root [2018-08-24 14:59:25,235] - NetworkInterface::initialize(INTERNAL-TCP): bound to all interfaces with default route interface on 192.168.0.149 ( 192.168.0.149:30099 )
  INFO root [2018-08-24 14:59:25,235] - NetworkInterface::initialize(INTERNAL-TCP): address 192.168.0.149:30099, SOMAXCONN=5.
  INFO root [2018-08-24 14:59:25,245] - ---- interfaces Version: 2.2.0. ScriptVersion: 0.1.0. Protocol: 02AFC29E4F5C607C91FFC8D093B53B8B. Config: Debug X86. Built: 18:10:44 Aug 17 2018. AppID: 3000. UID: 24036. PID: 25508 ----
  INFO root [2018-08-24 14:59:25,280] - Server : Intel(R) Xeon(R) CPU E3-1231 v3 @ 3.40GHz with 4194303kB RAM
  INFO root [2018-08-24 14:59:25,284] - ThreadPool::createThreadPool: creating  threadpool...
  INFO root [2018-08-24 14:59:25,284] - ThreadPool::createThreadPool: successfully(2), newThreadCount=1, normalMaxThreadCount=2, maxThreadCount=8
 DEBUG root [2018-08-24 14:59:25,474] - Script::install_py_dlls(): PyInit_pyexpat
 DEBUG root [2018-08-24 14:59:25,475] - Script::install_py_dlls(): PyInit__socket
 DEBUG root [2018-08-24 14:59:25,476] - Script::install_py_dlls(): PyInit__ssl
 DEBUG root [2018-08-24 14:59:25,483] - Script::install_py_dlls(): PyInit__hashlib
 DEBUG root [2018-08-24 14:59:25,483] - Script::install_py_dlls(): PyInit_select
 DEBUG root [2018-08-24 14:59:25,484] - Script::install_py_dlls(): PyInit__ctypes
 DEBUG root [2018-08-24 14:59:25,485] - Script::install_py_dlls(): PyInit__elementtree
 DEBUG root [2018-08-24 14:59:25,570] - Script::install_py_dlls(): PyInit_unicodedata
  INFO root [2018-08-24 14:59:25,653] - Script::install(): is successfully, Python=(3.4.2 (default, Aug 17 2018, 18:10:35) [MSC v.1914 32 bit (Intel)])!
  INFO root [2018-08-24 14:59:25,653] - Script::install(): KBExtra is successfully!
S_INFO root [2018-08-24 14:59:25,676] - onInterfaceAppReady: bootstrapGroupIndex=0, bootstrapGlobalIndex=0
  INFO root [2018-08-24 14:59:25,698] - TelnetServer server is running on port 33000
  WARN root [2018-08-24 14:59:25,703] - g:\kbengine-2.2.0\kbe\src\server\tools\interfaces\interfaces.cpp:147: Profile scriptCall took 0.03 seconds
  INFO root [2018-08-24 14:59:26,557] - ---- interfaces is running ----
 DEBUG root [2018-08-24 14:59:26,559] - Components::process(): Request for the process of identity...
  WARN root [2018-08-24 14:59:35,316] - g:\kbengine-2.2.0\kbe\src\lib\network\event_dispatcher.cpp:153: Profile callSystemTimers took 0.02 seconds
  INFO root [2018-08-24 14:59:36,330] - Components::process(): Found all the components!
  WARN root [2018-08-24 14:59:53,121] - TCPPacketReceiver::processPendingEvents(127.0.0.1:51795): Throwing REASON_GENERAL_NETWORK - WSAECONNRESET
  INFO root [2018-08-24 15:00:44,014] - 
  INFO root [2018-08-24 15:00:44,015] - -----------------------------------------------------------------------------------------


  INFO root [2018-08-24 15:00:44,016] - Resmgr::initialize: KBE_ROOT=G:/kbengine-2.2.0/
  INFO root [2018-08-24 15:00:44,016] - Resmgr::initialize: KBE_RES_PATH=G:/kbengine-2.2.0/kbe/res/;G:/kbengine-2.2.0/Server/;G:/kbengine-2.2.0/Server/scripts/;G:/kbengine-2.2.0/Server/res/
  INFO root [2018-08-24 15:00:44,016] - Resmgr::initialize: KBE_BIN_PATH=G:/kbengine-2.2.0/kbe/bin/server/
  INFO root [2018-08-24 15:00:44,022] - NetworkInterface::initialize(INTERNAL-TCP): bound to all interfaces with default route interface on 192.168.0.149 ( 192.168.0.149:30099 )
  INFO root [2018-08-24 15:00:44,023] - NetworkInterface::initialize(INTERNAL-TCP): address 192.168.0.149:30099, SOMAXCONN=5.
  INFO root [2018-08-24 15:00:44,032] - ---- interfaces Version: 2.2.0. ScriptVersion: 0.1.0. Protocol: 02AFC29E4F5C607C91FFC8D093B53B8B. Config: Debug X86. Built: 18:10:44 Aug 17 2018. AppID: 3000. UID: 24291. PID: 11152 ----
  INFO root [2018-08-24 15:00:44,033] - Server : Intel(R) Xeon(R) CPU E3-1231 v3 @ 3.40GHz with 4194303kB RAM
  INFO root [2018-08-24 15:00:44,033] - ThreadPool::createThreadPool: creating  threadpool...
  INFO root [2018-08-24 15:00:44,034] - ThreadPool::createThreadPool: successfully(2), newThreadCount=1, normalMaxThreadCount=2, maxThreadCount=8
 DEBUG root [2018-08-24 15:00:44,222] - Script::install_py_dlls(): PyInit_pyexpat
 DEBUG root [2018-08-24 15:00:44,223] - Script::install_py_dlls(): PyInit__socket
 DEBUG root [2018-08-24 15:00:44,224] - Script::install_py_dlls(): PyInit__ssl
 DEBUG root [2018-08-24 15:00:44,231] - Script::install_py_dlls(): PyInit__hashlib
 DEBUG root [2018-08-24 15:00:44,232] - Script::install_py_dlls(): PyInit_select
 DEBUG root [2018-08-24 15:00:44,233] - Script::install_py_dlls(): PyInit__ctypes
 DEBUG root [2018-08-24 15:00:44,237] - Script::install_py_dlls(): PyInit__elementtree
 DEBUG root [2018-08-24 15:00:44,331] - Script::install_py_dlls(): PyInit_unicodedata
  INFO root [2018-08-24 15:00:44,422] - Script::install(): is successfully, Python=(3.4.2 (default, Aug 17 2018, 18:10:35) [MSC v.1914 32 bit (Intel)])!
  INFO root [2018-08-24 15:00:44,423] - Script::install(): KBExtra is successfully!
S_INFO root [2018-08-24 15:00:44,444] - onInterfaceAppReady: bootstrapGroupIndex=0, bootstrapGlobalIndex=0
  INFO root [2018-08-24 15:00:44,467] - TelnetServer server is running on port 33000
  WARN root [2018-08-24 15:00:44,473] - g:\kbengine-2.2.0\kbe\src\server\tools\interfaces\interfaces.cpp:147: Profile scriptCall took 0.03 seconds
  INFO root [2018-08-24 15:00:45,436] - ---- interfaces is running ----
 DEBUG root [2018-08-24 15:00:45,437] - Components::process(): Request for the process of identity...
  WARN root [2018-08-24 15:00:53,730] - g:\kbengine-2.2.0\kbe\src\lib\network\event_dispatcher.cpp:153: Profile callSystemTimers took 0.02 seconds
  INFO root [2018-08-24 15:00:54,745] - Components::process(): Found all the components!
S_INFO root [2018-08-24 15:01:22,026] - onRequestAccountLogin: registerName=123
S_INFO root [2018-08-24 15:01:38,075] - onRequestAccountLogin: registerName=hashvr
S_INFO root [2018-08-24 15:02:32,518] - onRequestAccountLogin: registerName=123
S_INFO root [2018-08-24 15:03:29,476] - onRequestAccountLogin: registerName=123
S_INFO root [2018-08-24 15:03:39,496] - onRequestAccountLogin: registerName=123
S_INFO root [2018-08-24 15:07:22,859] - onRequestAccountLogin: registerName=123
S_INFO root [2018-08-24 15:10:21,577] - onRequestAccountLogin: registerName=123
S_INFO root [2018-08-24 15:20:41,207] - onRequestAccountLogin: registerName=123
  WARN root [2018-08-24 15:21:51,081] - g:\kbengine-2.2.0\kbe\src\lib\network\event_dispatcher.cpp:153: Profile callSystemTimers took 0.01 seconds
S_INFO root [2018-08-24 15:24:38,322] - onRequestAccountLogin: registerName=123
S_INFO root [2018-08-24 15:25:11,700] - onRequestAccountLogin: registerName=123
S_INFO root [2018-08-24 15:30:14,398] - onRequestAccountLogin: registerName=123
S_INFO root [2018-08-24 15:30:42,568] - onRequestAccountLogin: registerName=123
S_INFO root [2018-08-24 15:31:21,638] - onRequestAccountLogin: registerName=123
S_INFO root [2018-08-24 15:33:11,704] - onRequestAccountLogin: registerName=123
S_INFO root [2018-08-24 15:33:54,307] - onRequestAccountLogin: registerName=123
S_INFO root [2018-08-24 15:34:07,490] - onRequestAccountLogin: registerName=123
S_INFO root [2018-08-24 15:35:04,363] - onRequestAccountLogin: registerName=123
S_INFO root [2018-08-24 15:35:13,731] - onRequestAccountLogin: registerName=123
S_INFO root [2018-08-24 15:36:26,557] - onRequestAccountLogin: registerName=123
S_INFO root [2018-08-24 15:36:45,317] - onRequestAccountLogin: registerName=123
S_INFO root [2018-08-24 15:48:48,456] - onRequestAccountLogin: registerName=123
S_INFO root [2018-08-24 15:49:07,064] - onRequestAccountLogin: registerName=123
  WARN root [2018-08-24 16:05:38,911] - TCPPacketReceiver::processPendingEvents(127.0.0.1:52182): Throwing REASON_GENERAL_NETWORK - WSAECONNRESET
  INFO root [2018-08-24 16:17:37,924] - 
  INFO root [2018-08-24 16:17:37,924] - -----------------------------------------------------------------------------------------


  INFO root [2018-08-24 16:17:37,926] - Resmgr::initialize: KBE_ROOT=G:/kbengine-2.2.0/
  INFO root [2018-08-24 16:17:37,926] - Resmgr::initialize: KBE_RES_PATH=G:/kbengine-2.2.0/kbe/res/;G:/kbengine-2.2.0/Server/;G:/kbengine-2.2.0/Server/scripts/;G:/kbengine-2.2.0/Server/res/
  INFO root [2018-08-24 16:17:37,926] - Resmgr::initialize: KBE_BIN_PATH=G:/kbengine-2.2.0/kbe/bin/server/
  INFO root [2018-08-24 16:17:37,932] - NetworkInterface::initialize(INTERNAL-TCP): bound to all interfaces with default route interface on 192.168.0.149 ( 192.168.0.149:30099 )
  INFO root [2018-08-24 16:17:37,932] - NetworkInterface::initialize(INTERNAL-TCP): address 192.168.0.149:30099, SOMAXCONN=5.
  INFO root [2018-08-24 16:17:37,938] - ---- interfaces Version: 2.2.0. ScriptVersion: 0.1.0. Protocol: 02AFC29E4F5C607C91FFC8D093B53B8B. Config: Debug X86. Built: 18:10:44 Aug 17 2018. AppID: 3000. UID: 6581. PID: 21832 ----
  INFO root [2018-08-24 16:17:37,938] - Server : Intel(R) Xeon(R) CPU E3-1231 v3 @ 3.40GHz with 4194303kB RAM
  INFO root [2018-08-24 16:17:37,939] - ThreadPool::createThreadPool: creating  threadpool...
  INFO root [2018-08-24 16:17:37,939] - ThreadPool::createThreadPool: successfully(2), newThreadCount=1, normalMaxThreadCount=2, maxThreadCount=8
 DEBUG root [2018-08-24 16:17:38,116] - Script::install_py_dlls(): PyInit_pyexpat
 DEBUG root [2018-08-24 16:17:38,117] - Script::install_py_dlls(): PyInit__socket
 DEBUG root [2018-08-24 16:17:38,132] - Script::install_py_dlls(): PyInit__ssl
 DEBUG root [2018-08-24 16:17:38,136] - Script::install_py_dlls(): PyInit__hashlib
 DEBUG root [2018-08-24 16:17:38,137] - Script::install_py_dlls(): PyInit_select
 DEBUG root [2018-08-24 16:17:38,137] - Script::install_py_dlls(): PyInit__ctypes
 DEBUG root [2018-08-24 16:17:38,138] - Script::install_py_dlls(): PyInit__elementtree
 DEBUG root [2018-08-24 16:17:38,208] - Script::install_py_dlls(): PyInit_unicodedata
  INFO root [2018-08-24 16:17:38,279] - Script::install(): is successfully, Python=(3.4.2 (default, Aug 17 2018, 18:10:35) [MSC v.1914 32 bit (Intel)])!
  INFO root [2018-08-24 16:17:38,280] - Script::install(): KBExtra is successfully!
S_INFO root [2018-08-24 16:17:38,347] - onInterfaceAppReady: bootstrapGroupIndex=0, bootstrapGlobalIndex=0
  INFO root [2018-08-24 16:17:38,368] - TelnetServer server is running on port 33000
  WARN root [2018-08-24 16:17:38,368] - g:\kbengine-2.2.0\kbe\src\server\tools\interfaces\interfaces.cpp:147: Profile scriptCall took 0.02 seconds
  INFO root [2018-08-24 16:17:38,878] - ---- interfaces is running ----
 DEBUG root [2018-08-24 16:17:38,879] - Components::process(): Request for the process of identity...
  WARN root [2018-08-24 16:17:45,562] - g:\kbengine-2.2.0\kbe\src\lib\network\event_dispatcher.cpp:153: Profile callSystemTimers took 0.01 seconds
  INFO root [2018-08-24 16:17:46,577] - Components::process(): Found all the components!
S_INFO root [2018-08-24 16:54:10,503] - onRequestAccountLogin: registerName=123
  WARN root [2018-08-24 16:54:10,513] - g:\kbengine-2.2.0\kbe\src\server\tools\interfaces\interfaces.cpp:374: Profile scriptCall took 0.01 seconds
  WARN root [2018-08-24 16:54:10,547] - g:\kbengine-2.2.0\kbe\src\lib\network\channel.cpp:938: Profile processRecvMessages took 0.07 seconds
S_INFO root [2018-08-24 16:55:18,610] - onRequestAccountLogin: registerName=123
S_INFO root [2018-08-24 17:05:52,644] - onRequestAccountLogin: registerName=123
S_INFO root [2018-08-24 17:06:02,651] - onRequestAccountLogin: registerName=123
S_INFO root [2018-08-24 17:12:07,994] - onRequestAccountLogin: registerName=123
S_INFO root [2018-08-24 17:17:34,894] - onRequestAccountLogin: registerName=hashvr
S_INFO root [2018-08-24 17:28:45,452] - onRequestAccountLogin: registerName=123
S_INFO root [2018-08-24 17:32:22,594] - onRequestAccountLogin: registerName=123
  WARN root [2018-08-24 17:36:43,334] - TCPPacketReceiver::processPendingEvents(127.0.0.1:54330): Throwing REASON_GENERAL_NETWORK - WSAECONNRESET
  INFO root [2018-08-24 17:37:41,433] - 
  INFO root [2018-08-24 17:37:41,433] - -----------------------------------------------------------------------------------------


  INFO root [2018-08-24 17:37:43,952] - Resmgr::initialize: KBE_ROOT=G:/kbengine-2.2.0/
  INFO root [2018-08-24 17:37:43,953] - Resmgr::initialize: KBE_RES_PATH=G:/kbengine-2.2.0/kbe/res/;G:/kbengine-2.2.0/Server/;G:/kbengine-2.2.0/Server/scripts/;G:/kbengine-2.2.0/Server/res/
  INFO root [2018-08-24 17:37:43,953] - Resmgr::initialize: KBE_BIN_PATH=G:/kbengine-2.2.0/kbe/bin/server/
  INFO root [2018-08-24 17:37:43,962] - NetworkInterface::initialize(INTERNAL-TCP): bound to all interfaces with default route interface on 192.168.0.149 ( 192.168.0.149:30099 )
  INFO root [2018-08-24 17:37:43,962] - NetworkInterface::initialize(INTERNAL-TCP): address 192.168.0.149:30099, SOMAXCONN=5.
  INFO root [2018-08-24 17:37:43,970] - ---- interfaces Version: 2.2.0. ScriptVersion: 0.1.0. Protocol: 02AFC29E4F5C607C91FFC8D093B53B8B. Config: Debug X86. Built: 18:10:44 Aug 17 2018. AppID: 3000. UID: 22193. PID: 25852 ----
  INFO root [2018-08-24 17:37:43,970] - Server : Intel(R) Xeon(R) CPU E3-1231 v3 @ 3.40GHz with 4194303kB RAM
  INFO root [2018-08-24 17:37:43,971] - ThreadPool::createThreadPool: creating  threadpool...
  INFO root [2018-08-24 17:37:43,972] - ThreadPool::createThreadPool: successfully(2), newThreadCount=1, normalMaxThreadCount=2, maxThreadCount=8
 DEBUG root [2018-08-24 17:37:50,125] - Script::install_py_dlls(): PyInit_pyexpat
 DEBUG root [2018-08-24 17:37:50,153] - Script::install_py_dlls(): PyInit__socket
 DEBUG root [2018-08-24 17:37:50,181] - Script::install_py_dlls(): PyInit__ssl
 DEBUG root [2018-08-24 17:37:50,199] - Script::install_py_dlls(): PyInit__hashlib
 DEBUG root [2018-08-24 17:37:50,199] - Script::install_py_dlls(): PyInit_select
 DEBUG root [2018-08-24 17:37:50,200] - Script::install_py_dlls(): PyInit__ctypes
 DEBUG root [2018-08-24 17:37:50,201] - Script::install_py_dlls(): PyInit__elementtree
 DEBUG root [2018-08-24 17:37:50,862] - Script::install_py_dlls(): PyInit_unicodedata
  INFO root [2018-08-24 17:37:51,462] - Script::install(): is successfully, Python=(3.4.2 (default, Aug 17 2018, 18:10:35) [MSC v.1914 32 bit (Intel)])!
  INFO root [2018-08-24 17:37:51,462] - Script::install(): KBExtra is successfully!
S_INFO root [2018-08-24 17:37:51,598] - onInterfaceAppReady: bootstrapGroupIndex=0, bootstrapGlobalIndex=0
  INFO root [2018-08-24 17:37:51,621] - TelnetServer server is running on port 33000
  WARN root [2018-08-24 17:37:51,621] - g:\kbengine-2.2.0\kbe\src\server\tools\interfaces\interfaces.cpp:147: Profile scriptCall took 0.02 seconds
  INFO root [2018-08-24 17:37:52,270] - ---- interfaces is running ----
 DEBUG root [2018-08-24 17:37:52,271] - Components::process(): Request for the process of identity...
  WARN root [2018-08-24 17:37:56,722] - BundleBroadcast::BundleBroadcast: Cannot bind to port 20603, errorno=10048
  WARN root [2018-08-24 17:37:59,807] - g:\kbengine-2.2.0\kbe\src\lib\network\event_dispatcher.cpp:153: Profile callSystemTimers took 0.01 seconds
  INFO root [2018-08-24 17:38:00,819] - Components::process(): Found all the components!
  INFO root [2018-08-24 17:39:18,519] - 
  INFO root [2018-08-24 17:39:18,528] - -----------------------------------------------------------------------------------------


  INFO root [2018-08-24 17:39:18,530] - Resmgr::initialize: KBE_ROOT=G:/kbengine-2.2.0/
  INFO root [2018-08-24 17:39:18,531] - Resmgr::initialize: KBE_RES_PATH=G:/kbengine-2.2.0/kbe/res/;G:/kbengine-2.2.0/Server/;G:/kbengine-2.2.0/Server/scripts/;G:/kbengine-2.2.0/Server/res/
  INFO root [2018-08-24 17:39:18,531] - Resmgr::initialize: KBE_BIN_PATH=G:/kbengine-2.2.0/kbe/bin/server/
  INFO root [2018-08-24 17:39:18,573] - NetworkInterface::initialize(INTERNAL-TCP): bound to all interfaces with default route interface on 192.168.0.149 ( 192.168.0.149:30099 )
  INFO root [2018-08-24 17:39:18,573] - NetworkInterface::initialize(INTERNAL-TCP): address 192.168.0.149:30099, SOMAXCONN=5.
  INFO root [2018-08-24 17:39:18,583] - ---- interfaces Version: 2.2.0. ScriptVersion: 0.1.0. Protocol: 02AFC29E4F5C607C91FFC8D093B53B8B. Config: Debug X86. Built: 18:10:44 Aug 17 2018. AppID: 3000. UID: 22595. PID: 28292 ----
  INFO root [2018-08-24 17:39:18,593] - Server : Intel(R) Xeon(R) CPU E3-1231 v3 @ 3.40GHz with 4194303kB RAM
  INFO root [2018-08-24 17:39:18,597] - ThreadPool::createThreadPool: creating  threadpool...
  INFO root [2018-08-24 17:39:18,597] - ThreadPool::createThreadPool: successfully(2), newThreadCount=1, normalMaxThreadCount=2, maxThreadCount=8
 DEBUG root [2018-08-24 17:39:18,774] - Script::install_py_dlls(): PyInit_pyexpat
 DEBUG root [2018-08-24 17:39:18,775] - Script::install_py_dlls(): PyInit__socket
 DEBUG root [2018-08-24 17:39:18,776] - Script::install_py_dlls(): PyInit__ssl
 DEBUG root [2018-08-24 17:39:18,784] - Script::install_py_dlls(): PyInit__hashlib
 DEBUG root [2018-08-24 17:39:18,784] - Script::install_py_dlls(): PyInit_select
 DEBUG root [2018-08-24 17:39:18,785] - Script::install_py_dlls(): PyInit__ctypes
 DEBUG root [2018-08-24 17:39:18,786] - Script::install_py_dlls(): PyInit__elementtree
 DEBUG root [2018-08-24 17:39:18,868] - Script::install_py_dlls(): PyInit_unicodedata
  INFO root [2018-08-24 17:39:18,966] - Script::install(): is successfully, Python=(3.4.2 (default, Aug 17 2018, 18:10:35) [MSC v.1914 32 bit (Intel)])!
  INFO root [2018-08-24 17:39:18,967] - Script::install(): KBExtra is successfully!
S_INFO root [2018-08-24 17:39:18,990] - onInterfaceAppReady: bootstrapGroupIndex=0, bootstrapGlobalIndex=0
  INFO root [2018-08-24 17:39:19,010] - TelnetServer server is running on port 33000
  WARN root [2018-08-24 17:39:19,012] - g:\kbengine-2.2.0\kbe\src\server\tools\interfaces\interfaces.cpp:147: Profile scriptCall took 0.02 seconds
  INFO root [2018-08-24 17:39:19,827] - ---- interfaces is running ----
 DEBUG root [2018-08-24 17:39:19,839] - Components::process(): Request for the process of identity...
  WARN root [2018-08-24 17:39:27,785] - g:\kbengine-2.2.0\kbe\src\lib\network\event_dispatcher.cpp:153: Profile callSystemTimers took 0.02 seconds
  INFO root [2018-08-24 17:39:28,801] - Components::process(): Found all the components!
S_INFO root [2018-08-24 17:39:53,484] - onRequestAccountLogin: registerName=123
S_INFO root [2018-08-24 17:50:05,391] - onRequestAccountLogin: registerName=123
S_INFO root [2018-08-24 17:50:14,683] - onRequestAccountLogin: registerName=123
S_INFO root [2018-08-24 17:55:54,898] - onRequestAccountLogin: registerName=123
S_INFO root [2018-08-24 18:02:23,732] - onRequestAccountLogin: registerName=123
S_INFO root [2018-08-24 18:03:18,529] - onRequestAccountLogin: registerName=hashvr
  WARN root [2018-08-24 18:14:52,561] - TCPPacketReceiver::processPendingEvents(127.0.0.1:58612): Throwing REASON_GENERAL_NETWORK - WSAECONNRESET
  INFO root [2018-08-24 18:21:33,081] - 
  INFO root [2018-08-24 18:21:33,081] - -----------------------------------------------------------------------------------------


  INFO root [2018-08-24 18:21:33,097] - Resmgr::initialize: KBE_ROOT=G:/kbengine-2.2.0/
  INFO root [2018-08-24 18:21:33,097] - Resmgr::initialize: KBE_RES_PATH=G:/kbengine-2.2.0/kbe/res/;G:/kbengine-2.2.0/Server/;G:/kbengine-2.2.0/Server/scripts/;G:/kbengine-2.2.0/Server/res/
  INFO root [2018-08-24 18:21:33,098] - Resmgr::initialize: KBE_BIN_PATH=G:/kbengine-2.2.0/kbe/bin/server/
  INFO root [2018-08-24 18:21:33,102] - NetworkInterface::initialize(INTERNAL-TCP): bound to all interfaces with default route interface on 192.168.0.149 ( 192.168.0.149:30099 )
  INFO root [2018-08-24 18:21:33,102] - NetworkInterface::initialize(INTERNAL-TCP): address 192.168.0.149:30099, SOMAXCONN=5.
  INFO root [2018-08-24 18:21:33,107] - ---- interfaces Version: 2.2.0. ScriptVersion: 0.1.0. Protocol: 02AFC29E4F5C607C91FFC8D093B53B8B. Config: Debug X86. Built: 18:10:44 Aug 17 2018. AppID: 3000. UID: 30876. PID: 6124 ----
  INFO root [2018-08-24 18:21:33,108] - Server : Intel(R) Xeon(R) CPU E3-1231 v3 @ 3.40GHz with 4194303kB RAM
  INFO root [2018-08-24 18:21:33,108] - ThreadPool::createThreadPool: creating  threadpool...
  INFO root [2018-08-24 18:21:33,108] - ThreadPool::createThreadPool: successfully(2), newThreadCount=1, normalMaxThreadCount=2, maxThreadCount=8
 DEBUG root [2018-08-24 18:21:33,320] - Script::install_py_dlls(): PyInit_pyexpat
 DEBUG root [2018-08-24 18:21:33,332] - Script::install_py_dlls(): PyInit__socket
 DEBUG root [2018-08-24 18:21:33,332] - Script::install_py_dlls(): PyInit__ssl
 DEBUG root [2018-08-24 18:21:33,337] - Script::install_py_dlls(): PyInit__hashlib
 DEBUG root [2018-08-24 18:21:33,337] - Script::install_py_dlls(): PyInit_select
 DEBUG root [2018-08-24 18:21:33,338] - Script::install_py_dlls(): PyInit__ctypes
 DEBUG root [2018-08-24 18:21:33,338] - Script::install_py_dlls(): PyInit__elementtree
 DEBUG root [2018-08-24 18:21:33,380] - Script::install_py_dlls(): PyInit_unicodedata
  INFO root [2018-08-24 18:21:33,459] - Script::install(): is successfully, Python=(3.4.2 (default, Aug 17 2018, 18:10:35) [MSC v.1914 32 bit (Intel)])!
  INFO root [2018-08-24 18:21:33,459] - Script::install(): KBExtra is successfully!
S_INFO root [2018-08-24 18:21:33,489] - onInterfaceAppReady: bootstrapGroupIndex=0, bootstrapGlobalIndex=0
  INFO root [2018-08-24 18:21:33,504] - TelnetServer server is running on port 33000
  WARN root [2018-08-24 18:21:33,505] - g:\kbengine-2.2.0\kbe\src\server\tools\interfaces\interfaces.cpp:147: Profile scriptCall took 0.02 seconds
  INFO root [2018-08-24 18:21:34,014] - ---- interfaces is running ----
 DEBUG root [2018-08-24 18:21:34,014] - Components::process(): Request for the process of identity...
  WARN root [2018-08-24 18:21:40,183] - g:\kbengine-2.2.0\kbe\src\lib\network\event_dispatcher.cpp:153: Profile callSystemTimers took 0.01 seconds
  INFO root [2018-08-24 18:21:41,199] - Components::process(): Found all the components!
S_INFO root [2018-08-24 18:26:57,094] - onRequestAccountLogin: registerName=123
  WARN root [2018-08-24 18:33:49,554] - TCPPacketReceiver::processPendingEvents(127.0.0.1:53271): Throwing REASON_GENERAL_NETWORK - WSAECONNRESET
  INFO root [2018-08-24 18:34:27,260] - 
  INFO root [2018-08-24 18:34:27,261] - -----------------------------------------------------------------------------------------


  INFO root [2018-08-24 18:34:27,262] - Resmgr::initialize: KBE_ROOT=G:/kbengine-2.2.0/
  INFO root [2018-08-24 18:34:27,262] - Resmgr::initialize: KBE_RES_PATH=G:/kbengine-2.2.0/kbe/res/;G:/kbengine-2.2.0/Server/;G:/kbengine-2.2.0/Server/scripts/;G:/kbengine-2.2.0/Server/res/
  INFO root [2018-08-24 18:34:27,262] - Resmgr::initialize: KBE_BIN_PATH=G:/kbengine-2.2.0/kbe/bin/server/
  INFO root [2018-08-24 18:34:27,266] - NetworkInterface::initialize(INTERNAL-TCP): bound to all interfaces with default route interface on 192.168.0.149 ( 192.168.0.149:30099 )
  INFO root [2018-08-24 18:34:27,267] - NetworkInterface::initialize(INTERNAL-TCP): address 192.168.0.149:30099, SOMAXCONN=5.
  INFO root [2018-08-24 18:34:27,271] - ---- interfaces Version: 2.2.0. ScriptVersion: 0.1.0. Protocol: 02AFC29E4F5C607C91FFC8D093B53B8B. Config: Debug X86. Built: 18:10:44 Aug 17 2018. AppID: 3000. UID: 600. PID: 21140 ----
  INFO root [2018-08-24 18:34:27,271] - Server : Intel(R) Xeon(R) CPU E3-1231 v3 @ 3.40GHz with 4194303kB RAM
  INFO root [2018-08-24 18:34:27,272] - ThreadPool::createThreadPool: creating  threadpool...
  INFO root [2018-08-24 18:34:27,272] - ThreadPool::createThreadPool: successfully(2), newThreadCount=1, normalMaxThreadCount=2, maxThreadCount=8
 DEBUG root [2018-08-24 18:34:41,694] - Script::install_py_dlls(): PyInit_pyexpat
 DEBUG root [2018-08-24 18:34:42,061] - Script::install_py_dlls(): PyInit__socket
 DEBUG root [2018-08-24 18:34:43,571] - Script::install_py_dlls(): PyInit__ssl
 DEBUG root [2018-08-24 18:34:43,576] - Script::install_py_dlls(): PyInit__hashlib
 DEBUG root [2018-08-24 18:34:43,576] - Script::install_py_dlls(): PyInit_select
 DEBUG root [2018-08-24 18:34:43,577] - Script::install_py_dlls(): PyInit__ctypes
 DEBUG root [2018-08-24 18:34:43,577] - Script::install_py_dlls(): PyInit__elementtree
 DEBUG root [2018-08-24 18:34:50,826] - Script::install_py_dlls(): PyInit_unicodedata
  INFO root [2018-08-24 18:35:05,151] - Script::install(): is successfully, Python=(3.4.2 (default, Aug 17 2018, 18:10:35) [MSC v.1914 32 bit (Intel)])!
  INFO root [2018-08-24 18:35:05,152] - Script::install(): KBExtra is successfully!
S_INFO root [2018-08-24 18:35:05,867] - onInterfaceAppReady: bootstrapGroupIndex=0, bootstrapGlobalIndex=0
  INFO root [2018-08-24 18:35:06,771] - TelnetServer server is running on port 33000
  WARN root [2018-08-24 18:35:06,771] - g:\kbengine-2.2.0\kbe\src\server\tools\interfaces\interfaces.cpp:147: Profile scriptCall took 0.90 seconds
  INFO root [2018-08-24 18:35:07,168] - ---- interfaces is running ----
 DEBUG root [2018-08-24 18:35:07,169] - Components::process(): Request for the process of identity...
  WARN root [2018-08-24 18:35:16,213] - g:\kbengine-2.2.0\kbe\src\lib\network\event_dispatcher.cpp:153: Profile callSystemTimers took 0.01 seconds
  INFO root [2018-08-24 18:35:17,227] - Components::process(): Found all the components!
S_INFO root [2018-08-24 18:36:02,202] - onRequestAccountLogin: registerName=123
S_INFO root [2018-08-24 18:37:21,543] - onRequestAccountLogin: registerName=123
  WARN root [2018-08-24 18:38:58,681] - TCPPacketReceiver::processPendingEvents(127.0.0.1:55586): Throwing REASON_GENERAL_NETWORK - WSAECONNRESET
  INFO root [2018-08-24 18:43:06,277] - 
  INFO root [2018-08-24 18:43:06,277] - -----------------------------------------------------------------------------------------


  INFO root [2018-08-24 18:43:06,278] - Resmgr::initialize: KBE_ROOT=G:/kbengine-2.2.0/
  INFO root [2018-08-24 18:43:06,278] - Resmgr::initialize: KBE_RES_PATH=G:/kbengine-2.2.0/kbe/res/;G:/kbengine-2.2.0/Server/;G:/kbengine-2.2.0/Server/scripts/;G:/kbengine-2.2.0/Server/res/
  INFO root [2018-08-24 18:43:06,278] - Resmgr::initialize: KBE_BIN_PATH=G:/kbengine-2.2.0/kbe/bin/server/
  INFO root [2018-08-24 18:43:06,284] - NetworkInterface::initialize(INTERNAL-TCP): bound to all interfaces with default route interface on 192.168.0.149 ( 192.168.0.149:30099 )
  INFO root [2018-08-24 18:43:06,284] - NetworkInterface::initialize(INTERNAL-TCP): address 192.168.0.149:30099, SOMAXCONN=5.
  INFO root [2018-08-24 18:43:06,289] - ---- interfaces Version: 2.2.0. ScriptVersion: 0.1.0. Protocol: 02AFC29E4F5C607C91FFC8D093B53B8B. Config: Debug X86. Built: 18:10:44 Aug 17 2018. AppID: 3000. UID: 2334. PID: 4252 ----
  INFO root [2018-08-24 18:43:06,289] - Server : Intel(R) Xeon(R) CPU E3-1231 v3 @ 3.40GHz with 4194303kB RAM
  INFO root [2018-08-24 18:43:06,290] - ThreadPool::createThreadPool: creating  threadpool...
  INFO root [2018-08-24 18:43:06,292] - ThreadPool::createThreadPool: successfully(2), newThreadCount=1, normalMaxThreadCount=2, maxThreadCount=8
 DEBUG root [2018-08-24 18:43:06,486] - Script::install_py_dlls(): PyInit_pyexpat
 DEBUG root [2018-08-24 18:43:06,487] - Script::install_py_dlls(): PyInit__socket
 DEBUG root [2018-08-24 18:43:06,488] - Script::install_py_dlls(): PyInit__ssl
 DEBUG root [2018-08-24 18:43:06,495] - Script::install_py_dlls(): PyInit__hashlib
 DEBUG root [2018-08-24 18:43:06,495] - Script::install_py_dlls(): PyInit_select
 DEBUG root [2018-08-24 18:43:06,496] - Script::install_py_dlls(): PyInit__ctypes
 DEBUG root [2018-08-24 18:43:06,497] - Script::install_py_dlls(): PyInit__elementtree
 DEBUG root [2018-08-24 18:43:06,567] - Script::install_py_dlls(): PyInit_unicodedata
  INFO root [2018-08-24 18:43:06,654] - Script::install(): is successfully, Python=(3.4.2 (default, Aug 17 2018, 18:10:35) [MSC v.1914 32 bit (Intel)])!
  INFO root [2018-08-24 18:43:06,654] - Script::install(): KBExtra is successfully!
S_INFO root [2018-08-24 18:43:06,675] - onInterfaceAppReady: bootstrapGroupIndex=0, bootstrapGlobalIndex=0
  INFO root [2018-08-24 18:43:06,693] - TelnetServer server is running on port 33000
  WARN root [2018-08-24 18:43:06,694] - g:\kbengine-2.2.0\kbe\src\server\tools\interfaces\interfaces.cpp:147: Profile scriptCall took 0.02 seconds
  INFO root [2018-08-24 18:43:07,417] - ---- interfaces is running ----
 DEBUG root [2018-08-24 18:43:07,418] - Components::process(): Request for the process of identity...
  WARN root [2018-08-24 18:43:13,620] - g:\kbengine-2.2.0\kbe\src\lib\network\event_dispatcher.cpp:153: Profile callSystemTimers took 0.01 seconds
  INFO root [2018-08-24 18:43:14,636] - Components::process(): Found all the components!
S_INFO root [2018-08-24 18:43:27,500] - onRequestAccountLogin: registerName=123
S_INFO root [2018-08-24 18:48:18,343] - onRequestAccountLogin: registerName=123
S_INFO root [2018-08-24 18:49:44,717] - onRequestAccountLogin: registerName=123
S_INFO root [2018-08-24 18:50:29,225] - onRequestAccountLogin: registerName=123
S_INFO root [2018-08-24 18:50:31,715] - onRequestAccountLogin: registerName=123
S_INFO root [2018-08-24 18:50:38,090] - onRequestAccountLogin: registerName=123
S_INFO root [2018-08-24 18:50:40,074] - onRequestAccountLogin: registerName=123
S_INFO root [2018-08-24 18:50:40,280] - onRequestAccountLogin: registerName=123
S_INFO root [2018-08-24 18:50:40,507] - onRequestAccountLogin: registerName=123
S_INFO root [2018-08-24 18:50:45,496] - onRequestAccountLogin: registerName=123
  WARN root [2018-08-24 18:51:29,641] - TCPPacketReceiver::processPendingEvents(127.0.0.1:57292): Throwing REASON_GENERAL_NETWORK - WSAECONNRESET
  INFO root [2018-08-24 18:58:46,840] - 
  INFO root [2018-08-24 18:58:46,842] - -----------------------------------------------------------------------------------------


  INFO root [2018-08-24 18:58:46,843] - Resmgr::initialize: KBE_ROOT=G:/kbengine-2.2.0/
  INFO root [2018-08-24 18:58:46,844] - Resmgr::initialize: KBE_RES_PATH=G:/kbengine-2.2.0/kbe/res/;G:/kbengine-2.2.0/Server/;G:/kbengine-2.2.0/Server/scripts/;G:/kbengine-2.2.0/Server/res/
  INFO root [2018-08-24 18:58:46,844] - Resmgr::initialize: KBE_BIN_PATH=G:/kbengine-2.2.0/kbe/bin/server/
  INFO root [2018-08-24 18:58:46,857] - NetworkInterface::initialize(INTERNAL-TCP): bound to all interfaces with default route interface on 192.168.0.149 ( 192.168.0.149:30099 )
  INFO root [2018-08-24 18:58:46,857] - NetworkInterface::initialize(INTERNAL-TCP): address 192.168.0.149:30099, SOMAXCONN=5.
  INFO root [2018-08-24 18:58:46,870] - ---- interfaces Version: 2.2.0. ScriptVersion: 0.1.0. Protocol: 02AFC29E4F5C607C91FFC8D093B53B8B. Config: Debug X86. Built: 18:10:44 Aug 17 2018. AppID: 3000. UID: 5404. PID: 1972 ----
  INFO root [2018-08-24 18:58:46,879] - Server : Intel(R) Xeon(R) CPU E3-1231 v3 @ 3.40GHz with 4194303kB RAM
  INFO root [2018-08-24 18:58:46,883] - ThreadPool::createThreadPool: creating  threadpool...
  INFO root [2018-08-24 18:58:46,885] - ThreadPool::createThreadPool: successfully(2), newThreadCount=1, normalMaxThreadCount=2, maxThreadCount=8
 DEBUG root [2018-08-24 18:58:47,071] - Script::install_py_dlls(): PyInit_pyexpat
 DEBUG root [2018-08-24 18:58:47,073] - Script::install_py_dlls(): PyInit__socket
 DEBUG root [2018-08-24 18:58:47,074] - Script::install_py_dlls(): PyInit__ssl
 DEBUG root [2018-08-24 18:58:47,081] - Script::install_py_dlls(): PyInit__hashlib
 DEBUG root [2018-08-24 18:58:47,082] - Script::install_py_dlls(): PyInit_select
 DEBUG root [2018-08-24 18:58:47,082] - Script::install_py_dlls(): PyInit__ctypes
 DEBUG root [2018-08-24 18:58:47,084] - Script::install_py_dlls(): PyInit__elementtree
 DEBUG root [2018-08-24 18:58:47,160] - Script::install_py_dlls(): PyInit_unicodedata
  INFO root [2018-08-24 18:58:47,231] - Script::install(): is successfully, Python=(3.4.2 (default, Aug 17 2018, 18:10:35) [MSC v.1914 32 bit (Intel)])!
  INFO root [2018-08-24 18:58:47,232] - Script::install(): KBExtra is successfully!
S_INFO root [2018-08-24 18:58:47,256] - onInterfaceAppReady: bootstrapGroupIndex=0, bootstrapGlobalIndex=0
  INFO root [2018-08-24 18:58:47,275] - TelnetServer server is running on port 33000
  WARN root [2018-08-24 18:58:47,275] - g:\kbengine-2.2.0\kbe\src\server\tools\interfaces\interfaces.cpp:147: Profile scriptCall took 0.02 seconds
  INFO root [2018-08-24 18:58:48,071] - ---- interfaces is running ----
 DEBUG root [2018-08-24 18:58:48,072] - Components::process(): Request for the process of identity...
  INFO root [2018-08-24 18:58:55,446] - Components::process(): Found all the components!
  WARN root [2018-08-24 19:01:30,756] - TCPPacketReceiver::processPendingEvents(127.0.0.1:60269): Throwing REASON_GENERAL_NETWORK - WSAECONNRESET
  INFO root [2018-08-24 19:08:20,842] - 
  INFO root [2018-08-24 19:08:20,842] - -----------------------------------------------------------------------------------------


  INFO root [2018-08-24 19:08:20,847] - Resmgr::initialize: KBE_ROOT=G:/kbengine-2.2.0/
  INFO root [2018-08-24 19:08:20,848] - Resmgr::initialize: KBE_RES_PATH=G:/kbengine-2.2.0/kbe/res/;G:/kbengine-2.2.0/Server/;G:/kbengine-2.2.0/Server/scripts/;G:/kbengine-2.2.0/Server/res/
  INFO root [2018-08-24 19:08:20,848] - Resmgr::initialize: KBE_BIN_PATH=G:/kbengine-2.2.0/kbe/bin/server/
  INFO root [2018-08-24 19:08:20,857] - NetworkInterface::initialize(INTERNAL-TCP): bound to all interfaces with default route interface on 192.168.0.149 ( 192.168.0.149:30099 )
  INFO root [2018-08-24 19:08:20,857] - NetworkInterface::initialize(INTERNAL-TCP): address 192.168.0.149:30099, SOMAXCONN=5.
  INFO root [2018-08-24 19:08:20,866] - ---- interfaces Version: 2.2.0. ScriptVersion: 0.1.0. Protocol: 02AFC29E4F5C607C91FFC8D093B53B8B. Config: Debug X86. Built: 18:10:44 Aug 17 2018. AppID: 3000. UID: 7278. PID: 9620 ----
  INFO root [2018-08-24 19:08:20,869] - Server : Intel(R) Xeon(R) CPU E3-1231 v3 @ 3.40GHz with 4194303kB RAM
  INFO root [2018-08-24 19:08:20,870] - ThreadPool::createThreadPool: creating  threadpool...
  INFO root [2018-08-24 19:08:20,870] - ThreadPool::createThreadPool: successfully(2), newThreadCount=1, normalMaxThreadCount=2, maxThreadCount=8
 DEBUG root [2018-08-24 19:08:21,192] - Script::install_py_dlls(): PyInit_pyexpat
 DEBUG root [2018-08-24 19:08:21,204] - Script::install_py_dlls(): PyInit__socket
 DEBUG root [2018-08-24 19:08:21,215] - Script::install_py_dlls(): PyInit__ssl
 DEBUG root [2018-08-24 19:08:21,223] - Script::install_py_dlls(): PyInit__hashlib
 DEBUG root [2018-08-24 19:08:21,224] - Script::install_py_dlls(): PyInit_select
 DEBUG root [2018-08-24 19:08:21,224] - Script::install_py_dlls(): PyInit__ctypes
 DEBUG root [2018-08-24 19:08:21,225] - Script::install_py_dlls(): PyInit__elementtree
 DEBUG root [2018-08-24 19:08:21,359] - Script::install_py_dlls(): PyInit_unicodedata
  INFO root [2018-08-24 19:08:21,595] - Script::install(): is successfully, Python=(3.4.2 (default, Aug 17 2018, 18:10:35) [MSC v.1914 32 bit (Intel)])!
  INFO root [2018-08-24 19:08:21,595] - Script::install(): KBExtra is successfully!
S_INFO root [2018-08-24 19:08:21,647] - onInterfaceAppReady: bootstrapGroupIndex=0, bootstrapGlobalIndex=0
  INFO root [2018-08-24 19:08:21,683] - TelnetServer server is running on port 33000
  WARN root [2018-08-24 19:08:21,685] - g:\kbengine-2.2.0\kbe\src\server\tools\interfaces\interfaces.cpp:147: Profile scriptCall took 0.04 seconds
  INFO root [2018-08-24 19:08:22,439] - ---- interfaces is running ----
 DEBUG root [2018-08-24 19:08:22,440] - Components::process(): Request for the process of identity...
  WARN root [2018-08-24 19:08:28,761] - g:\kbengine-2.2.0\kbe\src\lib\network\event_dispatcher.cpp:153: Profile callSystemTimers took 0.02 seconds
  INFO root [2018-08-24 19:08:29,777] - Components::process(): Found all the components!
S_INFO root [2018-08-24 19:15:38,184] - onRequestAccountLogin: registerName=123
  WARN root [2018-08-24 19:15:38,202] - g:\kbengine-2.2.0\kbe\src\lib\network\channel.cpp:938: Profile processRecvMessages took 0.07 seconds
S_INFO root [2018-08-24 19:22:15,211] - onRequestAccountLogin: registerName=123
S_INFO root [2018-08-24 19:27:47,505] - onRequestAccountLogin: registerName=hashvr
S_INFO root [2018-08-24 19:27:57,079] - onRequestAccountLogin: registerName=123
S_INFO root [2018-08-24 19:32:03,738] - onRequestAccountLogin: registerName=123
S_INFO root [2018-08-24 19:34:13,100] - onRequestAccountLogin: registerName=hashvr
S_INFO root [2018-08-24 19:34:22,366] - onRequestAccountLogin: registerName=123
S_INFO root [2018-08-24 19:34:29,629] - onRequestAccountLogin: registerName=123
  WARN root [2018-08-24 19:54:00,370] - TCPPacketReceiver::processPendingEvents(127.0.0.1:62118): Throwing REASON_GENERAL_NETWORK - WSAECONNRESET
