  INFO root [2018-08-08 18:38:14,732] - 
  INFO root [2018-08-08 18:38:14,737] - -----------------------------------------------------------------------------------------


  INFO root [2018-08-08 18:38:14,742] - Resmgr::initialize: KBE_ROOT=D:/KBE/kbengine-2.2.0/
  INFO root [2018-08-08 18:38:14,743] - Resmgr::initialize: KBE_RES_PATH=D:/KBE/kbengine-2.2.0/kbe/res/;D:/KBE/kbengine-2.2.0/assets/;D:/KBE/kbengine-2.2.0/assets/scripts/;D:/KBE/kbengine-2.2.0/assets/res/
  INFO root [2018-08-08 18:38:14,743] - Resmgr::initialize: KBE_BIN_PATH=D:/KBE/kbengine-2.2.0/kbe/bin/server/
  INFO root [2018-08-08 18:38:14,789] - NetworkInterface::initialize(INTERNAL-TCP): bound to all interfaces with default route interface on 192.168.0.108 ( 192.168.0.108:30099 )
  INFO root [2018-08-08 18:38:14,789] - NetworkInterface::initialize(INTERNAL-TCP): address 192.168.0.108:30099, SOMAXCONN=5.
  INFO root [2018-08-08 18:38:14,803] - ---- interfaces Version: 2.2.0. ScriptVersion: 0.1.0. Protocol: 02AFC29E4F5C607C91FFC8D093B53B8B. Config: Debug X86. Built: 18:34:02 Aug  8 2018. AppID: 3000. UID: 9028. PID: 5888 ----
  INFO root [2018-08-08 18:38:14,804] - Server : Intel(R) Core(TM) i7-6700 CPU @ 3.40GHz with 4194303kB RAM
  INFO root [2018-08-08 18:38:14,805] - ThreadPool::createThreadPool: creating  threadpool...
  INFO root [2018-08-08 18:38:14,805] - ThreadPool::createThreadPool: successfully(2), newThreadCount=1, normalMaxThreadCount=2, maxThreadCount=8
 DEBUG root [2018-08-08 18:38:15,009] - Script::install_py_dlls(): PyInit_pyexpat
 DEBUG root [2018-08-08 18:38:15,010] - Script::install_py_dlls(): PyInit__socket
 DEBUG root [2018-08-08 18:38:15,011] - Script::install_py_dlls(): PyInit__ssl
 DEBUG root [2018-08-08 18:38:15,020] - Script::install_py_dlls(): PyInit__hashlib
 DEBUG root [2018-08-08 18:38:15,021] - Script::install_py_dlls(): PyInit_select
 DEBUG root [2018-08-08 18:38:15,021] - Script::install_py_dlls(): PyInit__ctypes
 DEBUG root [2018-08-08 18:38:15,023] - Script::install_py_dlls(): PyInit__elementtree
 DEBUG root [2018-08-08 18:38:15,162] - Script::install_py_dlls(): PyInit_unicodedata
  INFO root [2018-08-08 18:38:15,598] - Script::install(): is successfully, Python=(3.4.2 (default, Aug  8 2018, 18:33:54) [MSC v.1913 32 bit (Intel)])!
  INFO root [2018-08-08 18:38:15,598] - Script::install(): KBExtra is successfully!
S_INFO root [2018-08-08 18:38:15,752] - onInterfaceAppReady: bootstrapGroupIndex=0, bootstrapGlobalIndex=0
  INFO root [2018-08-08 18:38:15,810] - TelnetServer server is running on port 33000
  INFO root [2018-08-08 18:38:16,946] - ---- interfaces is running ----
 DEBUG root [2018-08-08 18:38:16,970] - Components::process(): Request for the process of identity...
  INFO root [2018-08-08 18:38:24,353] - Components::process(): Found all the components!
  WARN root [2018-08-08 18:38:51,910] - TCPPacketReceiver::processPendingEvents(127.0.0.1:62421): Throwing REASON_GENERAL_NETWORK - WSAECONNRESET
  INFO root [2018-08-08 19:46:54,874] - 
  INFO root [2018-08-08 19:46:54,875] - -----------------------------------------------------------------------------------------


  INFO root [2018-08-08 19:46:54,876] - Resmgr::initialize: KBE_ROOT=D:/KBE/kbengine-2.2.0/
  INFO root [2018-08-08 19:46:54,876] - Resmgr::initialize: KBE_RES_PATH=D:/KBE/kbengine-2.2.0/kbe/res/;D:/KBE/kbengine-2.2.0/assets/;D:/KBE/kbengine-2.2.0/assets/scripts/;D:/KBE/kbengine-2.2.0/assets/res/
  INFO root [2018-08-08 19:46:54,876] - Resmgr::initialize: KBE_BIN_PATH=D:/KBE/kbengine-2.2.0/kbe/bin/server/
  INFO root [2018-08-08 19:46:54,919] - NetworkInterface::initialize(INTERNAL-TCP): bound to all interfaces with default route interface on 192.168.0.108 ( 192.168.0.108:30099 )
  INFO root [2018-08-08 19:46:54,919] - NetworkInterface::initialize(INTERNAL-TCP): address 192.168.0.108:30099, SOMAXCONN=5.
  INFO root [2018-08-08 19:46:54,935] - ---- interfaces Version: 2.2.0. ScriptVersion: 0.1.0. Protocol: 02AFC29E4F5C607C91FFC8D093B53B8B. Config: Debug X86. Built: 18:34:02 Aug  8 2018. AppID: 3000. UID: 22485. PID: 65328 ----
  INFO root [2018-08-08 19:46:54,936] - Server : Intel(R) Core(TM) i7-6700 CPU @ 3.40GHz with 4194303kB RAM
  INFO root [2018-08-08 19:46:54,936] - ThreadPool::createThreadPool: creating  threadpool...
  INFO root [2018-08-08 19:46:54,936] - ThreadPool::createThreadPool: successfully(2), newThreadCount=1, normalMaxThreadCount=2, maxThreadCount=8
 DEBUG root [2018-08-08 19:46:55,100] - Script::install_py_dlls(): PyInit_pyexpat
 DEBUG root [2018-08-08 19:46:55,101] - Script::install_py_dlls(): PyInit__socket
 DEBUG root [2018-08-08 19:46:55,102] - Script::install_py_dlls(): PyInit__ssl
 DEBUG root [2018-08-08 19:46:55,108] - Script::install_py_dlls(): PyInit__hashlib
 DEBUG root [2018-08-08 19:46:55,108] - Script::install_py_dlls(): PyInit_select
 DEBUG root [2018-08-08 19:46:55,109] - Script::install_py_dlls(): PyInit__ctypes
 DEBUG root [2018-08-08 19:46:55,110] - Script::install_py_dlls(): PyInit__elementtree
 DEBUG root [2018-08-08 19:46:55,175] - Script::install_py_dlls(): PyInit_unicodedata
  INFO root [2018-08-08 19:46:55,238] - Script::install(): is successfully, Python=(3.4.2 (default, Aug  8 2018, 18:33:54) [MSC v.1913 32 bit (Intel)])!
  INFO root [2018-08-08 19:46:55,238] - Script::install(): KBExtra is successfully!
S_INFO root [2018-08-08 19:46:55,259] - onInterfaceAppReady: bootstrapGroupIndex=0, bootstrapGlobalIndex=0
  INFO root [2018-08-08 19:46:55,275] - TelnetServer server is running on port 33000
  INFO root [2018-08-08 19:46:56,043] - ---- interfaces is running ----
 DEBUG root [2018-08-08 19:46:56,044] - Components::process(): Request for the process of identity...
  INFO root [2018-08-08 19:47:03,379] - Components::process(): Found all the components!
