  INFO root [2018-08-22 10:03:32,000] - 
  INFO root [2018-08-22 10:03:32,002] - -----------------------------------------------------------------------------------------


  INFO root [2018-08-22 10:03:32,003] - Resmgr::initialize: KBE_ROOT=D:/KBE/kbengine-2.2.0/
  INFO root [2018-08-22 10:03:32,004] - Resmgr::initialize: KBE_RES_PATH=D:/KBE/kbengine-2.2.0/kbe/res/;D:/KBE/kbengine-2.2.0/ori_assets/;D:/KBE/kbengine-2.2.0/ori_assets/scripts/;D:/KBE/kbengine-2.2.0/ori_assets/res/
  INFO root [2018-08-22 10:03:32,004] - Resmgr::initialize: KBE_BIN_PATH=D:/KBE/kbengine-2.2.0/kbe/bin/server/
  INFO root [2018-08-22 10:03:32,013] - NetworkInterface::initialize(INTERNAL-TCP): bound to all interfaces with default route interface on 192.168.0.155 ( 192.168.0.155:30099 )
  INFO root [2018-08-22 10:03:32,014] - NetworkInterface::initialize(INTERNAL-TCP): address 192.168.0.155:30099, SOMAXCONN=5.
  INFO root [2018-08-22 10:03:32,022] - ---- interfaces Version: 2.2.0. ScriptVersion: 0.1.0. Protocol: 02AFC29E4F5C607C91FFC8D093B53B8B. Config: Debug X86. Built: 18:34:02 Aug  8 2018. AppID: 3000. UID: 24339. PID: 290788 ----
  INFO root [2018-08-22 10:03:32,023] - Server : Intel(R) Core(TM) i7-6700 CPU @ 3.40GHz with 4194303kB RAM
  INFO root [2018-08-22 10:03:32,023] - ThreadPool::createThreadPool: creating  threadpool...
  INFO root [2018-08-22 10:03:32,023] - ThreadPool::createThreadPool: successfully(2), newThreadCount=1, normalMaxThreadCount=2, maxThreadCount=8
 DEBUG root [2018-08-22 10:03:32,187] - Script::install_py_dlls(): PyInit_pyexpat
 DEBUG root [2018-08-22 10:03:32,187] - Script::install_py_dlls(): PyInit__socket
 DEBUG root [2018-08-22 10:03:32,188] - Script::install_py_dlls(): PyInit__ssl
 DEBUG root [2018-08-22 10:03:32,193] - Script::install_py_dlls(): PyInit__hashlib
 DEBUG root [2018-08-22 10:03:32,194] - Script::install_py_dlls(): PyInit_select
 DEBUG root [2018-08-22 10:03:32,194] - Script::install_py_dlls(): PyInit__ctypes
 DEBUG root [2018-08-22 10:03:32,195] - Script::install_py_dlls(): PyInit__elementtree
 DEBUG root [2018-08-22 10:03:32,262] - Script::install_py_dlls(): PyInit_unicodedata
  INFO root [2018-08-22 10:03:32,325] - Script::install(): is successfully, Python=(3.4.2 (default, Aug  8 2018, 18:33:54) [MSC v.1913 32 bit (Intel)])!
  INFO root [2018-08-22 10:03:32,325] - Script::install(): KBExtra is successfully!
S_INFO root [2018-08-22 10:03:32,344] - onInterfaceAppReady: bootstrapGroupIndex=0, bootstrapGlobalIndex=0
  INFO root [2018-08-22 10:03:32,359] - TelnetServer server is running on port 33000
  INFO root [2018-08-22 10:03:32,978] - ---- interfaces is running ----
 DEBUG root [2018-08-22 10:03:32,979] - Components::process(): Request for the process of identity...
  INFO root [2018-08-22 10:03:43,106] - Components::process(): Found all the components!
S_INFO root [2018-08-22 10:05:10,114] - onRequestAccountLogin: registerName=hashvr
S_INFO root [2018-08-22 10:10:13,492] - onRequestAccountLogin: registerName=hashvr
S_INFO root [2018-08-22 10:13:40,616] - onRequestAccountLogin: registerName=luozhonghai
S_INFO root [2018-08-22 10:14:35,900] - onRequestAccountLogin: registerName=luozhonghai
S_INFO root [2018-08-22 10:15:04,620] - onRequestAccountLogin: registerName=luozhonghai
S_INFO root [2018-08-22 10:15:14,503] - onRequestAccountLogin: registerName=hashvr
S_INFO root [2018-08-22 10:18:55,971] - onRequestAccountLogin: registerName=luozhonghai
S_INFO root [2018-08-22 10:25:40,514] - onRequestAccountLogin: registerName=luozhonghai
S_INFO root [2018-08-22 10:30:02,241] - onRequestAccountLogin: registerName=luozhonghai
S_INFO root [2018-08-22 10:30:31,073] - onRequestAccountLogin: registerName=luozhonghai
S_INFO root [2018-08-22 10:32:47,116] - onRequestAccountLogin: registerName=luozhonghai
S_INFO root [2018-08-22 10:38:41,080] - onRequestAccountLogin: registerName=luozhonghai
S_INFO root [2018-08-22 10:38:56,129] - onRequestAccountLogin: registerName=luozhonghai
  WARN root [2018-08-22 10:43:00,937] - TCPPacketReceiver::processPendingEvents(127.0.0.1:57415): Throwing REASON_GENERAL_NETWORK - WSAECONNRESET
  INFO root [2018-08-22 10:43:26,940] - 
  INFO root [2018-08-22 10:43:26,940] - -----------------------------------------------------------------------------------------


  INFO root [2018-08-22 10:43:26,942] - Resmgr::initialize: KBE_ROOT=D:/KBE/kbengine-2.2.0/
  INFO root [2018-08-22 10:43:26,942] - Resmgr::initialize: KBE_RES_PATH=D:/KBE/kbengine-2.2.0/kbe/res/;D:/KBE/kbengine-2.2.0/ori_assets/;D:/KBE/kbengine-2.2.0/ori_assets/scripts/;D:/KBE/kbengine-2.2.0/ori_assets/res/
  INFO root [2018-08-22 10:43:26,942] - Resmgr::initialize: KBE_BIN_PATH=D:/KBE/kbengine-2.2.0/kbe/bin/server/
  INFO root [2018-08-22 10:43:27,054] - NetworkInterface::initialize(INTERNAL-TCP): bound to all interfaces with default route interface on 192.168.0.155 ( 192.168.0.155:30099 )
  INFO root [2018-08-22 10:43:27,054] - NetworkInterface::initialize(INTERNAL-TCP): address 192.168.0.155:30099, SOMAXCONN=5.
  INFO root [2018-08-22 10:43:27,062] - ---- interfaces Version: 2.2.0. ScriptVersion: 0.1.0. Protocol: 02AFC29E4F5C607C91FFC8D093B53B8B. Config: Debug X86. Built: 18:34:02 Aug  8 2018. AppID: 3000. UID: 32147. PID: 289748 ----
  INFO root [2018-08-22 10:43:27,063] - Server : Intel(R) Core(TM) i7-6700 CPU @ 3.40GHz with 4194303kB RAM
  INFO root [2018-08-22 10:43:27,063] - ThreadPool::createThreadPool: creating  threadpool...
  INFO root [2018-08-22 10:43:27,064] - ThreadPool::createThreadPool: successfully(2), newThreadCount=1, normalMaxThreadCount=2, maxThreadCount=8
 DEBUG root [2018-08-22 10:43:27,226] - Script::install_py_dlls(): PyInit_pyexpat
 DEBUG root [2018-08-22 10:43:27,227] - Script::install_py_dlls(): PyInit__socket
 DEBUG root [2018-08-22 10:43:27,228] - Script::install_py_dlls(): PyInit__ssl
 DEBUG root [2018-08-22 10:43:27,233] - Script::install_py_dlls(): PyInit__hashlib
 DEBUG root [2018-08-22 10:43:27,234] - Script::install_py_dlls(): PyInit_select
 DEBUG root [2018-08-22 10:43:27,234] - Script::install_py_dlls(): PyInit__ctypes
 DEBUG root [2018-08-22 10:43:27,235] - Script::install_py_dlls(): PyInit__elementtree
 DEBUG root [2018-08-22 10:43:27,302] - Script::install_py_dlls(): PyInit_unicodedata
  INFO root [2018-08-22 10:43:27,383] - Script::install(): is successfully, Python=(3.4.2 (default, Aug  8 2018, 18:33:54) [MSC v.1913 32 bit (Intel)])!
  INFO root [2018-08-22 10:43:27,383] - Script::install(): KBExtra is successfully!
S_INFO root [2018-08-22 10:43:27,407] - onInterfaceAppReady: bootstrapGroupIndex=0, bootstrapGlobalIndex=0
  INFO root [2018-08-22 10:43:27,427] - TelnetServer server is running on port 33000
  INFO root [2018-08-22 10:43:28,153] - ---- interfaces is running ----
 DEBUG root [2018-08-22 10:43:28,153] - Components::process(): Request for the process of identity...
  INFO root [2018-08-22 10:43:38,344] - Components::process(): Found all the components!
S_INFO root [2018-08-22 10:47:37,538] - onRequestAccountLogin: registerName=luozhonghai
S_INFO root [2018-08-22 10:47:54,045] - onRequestAccountLogin: registerName=luozhonghai
  WARN root [2018-08-22 10:50:03,671] - TCPPacketReceiver::processPendingEvents(127.0.0.1:58358): Throwing REASON_GENERAL_NETWORK - WSAECONNRESET
  INFO root [2018-08-22 10:50:28,835] - 
  INFO root [2018-08-22 10:50:28,835] - -----------------------------------------------------------------------------------------


  INFO root [2018-08-22 10:50:28,837] - Resmgr::initialize: KBE_ROOT=D:/KBE/kbengine-2.2.0/
  INFO root [2018-08-22 10:50:28,838] - Resmgr::initialize: KBE_RES_PATH=D:/KBE/kbengine-2.2.0/kbe/res/;D:/KBE/kbengine-2.2.0/ori_assets/;D:/KBE/kbengine-2.2.0/ori_assets/scripts/;D:/KBE/kbengine-2.2.0/ori_assets/res/
  INFO root [2018-08-22 10:50:28,838] - Resmgr::initialize: KBE_BIN_PATH=D:/KBE/kbengine-2.2.0/kbe/bin/server/
  INFO root [2018-08-22 10:50:28,848] - NetworkInterface::initialize(INTERNAL-TCP): bound to all interfaces with default route interface on 192.168.0.155 ( 192.168.0.155:30099 )
  INFO root [2018-08-22 10:50:28,849] - NetworkInterface::initialize(INTERNAL-TCP): address 192.168.0.155:30099, SOMAXCONN=5.
  INFO root [2018-08-22 10:50:28,858] - ---- interfaces Version: 2.2.0. ScriptVersion: 0.1.0. Protocol: 02AFC29E4F5C607C91FFC8D093B53B8B. Config: Debug X86. Built: 18:34:02 Aug  8 2018. AppID: 3000. UID: 777. PID: 298816 ----
  INFO root [2018-08-22 10:50:28,858] - Server : Intel(R) Core(TM) i7-6700 CPU @ 3.40GHz with 4194303kB RAM
  INFO root [2018-08-22 10:50:28,859] - ThreadPool::createThreadPool: creating  threadpool...
  INFO root [2018-08-22 10:50:28,859] - ThreadPool::createThreadPool: successfully(2), newThreadCount=1, normalMaxThreadCount=2, maxThreadCount=8
 DEBUG root [2018-08-22 10:50:29,056] - Script::install_py_dlls(): PyInit_pyexpat
 DEBUG root [2018-08-22 10:50:29,057] - Script::install_py_dlls(): PyInit__socket
 DEBUG root [2018-08-22 10:50:29,057] - Script::install_py_dlls(): PyInit__ssl
 DEBUG root [2018-08-22 10:50:29,063] - Script::install_py_dlls(): PyInit__hashlib
 DEBUG root [2018-08-22 10:50:29,064] - Script::install_py_dlls(): PyInit_select
 DEBUG root [2018-08-22 10:50:29,064] - Script::install_py_dlls(): PyInit__ctypes
 DEBUG root [2018-08-22 10:50:29,065] - Script::install_py_dlls(): PyInit__elementtree
 DEBUG root [2018-08-22 10:50:29,154] - Script::install_py_dlls(): PyInit_unicodedata
  INFO root [2018-08-22 10:50:29,233] - Script::install(): is successfully, Python=(3.4.2 (default, Aug  8 2018, 18:33:54) [MSC v.1913 32 bit (Intel)])!
  INFO root [2018-08-22 10:50:29,233] - Script::install(): KBExtra is successfully!
S_INFO root [2018-08-22 10:50:29,254] - onInterfaceAppReady: bootstrapGroupIndex=0, bootstrapGlobalIndex=0
  INFO root [2018-08-22 10:50:29,292] - TelnetServer server is running on port 33000
  INFO root [2018-08-22 10:50:30,159] - ---- interfaces is running ----
 DEBUG root [2018-08-22 10:50:30,160] - Components::process(): Request for the process of identity...
  INFO root [2018-08-22 10:50:42,255] - Components::process(): Found all the components!
S_INFO root [2018-08-22 10:51:34,170] - onRequestAccountLogin: registerName=luozhonghai
S_INFO root [2018-08-22 10:53:26,977] - onRequestAccountLogin: registerName=luozhonghai
S_INFO root [2018-08-22 10:56:11,411] - onRequestAccountLogin: registerName=luozhonghai
S_INFO root [2018-08-22 10:57:52,220] - onRequestAccountLogin: registerName=luozhonghai
S_INFO root [2018-08-22 11:09:32,832] - onRequestAccountLogin: registerName=luozhonghai
S_INFO root [2018-08-22 11:18:37,932] - onRequestAccountLogin: registerName=luozhonghai
S_INFO root [2018-08-22 11:19:10,898] - onRequestAccountLogin: registerName=luozhonghai
S_INFO root [2018-08-22 11:22:43,938] - onRequestAccountLogin: registerName=hashvr
S_INFO root [2018-08-22 11:23:02,827] - onRequestAccountLogin: registerName=luozhonghai
S_INFO root [2018-08-22 11:25:43,637] - onRequestAccountLogin: registerName=luozhonghai
S_INFO root [2018-08-22 11:26:41,795] - onRequestAccountLogin: registerName=hashvr
S_INFO root [2018-08-22 11:31:58,008] - onRequestAccountLogin: registerName=luozhonghai
  WARN root [2018-08-22 11:39:33,399] - TCPPacketReceiver::processPendingEvents(127.0.0.1:58556): Throwing REASON_GENERAL_NETWORK - WSAECONNRESET
  INFO root [2018-08-22 11:40:00,060] - 
  INFO root [2018-08-22 11:40:00,061] - -----------------------------------------------------------------------------------------


  INFO root [2018-08-22 11:40:00,062] - Resmgr::initialize: KBE_ROOT=D:/KBE/kbengine-2.2.0/
  INFO root [2018-08-22 11:40:00,063] - Resmgr::initialize: KBE_RES_PATH=D:/KBE/kbengine-2.2.0/kbe/res/;D:/KBE/kbengine-2.2.0/ori_assets/;D:/KBE/kbengine-2.2.0/ori_assets/scripts/;D:/KBE/kbengine-2.2.0/ori_assets/res/
  INFO root [2018-08-22 11:40:00,063] - Resmgr::initialize: KBE_BIN_PATH=D:/KBE/kbengine-2.2.0/kbe/bin/server/
  INFO root [2018-08-22 11:40:00,138] - NetworkInterface::initialize(INTERNAL-TCP): bound to all interfaces with default route interface on 192.168.0.155 ( 192.168.0.155:30099 )
  INFO root [2018-08-22 11:40:00,138] - NetworkInterface::initialize(INTERNAL-TCP): address 192.168.0.155:30099, SOMAXCONN=5.
  INFO root [2018-08-22 11:40:00,146] - ---- interfaces Version: 2.2.0. ScriptVersion: 0.1.0. Protocol: 02AFC29E4F5C607C91FFC8D093B53B8B. Config: Debug X86. Built: 18:34:02 Aug  8 2018. AppID: 3000. UID: 10456. PID: 299680 ----
  INFO root [2018-08-22 11:40:00,147] - Server : Intel(R) Core(TM) i7-6700 CPU @ 3.40GHz with 4194303kB RAM
  INFO root [2018-08-22 11:40:00,147] - ThreadPool::createThreadPool: creating  threadpool...
  INFO root [2018-08-22 11:40:00,148] - ThreadPool::createThreadPool: successfully(2), newThreadCount=1, normalMaxThreadCount=2, maxThreadCount=8
 DEBUG root [2018-08-22 11:40:00,361] - Script::install_py_dlls(): PyInit_pyexpat
 DEBUG root [2018-08-22 11:40:00,362] - Script::install_py_dlls(): PyInit__socket
 DEBUG root [2018-08-22 11:40:00,362] - Script::install_py_dlls(): PyInit__ssl
 DEBUG root [2018-08-22 11:40:00,368] - Script::install_py_dlls(): PyInit__hashlib
 DEBUG root [2018-08-22 11:40:00,368] - Script::install_py_dlls(): PyInit_select
 DEBUG root [2018-08-22 11:40:00,368] - Script::install_py_dlls(): PyInit__ctypes
 DEBUG root [2018-08-22 11:40:00,369] - Script::install_py_dlls(): PyInit__elementtree
 DEBUG root [2018-08-22 11:40:00,440] - Script::install_py_dlls(): PyInit_unicodedata
  INFO root [2018-08-22 11:40:00,510] - Script::install(): is successfully, Python=(3.4.2 (default, Aug  8 2018, 18:33:54) [MSC v.1913 32 bit (Intel)])!
  INFO root [2018-08-22 11:40:00,510] - Script::install(): KBExtra is successfully!
S_INFO root [2018-08-22 11:40:00,530] - onInterfaceAppReady: bootstrapGroupIndex=0, bootstrapGlobalIndex=0
  INFO root [2018-08-22 11:40:00,547] - TelnetServer server is running on port 33000
  INFO root [2018-08-22 11:40:01,238] - ---- interfaces is running ----
 DEBUG root [2018-08-22 11:40:01,239] - Components::process(): Request for the process of identity...
  INFO root [2018-08-22 11:40:13,065] - Components::process(): Found all the components!
S_INFO root [2018-08-22 11:40:57,036] - onRequestAccountLogin: registerName=luozhonghai
S_INFO root [2018-08-22 11:41:08,821] - onRequestAccountLogin: registerName=luozhonghai
S_INFO root [2018-08-22 11:41:12,250] - onRequestAccountLogin: registerName=luozhonghai
S_INFO root [2018-08-22 11:41:15,769] - onRequestAccountLogin: registerName=luozhonghai
S_INFO root [2018-08-22 11:41:21,921] - onRequestAccountLogin: registerName=luozhonghai
S_INFO root [2018-08-22 11:41:44,597] - onRequestAccountLogin: registerName=luozhonghai
  WARN root [2018-08-22 11:47:56,662] - TCPPacketReceiver::processPendingEvents(127.0.0.1:59232): Throwing REASON_GENERAL_NETWORK - WSAECONNRESET
  INFO root [2018-08-22 11:48:15,902] - 
  INFO root [2018-08-22 11:48:15,904] - -----------------------------------------------------------------------------------------


  INFO root [2018-08-22 11:48:15,908] - Resmgr::initialize: KBE_ROOT=D:/KBE/kbengine-2.2.0/
  INFO root [2018-08-22 11:48:15,908] - Resmgr::initialize: KBE_RES_PATH=D:/KBE/kbengine-2.2.0/kbe/res/;D:/KBE/kbengine-2.2.0/ori_assets/;D:/KBE/kbengine-2.2.0/ori_assets/scripts/;D:/KBE/kbengine-2.2.0/ori_assets/res/
  INFO root [2018-08-22 11:48:15,909] - Resmgr::initialize: KBE_BIN_PATH=D:/KBE/kbengine-2.2.0/kbe/bin/server/
  INFO root [2018-08-22 11:48:15,926] - NetworkInterface::initialize(INTERNAL-TCP): bound to all interfaces with default route interface on 192.168.0.155 ( 192.168.0.155:30099 )
  INFO root [2018-08-22 11:48:15,926] - NetworkInterface::initialize(INTERNAL-TCP): address 192.168.0.155:30099, SOMAXCONN=5.
  INFO root [2018-08-22 11:48:15,937] - ---- interfaces Version: 2.2.0. ScriptVersion: 0.1.0. Protocol: 02AFC29E4F5C607C91FFC8D093B53B8B. Config: Debug X86. Built: 18:34:02 Aug  8 2018. AppID: 3000. UID: 12099. PID: 297400 ----
  INFO root [2018-08-22 11:48:15,937] - Server : Intel(R) Core(TM) i7-6700 CPU @ 3.40GHz with 4194303kB RAM
  INFO root [2018-08-22 11:48:15,938] - ThreadPool::createThreadPool: creating  threadpool...
  INFO root [2018-08-22 11:48:15,938] - ThreadPool::createThreadPool: successfully(2), newThreadCount=1, normalMaxThreadCount=2, maxThreadCount=8
 DEBUG root [2018-08-22 11:48:16,115] - Script::install_py_dlls(): PyInit_pyexpat
 DEBUG root [2018-08-22 11:48:16,116] - Script::install_py_dlls(): PyInit__socket
 DEBUG root [2018-08-22 11:48:16,117] - Script::install_py_dlls(): PyInit__ssl
 DEBUG root [2018-08-22 11:48:16,123] - Script::install_py_dlls(): PyInit__hashlib
 DEBUG root [2018-08-22 11:48:16,124] - Script::install_py_dlls(): PyInit_select
 DEBUG root [2018-08-22 11:48:16,124] - Script::install_py_dlls(): PyInit__ctypes
 DEBUG root [2018-08-22 11:48:16,126] - Script::install_py_dlls(): PyInit__elementtree
 DEBUG root [2018-08-22 11:48:16,214] - Script::install_py_dlls(): PyInit_unicodedata
  INFO root [2018-08-22 11:48:16,329] - Script::install(): is successfully, Python=(3.4.2 (default, Aug  8 2018, 18:33:54) [MSC v.1913 32 bit (Intel)])!
  INFO root [2018-08-22 11:48:16,329] - Script::install(): KBExtra is successfully!
S_INFO root [2018-08-22 11:48:16,351] - onInterfaceAppReady: bootstrapGroupIndex=0, bootstrapGlobalIndex=0
  INFO root [2018-08-22 11:48:16,386] - TelnetServer server is running on port 33000
  INFO root [2018-08-22 11:48:17,294] - ---- interfaces is running ----
 DEBUG root [2018-08-22 11:48:17,295] - Components::process(): Request for the process of identity...
  INFO root [2018-08-22 11:48:29,653] - Components::process(): Found all the components!
S_INFO root [2018-08-22 11:51:19,595] - onRequestAccountLogin: registerName=luozhonghai
S_INFO root [2018-08-22 11:51:31,471] - onRequestAccountLogin: registerName=luozhonghai
S_INFO root [2018-08-22 11:52:26,875] - onRequestAccountLogin: registerName=luozhonghai
S_INFO root [2018-08-22 11:52:30,421] - onRequestAccountLogin: registerName=luozhonghai
S_INFO root [2018-08-22 11:53:50,467] - onRequestAccountLogin: registerName=hashvr
S_INFO root [2018-08-22 11:54:15,054] - onRequestAccountLogin: registerName=hashvr
  WARN root [2018-08-22 11:54:44,880] - TCPPacketReceiver::processPendingEvents(127.0.0.1:59447): Throwing REASON_GENERAL_NETWORK - WSAECONNRESET
  INFO root [2018-08-22 11:55:14,184] - 
  INFO root [2018-08-22 11:55:14,185] - -----------------------------------------------------------------------------------------


  INFO root [2018-08-22 11:55:14,188] - Resmgr::initialize: KBE_ROOT=D:/KBE/kbengine-2.2.0/
  INFO root [2018-08-22 11:55:14,188] - Resmgr::initialize: KBE_RES_PATH=D:/KBE/kbengine-2.2.0/kbe/res/;D:/KBE/kbengine-2.2.0/ori_assets/;D:/KBE/kbengine-2.2.0/ori_assets/scripts/;D:/KBE/kbengine-2.2.0/ori_assets/res/
  INFO root [2018-08-22 11:55:14,189] - Resmgr::initialize: KBE_BIN_PATH=D:/KBE/kbengine-2.2.0/kbe/bin/server/
  INFO root [2018-08-22 11:55:14,212] - NetworkInterface::initialize(INTERNAL-TCP): bound to all interfaces with default route interface on 192.168.0.155 ( 192.168.0.155:30099 )
  INFO root [2018-08-22 11:55:14,213] - NetworkInterface::initialize(INTERNAL-TCP): address 192.168.0.155:30099, SOMAXCONN=5.
  INFO root [2018-08-22 11:55:14,226] - ---- interfaces Version: 2.2.0. ScriptVersion: 0.1.0. Protocol: 02AFC29E4F5C607C91FFC8D093B53B8B. Config: Debug X86. Built: 18:34:02 Aug  8 2018. AppID: 3000. UID: 13457. PID: 288456 ----
  INFO root [2018-08-22 11:55:14,227] - Server : Intel(R) Core(TM) i7-6700 CPU @ 3.40GHz with 4194303kB RAM
  INFO root [2018-08-22 11:55:14,227] - ThreadPool::createThreadPool: creating  threadpool...
  INFO root [2018-08-22 11:55:14,228] - ThreadPool::createThreadPool: successfully(2), newThreadCount=1, normalMaxThreadCount=2, maxThreadCount=8
 DEBUG root [2018-08-22 11:55:14,434] - Script::install_py_dlls(): PyInit_pyexpat
 DEBUG root [2018-08-22 11:55:14,435] - Script::install_py_dlls(): PyInit__socket
 DEBUG root [2018-08-22 11:55:14,436] - Script::install_py_dlls(): PyInit__ssl
 DEBUG root [2018-08-22 11:55:14,444] - Script::install_py_dlls(): PyInit__hashlib
 DEBUG root [2018-08-22 11:55:14,445] - Script::install_py_dlls(): PyInit_select
 DEBUG root [2018-08-22 11:55:14,445] - Script::install_py_dlls(): PyInit__ctypes
 DEBUG root [2018-08-22 11:55:14,447] - Script::install_py_dlls(): PyInit__elementtree
 DEBUG root [2018-08-22 11:55:14,562] - Script::install_py_dlls(): PyInit_unicodedata
  INFO root [2018-08-22 11:55:14,667] - Script::install(): is successfully, Python=(3.4.2 (default, Aug  8 2018, 18:33:54) [MSC v.1913 32 bit (Intel)])!
  INFO root [2018-08-22 11:55:14,667] - Script::install(): KBExtra is successfully!
S_INFO root [2018-08-22 11:55:14,694] - onInterfaceAppReady: bootstrapGroupIndex=0, bootstrapGlobalIndex=0
  INFO root [2018-08-22 11:55:14,714] - TelnetServer server is running on port 33000
  INFO root [2018-08-22 11:55:15,526] - ---- interfaces is running ----
 DEBUG root [2018-08-22 11:55:15,527] - Components::process(): Request for the process of identity...
  INFO root [2018-08-22 11:55:30,394] - Components::process(): Found all the components!
  WARN root [2018-08-22 11:56:05,855] - TCPPacketReceiver::processPendingEvents(127.0.0.1:59606): Throwing REASON_GENERAL_NETWORK - WSAECONNRESET
  INFO root [2018-08-22 11:56:31,865] - 
  INFO root [2018-08-22 11:56:31,865] - -----------------------------------------------------------------------------------------


  INFO root [2018-08-22 11:56:31,868] - Resmgr::initialize: KBE_ROOT=D:/KBE/kbengine-2.2.0/
  INFO root [2018-08-22 11:56:31,868] - Resmgr::initialize: KBE_RES_PATH=D:/KBE/kbengine-2.2.0/kbe/res/;D:/KBE/kbengine-2.2.0/ori_assets/;D:/KBE/kbengine-2.2.0/ori_assets/scripts/;D:/KBE/kbengine-2.2.0/ori_assets/res/
  INFO root [2018-08-22 11:56:31,869] - Resmgr::initialize: KBE_BIN_PATH=D:/KBE/kbengine-2.2.0/kbe/bin/server/
  INFO root [2018-08-22 11:56:31,882] - NetworkInterface::initialize(INTERNAL-TCP): bound to all interfaces with default route interface on 192.168.0.155 ( 192.168.0.155:30099 )
  INFO root [2018-08-22 11:56:31,882] - NetworkInterface::initialize(INTERNAL-TCP): address 192.168.0.155:30099, SOMAXCONN=5.
  INFO root [2018-08-22 11:56:31,892] - ---- interfaces Version: 2.2.0. ScriptVersion: 0.1.0. Protocol: 02AFC29E4F5C607C91FFC8D093B53B8B. Config: Debug X86. Built: 18:34:02 Aug  8 2018. AppID: 3000. UID: 13712. PID: 303932 ----
  INFO root [2018-08-22 11:56:31,893] - Server : Intel(R) Core(TM) i7-6700 CPU @ 3.40GHz with 4194303kB RAM
  INFO root [2018-08-22 11:56:31,894] - ThreadPool::createThreadPool: creating  threadpool...
  INFO root [2018-08-22 11:56:31,894] - ThreadPool::createThreadPool: successfully(2), newThreadCount=1, normalMaxThreadCount=2, maxThreadCount=8
 DEBUG root [2018-08-22 11:56:32,089] - Script::install_py_dlls(): PyInit_pyexpat
 DEBUG root [2018-08-22 11:56:32,090] - Script::install_py_dlls(): PyInit__socket
 DEBUG root [2018-08-22 11:56:32,091] - Script::install_py_dlls(): PyInit__ssl
 DEBUG root [2018-08-22 11:56:32,097] - Script::install_py_dlls(): PyInit__hashlib
 DEBUG root [2018-08-22 11:56:32,098] - Script::install_py_dlls(): PyInit_select
 DEBUG root [2018-08-22 11:56:32,098] - Script::install_py_dlls(): PyInit__ctypes
 DEBUG root [2018-08-22 11:56:32,100] - Script::install_py_dlls(): PyInit__elementtree
 DEBUG root [2018-08-22 11:56:32,190] - Script::install_py_dlls(): PyInit_unicodedata
  INFO root [2018-08-22 11:56:32,314] - Script::install(): is successfully, Python=(3.4.2 (default, Aug  8 2018, 18:33:54) [MSC v.1913 32 bit (Intel)])!
  INFO root [2018-08-22 11:56:32,314] - Script::install(): KBExtra is successfully!
S_INFO root [2018-08-22 11:56:32,364] - onInterfaceAppReady: bootstrapGroupIndex=0, bootstrapGlobalIndex=0
  INFO root [2018-08-22 11:56:32,392] - TelnetServer server is running on port 33000
  INFO root [2018-08-22 11:56:33,095] - ---- interfaces is running ----
 DEBUG root [2018-08-22 11:56:33,096] - Components::process(): Request for the process of identity...
  INFO root [2018-08-22 11:56:45,171] - Components::process(): Found all the components!
S_INFO root [2018-08-22 11:57:51,439] - onRequestAccountLogin: registerName=luozhonghai
S_INFO root [2018-08-22 11:57:53,019] - onRequestAccountLogin: registerName=luozhonghai
  WARN root [2018-08-22 11:58:08,966] - TCPPacketReceiver::processPendingEvents(127.0.0.1:59657): Throwing REASON_GENERAL_NETWORK - WSAECONNRESET
  INFO root [2018-08-22 11:58:47,120] - 
  INFO root [2018-08-22 11:58:47,121] - -----------------------------------------------------------------------------------------


  INFO root [2018-08-22 11:58:47,122] - Resmgr::initialize: KBE_ROOT=D:/KBE/kbengine-2.2.0/
  INFO root [2018-08-22 11:58:47,123] - Resmgr::initialize: KBE_RES_PATH=D:/KBE/kbengine-2.2.0/kbe/res/;D:/KBE/kbengine-2.2.0/ori_assets/;D:/KBE/kbengine-2.2.0/ori_assets/scripts/;D:/KBE/kbengine-2.2.0/ori_assets/res/
  INFO root [2018-08-22 11:58:47,123] - Resmgr::initialize: KBE_BIN_PATH=D:/KBE/kbengine-2.2.0/kbe/bin/server/
  INFO root [2018-08-22 11:58:47,132] - NetworkInterface::initialize(INTERNAL-TCP): bound to all interfaces with default route interface on 192.168.0.155 ( 192.168.0.155:30099 )
  INFO root [2018-08-22 11:58:47,133] - NetworkInterface::initialize(INTERNAL-TCP): address 192.168.0.155:30099, SOMAXCONN=5.
  INFO root [2018-08-22 11:58:47,143] - ---- interfaces Version: 2.2.0. ScriptVersion: 0.1.0. Protocol: 02AFC29E4F5C607C91FFC8D093B53B8B. Config: Debug X86. Built: 18:34:02 Aug  8 2018. AppID: 3000. UID: 14163. PID: 269328 ----
  INFO root [2018-08-22 11:58:47,143] - Server : Intel(R) Core(TM) i7-6700 CPU @ 3.40GHz with 4194303kB RAM
  INFO root [2018-08-22 11:58:47,144] - ThreadPool::createThreadPool: creating  threadpool...
  INFO root [2018-08-22 11:58:47,144] - ThreadPool::createThreadPool: successfully(2), newThreadCount=1, normalMaxThreadCount=2, maxThreadCount=8
 DEBUG root [2018-08-22 11:58:47,354] - Script::install_py_dlls(): PyInit_pyexpat
 DEBUG root [2018-08-22 11:58:47,354] - Script::install_py_dlls(): PyInit__socket
 DEBUG root [2018-08-22 11:58:47,355] - Script::install_py_dlls(): PyInit__ssl
 DEBUG root [2018-08-22 11:58:47,362] - Script::install_py_dlls(): PyInit__hashlib
 DEBUG root [2018-08-22 11:58:47,362] - Script::install_py_dlls(): PyInit_select
 DEBUG root [2018-08-22 11:58:47,362] - Script::install_py_dlls(): PyInit__ctypes
 DEBUG root [2018-08-22 11:58:47,363] - Script::install_py_dlls(): PyInit__elementtree
 DEBUG root [2018-08-22 11:58:47,492] - Script::install_py_dlls(): PyInit_unicodedata
  INFO root [2018-08-22 11:58:47,584] - Script::install(): is successfully, Python=(3.4.2 (default, Aug  8 2018, 18:33:54) [MSC v.1913 32 bit (Intel)])!
  INFO root [2018-08-22 11:58:47,584] - Script::install(): KBExtra is successfully!
S_INFO root [2018-08-22 11:58:47,611] - onInterfaceAppReady: bootstrapGroupIndex=0, bootstrapGlobalIndex=0
  INFO root [2018-08-22 11:58:47,699] - TelnetServer server is running on port 33000
  INFO root [2018-08-22 11:58:48,696] - ---- interfaces is running ----
 DEBUG root [2018-08-22 11:58:48,697] - Components::process(): Request for the process of identity...
  INFO root [2018-08-22 11:59:03,525] - Components::process(): Found all the components!
S_INFO root [2018-08-22 11:59:38,106] - onRequestAccountLogin: registerName=luozhonghai
S_INFO root [2018-08-22 12:01:09,348] - onRequestAccountLogin: registerName=hashvr
S_INFO root [2018-08-22 12:06:04,618] - onRequestAccountLogin: registerName=luozhonghai
S_INFO root [2018-08-22 12:06:54,622] - onRequestAccountLogin: registerName=hashvr
S_INFO root [2018-08-22 12:09:29,602] - onRequestAccountLogin: registerName=luozhonghai
S_INFO root [2018-08-22 12:10:32,967] - onRequestAccountLogin: registerName=luozhonghai
S_INFO root [2018-08-22 12:11:23,176] - onRequestAccountLogin: registerName=hashvr
S_INFO root [2018-08-22 13:11:20,682] - onRequestAccountLogin: registerName=luozhonghai
S_INFO root [2018-08-22 13:12:15,521] - onRequestAccountLogin: registerName=hashvr
S_INFO root [2018-08-22 13:25:44,098] - onRequestAccountLogin: registerName=luozhonghai
S_INFO root [2018-08-22 13:26:33,118] - onRequestAccountLogin: registerName=hashvr
S_INFO root [2018-08-22 13:30:29,457] - onRequestAccountLogin: registerName=luozhonghai
S_INFO root [2018-08-22 13:31:13,760] - onRequestAccountLogin: registerName=hashvr
S_INFO root [2018-08-22 13:36:58,889] - onRequestAccountLogin: registerName=luozhonghai
S_INFO root [2018-08-22 13:37:53,820] - onRequestAccountLogin: registerName=hashvr
S_INFO root [2018-08-22 13:42:06,177] - onRequestAccountLogin: registerName=luozhonghai
S_INFO root [2018-08-22 13:42:57,193] - onRequestAccountLogin: registerName=hashvr
S_INFO root [2018-08-22 13:44:36,163] - onRequestAccountLogin: registerName=luozhonghai
S_INFO root [2018-08-22 13:45:23,730] - onRequestAccountLogin: registerName=hashvr
  WARN root [2018-08-22 13:50:17,836] - TCPPacketReceiver::processPendingEvents(127.0.0.1:59716): Throwing REASON_GENERAL_NETWORK - WSAECONNRESET
  INFO root [2018-08-22 17:12:48,384] - 
  INFO root [2018-08-22 17:12:48,454] - -----------------------------------------------------------------------------------------


  INFO root [2018-08-22 17:12:48,612] - Resmgr::initialize: KBE_ROOT=G:/kbengine-2.2.0/
  INFO root [2018-08-22 17:12:48,613] - Resmgr::initialize: KBE_RES_PATH=G:/kbengine-2.2.0/kbe/res/;G:/kbengine-2.2.0/Server/;G:/kbengine-2.2.0/Server/scripts/;G:/kbengine-2.2.0/Server/res/
  INFO root [2018-08-22 17:12:48,613] - Resmgr::initialize: KBE_BIN_PATH=G:/kbengine-2.2.0/kbe/bin/server/
  INFO root [2018-08-22 17:12:48,647] - NetworkInterface::initialize(INTERNAL-TCP): bound to all interfaces with default route interface on 192.168.0.149 ( 192.168.0.149:30099 )
  INFO root [2018-08-22 17:12:48,668] - NetworkInterface::initialize(INTERNAL-TCP): address 192.168.0.149:30099, SOMAXCONN=5.
  INFO root [2018-08-22 17:12:48,684] - ---- interfaces Version: 2.2.0. ScriptVersion: 0.1.0. Protocol: 02AFC29E4F5C607C91FFC8D093B53B8B. Config: Debug X86. Built: 18:10:44 Aug 17 2018. AppID: 3000. UID: 10147. PID: 5784 ----
  INFO root [2018-08-22 17:12:48,685] - Server : Intel(R) Xeon(R) CPU E3-1231 v3 @ 3.40GHz with 4194303kB RAM
  INFO root [2018-08-22 17:12:48,685] - ThreadPool::createThreadPool: creating  threadpool...
  INFO root [2018-08-22 17:12:48,686] - ThreadPool::createThreadPool: successfully(2), newThreadCount=1, normalMaxThreadCount=2, maxThreadCount=8
 DEBUG root [2018-08-22 17:12:48,993] - Script::install_py_dlls(): PyInit_pyexpat
 DEBUG root [2018-08-22 17:12:49,001] - Script::install_py_dlls(): PyInit__socket
 DEBUG root [2018-08-22 17:12:49,011] - Script::install_py_dlls(): PyInit__ssl
 DEBUG root [2018-08-22 17:12:49,080] - Script::install_py_dlls(): PyInit__hashlib
 DEBUG root [2018-08-22 17:12:49,082] - Script::install_py_dlls(): PyInit_select
 DEBUG root [2018-08-22 17:12:49,082] - Script::install_py_dlls(): PyInit__ctypes
 DEBUG root [2018-08-22 17:12:49,109] - Script::install_py_dlls(): PyInit__elementtree
 DEBUG root [2018-08-22 17:12:49,253] - Script::install_py_dlls(): PyInit_unicodedata
  INFO root [2018-08-22 17:12:49,583] - Script::install(): is successfully, Python=(3.4.2 (default, Aug 17 2018, 18:10:35) [MSC v.1914 32 bit (Intel)])!
  INFO root [2018-08-22 17:12:49,583] - Script::install(): KBExtra is successfully!
S_INFO root [2018-08-22 17:12:49,663] - onInterfaceAppReady: bootstrapGroupIndex=0, bootstrapGlobalIndex=0
  INFO root [2018-08-22 17:12:49,684] - TelnetServer server is running on port 33000
  INFO root [2018-08-22 17:12:50,192] - ---- interfaces is running ----
 DEBUG root [2018-08-22 17:12:50,193] - Components::process(): Request for the process of identity...
 ERROR root [2018-08-22 17:12:50,512] - Components::process: found interfaces, addr:192.168.0.155:30099
 ERROR root [2018-08-22 17:12:50,514] - ServerApp::onIdentityillegal: The current process and interfaces(componentID=3000 ->conflicted???, pid=303384, addr=192.168.0.155) conflict, the process will exit!
Can modify the components-CID and UID to avoid conflict.
  INFO root [2018-08-22 17:12:50,515] - Shutdowner::onShutdownBegin: shutting down(period=1, tickPeriod=1)
S_INFO root [2018-08-22 17:12:50,515] - onInterfaceAppShutDown()
  INFO root [2018-08-22 17:12:51,516] - Shutdowner::onShutdown: shutting down
  INFO root [2018-08-22 17:12:52,518] - Shutdowner::onShutdownEnd: shutting down
 DEBUG root [2018-08-22 17:12:52,518] - Script::uninstall_py_dlls(): PyInit_pyexpat
 DEBUG root [2018-08-22 17:12:52,518] - Script::uninstall_py_dlls(): PyInit__socket
 DEBUG root [2018-08-22 17:12:52,519] - Script::uninstall_py_dlls(): PyInit__ssl
 DEBUG root [2018-08-22 17:12:52,519] - Script::uninstall_py_dlls(): PyInit__hashlib
 DEBUG root [2018-08-22 17:12:52,519] - Script::uninstall_py_dlls(): PyInit_select
 DEBUG root [2018-08-22 17:12:52,519] - Script::uninstall_py_dlls(): PyInit__ctypes
 DEBUG root [2018-08-22 17:12:52,519] - Script::uninstall_py_dlls(): PyInit__elementtree
 DEBUG root [2018-08-22 17:12:52,519] - Script::uninstall_py_dlls(): PyInit_unicodedata
  INFO root [2018-08-22 17:12:52,535] - Script::uninstall(): is successfully!
 DEBUG root [2018-08-22 17:12:52,535] - ThreadPool::destroy(): starting size 2.
  WARN root [2018-08-22 17:12:52,835] - ThreadPool::destroy(): waiting for thread(2)[0x1ce4f98,0x1ce4f30,], try=1
 DEBUG root [2018-08-22 17:12:53,235] - TPThread::~TPThread(): 0x1ce4f98
 DEBUG root [2018-08-22 17:12:53,235] - TPThread::~TPThread(): 0x1ce4f30
 DEBUG root [2018-08-22 17:12:53,235] - ThreadPool::destroy(): successfully!
 DEBUG root [2018-08-22 17:12:53,255] - Bundle::destroyObjPool(): size 4.
 DEBUG root [2018-08-22 17:12:53,255] - Channel::destroyObjPool(): size 0.
 DEBUG root [2018-08-22 17:12:53,255] - TCPPacket::destroyObjPool(): size 0.
 DEBUG root [2018-08-22 17:12:53,255] - UDPPacket::destroyObjPool(): size 14.
 DEBUG root [2018-08-22 17:12:53,256] - EndPoint::destroyObjPool(): size 0.
 DEBUG root [2018-08-22 17:12:53,256] - Address::destroyObjPool(): size 0.
 DEBUG root [2018-08-22 17:12:53,256] - TCPPacketReceiver::destroyObjPool(): size 0.
 DEBUG root [2018-08-22 17:12:53,256] - UDPPacketReceiver::destroyObjPool(): size 0.
  INFO root [2018-08-22 17:12:53,257] - interfaces(3000) has shut down.
  INFO root [2018-08-22 17:12:54,257] - EventDispatcher()::~EventDispatcher: Num timers = 2
  INFO root [2018-08-22 17:39:46,539] - 
  INFO root [2018-08-22 17:39:46,562] - -----------------------------------------------------------------------------------------


  INFO root [2018-08-22 17:39:46,564] - Resmgr::initialize: KBE_ROOT=G:/kbengine-2.2.0/
  INFO root [2018-08-22 17:39:46,564] - Resmgr::initialize: KBE_RES_PATH=G:/kbengine-2.2.0/kbe/res/;G:/kbengine-2.2.0/Server/;G:/kbengine-2.2.0/Server/scripts/;G:/kbengine-2.2.0/Server/res/
  INFO root [2018-08-22 17:39:46,564] - Resmgr::initialize: KBE_BIN_PATH=G:/kbengine-2.2.0/kbe/bin/server/
  INFO root [2018-08-22 17:39:46,571] - NetworkInterface::initialize(INTERNAL-TCP): bound to all interfaces with default route interface on 192.168.0.149 ( 192.168.0.149:30099 )
  INFO root [2018-08-22 17:39:46,572] - NetworkInterface::initialize(INTERNAL-TCP): address 192.168.0.149:30099, SOMAXCONN=5.
  INFO root [2018-08-22 17:39:46,581] - ---- interfaces Version: 2.2.0. ScriptVersion: 0.1.0. Protocol: 02AFC29E4F5C607C91FFC8D093B53B8B. Config: Debug X86. Built: 18:10:44 Aug 17 2018. AppID: 3000. UID: 15444. PID: 27112 ----
  INFO root [2018-08-22 17:39:46,582] - Server : Intel(R) Xeon(R) CPU E3-1231 v3 @ 3.40GHz with 4194303kB RAM
  INFO root [2018-08-22 17:39:46,582] - ThreadPool::createThreadPool: creating  threadpool...
  INFO root [2018-08-22 17:39:46,583] - ThreadPool::createThreadPool: successfully(2), newThreadCount=1, normalMaxThreadCount=2, maxThreadCount=8
 DEBUG root [2018-08-22 17:39:47,273] - Script::install_py_dlls(): PyInit_pyexpat
 DEBUG root [2018-08-22 17:39:47,274] - Script::install_py_dlls(): PyInit__socket
 DEBUG root [2018-08-22 17:39:47,274] - Script::install_py_dlls(): PyInit__ssl
 DEBUG root [2018-08-22 17:39:47,283] - Script::install_py_dlls(): PyInit__hashlib
 DEBUG root [2018-08-22 17:39:47,284] - Script::install_py_dlls(): PyInit_select
 DEBUG root [2018-08-22 17:39:47,284] - Script::install_py_dlls(): PyInit__ctypes
 DEBUG root [2018-08-22 17:39:47,286] - Script::install_py_dlls(): PyInit__elementtree
 DEBUG root [2018-08-22 17:39:48,161] - Script::install_py_dlls(): PyInit_unicodedata
  INFO root [2018-08-22 17:39:48,650] - Script::install(): is successfully, Python=(3.4.2 (default, Aug 17 2018, 18:10:35) [MSC v.1914 32 bit (Intel)])!
  INFO root [2018-08-22 17:39:48,650] - Script::install(): KBExtra is successfully!
S_INFO root [2018-08-22 17:39:48,699] - onInterfaceAppReady: bootstrapGroupIndex=0, bootstrapGlobalIndex=0
  INFO root [2018-08-22 17:39:48,725] - TelnetServer server is running on port 33000
  INFO root [2018-08-22 17:39:49,550] - ---- interfaces is running ----
 DEBUG root [2018-08-22 17:39:49,551] - Components::process(): Request for the process of identity...
  INFO root [2018-08-22 17:39:56,899] - Components::process(): Found all the components!
S_INFO root [2018-08-22 17:42:12,292] - onRequestAccountLogin: registerName=123
S_INFO root [2018-08-22 17:42:44,823] - onRequestAccountLogin: registerName=hashvr
S_INFO root [2018-08-22 17:59:54,195] - onRequestAccountLogin: registerName=123
S_INFO root [2018-08-22 18:02:43,698] - onRequestAccountLogin: registerName=123
S_INFO root [2018-08-22 18:23:32,486] - onRequestAccountLogin: registerName=123
S_INFO root [2018-08-22 18:29:50,058] - onRequestAccountLogin: registerName=123
S_INFO root [2018-08-22 18:34:41,526] - onRequestAccountLogin: registerName=hashvr
S_INFO root [2018-08-22 18:34:46,052] - onRequestAccountLogin: registerName=123
S_INFO root [2018-08-22 18:36:43,866] - onRequestAccountLogin: registerName=hashvr
S_INFO root [2018-08-22 18:39:41,900] - onRequestAccountLogin: registerName=hashvr
S_INFO root [2018-08-22 18:59:50,184] - onRequestAccountLogin: registerName=123
S_INFO root [2018-08-22 19:01:18,055] - onRequestAccountLogin: registerName=hashvr
S_INFO root [2018-08-22 19:02:13,274] - onRequestAccountLogin: registerName=hashvr
S_INFO root [2018-08-22 19:03:07,712] - onRequestAccountLogin: registerName=hashvr
S_INFO root [2018-08-22 19:36:05,565] - onRequestAccountLogin: registerName=123
S_INFO root [2018-08-22 19:37:38,543] - onRequestAccountLogin: registerName=hashvr
S_INFO root [2018-08-22 19:45:30,230] - onRequestAccountLogin: registerName=123
S_INFO root [2018-08-22 19:46:57,613] - onRequestAccountLogin: registerName=hashvr
  WARN root [2018-08-22 19:50:57,297] - TCPPacketReceiver::processPendingEvents(127.0.0.1:56922): Throwing REASON_GENERAL_NETWORK - WSAECONNRESET
