  INFO root [2018-08-20 14:02:56,742] - 
  INFO root [2018-08-20 14:02:56,743] - -----------------------------------------------------------------------------------------


  INFO root [2018-08-20 14:02:56,744] - Resmgr::initialize: KBE_ROOT=D:/KBE/kbengine-2.2.0/
  INFO root [2018-08-20 14:02:56,744] - Resmgr::initialize: KBE_RES_PATH=D:/KBE/kbengine-2.2.0/kbe/res/;D:/KBE/kbengine-2.2.0/ori_assets/;D:/KBE/kbengine-2.2.0/ori_assets/scripts/;D:/KBE/kbengine-2.2.0/ori_assets/res/
  INFO root [2018-08-20 14:02:56,744] - Resmgr::initialize: KBE_BIN_PATH=D:/KBE/kbengine-2.2.0/kbe/bin/server/
  INFO root [2018-08-20 14:02:56,773] - NetworkInterface::initialize(INTERNAL-TCP): bound to all interfaces with default route interface on 192.168.0.155 ( 192.168.0.155:30099 )
  INFO root [2018-08-20 14:02:56,773] - NetworkInterface::initialize(INTERNAL-TCP): address 192.168.0.155:30099, SOMAXCONN=5.
  INFO root [2018-08-20 14:02:56,779] - ---- interfaces Version: 2.2.0. ScriptVersion: 0.1.0. Protocol: 02AFC29E4F5C607C91FFC8D093B53B8B. Config: Debug X86. Built: 18:34:02 Aug  8 2018. AppID: 3000. UID: 31258. PID: 45736 ----
  INFO root [2018-08-20 14:02:56,780] - Server : Intel(R) Core(TM) i7-6700 CPU @ 3.40GHz with 4194303kB RAM
  INFO root [2018-08-20 14:02:56,780] - ThreadPool::createThreadPool: creating  threadpool...
  INFO root [2018-08-20 14:02:56,781] - ThreadPool::createThreadPool: successfully(2), newThreadCount=1, normalMaxThreadCount=2, maxThreadCount=8
 DEBUG root [2018-08-20 14:02:56,984] - Script::install_py_dlls(): PyInit_pyexpat
 DEBUG root [2018-08-20 14:02:56,985] - Script::install_py_dlls(): PyInit__socket
 DEBUG root [2018-08-20 14:02:56,985] - Script::install_py_dlls(): PyInit__ssl
 DEBUG root [2018-08-20 14:02:56,989] - Script::install_py_dlls(): PyInit__hashlib
 DEBUG root [2018-08-20 14:02:56,990] - Script::install_py_dlls(): PyInit_select
 DEBUG root [2018-08-20 14:02:56,990] - Script::install_py_dlls(): PyInit__ctypes
 DEBUG root [2018-08-20 14:02:56,991] - Script::install_py_dlls(): PyInit__elementtree
 DEBUG root [2018-08-20 14:02:57,044] - Script::install_py_dlls(): PyInit_unicodedata
  INFO root [2018-08-20 14:02:57,094] - Script::install(): is successfully, Python=(3.4.2 (default, Aug  8 2018, 18:33:54) [MSC v.1913 32 bit (Intel)])!
  INFO root [2018-08-20 14:02:57,095] - Script::install(): KBExtra is successfully!
S_INFO root [2018-08-20 14:02:57,253] - onInterfaceAppReady: bootstrapGroupIndex=0, bootstrapGlobalIndex=0
  INFO root [2018-08-20 14:02:57,267] - TelnetServer server is running on port 33000
  INFO root [2018-08-20 14:02:58,020] - ---- interfaces is running ----
 DEBUG root [2018-08-20 14:02:58,021] - Components::process(): Request for the process of identity...
  INFO root [2018-08-20 14:03:05,354] - Components::process(): Found all the components!
  INFO root [2018-08-20 14:05:19,826] - 
  INFO root [2018-08-20 14:05:19,826] - -----------------------------------------------------------------------------------------


  INFO root [2018-08-20 14:05:19,828] - Resmgr::initialize: KBE_ROOT=D:/KBE/kbengine-2.2.0/
  INFO root [2018-08-20 14:05:19,828] - Resmgr::initialize: KBE_RES_PATH=D:/KBE/kbengine-2.2.0/kbe/res/;D:/KBE/kbengine-2.2.0/ori_assets/;D:/KBE/kbengine-2.2.0/ori_assets/scripts/;D:/KBE/kbengine-2.2.0/ori_assets/res/
  INFO root [2018-08-20 14:05:19,828] - Resmgr::initialize: KBE_BIN_PATH=D:/KBE/kbengine-2.2.0/kbe/bin/server/
  INFO root [2018-08-20 14:05:19,882] - NetworkInterface::initialize(INTERNAL-TCP): bound to all interfaces with default route interface on 192.168.0.155 ( 192.168.0.155:30099 )
  INFO root [2018-08-20 14:05:19,883] - NetworkInterface::initialize(INTERNAL-TCP): address 192.168.0.155:30099, SOMAXCONN=5.
  INFO root [2018-08-20 14:05:19,892] - ---- interfaces Version: 2.2.0. ScriptVersion: 0.1.0. Protocol: 02AFC29E4F5C607C91FFC8D093B53B8B. Config: Debug X86. Built: 18:34:02 Aug  8 2018. AppID: 3000. UID: 31725. PID: 47372 ----
  INFO root [2018-08-20 14:05:19,893] - Server : Intel(R) Core(TM) i7-6700 CPU @ 3.40GHz with 4194303kB RAM
  INFO root [2018-08-20 14:05:19,896] - ThreadPool::createThreadPool: creating  threadpool...
  INFO root [2018-08-20 14:05:19,897] - ThreadPool::createThreadPool: successfully(2), newThreadCount=1, normalMaxThreadCount=2, maxThreadCount=8
 DEBUG root [2018-08-20 14:05:20,074] - Script::install_py_dlls(): PyInit_pyexpat
 DEBUG root [2018-08-20 14:05:20,075] - Script::install_py_dlls(): PyInit__socket
 DEBUG root [2018-08-20 14:05:20,076] - Script::install_py_dlls(): PyInit__ssl
 DEBUG root [2018-08-20 14:05:20,081] - Script::install_py_dlls(): PyInit__hashlib
 DEBUG root [2018-08-20 14:05:20,081] - Script::install_py_dlls(): PyInit_select
 DEBUG root [2018-08-20 14:05:20,081] - Script::install_py_dlls(): PyInit__ctypes
 DEBUG root [2018-08-20 14:05:20,083] - Script::install_py_dlls(): PyInit__elementtree
 DEBUG root [2018-08-20 14:05:20,150] - Script::install_py_dlls(): PyInit_unicodedata
  INFO root [2018-08-20 14:05:20,211] - Script::install(): is successfully, Python=(3.4.2 (default, Aug  8 2018, 18:33:54) [MSC v.1913 32 bit (Intel)])!
  INFO root [2018-08-20 14:05:20,211] - Script::install(): KBExtra is successfully!
S_INFO root [2018-08-20 14:05:20,228] - onInterfaceAppReady: bootstrapGroupIndex=0, bootstrapGlobalIndex=0
  INFO root [2018-08-20 14:05:20,243] - TelnetServer server is running on port 33000
  INFO root [2018-08-20 14:05:20,651] - ---- interfaces is running ----
 DEBUG root [2018-08-20 14:05:20,651] - Components::process(): Request for the process of identity...
  INFO root [2018-08-20 14:05:28,030] - Components::process(): Found all the components!
  INFO root [2018-08-20 14:07:55,486] - 
  INFO root [2018-08-20 14:07:55,492] - -----------------------------------------------------------------------------------------


  INFO root [2018-08-20 14:07:55,494] - Resmgr::initialize: KBE_ROOT=D:/KBE/kbengine-2.2.0/
  INFO root [2018-08-20 14:07:55,494] - Resmgr::initialize: KBE_RES_PATH=D:/KBE/kbengine-2.2.0/kbe/res/;D:/KBE/kbengine-2.2.0/ori_assets/;D:/KBE/kbengine-2.2.0/ori_assets/scripts/;D:/KBE/kbengine-2.2.0/ori_assets/res/
  INFO root [2018-08-20 14:07:55,494] - Resmgr::initialize: KBE_BIN_PATH=D:/KBE/kbengine-2.2.0/kbe/bin/server/
  INFO root [2018-08-20 14:07:55,555] - NetworkInterface::initialize(INTERNAL-TCP): bound to all interfaces with default route interface on 192.168.0.155 ( 192.168.0.155:30099 )
  INFO root [2018-08-20 14:07:55,555] - NetworkInterface::initialize(INTERNAL-TCP): address 192.168.0.155:30099, SOMAXCONN=5.
  INFO root [2018-08-20 14:07:55,567] - ---- interfaces Version: 2.2.0. ScriptVersion: 0.1.0. Protocol: 02AFC29E4F5C607C91FFC8D093B53B8B. Config: Debug X86. Built: 18:34:02 Aug  8 2018. AppID: 3000. UID: 32241. PID: 52816 ----
  INFO root [2018-08-20 14:07:55,568] - Server : Intel(R) Core(TM) i7-6700 CPU @ 3.40GHz with 4194303kB RAM
  INFO root [2018-08-20 14:07:55,568] - ThreadPool::createThreadPool: creating  threadpool...
  INFO root [2018-08-20 14:07:55,571] - ThreadPool::createThreadPool: successfully(2), newThreadCount=1, normalMaxThreadCount=2, maxThreadCount=8
 DEBUG root [2018-08-20 14:07:55,792] - Script::install_py_dlls(): PyInit_pyexpat
 DEBUG root [2018-08-20 14:07:55,793] - Script::install_py_dlls(): PyInit__socket
 DEBUG root [2018-08-20 14:07:55,794] - Script::install_py_dlls(): PyInit__ssl
 DEBUG root [2018-08-20 14:07:55,802] - Script::install_py_dlls(): PyInit__hashlib
 DEBUG root [2018-08-20 14:07:55,803] - Script::install_py_dlls(): PyInit_select
 DEBUG root [2018-08-20 14:07:55,803] - Script::install_py_dlls(): PyInit__ctypes
 DEBUG root [2018-08-20 14:07:55,805] - Script::install_py_dlls(): PyInit__elementtree
 DEBUG root [2018-08-20 14:07:55,915] - Script::install_py_dlls(): PyInit_unicodedata
  INFO root [2018-08-20 14:07:56,020] - Script::install(): is successfully, Python=(3.4.2 (default, Aug  8 2018, 18:33:54) [MSC v.1913 32 bit (Intel)])!
  INFO root [2018-08-20 14:07:56,020] - Script::install(): KBExtra is successfully!
S_INFO root [2018-08-20 14:07:56,047] - onInterfaceAppReady: bootstrapGroupIndex=0, bootstrapGlobalIndex=0
  INFO root [2018-08-20 14:07:56,065] - TelnetServer server is running on port 33000
  INFO root [2018-08-20 14:07:56,732] - ---- interfaces is running ----
 DEBUG root [2018-08-20 14:07:56,732] - Components::process(): Request for the process of identity...
  INFO root [2018-08-20 14:08:04,104] - Components::process(): Found all the components!
  WARN root [2018-08-20 14:09:09,368] - TCPPacketReceiver::processPendingEvents(127.0.0.1:56865): Throwing REASON_GENERAL_NETWORK - WSAECONNRESET
  INFO root [2018-08-20 14:09:24,267] - 
  INFO root [2018-08-20 14:09:24,268] - -----------------------------------------------------------------------------------------


  INFO root [2018-08-20 14:09:24,269] - Resmgr::initialize: KBE_ROOT=D:/KBE/kbengine-2.2.0/
  INFO root [2018-08-20 14:09:24,269] - Resmgr::initialize: KBE_RES_PATH=D:/KBE/kbengine-2.2.0/kbe/res/;D:/KBE/kbengine-2.2.0/ori_assets/;D:/KBE/kbengine-2.2.0/ori_assets/scripts/;D:/KBE/kbengine-2.2.0/ori_assets/res/
  INFO root [2018-08-20 14:09:24,269] - Resmgr::initialize: KBE_BIN_PATH=D:/KBE/kbengine-2.2.0/kbe/bin/server/
  INFO root [2018-08-20 14:09:24,295] - NetworkInterface::initialize(INTERNAL-TCP): bound to all interfaces with default route interface on 192.168.0.155 ( 192.168.0.155:30099 )
  INFO root [2018-08-20 14:09:24,296] - NetworkInterface::initialize(INTERNAL-TCP): address 192.168.0.155:30099, SOMAXCONN=5.
  INFO root [2018-08-20 14:09:24,301] - ---- interfaces Version: 2.2.0. ScriptVersion: 0.1.0. Protocol: 02AFC29E4F5C607C91FFC8D093B53B8B. Config: Debug X86. Built: 18:34:02 Aug  8 2018. AppID: 3000. UID: 32529. PID: 31308 ----
  INFO root [2018-08-20 14:09:24,301] - Server : Intel(R) Core(TM) i7-6700 CPU @ 3.40GHz with 4194303kB RAM
  INFO root [2018-08-20 14:09:24,302] - ThreadPool::createThreadPool: creating  threadpool...
  INFO root [2018-08-20 14:09:24,302] - ThreadPool::createThreadPool: successfully(2), newThreadCount=1, normalMaxThreadCount=2, maxThreadCount=8
 DEBUG root [2018-08-20 14:09:24,466] - Script::install_py_dlls(): PyInit_pyexpat
 DEBUG root [2018-08-20 14:09:24,467] - Script::install_py_dlls(): PyInit__socket
 DEBUG root [2018-08-20 14:09:24,467] - Script::install_py_dlls(): PyInit__ssl
 DEBUG root [2018-08-20 14:09:24,473] - Script::install_py_dlls(): PyInit__hashlib
 DEBUG root [2018-08-20 14:09:24,474] - Script::install_py_dlls(): PyInit_select
 DEBUG root [2018-08-20 14:09:24,474] - Script::install_py_dlls(): PyInit__ctypes
 DEBUG root [2018-08-20 14:09:24,476] - Script::install_py_dlls(): PyInit__elementtree
 DEBUG root [2018-08-20 14:09:24,551] - Script::install_py_dlls(): PyInit_unicodedata
  INFO root [2018-08-20 14:09:24,622] - Script::install(): is successfully, Python=(3.4.2 (default, Aug  8 2018, 18:33:54) [MSC v.1913 32 bit (Intel)])!
  INFO root [2018-08-20 14:09:24,622] - Script::install(): KBExtra is successfully!
S_INFO root [2018-08-20 14:09:24,640] - onInterfaceAppReady: bootstrapGroupIndex=0, bootstrapGlobalIndex=0
  INFO root [2018-08-20 14:09:24,654] - TelnetServer server is running on port 33000
  INFO root [2018-08-20 14:09:25,365] - ---- interfaces is running ----
 DEBUG root [2018-08-20 14:09:25,366] - Components::process(): Request for the process of identity...
  INFO root [2018-08-20 14:09:32,772] - Components::process(): Found all the components!
  WARN root [2018-08-20 14:10:26,763] - TCPPacketReceiver::processPendingEvents(127.0.0.1:56913): Throwing REASON_GENERAL_NETWORK - WSAECONNRESET
  INFO root [2018-08-20 14:10:38,026] - 
  INFO root [2018-08-20 14:10:38,026] - -----------------------------------------------------------------------------------------


  INFO root [2018-08-20 14:10:38,027] - Resmgr::initialize: KBE_ROOT=D:/KBE/kbengine-2.2.0/
  INFO root [2018-08-20 14:10:38,028] - Resmgr::initialize: KBE_RES_PATH=D:/KBE/kbengine-2.2.0/kbe/res/;D:/KBE/kbengine-2.2.0/ori_assets/;D:/KBE/kbengine-2.2.0/ori_assets/scripts/;D:/KBE/kbengine-2.2.0/ori_assets/res/
  INFO root [2018-08-20 14:10:38,028] - Resmgr::initialize: KBE_BIN_PATH=D:/KBE/kbengine-2.2.0/kbe/bin/server/
  INFO root [2018-08-20 14:10:38,057] - NetworkInterface::initialize(INTERNAL-TCP): bound to all interfaces with default route interface on 192.168.0.155 ( 192.168.0.155:30099 )
  INFO root [2018-08-20 14:10:38,057] - NetworkInterface::initialize(INTERNAL-TCP): address 192.168.0.155:30099, SOMAXCONN=5.
  INFO root [2018-08-20 14:10:38,063] - ---- interfaces Version: 2.2.0. ScriptVersion: 0.1.0. Protocol: 02AFC29E4F5C607C91FFC8D093B53B8B. Config: Debug X86. Built: 18:34:02 Aug  8 2018. AppID: 3000. UID: 2. PID: 54100 ----
  INFO root [2018-08-20 14:10:38,063] - Server : Intel(R) Core(TM) i7-6700 CPU @ 3.40GHz with 4194303kB RAM
  INFO root [2018-08-20 14:10:38,063] - ThreadPool::createThreadPool: creating  threadpool...
  INFO root [2018-08-20 14:10:38,064] - ThreadPool::createThreadPool: successfully(2), newThreadCount=1, normalMaxThreadCount=2, maxThreadCount=8
 DEBUG root [2018-08-20 14:10:38,259] - Script::install_py_dlls(): PyInit_pyexpat
 DEBUG root [2018-08-20 14:10:38,260] - Script::install_py_dlls(): PyInit__socket
 DEBUG root [2018-08-20 14:10:38,261] - Script::install_py_dlls(): PyInit__ssl
 DEBUG root [2018-08-20 14:10:38,269] - Script::install_py_dlls(): PyInit__hashlib
 DEBUG root [2018-08-20 14:10:38,270] - Script::install_py_dlls(): PyInit_select
 DEBUG root [2018-08-20 14:10:38,270] - Script::install_py_dlls(): PyInit__ctypes
 DEBUG root [2018-08-20 14:10:38,271] - Script::install_py_dlls(): PyInit__elementtree
 DEBUG root [2018-08-20 14:10:38,383] - Script::install_py_dlls(): PyInit_unicodedata
  INFO root [2018-08-20 14:10:38,503] - Script::install(): is successfully, Python=(3.4.2 (default, Aug  8 2018, 18:33:54) [MSC v.1913 32 bit (Intel)])!
  INFO root [2018-08-20 14:10:38,503] - Script::install(): KBExtra is successfully!
S_INFO root [2018-08-20 14:10:38,534] - onInterfaceAppReady: bootstrapGroupIndex=0, bootstrapGlobalIndex=0
  INFO root [2018-08-20 14:10:38,551] - TelnetServer server is running on port 33000
  INFO root [2018-08-20 14:10:39,184] - ---- interfaces is running ----
 DEBUG root [2018-08-20 14:10:39,184] - Components::process(): Request for the process of identity...
  INFO root [2018-08-20 14:10:46,535] - Components::process(): Found all the components!
  WARN root [2018-08-20 14:12:08,968] - TCPPacketReceiver::processPendingEvents(127.0.0.1:57023): Throwing REASON_GENERAL_NETWORK - WSAECONNRESET
  INFO root [2018-08-20 14:12:20,520] - 
  INFO root [2018-08-20 14:12:20,521] - -----------------------------------------------------------------------------------------


  INFO root [2018-08-20 14:12:20,522] - Resmgr::initialize: KBE_ROOT=D:/KBE/kbengine-2.2.0/
  INFO root [2018-08-20 14:12:20,523] - Resmgr::initialize: KBE_RES_PATH=D:/KBE/kbengine-2.2.0/kbe/res/;D:/KBE/kbengine-2.2.0/ori_assets/;D:/KBE/kbengine-2.2.0/ori_assets/scripts/;D:/KBE/kbengine-2.2.0/ori_assets/res/
  INFO root [2018-08-20 14:12:20,523] - Resmgr::initialize: KBE_BIN_PATH=D:/KBE/kbengine-2.2.0/kbe/bin/server/
  INFO root [2018-08-20 14:12:20,577] - NetworkInterface::initialize(INTERNAL-TCP): bound to all interfaces with default route interface on 192.168.0.155 ( 192.168.0.155:30099 )
  INFO root [2018-08-20 14:12:20,577] - NetworkInterface::initialize(INTERNAL-TCP): address 192.168.0.155:30099, SOMAXCONN=5.
  INFO root [2018-08-20 14:12:20,585] - ---- interfaces Version: 2.2.0. ScriptVersion: 0.1.0. Protocol: 02AFC29E4F5C607C91FFC8D093B53B8B. Config: Debug X86. Built: 18:34:02 Aug  8 2018. AppID: 3000. UID: 336. PID: 53724 ----
  INFO root [2018-08-20 14:12:20,586] - Server : Intel(R) Core(TM) i7-6700 CPU @ 3.40GHz with 4194303kB RAM
  INFO root [2018-08-20 14:12:20,586] - ThreadPool::createThreadPool: creating  threadpool...
  INFO root [2018-08-20 14:12:20,586] - ThreadPool::createThreadPool: successfully(2), newThreadCount=1, normalMaxThreadCount=2, maxThreadCount=8
 DEBUG root [2018-08-20 14:12:20,792] - Script::install_py_dlls(): PyInit_pyexpat
 DEBUG root [2018-08-20 14:12:20,794] - Script::install_py_dlls(): PyInit__socket
 DEBUG root [2018-08-20 14:12:20,795] - Script::install_py_dlls(): PyInit__ssl
 DEBUG root [2018-08-20 14:12:20,803] - Script::install_py_dlls(): PyInit__hashlib
 DEBUG root [2018-08-20 14:12:20,804] - Script::install_py_dlls(): PyInit_select
 DEBUG root [2018-08-20 14:12:20,804] - Script::install_py_dlls(): PyInit__ctypes
 DEBUG root [2018-08-20 14:12:20,806] - Script::install_py_dlls(): PyInit__elementtree
 DEBUG root [2018-08-20 14:12:20,906] - Script::install_py_dlls(): PyInit_unicodedata
  INFO root [2018-08-20 14:12:20,984] - Script::install(): is successfully, Python=(3.4.2 (default, Aug  8 2018, 18:33:54) [MSC v.1913 32 bit (Intel)])!
  INFO root [2018-08-20 14:12:20,985] - Script::install(): KBExtra is successfully!
S_INFO root [2018-08-20 14:12:21,005] - onInterfaceAppReady: bootstrapGroupIndex=0, bootstrapGlobalIndex=0
  INFO root [2018-08-20 14:12:21,026] - TelnetServer server is running on port 33000
  INFO root [2018-08-20 14:12:21,652] - ---- interfaces is running ----
 DEBUG root [2018-08-20 14:12:21,652] - Components::process(): Request for the process of identity...
  INFO root [2018-08-20 14:12:29,105] - Components::process(): Found all the components!
  WARN root [2018-08-20 14:16:55,441] - TCPPacketReceiver::processPendingEvents(127.0.0.1:57091): Throwing REASON_GENERAL_NETWORK - WSAECONNRESET
  INFO root [2018-08-20 14:17:05,745] - 
  INFO root [2018-08-20 14:17:05,745] - -----------------------------------------------------------------------------------------


  INFO root [2018-08-20 14:17:05,747] - Resmgr::initialize: KBE_ROOT=D:/KBE/kbengine-2.2.0/
  INFO root [2018-08-20 14:17:05,747] - Resmgr::initialize: KBE_RES_PATH=D:/KBE/kbengine-2.2.0/kbe/res/;D:/KBE/kbengine-2.2.0/ori_assets/;D:/KBE/kbengine-2.2.0/ori_assets/scripts/;D:/KBE/kbengine-2.2.0/ori_assets/res/
  INFO root [2018-08-20 14:17:05,747] - Resmgr::initialize: KBE_BIN_PATH=D:/KBE/kbengine-2.2.0/kbe/bin/server/
  INFO root [2018-08-20 14:17:05,776] - NetworkInterface::initialize(INTERNAL-TCP): bound to all interfaces with default route interface on 192.168.0.155 ( 192.168.0.155:30099 )
  INFO root [2018-08-20 14:17:05,777] - NetworkInterface::initialize(INTERNAL-TCP): address 192.168.0.155:30099, SOMAXCONN=5.
  INFO root [2018-08-20 14:17:05,784] - ---- interfaces Version: 2.2.0. ScriptVersion: 0.1.0. Protocol: 02AFC29E4F5C607C91FFC8D093B53B8B. Config: Debug X86. Built: 18:34:02 Aug  8 2018. AppID: 3000. UID: 1269. PID: 54004 ----
  INFO root [2018-08-20 14:17:05,785] - Server : Intel(R) Core(TM) i7-6700 CPU @ 3.40GHz with 4194303kB RAM
  INFO root [2018-08-20 14:17:05,785] - ThreadPool::createThreadPool: creating  threadpool...
  INFO root [2018-08-20 14:17:05,785] - ThreadPool::createThreadPool: successfully(2), newThreadCount=1, normalMaxThreadCount=2, maxThreadCount=8
 DEBUG root [2018-08-20 14:17:06,007] - Script::install_py_dlls(): PyInit_pyexpat
 DEBUG root [2018-08-20 14:17:06,009] - Script::install_py_dlls(): PyInit__socket
 DEBUG root [2018-08-20 14:17:06,010] - Script::install_py_dlls(): PyInit__ssl
 DEBUG root [2018-08-20 14:17:06,015] - Script::install_py_dlls(): PyInit__hashlib
 DEBUG root [2018-08-20 14:17:06,015] - Script::install_py_dlls(): PyInit_select
 DEBUG root [2018-08-20 14:17:06,016] - Script::install_py_dlls(): PyInit__ctypes
 DEBUG root [2018-08-20 14:17:06,017] - Script::install_py_dlls(): PyInit__elementtree
 DEBUG root [2018-08-20 14:17:06,114] - Script::install_py_dlls(): PyInit_unicodedata
  INFO root [2018-08-20 14:17:06,213] - Script::install(): is successfully, Python=(3.4.2 (default, Aug  8 2018, 18:33:54) [MSC v.1913 32 bit (Intel)])!
  INFO root [2018-08-20 14:17:06,213] - Script::install(): KBExtra is successfully!
S_INFO root [2018-08-20 14:17:06,244] - onInterfaceAppReady: bootstrapGroupIndex=0, bootstrapGlobalIndex=0
  INFO root [2018-08-20 14:17:06,269] - TelnetServer server is running on port 33000
  INFO root [2018-08-20 14:17:07,066] - ---- interfaces is running ----
 DEBUG root [2018-08-20 14:17:07,067] - Components::process(): Request for the process of identity...
  INFO root [2018-08-20 14:17:14,349] - Components::process(): Found all the components!
  WARN root [2018-08-20 14:17:45,598] - TCPPacketReceiver::processPendingEvents(127.0.0.1:57169): Throwing REASON_GENERAL_NETWORK - WSAECONNRESET
  INFO root [2018-08-20 14:17:55,860] - 
  INFO root [2018-08-20 14:17:55,861] - -----------------------------------------------------------------------------------------


  INFO root [2018-08-20 14:17:55,862] - Resmgr::initialize: KBE_ROOT=D:/KBE/kbengine-2.2.0/
  INFO root [2018-08-20 14:17:55,862] - Resmgr::initialize: KBE_RES_PATH=D:/KBE/kbengine-2.2.0/kbe/res/;D:/KBE/kbengine-2.2.0/ori_assets/;D:/KBE/kbengine-2.2.0/ori_assets/scripts/;D:/KBE/kbengine-2.2.0/ori_assets/res/
  INFO root [2018-08-20 14:17:55,862] - Resmgr::initialize: KBE_BIN_PATH=D:/KBE/kbengine-2.2.0/kbe/bin/server/
  INFO root [2018-08-20 14:17:55,894] - NetworkInterface::initialize(INTERNAL-TCP): bound to all interfaces with default route interface on 192.168.0.155 ( 192.168.0.155:30099 )
  INFO root [2018-08-20 14:17:55,894] - NetworkInterface::initialize(INTERNAL-TCP): address 192.168.0.155:30099, SOMAXCONN=5.
  INFO root [2018-08-20 14:17:55,903] - ---- interfaces Version: 2.2.0. ScriptVersion: 0.1.0. Protocol: 02AFC29E4F5C607C91FFC8D093B53B8B. Config: Debug X86. Built: 18:34:02 Aug  8 2018. AppID: 3000. UID: 1433. PID: 53724 ----
  INFO root [2018-08-20 14:17:55,904] - Server : Intel(R) Core(TM) i7-6700 CPU @ 3.40GHz with 4194303kB RAM
  INFO root [2018-08-20 14:17:55,904] - ThreadPool::createThreadPool: creating  threadpool...
  INFO root [2018-08-20 14:17:55,905] - ThreadPool::createThreadPool: successfully(2), newThreadCount=1, normalMaxThreadCount=2, maxThreadCount=8
 DEBUG root [2018-08-20 14:17:56,075] - Script::install_py_dlls(): PyInit_pyexpat
 DEBUG root [2018-08-20 14:17:56,076] - Script::install_py_dlls(): PyInit__socket
 DEBUG root [2018-08-20 14:17:56,077] - Script::install_py_dlls(): PyInit__ssl
 DEBUG root [2018-08-20 14:17:56,082] - Script::install_py_dlls(): PyInit__hashlib
 DEBUG root [2018-08-20 14:17:56,083] - Script::install_py_dlls(): PyInit_select
 DEBUG root [2018-08-20 14:17:56,083] - Script::install_py_dlls(): PyInit__ctypes
 DEBUG root [2018-08-20 14:17:56,084] - Script::install_py_dlls(): PyInit__elementtree
 DEBUG root [2018-08-20 14:17:56,168] - Script::install_py_dlls(): PyInit_unicodedata
  INFO root [2018-08-20 14:17:56,247] - Script::install(): is successfully, Python=(3.4.2 (default, Aug  8 2018, 18:33:54) [MSC v.1913 32 bit (Intel)])!
  INFO root [2018-08-20 14:17:56,247] - Script::install(): KBExtra is successfully!
S_INFO root [2018-08-20 14:17:56,274] - onInterfaceAppReady: bootstrapGroupIndex=0, bootstrapGlobalIndex=0
  INFO root [2018-08-20 14:17:56,297] - TelnetServer server is running on port 33000
  INFO root [2018-08-20 14:17:57,082] - ---- interfaces is running ----
 DEBUG root [2018-08-20 14:17:57,083] - Components::process(): Request for the process of identity...
  INFO root [2018-08-20 14:18:04,575] - Components::process(): Found all the components!
  WARN root [2018-08-20 14:19:14,642] - TCPPacketReceiver::processPendingEvents(127.0.0.1:57225): Throwing REASON_GENERAL_NETWORK - WSAECONNRESET
  INFO root [2018-08-20 14:19:27,315] - 
  INFO root [2018-08-20 14:19:27,315] - -----------------------------------------------------------------------------------------


  INFO root [2018-08-20 14:19:27,316] - Resmgr::initialize: KBE_ROOT=D:/KBE/kbengine-2.2.0/
  INFO root [2018-08-20 14:19:27,317] - Resmgr::initialize: KBE_RES_PATH=D:/KBE/kbengine-2.2.0/kbe/res/;D:/KBE/kbengine-2.2.0/ori_assets/;D:/KBE/kbengine-2.2.0/ori_assets/scripts/;D:/KBE/kbengine-2.2.0/ori_assets/res/
  INFO root [2018-08-20 14:19:27,317] - Resmgr::initialize: KBE_BIN_PATH=D:/KBE/kbengine-2.2.0/kbe/bin/server/
  INFO root [2018-08-20 14:19:27,346] - NetworkInterface::initialize(INTERNAL-TCP): bound to all interfaces with default route interface on 192.168.0.155 ( 192.168.0.155:30099 )
  INFO root [2018-08-20 14:19:27,346] - NetworkInterface::initialize(INTERNAL-TCP): address 192.168.0.155:30099, SOMAXCONN=5.
  INFO root [2018-08-20 14:19:27,352] - ---- interfaces Version: 2.2.0. ScriptVersion: 0.1.0. Protocol: 02AFC29E4F5C607C91FFC8D093B53B8B. Config: Debug X86. Built: 18:34:02 Aug  8 2018. AppID: 3000. UID: 1730. PID: 47864 ----
  INFO root [2018-08-20 14:19:27,352] - Server : Intel(R) Core(TM) i7-6700 CPU @ 3.40GHz with 4194303kB RAM
  INFO root [2018-08-20 14:19:27,352] - ThreadPool::createThreadPool: creating  threadpool...
  INFO root [2018-08-20 14:19:27,353] - ThreadPool::createThreadPool: successfully(2), newThreadCount=1, normalMaxThreadCount=2, maxThreadCount=8
 DEBUG root [2018-08-20 14:19:27,533] - Script::install_py_dlls(): PyInit_pyexpat
 DEBUG root [2018-08-20 14:19:27,534] - Script::install_py_dlls(): PyInit__socket
 DEBUG root [2018-08-20 14:19:27,535] - Script::install_py_dlls(): PyInit__ssl
 DEBUG root [2018-08-20 14:19:27,542] - Script::install_py_dlls(): PyInit__hashlib
 DEBUG root [2018-08-20 14:19:27,543] - Script::install_py_dlls(): PyInit_select
 DEBUG root [2018-08-20 14:19:27,543] - Script::install_py_dlls(): PyInit__ctypes
 DEBUG root [2018-08-20 14:19:27,544] - Script::install_py_dlls(): PyInit__elementtree
 DEBUG root [2018-08-20 14:19:27,644] - Script::install_py_dlls(): PyInit_unicodedata
  INFO root [2018-08-20 14:19:27,758] - Script::install(): is successfully, Python=(3.4.2 (default, Aug  8 2018, 18:33:54) [MSC v.1913 32 bit (Intel)])!
  INFO root [2018-08-20 14:19:27,758] - Script::install(): KBExtra is successfully!
S_INFO root [2018-08-20 14:19:27,787] - onInterfaceAppReady: bootstrapGroupIndex=0, bootstrapGlobalIndex=0
  INFO root [2018-08-20 14:19:27,807] - TelnetServer server is running on port 33000
  INFO root [2018-08-20 14:19:28,464] - ---- interfaces is running ----
 DEBUG root [2018-08-20 14:19:28,465] - Components::process(): Request for the process of identity...
  INFO root [2018-08-20 14:19:35,819] - Components::process(): Found all the components!
  WARN root [2018-08-20 14:22:36,290] - TCPPacketReceiver::processPendingEvents(127.0.0.1:57274): Throwing REASON_GENERAL_NETWORK - WSAECONNRESET
  INFO root [2018-08-20 14:22:50,522] - 
  INFO root [2018-08-20 14:22:50,522] - -----------------------------------------------------------------------------------------


  INFO root [2018-08-20 14:22:50,524] - Resmgr::initialize: KBE_ROOT=D:/KBE/kbengine-2.2.0/
  INFO root [2018-08-20 14:22:50,524] - Resmgr::initialize: KBE_RES_PATH=D:/KBE/kbengine-2.2.0/kbe/res/;D:/KBE/kbengine-2.2.0/ori_assets/;D:/KBE/kbengine-2.2.0/ori_assets/scripts/;D:/KBE/kbengine-2.2.0/ori_assets/res/
  INFO root [2018-08-20 14:22:50,525] - Resmgr::initialize: KBE_BIN_PATH=D:/KBE/kbengine-2.2.0/kbe/bin/server/
  INFO root [2018-08-20 14:22:50,559] - NetworkInterface::initialize(INTERNAL-TCP): bound to all interfaces with default route interface on 192.168.0.155 ( 192.168.0.155:30099 )
  INFO root [2018-08-20 14:22:50,560] - NetworkInterface::initialize(INTERNAL-TCP): address 192.168.0.155:30099, SOMAXCONN=5.
  INFO root [2018-08-20 14:22:50,570] - ---- interfaces Version: 2.2.0. ScriptVersion: 0.1.0. Protocol: 02AFC29E4F5C607C91FFC8D093B53B8B. Config: Debug X86. Built: 18:34:02 Aug  8 2018. AppID: 3000. UID: 2396. PID: 55996 ----
  INFO root [2018-08-20 14:22:50,571] - Server : Intel(R) Core(TM) i7-6700 CPU @ 3.40GHz with 4194303kB RAM
  INFO root [2018-08-20 14:22:50,571] - ThreadPool::createThreadPool: creating  threadpool...
  INFO root [2018-08-20 14:22:50,572] - ThreadPool::createThreadPool: successfully(2), newThreadCount=1, normalMaxThreadCount=2, maxThreadCount=8
 DEBUG root [2018-08-20 14:22:50,746] - Script::install_py_dlls(): PyInit_pyexpat
 DEBUG root [2018-08-20 14:22:50,747] - Script::install_py_dlls(): PyInit__socket
 DEBUG root [2018-08-20 14:22:50,747] - Script::install_py_dlls(): PyInit__ssl
 DEBUG root [2018-08-20 14:22:50,754] - Script::install_py_dlls(): PyInit__hashlib
 DEBUG root [2018-08-20 14:22:50,755] - Script::install_py_dlls(): PyInit_select
 DEBUG root [2018-08-20 14:22:50,755] - Script::install_py_dlls(): PyInit__ctypes
 DEBUG root [2018-08-20 14:22:50,757] - Script::install_py_dlls(): PyInit__elementtree
 DEBUG root [2018-08-20 14:22:50,844] - Script::install_py_dlls(): PyInit_unicodedata
  INFO root [2018-08-20 14:22:50,923] - Script::install(): is successfully, Python=(3.4.2 (default, Aug  8 2018, 18:33:54) [MSC v.1913 32 bit (Intel)])!
  INFO root [2018-08-20 14:22:50,923] - Script::install(): KBExtra is successfully!
S_INFO root [2018-08-20 14:22:50,947] - onInterfaceAppReady: bootstrapGroupIndex=0, bootstrapGlobalIndex=0
  INFO root [2018-08-20 14:22:50,967] - TelnetServer server is running on port 33000
  INFO root [2018-08-20 14:22:51,782] - ---- interfaces is running ----
 DEBUG root [2018-08-20 14:22:51,783] - Components::process(): Request for the process of identity...
  INFO root [2018-08-20 14:22:59,347] - Components::process(): Found all the components!
  WARN root [2018-08-20 14:24:47,621] - TCPPacketReceiver::processPendingEvents(127.0.0.1:57384): Throwing REASON_GENERAL_NETWORK - WSAECONNRESET
  INFO root [2018-08-20 14:24:58,494] - 
  INFO root [2018-08-20 14:24:58,495] - -----------------------------------------------------------------------------------------


  INFO root [2018-08-20 14:24:58,496] - Resmgr::initialize: KBE_ROOT=D:/KBE/kbengine-2.2.0/
  INFO root [2018-08-20 14:24:58,496] - Resmgr::initialize: KBE_RES_PATH=D:/KBE/kbengine-2.2.0/kbe/res/;D:/KBE/kbengine-2.2.0/ori_assets/;D:/KBE/kbengine-2.2.0/ori_assets/scripts/;D:/KBE/kbengine-2.2.0/ori_assets/res/
  INFO root [2018-08-20 14:24:58,497] - Resmgr::initialize: KBE_BIN_PATH=D:/KBE/kbengine-2.2.0/kbe/bin/server/
  INFO root [2018-08-20 14:24:58,527] - NetworkInterface::initialize(INTERNAL-TCP): bound to all interfaces with default route interface on 192.168.0.155 ( 192.168.0.155:30099 )
  INFO root [2018-08-20 14:24:58,527] - NetworkInterface::initialize(INTERNAL-TCP): address 192.168.0.155:30099, SOMAXCONN=5.
  INFO root [2018-08-20 14:24:58,535] - ---- interfaces Version: 2.2.0. ScriptVersion: 0.1.0. Protocol: 02AFC29E4F5C607C91FFC8D093B53B8B. Config: Debug X86. Built: 18:34:02 Aug  8 2018. AppID: 3000. UID: 2814. PID: 56684 ----
  INFO root [2018-08-20 14:24:58,535] - Server : Intel(R) Core(TM) i7-6700 CPU @ 3.40GHz with 4194303kB RAM
  INFO root [2018-08-20 14:24:58,535] - ThreadPool::createThreadPool: creating  threadpool...
  INFO root [2018-08-20 14:24:58,536] - ThreadPool::createThreadPool: successfully(2), newThreadCount=1, normalMaxThreadCount=2, maxThreadCount=8
 DEBUG root [2018-08-20 14:24:58,705] - Script::install_py_dlls(): PyInit_pyexpat
 DEBUG root [2018-08-20 14:24:58,706] - Script::install_py_dlls(): PyInit__socket
 DEBUG root [2018-08-20 14:24:58,706] - Script::install_py_dlls(): PyInit__ssl
 DEBUG root [2018-08-20 14:24:58,712] - Script::install_py_dlls(): PyInit__hashlib
 DEBUG root [2018-08-20 14:24:58,712] - Script::install_py_dlls(): PyInit_select
 DEBUG root [2018-08-20 14:24:58,712] - Script::install_py_dlls(): PyInit__ctypes
 DEBUG root [2018-08-20 14:24:58,713] - Script::install_py_dlls(): PyInit__elementtree
 DEBUG root [2018-08-20 14:24:58,780] - Script::install_py_dlls(): PyInit_unicodedata
  INFO root [2018-08-20 14:24:58,847] - Script::install(): is successfully, Python=(3.4.2 (default, Aug  8 2018, 18:33:54) [MSC v.1913 32 bit (Intel)])!
  INFO root [2018-08-20 14:24:58,848] - Script::install(): KBExtra is successfully!
S_INFO root [2018-08-20 14:24:58,868] - onInterfaceAppReady: bootstrapGroupIndex=0, bootstrapGlobalIndex=0
  INFO root [2018-08-20 14:24:58,883] - TelnetServer server is running on port 33000
  INFO root [2018-08-20 14:24:59,561] - ---- interfaces is running ----
 DEBUG root [2018-08-20 14:24:59,562] - Components::process(): Request for the process of identity...
  INFO root [2018-08-20 14:25:06,899] - Components::process(): Found all the components!
  WARN root [2018-08-20 15:18:40,007] - TCPPacketReceiver::processPendingEvents(127.0.0.1:57490): Throwing REASON_GENERAL_NETWORK - WSAECONNRESET
  INFO root [2018-08-20 18:49:29,394] - 
  INFO root [2018-08-20 18:49:29,395] - -----------------------------------------------------------------------------------------


  INFO root [2018-08-20 18:49:29,398] - Resmgr::initialize: KBE_ROOT=D:/KBE/kbengine-2.2.0/
  INFO root [2018-08-20 18:49:29,399] - Resmgr::initialize: KBE_RES_PATH=D:/KBE/kbengine-2.2.0/kbe/res/;D:/KBE/kbengine-2.2.0/ori_assets/;D:/KBE/kbengine-2.2.0/ori_assets/scripts/;D:/KBE/kbengine-2.2.0/ori_assets/res/
  INFO root [2018-08-20 18:49:29,399] - Resmgr::initialize: KBE_BIN_PATH=D:/KBE/kbengine-2.2.0/kbe/bin/server/
  INFO root [2018-08-20 18:49:29,463] - NetworkInterface::initialize(INTERNAL-TCP): bound to all interfaces with default route interface on 192.168.0.155 ( 192.168.0.155:30099 )
  INFO root [2018-08-20 18:49:29,463] - NetworkInterface::initialize(INTERNAL-TCP): address 192.168.0.155:30099, SOMAXCONN=5.
  INFO root [2018-08-20 18:49:29,476] - ---- interfaces Version: 2.2.0. ScriptVersion: 0.1.0. Protocol: 02AFC29E4F5C607C91FFC8D093B53B8B. Config: Debug X86. Built: 18:34:02 Aug  8 2018. AppID: 3000. UID: 21848. PID: 89628 ----
  INFO root [2018-08-20 18:49:29,477] - Server : Intel(R) Core(TM) i7-6700 CPU @ 3.40GHz with 4194303kB RAM
  INFO root [2018-08-20 18:49:29,477] - ThreadPool::createThreadPool: creating  threadpool...
  INFO root [2018-08-20 18:49:29,478] - ThreadPool::createThreadPool: successfully(2), newThreadCount=1, normalMaxThreadCount=2, maxThreadCount=8
 DEBUG root [2018-08-20 18:49:29,705] - Script::install_py_dlls(): PyInit_pyexpat
 DEBUG root [2018-08-20 18:49:29,706] - Script::install_py_dlls(): PyInit__socket
 DEBUG root [2018-08-20 18:49:29,707] - Script::install_py_dlls(): PyInit__ssl
 DEBUG root [2018-08-20 18:49:29,715] - Script::install_py_dlls(): PyInit__hashlib
 DEBUG root [2018-08-20 18:49:29,716] - Script::install_py_dlls(): PyInit_select
 DEBUG root [2018-08-20 18:49:29,716] - Script::install_py_dlls(): PyInit__ctypes
 DEBUG root [2018-08-20 18:49:29,718] - Script::install_py_dlls(): PyInit__elementtree
 DEBUG root [2018-08-20 18:49:29,833] - Script::install_py_dlls(): PyInit_unicodedata
  INFO root [2018-08-20 18:49:29,945] - Script::install(): is successfully, Python=(3.4.2 (default, Aug  8 2018, 18:33:54) [MSC v.1913 32 bit (Intel)])!
  INFO root [2018-08-20 18:49:29,946] - Script::install(): KBExtra is successfully!
S_INFO root [2018-08-20 18:49:29,994] - onInterfaceAppReady: bootstrapGroupIndex=0, bootstrapGlobalIndex=0
  INFO root [2018-08-20 18:49:30,017] - TelnetServer server is running on port 33000
  INFO root [2018-08-20 18:49:31,186] - ---- interfaces is running ----
 DEBUG root [2018-08-20 18:49:31,188] - Components::process(): Request for the process of identity...
  INFO root [2018-08-20 18:49:39,201] - Components::process(): Found all the components!
S_INFO root [2018-08-20 18:50:32,647] - onRequestAccountLogin: registerName=luozhonghai
S_INFO root [2018-08-20 18:52:19,319] - onRequestAccountLogin: registerName=luozhonghai
  WARN root [2018-08-20 18:57:00,760] - TCPPacketReceiver::processPendingEvents(127.0.0.1:61964): Throwing REASON_GENERAL_NETWORK - WSAECONNRESET
  INFO root [2018-08-20 18:58:42,560] - 
  INFO root [2018-08-20 18:58:42,561] - -----------------------------------------------------------------------------------------


  INFO root [2018-08-20 18:58:42,563] - Resmgr::initialize: KBE_ROOT=D:/KBE/kbengine-2.2.0/
  INFO root [2018-08-20 18:58:42,563] - Resmgr::initialize: KBE_RES_PATH=D:/KBE/kbengine-2.2.0/kbe/res/;D:/KBE/kbengine-2.2.0/ori_assets/;D:/KBE/kbengine-2.2.0/ori_assets/scripts/;D:/KBE/kbengine-2.2.0/ori_assets/res/
  INFO root [2018-08-20 18:58:42,564] - Resmgr::initialize: KBE_BIN_PATH=D:/KBE/kbengine-2.2.0/kbe/bin/server/
  INFO root [2018-08-20 18:58:42,607] - NetworkInterface::initialize(INTERNAL-TCP): bound to all interfaces with default route interface on 192.168.0.155 ( 192.168.0.155:30099 )
  INFO root [2018-08-20 18:58:42,608] - NetworkInterface::initialize(INTERNAL-TCP): address 192.168.0.155:30099, SOMAXCONN=5.
  INFO root [2018-08-20 18:58:42,620] - ---- interfaces Version: 2.2.0. ScriptVersion: 0.1.0. Protocol: 02AFC29E4F5C607C91FFC8D093B53B8B. Config: Debug X86. Built: 18:34:02 Aug  8 2018. AppID: 3000. UID: 23670. PID: 92044 ----
  INFO root [2018-08-20 18:58:42,620] - Server : Intel(R) Core(TM) i7-6700 CPU @ 3.40GHz with 4194303kB RAM
  INFO root [2018-08-20 18:58:42,621] - ThreadPool::createThreadPool: creating  threadpool...
  INFO root [2018-08-20 18:58:42,621] - ThreadPool::createThreadPool: successfully(2), newThreadCount=1, normalMaxThreadCount=2, maxThreadCount=8
 DEBUG root [2018-08-20 18:58:42,819] - Script::install_py_dlls(): PyInit_pyexpat
 DEBUG root [2018-08-20 18:58:42,820] - Script::install_py_dlls(): PyInit__socket
 DEBUG root [2018-08-20 18:58:42,820] - Script::install_py_dlls(): PyInit__ssl
 DEBUG root [2018-08-20 18:58:42,826] - Script::install_py_dlls(): PyInit__hashlib
 DEBUG root [2018-08-20 18:58:42,827] - Script::install_py_dlls(): PyInit_select
 DEBUG root [2018-08-20 18:58:42,827] - Script::install_py_dlls(): PyInit__ctypes
 DEBUG root [2018-08-20 18:58:42,828] - Script::install_py_dlls(): PyInit__elementtree
 DEBUG root [2018-08-20 18:58:42,930] - Script::install_py_dlls(): PyInit_unicodedata
  INFO root [2018-08-20 18:58:43,041] - Script::install(): is successfully, Python=(3.4.2 (default, Aug  8 2018, 18:33:54) [MSC v.1913 32 bit (Intel)])!
  INFO root [2018-08-20 18:58:43,041] - Script::install(): KBExtra is successfully!
S_INFO root [2018-08-20 18:58:43,082] - onInterfaceAppReady: bootstrapGroupIndex=0, bootstrapGlobalIndex=0
  INFO root [2018-08-20 18:58:43,115] - TelnetServer server is running on port 33000
  INFO root [2018-08-20 18:58:44,009] - ---- interfaces is running ----
 DEBUG root [2018-08-20 18:58:44,011] - Components::process(): Request for the process of identity...
  INFO root [2018-08-20 18:58:51,782] - Components::process(): Found all the components!
  WARN root [2018-08-20 18:59:52,028] - TCPPacketReceiver::processPendingEvents(127.0.0.1:62226): Throwing REASON_GENERAL_NETWORK - WSAECONNRESET
  INFO root [2018-08-20 19:00:07,882] - 
  INFO root [2018-08-20 19:00:07,883] - -----------------------------------------------------------------------------------------


  INFO root [2018-08-20 19:00:07,885] - Resmgr::initialize: KBE_ROOT=D:/KBE/kbengine-2.2.0/
  INFO root [2018-08-20 19:00:07,885] - Resmgr::initialize: KBE_RES_PATH=D:/KBE/kbengine-2.2.0/kbe/res/;D:/KBE/kbengine-2.2.0/ori_assets/;D:/KBE/kbengine-2.2.0/ori_assets/scripts/;D:/KBE/kbengine-2.2.0/ori_assets/res/
  INFO root [2018-08-20 19:00:07,886] - Resmgr::initialize: KBE_BIN_PATH=D:/KBE/kbengine-2.2.0/kbe/bin/server/
  INFO root [2018-08-20 19:00:07,928] - NetworkInterface::initialize(INTERNAL-TCP): bound to all interfaces with default route interface on 192.168.0.155 ( 192.168.0.155:30099 )
  INFO root [2018-08-20 19:00:07,928] - NetworkInterface::initialize(INTERNAL-TCP): address 192.168.0.155:30099, SOMAXCONN=5.
  INFO root [2018-08-20 19:00:07,939] - ---- interfaces Version: 2.2.0. ScriptVersion: 0.1.0. Protocol: 02AFC29E4F5C607C91FFC8D093B53B8B. Config: Debug X86. Built: 18:34:02 Aug  8 2018. AppID: 3000. UID: 23948. PID: 73020 ----
  INFO root [2018-08-20 19:00:07,940] - Server : Intel(R) Core(TM) i7-6700 CPU @ 3.40GHz with 4194303kB RAM
  INFO root [2018-08-20 19:00:07,940] - ThreadPool::createThreadPool: creating  threadpool...
  INFO root [2018-08-20 19:00:07,941] - ThreadPool::createThreadPool: successfully(2), newThreadCount=1, normalMaxThreadCount=2, maxThreadCount=8
 DEBUG root [2018-08-20 19:00:08,154] - Script::install_py_dlls(): PyInit_pyexpat
 DEBUG root [2018-08-20 19:00:08,156] - Script::install_py_dlls(): PyInit__socket
 DEBUG root [2018-08-20 19:00:08,157] - Script::install_py_dlls(): PyInit__ssl
 DEBUG root [2018-08-20 19:00:08,165] - Script::install_py_dlls(): PyInit__hashlib
 DEBUG root [2018-08-20 19:00:08,166] - Script::install_py_dlls(): PyInit_select
 DEBUG root [2018-08-20 19:00:08,166] - Script::install_py_dlls(): PyInit__ctypes
 DEBUG root [2018-08-20 19:00:08,169] - Script::install_py_dlls(): PyInit__elementtree
 DEBUG root [2018-08-20 19:00:08,281] - Script::install_py_dlls(): PyInit_unicodedata
  INFO root [2018-08-20 19:00:08,401] - Script::install(): is successfully, Python=(3.4.2 (default, Aug  8 2018, 18:33:54) [MSC v.1913 32 bit (Intel)])!
  INFO root [2018-08-20 19:00:08,402] - Script::install(): KBExtra is successfully!
S_INFO root [2018-08-20 19:00:08,430] - onInterfaceAppReady: bootstrapGroupIndex=0, bootstrapGlobalIndex=0
  INFO root [2018-08-20 19:00:08,450] - TelnetServer server is running on port 33000
  INFO root [2018-08-20 19:00:09,297] - ---- interfaces is running ----
 DEBUG root [2018-08-20 19:00:09,298] - Components::process(): Request for the process of identity...
  INFO root [2018-08-20 19:00:17,088] - Components::process(): Found all the components!
  WARN root [2018-08-20 19:01:11,411] - TCPPacketReceiver::processPendingEvents(127.0.0.1:62283): Throwing REASON_GENERAL_NETWORK - WSAECONNRESET
  INFO root [2018-08-20 19:01:27,483] - 
  INFO root [2018-08-20 19:01:27,483] - -----------------------------------------------------------------------------------------


  INFO root [2018-08-20 19:01:27,486] - Resmgr::initialize: KBE_ROOT=D:/KBE/kbengine-2.2.0/
  INFO root [2018-08-20 19:01:27,486] - Resmgr::initialize: KBE_RES_PATH=D:/KBE/kbengine-2.2.0/kbe/res/;D:/KBE/kbengine-2.2.0/ori_assets/;D:/KBE/kbengine-2.2.0/ori_assets/scripts/;D:/KBE/kbengine-2.2.0/ori_assets/res/
  INFO root [2018-08-20 19:01:27,486] - Resmgr::initialize: KBE_BIN_PATH=D:/KBE/kbengine-2.2.0/kbe/bin/server/
  INFO root [2018-08-20 19:01:27,535] - NetworkInterface::initialize(INTERNAL-TCP): bound to all interfaces with default route interface on 192.168.0.155 ( 192.168.0.155:30099 )
  INFO root [2018-08-20 19:01:27,535] - NetworkInterface::initialize(INTERNAL-TCP): address 192.168.0.155:30099, SOMAXCONN=5.
  INFO root [2018-08-20 19:01:27,547] - ---- interfaces Version: 2.2.0. ScriptVersion: 0.1.0. Protocol: 02AFC29E4F5C607C91FFC8D093B53B8B. Config: Debug X86. Built: 18:34:02 Aug  8 2018. AppID: 3000. UID: 24209. PID: 92064 ----
  INFO root [2018-08-20 19:01:27,548] - Server : Intel(R) Core(TM) i7-6700 CPU @ 3.40GHz with 4194303kB RAM
  INFO root [2018-08-20 19:01:27,549] - ThreadPool::createThreadPool: creating  threadpool...
  INFO root [2018-08-20 19:01:27,549] - ThreadPool::createThreadPool: successfully(2), newThreadCount=1, normalMaxThreadCount=2, maxThreadCount=8
 DEBUG root [2018-08-20 19:01:27,765] - Script::install_py_dlls(): PyInit_pyexpat
 DEBUG root [2018-08-20 19:01:27,766] - Script::install_py_dlls(): PyInit__socket
 DEBUG root [2018-08-20 19:01:27,766] - Script::install_py_dlls(): PyInit__ssl
 DEBUG root [2018-08-20 19:01:27,775] - Script::install_py_dlls(): PyInit__hashlib
 DEBUG root [2018-08-20 19:01:27,775] - Script::install_py_dlls(): PyInit_select
 DEBUG root [2018-08-20 19:01:27,776] - Script::install_py_dlls(): PyInit__ctypes
 DEBUG root [2018-08-20 19:01:27,777] - Script::install_py_dlls(): PyInit__elementtree
 DEBUG root [2018-08-20 19:01:27,885] - Script::install_py_dlls(): PyInit_unicodedata
  INFO root [2018-08-20 19:01:27,987] - Script::install(): is successfully, Python=(3.4.2 (default, Aug  8 2018, 18:33:54) [MSC v.1913 32 bit (Intel)])!
  INFO root [2018-08-20 19:01:27,988] - Script::install(): KBExtra is successfully!
S_INFO root [2018-08-20 19:01:28,025] - onInterfaceAppReady: bootstrapGroupIndex=0, bootstrapGlobalIndex=0
  INFO root [2018-08-20 19:01:28,053] - TelnetServer server is running on port 33000
  INFO root [2018-08-20 19:01:28,927] - ---- interfaces is running ----
 DEBUG root [2018-08-20 19:01:28,928] - Components::process(): Request for the process of identity...
  INFO root [2018-08-20 19:01:36,725] - Components::process(): Found all the components!
  WARN root [2018-08-20 19:03:12,943] - TCPPacketReceiver::processPendingEvents(127.0.0.1:62337): Throwing REASON_GENERAL_NETWORK - WSAECONNRESET
  INFO root [2018-08-20 19:03:28,382] - 
  INFO root [2018-08-20 19:03:28,383] - -----------------------------------------------------------------------------------------


  INFO root [2018-08-20 19:03:28,385] - Resmgr::initialize: KBE_ROOT=D:/KBE/kbengine-2.2.0/
  INFO root [2018-08-20 19:03:28,386] - Resmgr::initialize: KBE_RES_PATH=D:/KBE/kbengine-2.2.0/kbe/res/;D:/KBE/kbengine-2.2.0/ori_assets/;D:/KBE/kbengine-2.2.0/ori_assets/scripts/;D:/KBE/kbengine-2.2.0/ori_assets/res/
  INFO root [2018-08-20 19:03:28,386] - Resmgr::initialize: KBE_BIN_PATH=D:/KBE/kbengine-2.2.0/kbe/bin/server/
  INFO root [2018-08-20 19:03:28,430] - NetworkInterface::initialize(INTERNAL-TCP): bound to all interfaces with default route interface on 192.168.0.155 ( 192.168.0.155:30099 )
  INFO root [2018-08-20 19:03:28,430] - NetworkInterface::initialize(INTERNAL-TCP): address 192.168.0.155:30099, SOMAXCONN=5.
  INFO root [2018-08-20 19:03:28,441] - ---- interfaces Version: 2.2.0. ScriptVersion: 0.1.0. Protocol: 02AFC29E4F5C607C91FFC8D093B53B8B. Config: Debug X86. Built: 18:34:02 Aug  8 2018. AppID: 3000. UID: 24604. PID: 92280 ----
  INFO root [2018-08-20 19:03:28,442] - Server : Intel(R) Core(TM) i7-6700 CPU @ 3.40GHz with 4194303kB RAM
  INFO root [2018-08-20 19:03:28,443] - ThreadPool::createThreadPool: creating  threadpool...
  INFO root [2018-08-20 19:03:28,443] - ThreadPool::createThreadPool: successfully(2), newThreadCount=1, normalMaxThreadCount=2, maxThreadCount=8
 DEBUG root [2018-08-20 19:03:28,662] - Script::install_py_dlls(): PyInit_pyexpat
 DEBUG root [2018-08-20 19:03:28,663] - Script::install_py_dlls(): PyInit__socket
 DEBUG root [2018-08-20 19:03:28,664] - Script::install_py_dlls(): PyInit__ssl
 DEBUG root [2018-08-20 19:03:28,672] - Script::install_py_dlls(): PyInit__hashlib
 DEBUG root [2018-08-20 19:03:28,673] - Script::install_py_dlls(): PyInit_select
 DEBUG root [2018-08-20 19:03:28,673] - Script::install_py_dlls(): PyInit__ctypes
 DEBUG root [2018-08-20 19:03:28,675] - Script::install_py_dlls(): PyInit__elementtree
 DEBUG root [2018-08-20 19:03:28,784] - Script::install_py_dlls(): PyInit_unicodedata
  INFO root [2018-08-20 19:03:28,884] - Script::install(): is successfully, Python=(3.4.2 (default, Aug  8 2018, 18:33:54) [MSC v.1913 32 bit (Intel)])!
  INFO root [2018-08-20 19:03:28,884] - Script::install(): KBExtra is successfully!
S_INFO root [2018-08-20 19:03:28,908] - onInterfaceAppReady: bootstrapGroupIndex=0, bootstrapGlobalIndex=0
  INFO root [2018-08-20 19:03:28,928] - TelnetServer server is running on port 33000
  INFO root [2018-08-20 19:03:29,710] - ---- interfaces is running ----
 DEBUG root [2018-08-20 19:03:29,712] - Components::process(): Request for the process of identity...
  INFO root [2018-08-20 19:03:37,509] - Components::process(): Found all the components!
  WARN root [2018-08-20 19:03:47,683] - TCPPacketReceiver::processPendingEvents(127.0.0.1:62399): Throwing REASON_GENERAL_NETWORK - WSAECONNRESET
  INFO root [2018-08-20 19:04:37,598] - 
  INFO root [2018-08-20 19:04:37,599] - -----------------------------------------------------------------------------------------


  INFO root [2018-08-20 19:04:37,601] - Resmgr::initialize: KBE_ROOT=D:/KBE/kbengine-2.2.0/
  INFO root [2018-08-20 19:04:37,601] - Resmgr::initialize: KBE_RES_PATH=D:/KBE/kbengine-2.2.0/kbe/res/;D:/KBE/kbengine-2.2.0/ori_assets/;D:/KBE/kbengine-2.2.0/ori_assets/scripts/;D:/KBE/kbengine-2.2.0/ori_assets/res/
  INFO root [2018-08-20 19:04:37,601] - Resmgr::initialize: KBE_BIN_PATH=D:/KBE/kbengine-2.2.0/kbe/bin/server/
  INFO root [2018-08-20 19:04:37,635] - NetworkInterface::initialize(INTERNAL-TCP): bound to all interfaces with default route interface on 192.168.0.155 ( 192.168.0.155:30099 )
  INFO root [2018-08-20 19:04:37,635] - NetworkInterface::initialize(INTERNAL-TCP): address 192.168.0.155:30099, SOMAXCONN=5.
  INFO root [2018-08-20 19:04:37,644] - ---- interfaces Version: 2.2.0. ScriptVersion: 0.1.0. Protocol: 02AFC29E4F5C607C91FFC8D093B53B8B. Config: Debug X86. Built: 18:34:02 Aug  8 2018. AppID: 3000. UID: 24829. PID: 91160 ----
  INFO root [2018-08-20 19:04:37,644] - Server : Intel(R) Core(TM) i7-6700 CPU @ 3.40GHz with 4194303kB RAM
  INFO root [2018-08-20 19:04:37,644] - ThreadPool::createThreadPool: creating  threadpool...
  INFO root [2018-08-20 19:04:37,645] - ThreadPool::createThreadPool: successfully(2), newThreadCount=1, normalMaxThreadCount=2, maxThreadCount=8
 DEBUG root [2018-08-20 19:04:37,838] - Script::install_py_dlls(): PyInit_pyexpat
 DEBUG root [2018-08-20 19:04:37,839] - Script::install_py_dlls(): PyInit__socket
 DEBUG root [2018-08-20 19:04:37,840] - Script::install_py_dlls(): PyInit__ssl
 DEBUG root [2018-08-20 19:04:37,847] - Script::install_py_dlls(): PyInit__hashlib
 DEBUG root [2018-08-20 19:04:37,847] - Script::install_py_dlls(): PyInit_select
 DEBUG root [2018-08-20 19:04:37,848] - Script::install_py_dlls(): PyInit__ctypes
 DEBUG root [2018-08-20 19:04:37,848] - Script::install_py_dlls(): PyInit__elementtree
 DEBUG root [2018-08-20 19:04:37,939] - Script::install_py_dlls(): PyInit_unicodedata
  INFO root [2018-08-20 19:04:38,037] - Script::install(): is successfully, Python=(3.4.2 (default, Aug  8 2018, 18:33:54) [MSC v.1913 32 bit (Intel)])!
  INFO root [2018-08-20 19:04:38,038] - Script::install(): KBExtra is successfully!
S_INFO root [2018-08-20 19:04:38,066] - onInterfaceAppReady: bootstrapGroupIndex=0, bootstrapGlobalIndex=0
  INFO root [2018-08-20 19:04:38,095] - TelnetServer server is running on port 33000
  INFO root [2018-08-20 19:04:38,944] - ---- interfaces is running ----
 DEBUG root [2018-08-20 19:04:38,944] - Components::process(): Request for the process of identity...
  INFO root [2018-08-20 19:04:46,803] - Components::process(): Found all the components!
S_INFO root [2018-08-20 19:07:41,987] - onRequestAccountLogin: registerName=luozhonghai
  WARN root [2018-08-20 19:12:37,380] - TCPPacketReceiver::processPendingEvents(127.0.0.1:62450): Throwing REASON_GENERAL_NETWORK - WSAECONNRESET
  INFO root [2018-08-20 19:14:50,703] - 
  INFO root [2018-08-20 19:14:50,703] - -----------------------------------------------------------------------------------------


  INFO root [2018-08-20 19:14:50,705] - Resmgr::initialize: KBE_ROOT=D:/KBE/kbengine-2.2.0/
  INFO root [2018-08-20 19:14:50,705] - Resmgr::initialize: KBE_RES_PATH=D:/KBE/kbengine-2.2.0/kbe/res/;D:/KBE/kbengine-2.2.0/ori_assets/;D:/KBE/kbengine-2.2.0/ori_assets/scripts/;D:/KBE/kbengine-2.2.0/ori_assets/res/
  INFO root [2018-08-20 19:14:50,705] - Resmgr::initialize: KBE_BIN_PATH=D:/KBE/kbengine-2.2.0/kbe/bin/server/
  INFO root [2018-08-20 19:14:50,738] - NetworkInterface::initialize(INTERNAL-TCP): bound to all interfaces with default route interface on 192.168.0.155 ( 192.168.0.155:30099 )
  INFO root [2018-08-20 19:14:50,738] - NetworkInterface::initialize(INTERNAL-TCP): address 192.168.0.155:30099, SOMAXCONN=5.
  INFO root [2018-08-20 19:14:50,747] - ---- interfaces Version: 2.2.0. ScriptVersion: 0.1.0. Protocol: 02AFC29E4F5C607C91FFC8D093B53B8B. Config: Debug X86. Built: 18:34:02 Aug  8 2018. AppID: 3000. UID: 26838. PID: 62264 ----
  INFO root [2018-08-20 19:14:50,748] - Server : Intel(R) Core(TM) i7-6700 CPU @ 3.40GHz with 4194303kB RAM
  INFO root [2018-08-20 19:14:50,748] - ThreadPool::createThreadPool: creating  threadpool...
  INFO root [2018-08-20 19:14:50,749] - ThreadPool::createThreadPool: successfully(2), newThreadCount=1, normalMaxThreadCount=2, maxThreadCount=8
 DEBUG root [2018-08-20 19:14:50,924] - Script::install_py_dlls(): PyInit_pyexpat
 DEBUG root [2018-08-20 19:14:50,925] - Script::install_py_dlls(): PyInit__socket
 DEBUG root [2018-08-20 19:14:50,926] - Script::install_py_dlls(): PyInit__ssl
 DEBUG root [2018-08-20 19:14:50,935] - Script::install_py_dlls(): PyInit__hashlib
 DEBUG root [2018-08-20 19:14:50,936] - Script::install_py_dlls(): PyInit_select
 DEBUG root [2018-08-20 19:14:50,936] - Script::install_py_dlls(): PyInit__ctypes
 DEBUG root [2018-08-20 19:14:50,937] - Script::install_py_dlls(): PyInit__elementtree
 DEBUG root [2018-08-20 19:14:51,023] - Script::install_py_dlls(): PyInit_unicodedata
  INFO root [2018-08-20 19:14:51,098] - Script::install(): is successfully, Python=(3.4.2 (default, Aug  8 2018, 18:33:54) [MSC v.1913 32 bit (Intel)])!
  INFO root [2018-08-20 19:14:51,099] - Script::install(): KBExtra is successfully!
S_INFO root [2018-08-20 19:14:51,120] - onInterfaceAppReady: bootstrapGroupIndex=0, bootstrapGlobalIndex=0
  INFO root [2018-08-20 19:14:51,139] - TelnetServer server is running on port 33000
  INFO root [2018-08-20 19:14:51,797] - ---- interfaces is running ----
 DEBUG root [2018-08-20 19:14:51,797] - Components::process(): Request for the process of identity...
  INFO root [2018-08-20 19:14:59,220] - Components::process(): Found all the components!
S_INFO root [2018-08-20 19:16:28,172] - onRequestAccountLogin: registerName=luozhonghai
S_INFO root [2018-08-20 19:19:54,884] - onRequestAccountLogin: registerName=luozhonghai
S_INFO root [2018-08-20 19:20:01,902] - onRequestAccountLogin: registerName=luozhonghai
S_INFO root [2018-08-20 19:20:04,183] - onRequestAccountLogin: registerName=luozhonghai
S_INFO root [2018-08-20 19:20:13,047] - onRequestAccountLogin: registerName=luozhonghai
S_INFO root [2018-08-20 19:20:53,566] - onRequestAccountLogin: registerName=luozhonghai
S_INFO root [2018-08-20 19:21:35,512] - onRequestAccountLogin: registerName=luozhonghai
S_INFO root [2018-08-20 19:22:18,593] - onRequestAccountLogin: registerName=luozhonghai
  WARN root [2018-08-20 19:33:01,521] - TCPPacketReceiver::processPendingEvents(127.0.0.1:62691): Throwing REASON_GENERAL_NETWORK - WSAECONNRESET
  INFO root [2018-08-20 19:33:06,895] - 
  INFO root [2018-08-20 19:33:06,896] - -----------------------------------------------------------------------------------------


  INFO root [2018-08-20 19:33:06,898] - Resmgr::initialize: KBE_ROOT=D:/KBE/kbengine-2.2.0/
  INFO root [2018-08-20 19:33:06,898] - Resmgr::initialize: KBE_RES_PATH=D:/KBE/kbengine-2.2.0/kbe/res/;D:/KBE/kbengine-2.2.0/ori_assets/;D:/KBE/kbengine-2.2.0/ori_assets/scripts/;D:/KBE/kbengine-2.2.0/ori_assets/res/
  INFO root [2018-08-20 19:33:06,898] - Resmgr::initialize: KBE_BIN_PATH=D:/KBE/kbengine-2.2.0/kbe/bin/server/
  INFO root [2018-08-20 19:33:06,941] - NetworkInterface::initialize(INTERNAL-TCP): bound to all interfaces with default route interface on 192.168.0.155 ( 192.168.0.155:30099 )
  INFO root [2018-08-20 19:33:06,941] - NetworkInterface::initialize(INTERNAL-TCP): address 192.168.0.155:30099, SOMAXCONN=5.
  INFO root [2018-08-20 19:33:06,953] - ---- interfaces Version: 2.2.0. ScriptVersion: 0.1.0. Protocol: 02AFC29E4F5C607C91FFC8D093B53B8B. Config: Debug X86. Built: 18:34:02 Aug  8 2018. AppID: 3000. UID: 30414. PID: 84624 ----
  INFO root [2018-08-20 19:33:06,953] - Server : Intel(R) Core(TM) i7-6700 CPU @ 3.40GHz with 4194303kB RAM
  INFO root [2018-08-20 19:33:06,954] - ThreadPool::createThreadPool: creating  threadpool...
  INFO root [2018-08-20 19:33:06,954] - ThreadPool::createThreadPool: successfully(2), newThreadCount=1, normalMaxThreadCount=2, maxThreadCount=8
 DEBUG root [2018-08-20 19:33:07,117] - Script::install_py_dlls(): PyInit_pyexpat
 DEBUG root [2018-08-20 19:33:07,118] - Script::install_py_dlls(): PyInit__socket
 DEBUG root [2018-08-20 19:33:07,118] - Script::install_py_dlls(): PyInit__ssl
 DEBUG root [2018-08-20 19:33:07,123] - Script::install_py_dlls(): PyInit__hashlib
 DEBUG root [2018-08-20 19:33:07,123] - Script::install_py_dlls(): PyInit_select
 DEBUG root [2018-08-20 19:33:07,124] - Script::install_py_dlls(): PyInit__ctypes
 DEBUG root [2018-08-20 19:33:07,125] - Script::install_py_dlls(): PyInit__elementtree
 DEBUG root [2018-08-20 19:33:07,181] - Script::install_py_dlls(): PyInit_unicodedata
  INFO root [2018-08-20 19:33:07,245] - Script::install(): is successfully, Python=(3.4.2 (default, Aug  8 2018, 18:33:54) [MSC v.1913 32 bit (Intel)])!
  INFO root [2018-08-20 19:33:07,245] - Script::install(): KBExtra is successfully!
S_INFO root [2018-08-20 19:33:07,266] - onInterfaceAppReady: bootstrapGroupIndex=0, bootstrapGlobalIndex=0
  INFO root [2018-08-20 19:33:07,287] - TelnetServer server is running on port 33000
  INFO root [2018-08-20 19:33:07,939] - ---- interfaces is running ----
 DEBUG root [2018-08-20 19:33:07,939] - Components::process(): Request for the process of identity...
  INFO root [2018-08-20 19:33:15,667] - Components::process(): Found all the components!
S_INFO root [2018-08-20 19:33:55,759] - onRequestAccountLogin: registerName=luozhonghai
S_INFO root [2018-08-20 19:34:05,718] - onRequestAccountLogin: registerName=luozhonghai
S_INFO root [2018-08-20 19:34:10,077] - onRequestAccountLogin: registerName=luozhonghai
S_INFO root [2018-08-20 19:34:16,406] - onRequestAccountLogin: registerName=luozhonghai
  WARN root [2018-08-20 19:37:00,519] - TCPPacketReceiver::processPendingEvents(127.0.0.1:63127): Throwing REASON_GENERAL_NETWORK - WSAECONNRESET
  INFO root [2018-08-20 19:37:16,672] - 
  INFO root [2018-08-20 19:37:16,673] - -----------------------------------------------------------------------------------------


  INFO root [2018-08-20 19:37:16,675] - Resmgr::initialize: KBE_ROOT=D:/KBE/kbengine-2.2.0/
  INFO root [2018-08-20 19:37:16,675] - Resmgr::initialize: KBE_RES_PATH=D:/KBE/kbengine-2.2.0/kbe/res/;D:/KBE/kbengine-2.2.0/ori_assets/;D:/KBE/kbengine-2.2.0/ori_assets/scripts/;D:/KBE/kbengine-2.2.0/ori_assets/res/
  INFO root [2018-08-20 19:37:16,675] - Resmgr::initialize: KBE_BIN_PATH=D:/KBE/kbengine-2.2.0/kbe/bin/server/
  INFO root [2018-08-20 19:37:16,706] - NetworkInterface::initialize(INTERNAL-TCP): bound to all interfaces with default route interface on 192.168.0.155 ( 192.168.0.155:30099 )
  INFO root [2018-08-20 19:37:16,707] - NetworkInterface::initialize(INTERNAL-TCP): address 192.168.0.155:30099, SOMAXCONN=5.
  INFO root [2018-08-20 19:37:16,716] - ---- interfaces Version: 2.2.0. ScriptVersion: 0.1.0. Protocol: 02AFC29E4F5C607C91FFC8D093B53B8B. Config: Debug X86. Built: 18:34:02 Aug  8 2018. AppID: 3000. UID: 31237. PID: 29744 ----
  INFO root [2018-08-20 19:37:16,717] - Server : Intel(R) Core(TM) i7-6700 CPU @ 3.40GHz with 4194303kB RAM
  INFO root [2018-08-20 19:37:16,717] - ThreadPool::createThreadPool: creating  threadpool...
  INFO root [2018-08-20 19:37:16,718] - ThreadPool::createThreadPool: successfully(2), newThreadCount=1, normalMaxThreadCount=2, maxThreadCount=8
 DEBUG root [2018-08-20 19:37:16,893] - Script::install_py_dlls(): PyInit_pyexpat
 DEBUG root [2018-08-20 19:37:16,894] - Script::install_py_dlls(): PyInit__socket
 DEBUG root [2018-08-20 19:37:16,895] - Script::install_py_dlls(): PyInit__ssl
 DEBUG root [2018-08-20 19:37:16,901] - Script::install_py_dlls(): PyInit__hashlib
 DEBUG root [2018-08-20 19:37:16,902] - Script::install_py_dlls(): PyInit_select
 DEBUG root [2018-08-20 19:37:16,902] - Script::install_py_dlls(): PyInit__ctypes
 DEBUG root [2018-08-20 19:37:16,904] - Script::install_py_dlls(): PyInit__elementtree
 DEBUG root [2018-08-20 19:37:16,975] - Script::install_py_dlls(): PyInit_unicodedata
  INFO root [2018-08-20 19:37:17,052] - Script::install(): is successfully, Python=(3.4.2 (default, Aug  8 2018, 18:33:54) [MSC v.1913 32 bit (Intel)])!
  INFO root [2018-08-20 19:37:17,053] - Script::install(): KBExtra is successfully!
S_INFO root [2018-08-20 19:37:17,076] - onInterfaceAppReady: bootstrapGroupIndex=0, bootstrapGlobalIndex=0
  INFO root [2018-08-20 19:37:17,095] - TelnetServer server is running on port 33000
  INFO root [2018-08-20 19:37:17,754] - ---- interfaces is running ----
 DEBUG root [2018-08-20 19:37:17,754] - Components::process(): Request for the process of identity...
  INFO root [2018-08-20 19:37:25,177] - Components::process(): Found all the components!
S_INFO root [2018-08-20 19:38:40,559] - onRequestAccountLogin: registerName=luozhonghai
S_INFO root [2018-08-20 19:38:56,683] - onRequestAccountLogin: registerName=luozhonghai
S_INFO root [2018-08-20 20:25:40,636] - onRequestAccountLogin: registerName=luozhonghai
S_INFO root [2018-08-20 20:33:10,989] - onRequestAccountLogin: registerName=luozhonghai
  WARN root [2018-08-20 20:35:02,163] - TCPPacketReceiver::processPendingEvents(127.0.0.1:63282): Throwing REASON_GENERAL_NETWORK - WSAECONNRESET
  INFO root [2018-08-20 20:40:52,927] - 
  INFO root [2018-08-20 20:40:52,951] - -----------------------------------------------------------------------------------------


  INFO root [2018-08-20 20:40:52,953] - Resmgr::initialize: KBE_ROOT=D:/KBE/kbengine-2.2.0/
  INFO root [2018-08-20 20:40:52,954] - Resmgr::initialize: KBE_RES_PATH=D:/KBE/kbengine-2.2.0/kbe/res/;D:/KBE/kbengine-2.2.0/ori_assets/;D:/KBE/kbengine-2.2.0/ori_assets/scripts/;D:/KBE/kbengine-2.2.0/ori_assets/res/
  INFO root [2018-08-20 20:40:52,954] - Resmgr::initialize: KBE_BIN_PATH=D:/KBE/kbengine-2.2.0/kbe/bin/server/
  INFO root [2018-08-20 20:40:52,967] - NetworkInterface::initialize(INTERNAL-TCP): bound to all interfaces with default route interface on 192.168.0.155 ( 192.168.0.155:30099 )
  INFO root [2018-08-20 20:40:52,967] - NetworkInterface::initialize(INTERNAL-TCP): address 192.168.0.155:30099, SOMAXCONN=5.
  INFO root [2018-08-20 20:40:52,977] - ---- interfaces Version: 2.2.0. ScriptVersion: 0.1.0. Protocol: 02AFC29E4F5C607C91FFC8D093B53B8B. Config: Debug X86. Built: 18:34:02 Aug  8 2018. AppID: 3000. UID: 10907. PID: 10716 ----
  INFO root [2018-08-20 20:40:52,978] - Server : Intel(R) Core(TM) i7-6700 CPU @ 3.40GHz with 4194303kB RAM
  INFO root [2018-08-20 20:40:52,978] - ThreadPool::createThreadPool: creating  threadpool...
  INFO root [2018-08-20 20:40:52,979] - ThreadPool::createThreadPool: successfully(2), newThreadCount=1, normalMaxThreadCount=2, maxThreadCount=8
 DEBUG root [2018-08-20 20:40:53,165] - Script::install_py_dlls(): PyInit_pyexpat
 DEBUG root [2018-08-20 20:40:53,166] - Script::install_py_dlls(): PyInit__socket
 DEBUG root [2018-08-20 20:40:53,167] - Script::install_py_dlls(): PyInit__ssl
 DEBUG root [2018-08-20 20:40:53,174] - Script::install_py_dlls(): PyInit__hashlib
 DEBUG root [2018-08-20 20:40:53,174] - Script::install_py_dlls(): PyInit_select
 DEBUG root [2018-08-20 20:40:53,175] - Script::install_py_dlls(): PyInit__ctypes
 DEBUG root [2018-08-20 20:40:53,176] - Script::install_py_dlls(): PyInit__elementtree
 DEBUG root [2018-08-20 20:40:53,256] - Script::install_py_dlls(): PyInit_unicodedata
  INFO root [2018-08-20 20:40:53,327] - Script::install(): is successfully, Python=(3.4.2 (default, Aug  8 2018, 18:33:54) [MSC v.1913 32 bit (Intel)])!
  INFO root [2018-08-20 20:40:53,327] - Script::install(): KBExtra is successfully!
S_INFO root [2018-08-20 20:40:53,434] - onInterfaceAppReady: bootstrapGroupIndex=0, bootstrapGlobalIndex=0
  INFO root [2018-08-20 20:40:53,454] - TelnetServer server is running on port 33000
  INFO root [2018-08-20 20:40:54,167] - ---- interfaces is running ----
 DEBUG root [2018-08-20 20:40:54,168] - Components::process(): Request for the process of identity...
  INFO root [2018-08-20 20:41:01,456] - Components::process(): Found all the components!
S_INFO root [2018-08-20 20:44:24,466] - onRequestAccountLogin: registerName=luozhonghai
S_INFO root [2018-08-20 20:47:35,393] - onRequestAccountLogin: registerName=luozhonghai
S_INFO root [2018-08-20 20:51:48,874] - onRequestAccountLogin: registerName=luozhonghai
  WARN root [2018-08-20 21:02:49,407] - TCPPacketReceiver::processPendingEvents(127.0.0.1:49924): Throwing REASON_GENERAL_NETWORK - WSAECONNRESET
  INFO root [2018-08-20 21:02:59,988] - 
  INFO root [2018-08-20 21:02:59,988] - -----------------------------------------------------------------------------------------


  INFO root [2018-08-20 21:02:59,990] - Resmgr::initialize: KBE_ROOT=D:/KBE/kbengine-2.2.0/
  INFO root [2018-08-20 21:02:59,990] - Resmgr::initialize: KBE_RES_PATH=D:/KBE/kbengine-2.2.0/kbe/res/;D:/KBE/kbengine-2.2.0/ori_assets/;D:/KBE/kbengine-2.2.0/ori_assets/scripts/;D:/KBE/kbengine-2.2.0/ori_assets/res/
  INFO root [2018-08-20 21:02:59,990] - Resmgr::initialize: KBE_BIN_PATH=D:/KBE/kbengine-2.2.0/kbe/bin/server/
  INFO root [2018-08-20 21:03:00,006] - NetworkInterface::initialize(INTERNAL-TCP): bound to all interfaces with default route interface on 192.168.0.155 ( 192.168.0.155:30099 )
  INFO root [2018-08-20 21:03:00,007] - NetworkInterface::initialize(INTERNAL-TCP): address 192.168.0.155:30099, SOMAXCONN=5.
  INFO root [2018-08-20 21:03:00,020] - ---- interfaces Version: 2.2.0. ScriptVersion: 0.1.0. Protocol: 02AFC29E4F5C607C91FFC8D093B53B8B. Config: Debug X86. Built: 18:34:02 Aug  8 2018. AppID: 3000. UID: 15263. PID: 12376 ----
  INFO root [2018-08-20 21:03:00,020] - Server : Intel(R) Core(TM) i7-6700 CPU @ 3.40GHz with 4194303kB RAM
  INFO root [2018-08-20 21:03:00,021] - ThreadPool::createThreadPool: creating  threadpool...
  INFO root [2018-08-20 21:03:00,021] - ThreadPool::createThreadPool: successfully(2), newThreadCount=1, normalMaxThreadCount=2, maxThreadCount=8
 DEBUG root [2018-08-20 21:03:00,198] - Script::install_py_dlls(): PyInit_pyexpat
 DEBUG root [2018-08-20 21:03:00,199] - Script::install_py_dlls(): PyInit__socket
 DEBUG root [2018-08-20 21:03:00,200] - Script::install_py_dlls(): PyInit__ssl
 DEBUG root [2018-08-20 21:03:00,206] - Script::install_py_dlls(): PyInit__hashlib
 DEBUG root [2018-08-20 21:03:00,206] - Script::install_py_dlls(): PyInit_select
 DEBUG root [2018-08-20 21:03:00,206] - Script::install_py_dlls(): PyInit__ctypes
 DEBUG root [2018-08-20 21:03:00,208] - Script::install_py_dlls(): PyInit__elementtree
 DEBUG root [2018-08-20 21:03:00,274] - Script::install_py_dlls(): PyInit_unicodedata
  INFO root [2018-08-20 21:03:00,349] - Script::install(): is successfully, Python=(3.4.2 (default, Aug  8 2018, 18:33:54) [MSC v.1913 32 bit (Intel)])!
  INFO root [2018-08-20 21:03:00,349] - Script::install(): KBExtra is successfully!
S_INFO root [2018-08-20 21:03:00,372] - onInterfaceAppReady: bootstrapGroupIndex=0, bootstrapGlobalIndex=0
  INFO root [2018-08-20 21:03:00,389] - TelnetServer server is running on port 33000
  INFO root [2018-08-20 21:03:01,135] - ---- interfaces is running ----
 DEBUG root [2018-08-20 21:03:01,136] - Components::process(): Request for the process of identity...
  INFO root [2018-08-20 21:03:08,473] - Components::process(): Found all the components!
S_INFO root [2018-08-20 21:06:18,463] - onRequestAccountLogin: registerName=luozhonghai
S_INFO root [2018-08-20 21:09:09,564] - onRequestAccountLogin: registerName=luozhonghai
S_INFO root [2018-08-20 21:10:10,103] - onRequestAccountLogin: registerName=hashvr
S_INFO root [2018-08-20 21:13:25,869] - onRequestAccountLogin: registerName=luozhonghai
  WARN root [2018-08-20 21:17:27,670] - TCPPacketReceiver::processPendingEvents(127.0.0.1:50864): Throwing REASON_GENERAL_NETWORK - WSAECONNRESET
  INFO root [2018-08-20 21:17:37,336] - 
  INFO root [2018-08-20 21:17:37,337] - -----------------------------------------------------------------------------------------


  INFO root [2018-08-20 21:17:37,339] - Resmgr::initialize: KBE_ROOT=D:/KBE/kbengine-2.2.0/
  INFO root [2018-08-20 21:17:37,339] - Resmgr::initialize: KBE_RES_PATH=D:/KBE/kbengine-2.2.0/kbe/res/;D:/KBE/kbengine-2.2.0/ori_assets/;D:/KBE/kbengine-2.2.0/ori_assets/scripts/;D:/KBE/kbengine-2.2.0/ori_assets/res/
  INFO root [2018-08-20 21:17:37,339] - Resmgr::initialize: KBE_BIN_PATH=D:/KBE/kbengine-2.2.0/kbe/bin/server/
  INFO root [2018-08-20 21:17:37,348] - NetworkInterface::initialize(INTERNAL-TCP): bound to all interfaces with default route interface on 192.168.0.155 ( 192.168.0.155:30099 )
  INFO root [2018-08-20 21:17:37,348] - NetworkInterface::initialize(INTERNAL-TCP): address 192.168.0.155:30099, SOMAXCONN=5.
  INFO root [2018-08-20 21:17:37,354] - ---- interfaces Version: 2.2.0. ScriptVersion: 0.1.0. Protocol: 02AFC29E4F5C607C91FFC8D093B53B8B. Config: Debug X86. Built: 18:34:02 Aug  8 2018. AppID: 3000. UID: 18131. PID: 12380 ----
  INFO root [2018-08-20 21:17:37,355] - Server : Intel(R) Core(TM) i7-6700 CPU @ 3.40GHz with 4194303kB RAM
  INFO root [2018-08-20 21:17:37,355] - ThreadPool::createThreadPool: creating  threadpool...
  INFO root [2018-08-20 21:17:37,355] - ThreadPool::createThreadPool: successfully(2), newThreadCount=1, normalMaxThreadCount=2, maxThreadCount=8
 DEBUG root [2018-08-20 21:17:37,526] - Script::install_py_dlls(): PyInit_pyexpat
 DEBUG root [2018-08-20 21:17:37,526] - Script::install_py_dlls(): PyInit__socket
 DEBUG root [2018-08-20 21:17:37,527] - Script::install_py_dlls(): PyInit__ssl
 DEBUG root [2018-08-20 21:17:37,531] - Script::install_py_dlls(): PyInit__hashlib
 DEBUG root [2018-08-20 21:17:37,532] - Script::install_py_dlls(): PyInit_select
 DEBUG root [2018-08-20 21:17:37,532] - Script::install_py_dlls(): PyInit__ctypes
 DEBUG root [2018-08-20 21:17:37,532] - Script::install_py_dlls(): PyInit__elementtree
 DEBUG root [2018-08-20 21:17:37,595] - Script::install_py_dlls(): PyInit_unicodedata
  INFO root [2018-08-20 21:17:37,674] - Script::install(): is successfully, Python=(3.4.2 (default, Aug  8 2018, 18:33:54) [MSC v.1913 32 bit (Intel)])!
  INFO root [2018-08-20 21:17:37,674] - Script::install(): KBExtra is successfully!
S_INFO root [2018-08-20 21:17:37,697] - onInterfaceAppReady: bootstrapGroupIndex=0, bootstrapGlobalIndex=0
  INFO root [2018-08-20 21:17:37,714] - TelnetServer server is running on port 33000
  INFO root [2018-08-20 21:17:38,512] - ---- interfaces is running ----
 DEBUG root [2018-08-20 21:17:38,514] - Components::process(): Request for the process of identity...
  INFO root [2018-08-20 21:17:45,798] - Components::process(): Found all the components!
S_INFO root [2018-08-20 21:20:33,024] - onRequestAccountLogin: registerName=luozhonghai
S_INFO root [2018-08-20 21:24:17,871] - onRequestAccountLogin: registerName=hashvr
S_INFO root [2018-08-20 21:39:25,854] - onRequestAccountLogin: registerName=hashvr
  WARN root [2018-08-20 21:41:36,223] - TCPPacketReceiver::processPendingEvents(127.0.0.1:51172): Throwing REASON_GENERAL_NETWORK - WSAECONNRESET
  INFO root [2018-08-20 21:41:47,014] - 
  INFO root [2018-08-20 21:41:47,014] - -----------------------------------------------------------------------------------------


  INFO root [2018-08-20 21:41:47,015] - Resmgr::initialize: KBE_ROOT=D:/KBE/kbengine-2.2.0/
  INFO root [2018-08-20 21:41:47,016] - Resmgr::initialize: KBE_RES_PATH=D:/KBE/kbengine-2.2.0/kbe/res/;D:/KBE/kbengine-2.2.0/ori_assets/;D:/KBE/kbengine-2.2.0/ori_assets/scripts/;D:/KBE/kbengine-2.2.0/ori_assets/res/
  INFO root [2018-08-20 21:41:47,016] - Resmgr::initialize: KBE_BIN_PATH=D:/KBE/kbengine-2.2.0/kbe/bin/server/
  INFO root [2018-08-20 21:41:47,023] - NetworkInterface::initialize(INTERNAL-TCP): bound to all interfaces with default route interface on 192.168.0.155 ( 192.168.0.155:30099 )
  INFO root [2018-08-20 21:41:47,023] - NetworkInterface::initialize(INTERNAL-TCP): address 192.168.0.155:30099, SOMAXCONN=5.
  INFO root [2018-08-20 21:41:47,030] - ---- interfaces Version: 2.2.0. ScriptVersion: 0.1.0. Protocol: 02AFC29E4F5C607C91FFC8D093B53B8B. Config: Debug X86. Built: 18:34:02 Aug  8 2018. AppID: 3000. UID: 22866. PID: 22220 ----
  INFO root [2018-08-20 21:41:47,030] - Server : Intel(R) Core(TM) i7-6700 CPU @ 3.40GHz with 4194303kB RAM
  INFO root [2018-08-20 21:41:47,030] - ThreadPool::createThreadPool: creating  threadpool...
  INFO root [2018-08-20 21:41:47,031] - ThreadPool::createThreadPool: successfully(2), newThreadCount=1, normalMaxThreadCount=2, maxThreadCount=8
 DEBUG root [2018-08-20 21:41:47,193] - Script::install_py_dlls(): PyInit_pyexpat
 DEBUG root [2018-08-20 21:41:47,193] - Script::install_py_dlls(): PyInit__socket
 DEBUG root [2018-08-20 21:41:47,194] - Script::install_py_dlls(): PyInit__ssl
 DEBUG root [2018-08-20 21:41:47,199] - Script::install_py_dlls(): PyInit__hashlib
 DEBUG root [2018-08-20 21:41:47,199] - Script::install_py_dlls(): PyInit_select
 DEBUG root [2018-08-20 21:41:47,199] - Script::install_py_dlls(): PyInit__ctypes
 DEBUG root [2018-08-20 21:41:47,200] - Script::install_py_dlls(): PyInit__elementtree
 DEBUG root [2018-08-20 21:41:47,271] - Script::install_py_dlls(): PyInit_unicodedata
  INFO root [2018-08-20 21:41:47,351] - Script::install(): is successfully, Python=(3.4.2 (default, Aug  8 2018, 18:33:54) [MSC v.1913 32 bit (Intel)])!
  INFO root [2018-08-20 21:41:47,351] - Script::install(): KBExtra is successfully!
S_INFO root [2018-08-20 21:41:47,374] - onInterfaceAppReady: bootstrapGroupIndex=0, bootstrapGlobalIndex=0
  INFO root [2018-08-20 21:41:47,390] - TelnetServer server is running on port 33000
  INFO root [2018-08-20 21:41:47,917] - ---- interfaces is running ----
 DEBUG root [2018-08-20 21:41:47,917] - Components::process(): Request for the process of identity...
  INFO root [2018-08-20 21:41:55,217] - Components::process(): Found all the components!
S_INFO root [2018-08-20 21:42:38,685] - onRequestAccountLogin: registerName=hashvr
  WARN root [2018-08-20 21:52:56,085] - TCPPacketReceiver::processPendingEvents(127.0.0.1:51516): Throwing REASON_GENERAL_NETWORK - WSAECONNRESET
  INFO root [2018-08-20 22:04:12,179] - 
  INFO root [2018-08-20 22:04:12,180] - -----------------------------------------------------------------------------------------


  INFO root [2018-08-20 22:04:12,183] - Resmgr::initialize: KBE_ROOT=D:/KBE/kbengine-2.2.0/
  INFO root [2018-08-20 22:04:12,183] - Resmgr::initialize: KBE_RES_PATH=D:/KBE/kbengine-2.2.0/kbe/res/;D:/KBE/kbengine-2.2.0/ori_assets/;D:/KBE/kbengine-2.2.0/ori_assets/scripts/;D:/KBE/kbengine-2.2.0/ori_assets/res/
  INFO root [2018-08-20 22:04:12,183] - Resmgr::initialize: KBE_BIN_PATH=D:/KBE/kbengine-2.2.0/kbe/bin/server/
  INFO root [2018-08-20 22:04:12,201] - NetworkInterface::initialize(INTERNAL-TCP): bound to all interfaces with default route interface on 192.168.0.155 ( 192.168.0.155:30099 )
  INFO root [2018-08-20 22:04:12,201] - NetworkInterface::initialize(INTERNAL-TCP): address 192.168.0.155:30099, SOMAXCONN=5.
  INFO root [2018-08-20 22:04:12,213] - ---- interfaces Version: 2.2.0. ScriptVersion: 0.1.0. Protocol: 02AFC29E4F5C607C91FFC8D093B53B8B. Config: Debug X86. Built: 18:34:02 Aug  8 2018. AppID: 3000. UID: 27248. PID: 24928 ----
  INFO root [2018-08-20 22:04:12,213] - Server : Intel(R) Core(TM) i7-6700 CPU @ 3.40GHz with 4194303kB RAM
  INFO root [2018-08-20 22:04:12,214] - ThreadPool::createThreadPool: creating  threadpool...
  INFO root [2018-08-20 22:04:12,215] - ThreadPool::createThreadPool: successfully(2), newThreadCount=1, normalMaxThreadCount=2, maxThreadCount=8
 DEBUG root [2018-08-20 22:04:12,422] - Script::install_py_dlls(): PyInit_pyexpat
 DEBUG root [2018-08-20 22:04:12,423] - Script::install_py_dlls(): PyInit__socket
 DEBUG root [2018-08-20 22:04:12,424] - Script::install_py_dlls(): PyInit__ssl
 DEBUG root [2018-08-20 22:04:12,431] - Script::install_py_dlls(): PyInit__hashlib
 DEBUG root [2018-08-20 22:04:12,433] - Script::install_py_dlls(): PyInit_select
 DEBUG root [2018-08-20 22:04:12,433] - Script::install_py_dlls(): PyInit__ctypes
 DEBUG root [2018-08-20 22:04:12,435] - Script::install_py_dlls(): PyInit__elementtree
 DEBUG root [2018-08-20 22:04:12,528] - Script::install_py_dlls(): PyInit_unicodedata
  INFO root [2018-08-20 22:04:12,628] - Script::install(): is successfully, Python=(3.4.2 (default, Aug  8 2018, 18:33:54) [MSC v.1913 32 bit (Intel)])!
  INFO root [2018-08-20 22:04:12,629] - Script::install(): KBExtra is successfully!
S_INFO root [2018-08-20 22:04:12,657] - onInterfaceAppReady: bootstrapGroupIndex=0, bootstrapGlobalIndex=0
  INFO root [2018-08-20 22:04:12,679] - TelnetServer server is running on port 33000
  INFO root [2018-08-20 22:04:13,846] - ---- interfaces is running ----
 DEBUG root [2018-08-20 22:04:13,850] - Components::process(): Request for the process of identity...
  INFO root [2018-08-20 22:04:21,487] - Components::process(): Found all the components!
S_INFO root [2018-08-20 22:04:48,237] - onRequestAccountLogin: registerName=luozhonghai
S_INFO root [2018-08-20 22:14:14,969] - onRequestAccountLogin: registerName=luozhonghai
  WARN root [2018-08-20 22:27:12,353] - TCPPacketReceiver::processPendingEvents(127.0.0.1:51890): Throwing REASON_GENERAL_NETWORK - WSAECONNRESET
  INFO root [2018-08-20 22:27:25,967] - 
  INFO root [2018-08-20 22:27:25,968] - -----------------------------------------------------------------------------------------


  INFO root [2018-08-20 22:27:25,970] - Resmgr::initialize: KBE_ROOT=D:/KBE/kbengine-2.2.0/
  INFO root [2018-08-20 22:27:25,970] - Resmgr::initialize: KBE_RES_PATH=D:/KBE/kbengine-2.2.0/kbe/res/;D:/KBE/kbengine-2.2.0/ori_assets/;D:/KBE/kbengine-2.2.0/ori_assets/scripts/;D:/KBE/kbengine-2.2.0/ori_assets/res/
  INFO root [2018-08-20 22:27:25,970] - Resmgr::initialize: KBE_BIN_PATH=D:/KBE/kbengine-2.2.0/kbe/bin/server/
  INFO root [2018-08-20 22:27:25,985] - NetworkInterface::initialize(INTERNAL-TCP): bound to all interfaces with default route interface on 192.168.0.155 ( 192.168.0.155:30099 )
  INFO root [2018-08-20 22:27:25,986] - NetworkInterface::initialize(INTERNAL-TCP): address 192.168.0.155:30099, SOMAXCONN=5.
  INFO root [2018-08-20 22:27:25,996] - ---- interfaces Version: 2.2.0. ScriptVersion: 0.1.0. Protocol: 02AFC29E4F5C607C91FFC8D093B53B8B. Config: Debug X86. Built: 18:34:02 Aug  8 2018. AppID: 3000. UID: 31804. PID: 18576 ----
  INFO root [2018-08-20 22:27:25,998] - Server : Intel(R) Core(TM) i7-6700 CPU @ 3.40GHz with 4194303kB RAM
  INFO root [2018-08-20 22:27:25,998] - ThreadPool::createThreadPool: creating  threadpool...
  INFO root [2018-08-20 22:27:25,999] - ThreadPool::createThreadPool: successfully(2), newThreadCount=1, normalMaxThreadCount=2, maxThreadCount=8
 DEBUG root [2018-08-20 22:27:26,204] - Script::install_py_dlls(): PyInit_pyexpat
 DEBUG root [2018-08-20 22:27:26,205] - Script::install_py_dlls(): PyInit__socket
 DEBUG root [2018-08-20 22:27:26,206] - Script::install_py_dlls(): PyInit__ssl
 DEBUG root [2018-08-20 22:27:26,213] - Script::install_py_dlls(): PyInit__hashlib
 DEBUG root [2018-08-20 22:27:26,214] - Script::install_py_dlls(): PyInit_select
 DEBUG root [2018-08-20 22:27:26,214] - Script::install_py_dlls(): PyInit__ctypes
 DEBUG root [2018-08-20 22:27:26,216] - Script::install_py_dlls(): PyInit__elementtree
 DEBUG root [2018-08-20 22:27:26,312] - Script::install_py_dlls(): PyInit_unicodedata
  INFO root [2018-08-20 22:27:26,409] - Script::install(): is successfully, Python=(3.4.2 (default, Aug  8 2018, 18:33:54) [MSC v.1913 32 bit (Intel)])!
  INFO root [2018-08-20 22:27:26,409] - Script::install(): KBExtra is successfully!
S_INFO root [2018-08-20 22:27:26,436] - onInterfaceAppReady: bootstrapGroupIndex=0, bootstrapGlobalIndex=0
  INFO root [2018-08-20 22:27:26,459] - TelnetServer server is running on port 33000
  INFO root [2018-08-20 22:27:27,313] - ---- interfaces is running ----
 DEBUG root [2018-08-20 22:27:27,314] - Components::process(): Request for the process of identity...
  INFO root [2018-08-20 22:27:34,672] - Components::process(): Found all the components!
S_INFO root [2018-08-20 22:29:10,103] - onRequestAccountLogin: registerName=luozhonghai
  WARN root [2018-08-20 22:31:28,840] - TCPPacketReceiver::processPendingEvents(127.0.0.1:52202): Throwing REASON_GENERAL_NETWORK - WSAECONNRESET
