    INFO    cellapp-1 9028 8001  [2018-08-08 18:38:14 717] - -----------------------------------------------------------------------------------------


    INFO    cellapp-1 9028 8001  [2018-08-08 18:38:14 719] - Resmgr::initialize: KBE_ROOT=D:/KBE/kbengine-2.2.0/
    INFO    cellapp-1 9028 8001  [2018-08-08 18:38:14 720] - Resmgr::initialize: KBE_RES_PATH=D:/KBE/kbengine-2.2.0/kbe/res/;D:/KBE/kbengine-2.2.0/assets/;D:/KBE/kbengine-2.2.0/assets/scripts/;D:/KBE/kbengine-2.2.0/assets/res/
    INFO    cellapp-1 9028 8001  [2018-08-08 18:38:14 720] - Resmgr::initialize: KBE_BIN_PATH=D:/KBE/kbengine-2.2.0/kbe/bin/server/
    INFO    cellapp-1 9028 8001  [2018-08-08 18:38:14 779] - NetworkInterface::initialize(INTERNAL-TCP): bound to all interfaces with default route interface on 192.168.0.108 ( 192.168.0.108:62416 )
    INFO    cellapp-1 9028 8001  [2018-08-08 18:38:14 779] - NetworkInterface::initialize(INTERNAL-TCP): address 192.168.0.108:62416, SOMAXCONN=5.
    INFO    cellapp-1 9028 8001  [2018-08-08 18:38:14 779] - server-configs:
    INFO    cellapp-1 9028 8001  [2018-08-08 18:38:14 779] - 	gameUpdateHertz : 10
    INFO    cellapp-1 9028 8001  [2018-08-08 18:38:14 780] - 	defaultViewRadius : 80
    INFO    cellapp-1 9028 8001  [2018-08-08 18:38:14 780] - 	defaultViewHysteresisArea : 5
    INFO    cellapp-1 9028 8001  [2018-08-08 18:38:14 780] - 	entryScriptFile : kbemain
    INFO    cellapp-1 9028 8001  [2018-08-08 18:38:14 780] - 	internalTcpAddr : 192.168.0.108:62416
    INFO    cellapp-1 9028 8001  [2018-08-08 18:38:14 781] - 	componentID : 8001
 WARNING    cellapp-1 9028 8001  [2018-08-08 18:38:15 092] - BundleBroadcast::BundleBroadcast: Cannot bind to port 20296, errorno=10048
    INFO    cellapp-1 9028 8001  [2018-08-08 18:38:15 104] - ---- cellapp Version: 2.2.0. ScriptVersion: 0.1.0. Protocol: 810D2732DDBE3D44569EBB3F7F92FF77. Config: Debug X86. Built: 18:36:22 Aug  8 2018. AppID: 8001. UID: 9028. PID: 48688 ----
    INFO    cellapp-1 9028 8001  [2018-08-08 18:38:15 105] - Server : Intel(R) Core(TM) i7-6700 CPU @ 3.40GHz with 4194303kB RAM
    INFO    cellapp-1 9028 8001  [2018-08-08 18:38:15 105] - ThreadPool::createThreadPool: creating  threadpool...
    INFO    cellapp-1 9028 8001  [2018-08-08 18:38:15 106] - ThreadPool::createThreadPool: successfully(2), newThreadCount=1, normalMaxThreadCount=2, maxThreadCount=8
   DEBUG    cellapp-1 9028 8001  [2018-08-08 18:38:15 328] - Script::install_py_dlls(): PyInit_pyexpat
   DEBUG    cellapp-1 9028 8001  [2018-08-08 18:38:15 330] - Script::install_py_dlls(): PyInit__socket
   DEBUG    cellapp-1 9028 8001  [2018-08-08 18:38:15 332] - Script::install_py_dlls(): PyInit__ssl
   DEBUG    cellapp-1 9028 8001  [2018-08-08 18:38:15 349] - Script::install_py_dlls(): PyInit__hashlib
   DEBUG    cellapp-1 9028 8001  [2018-08-08 18:38:15 350] - Script::install_py_dlls(): PyInit_select
   DEBUG    cellapp-1 9028 8001  [2018-08-08 18:38:15 351] - Script::install_py_dlls(): PyInit__ctypes
   DEBUG    cellapp-1 9028 8001  [2018-08-08 18:38:15 355] - Script::install_py_dlls(): PyInit__elementtree
   DEBUG    cellapp-1 9028 8001  [2018-08-08 18:38:15 479] - Script::install_py_dlls(): PyInit_unicodedata
    INFO    cellapp-1 9028 8001  [2018-08-08 18:38:15 606] - Script::install(): is successfully, Python=(3.4.2 (default, Aug  8 2018, 18:34:53) [MSC v.1913 32 bit (Intel)])!
    INFO    cellapp-1 9028 8001  [2018-08-08 18:38:15 606] - Script::install(): KBExtra is successfully!
    INFO    cellapp-1 9028 8001  [2018-08-08 18:38:15 641] - TelnetServer server is running on port 50000
    INFO    cellapp-1 9028 8001  [2018-08-08 18:38:16 764] - ---- cellapp is running ----
   DEBUG    cellapp-1 9028 8001  [2018-08-08 18:38:16 765] - Components::process(): Request for the process of identity...
 WARNING    cellapp-1 9028 8001  [2018-08-08 18:38:23 179] - EntityApp::checkTickPeriod: tick took 6415% (6.41 seconds)!
    INFO    cellapp-1 9028 8001  [2018-08-08 18:38:24 225] - Components::findComponents: find logger(1)...
    INFO    cellapp-1 9028 8001  [2018-08-08 18:38:24 250] - Components::findComponents: found logger, addr:192.168.0.108:62411
    INFO    cellapp-1 9028 8001  [2018-08-08 18:38:24 250] - Components::addComponent: reset orderLog, uid=9028!
    INFO    cellapp-1 9028 8001  [2018-08-08 18:38:24 250] - Components::addComponent[logger], uid=9028, componentID=2000, globalorderid=1, grouporderid=1, totalcount=1
    INFO    cellapp-1 9028 8001  [2018-08-08 18:38:24 252] - Components::findComponents: find dbmgr(2)...
    INFO    cellapp-1 9028 8001  [2018-08-08 18:38:24 353] - Components::findComponents: found dbmgr, addr:192.168.0.108:62414
    INFO    cellapp-1 9028 8001  [2018-08-08 18:38:24 353] - Components::addComponent: reset orderLog, uid=9028!
    INFO    cellapp-1 9028 8001  [2018-08-08 18:38:24 353] - Components::addComponent[dbmgr], uid=9028, componentID=4000, globalorderid=1, grouporderid=1, totalcount=1
    INFO    cellapp-1 9028 8001  [2018-08-08 18:38:24 353] - Components::findComponents: found dbmgr, addr:192.168.0.108:62414
 WARNING    cellapp-1 9028 8001  [2018-08-08 18:38:25 354] - EntityApp::checkTickPeriod: tick took 1188% (1.19 seconds)!
    INFO    cellapp-1 9028 8001  [2018-08-08 18:38:26 365] - Components::findComponents: find cellappmgr(1)...
    INFO    cellapp-1 9028 8001  [2018-08-08 18:38:26 372] - Components::findComponents: found cellappmgr, addr:192.168.0.108:62415
    INFO    cellapp-1 9028 8001  [2018-08-08 18:38:26 372] - Components::addComponent[cellappmgr], uid=9028, componentID=6000, globalorderid=2, grouporderid=1, totalcount=1
    INFO    cellapp-1 9028 8001  [2018-08-08 18:38:26 372] - Components::findComponents: found cellappmgr, addr:192.168.0.108:62415
 WARNING    cellapp-1 9028 8001  [2018-08-08 18:38:27 372] - EntityApp::checkTickPeriod: tick took 1107% (1.11 seconds)!
    INFO    cellapp-1 9028 8001  [2018-08-08 18:38:28 425] - Components::findComponents: find baseappmgr(1)...
    INFO    cellapp-1 9028 8001  [2018-08-08 18:38:28 478] - Components::findComponents: found baseappmgr, addr:192.168.0.108:62413
    INFO    cellapp-1 9028 8001  [2018-08-08 18:38:28 478] - Components::addComponent[baseappmgr], uid=9028, componentID=5000, globalorderid=3, grouporderid=1, totalcount=1
    INFO    cellapp-1 9028 8001  [2018-08-08 18:38:28 479] - Components::findComponents: found baseappmgr, addr:192.168.0.108:62413
 WARNING    cellapp-1 9028 8001  [2018-08-08 18:38:29 479] - EntityApp::checkTickPeriod: tick took 1114% (1.11 seconds)!
    INFO    cellapp-1 9028 8001  [2018-08-08 18:38:30 625] - Components::findComponents: register self to dbmgr...
    INFO    cellapp-1 9028 8001  [2018-08-08 18:38:30 665] - Components::findComponents: register self to cellappmgr...
    INFO    cellapp-1 9028 8001  [2018-08-08 18:38:30 725] - Components::findComponents: register self to baseappmgr...
    INFO    cellapp-1 9028 8001  [2018-08-08 18:38:30 765] - Components::process(): Found all the components!
    INFO    cellapp-1 9028 8001  [2018-08-08 18:38:31 318] - ServerApp::onRegisterNewApp: uid:9028, username:, componentType:baseapp, componentID:7001, globalorderID=5, grouporderID=1, intaddr:192.168.0.108, intport:62418, extaddr:192.168.0.108, extport:20015,  from 192.168.0.108:62414/0/0/0.
    INFO    cellapp-1 9028 8001  [2018-08-08 18:38:31 318] - Components::addComponent[baseapp], uid=9028, componentID=7001, globalorderid=5, grouporderid=1, totalcount=1
    INFO    cellapp-1 9028 8001  [2018-08-08 18:38:34 323] - EntityApp::onDbmgrInitCompleted: entityID alloc(1-2001), startGlobalOrder=4, startGroupOrder=1, digest=363BB7D9C7C9010E5779213C13D38542.
    INFO    cellapp01 9028 8001  [2018-08-08 18:38:34 323] - IDClient::onAddRange: number of ids increased from 1 to 2001.
 WARNING    cellapp01 9028 8001  [2018-08-08 18:38:34 633] - BundleBroadcast::BundleBroadcast: Cannot bind to port 20592, errorno=10048
 WARNING    cellapp01 9028 8001  [2018-08-08 18:38:34 953] - BundleBroadcast::BundleBroadcast: Cannot bind to port 20660, errorno=10048
   S_DBG    cellapp01 9028 8001  [2018-08-08 18:38:36 166] - onInit::isReload:0
 WARNING    cellapp01 9028 8001  [2018-08-08 18:38:36 166] - d:\kbe\kbengine-2.2.0\kbe\src\lib\network\channel.cpp:938: Profile processRecvMessages took 1.84 seconds
 WARNING    cellapp01 9028 8001  [2018-08-08 18:38:36 167] - EntityApp::checkTickPeriod: tick took 1901% (1.90 seconds)!
   DEBUG    cellapp01 9028 8001  [2018-08-08 18:38:36 226] - InitProgressHandler::~InitProgressHandler()
 WARNING    cellapp01 9028 8001  [2018-08-08 18:38:50 718] - TCPPacketReceiver::processPendingEvents(192.168.0.108:62413): Throwing REASON_GENERAL_NETWORK - WSAECONNRESET
   ERROR    cellapp01 9028 8001  [2018-08-08 18:38:50 719] - Components::removeComponentByChannel: baseappmgr : 5000, Abnormal exit! errorno=10054
 WARNING    cellapp01 9028 8001  [2018-08-08 18:38:51 910] - TCPPacketReceiver::processPendingEvents(192.168.0.108:62414): Throwing REASON_GENERAL_NETWORK - WSAECONNRESET
   ERROR    cellapp01 9028 8001  [2018-08-08 18:38:51 910] - Components::removeComponentByChannel: dbmgr : 4000, Abnormal exit! errorno=10054
    INFO    cellapp01 9028 8001  [2018-08-08 18:38:51 913] - Shutdowner::onShutdownBegin: shutting down(period=0, tickPeriod=1)
    INFO    cellapp01 9028 8001  [2018-08-08 18:38:51 914] - Shutdowner::onShutdown: shutting down
    INFO    cellapp01 9028 8001  [2018-08-08 18:38:51 914] - Shutdowner::onShutdownEnd: shutting down
   DEBUG    cellapp01 9028 8001  [2018-08-08 18:38:51 914] - EntityRef::destroyObjPool(): size 0.
   DEBUG    cellapp01 9028 8001  [2018-08-08 18:38:51 914] - Witness::destroyObjPool(): size 0.
   DEBUG    cellapp01 9028 8001  [2018-08-08 18:38:51 922] - Script::uninstall_py_dlls(): PyInit_pyexpat
   DEBUG    cellapp01 9028 8001  [2018-08-08 18:38:51 922] - Script::uninstall_py_dlls(): PyInit__socket
   DEBUG    cellapp01 9028 8001  [2018-08-08 18:38:51 922] - Script::uninstall_py_dlls(): PyInit__ssl
   DEBUG    cellapp01 9028 8001  [2018-08-08 18:38:51 922] - Script::uninstall_py_dlls(): PyInit__hashlib
   DEBUG    cellapp01 9028 8001  [2018-08-08 18:38:51 922] - Script::uninstall_py_dlls(): PyInit_select
   DEBUG    cellapp01 9028 8001  [2018-08-08 18:38:51 922] - Script::uninstall_py_dlls(): PyInit__ctypes
   DEBUG    cellapp01 9028 8001  [2018-08-08 18:38:51 922] - Script::uninstall_py_dlls(): PyInit__elementtree
   DEBUG    cellapp01 9028 8001  [2018-08-08 18:38:51 922] - Script::uninstall_py_dlls(): PyInit_unicodedata
    INFO    cellapp01 9028 8001  [2018-08-08 18:38:51 930] - Script::uninstall(): is successfully!
   DEBUG    cellapp01 9028 8001  [2018-08-08 18:38:51 930] - ThreadPool::destroy(): starting size 2.
 WARNING    cellapp01 9028 8001  [2018-08-08 18:38:52 230] - ThreadPool::destroy(): waiting for thread(2)[0x1a91220,0x1a911b8,], try=1
   DEBUG    cellapp01 9028 8001  [2018-08-08 18:38:52 630] - TPThread::~TPThread(): 0x1a91220
   DEBUG    cellapp01 9028 8001  [2018-08-08 18:38:52 630] - TPThread::~TPThread(): 0x1a911b8
   DEBUG    cellapp01 9028 8001  [2018-08-08 18:38:52 630] - ThreadPool::destroy(): successfully!
   DEBUG    cellapp01 9028 8001  [2018-08-08 18:38:52 630] - Bundle::destroyObjPool(): size 27.
   DEBUG    cellapp01 9028 8001  [2018-08-08 18:38:52 630] - Channel::destroyObjPool(): size 13.
   DEBUG    cellapp01 9028 8001  [2018-08-08 18:38:52 630] - TCPPacket::destroyObjPool(): size 10.
   DEBUG    cellapp01 9028 8001  [2018-08-08 18:38:52 630] - UDPPacket::destroyObjPool(): size 13.
   DEBUG    cellapp01 9028 8001  [2018-08-08 18:38:52 630] - EndPoint::destroyObjPool(): size 13.
   DEBUG    cellapp01 9028 8001  [2018-08-08 18:38:52 630] - Address::destroyObjPool(): size 0.
   DEBUG    cellapp01 9028 8001  [2018-08-08 18:38:52 630] - TCPPacketReceiver::destroyObjPool(): size 0.
   DEBUG    cellapp01 9028 8001  [2018-08-08 18:38:52 630] - UDPPacketReceiver::destroyObjPool(): size 0.
    INFO    cellapp01 9028 8001  [2018-08-08 18:38:52 630] - cellapp(8001) has shut down.
    INFO    cellapp-1 22485 8001  [2018-08-08 19:46:54 907] - -----------------------------------------------------------------------------------------


    INFO    cellapp-1 22485 8001  [2018-08-08 19:46:54 908] - Resmgr::initialize: KBE_ROOT=D:/KBE/kbengine-2.2.0/
    INFO    cellapp-1 22485 8001  [2018-08-08 19:46:54 908] - Resmgr::initialize: KBE_RES_PATH=D:/KBE/kbengine-2.2.0/kbe/res/;D:/KBE/kbengine-2.2.0/assets/;D:/KBE/kbengine-2.2.0/assets/scripts/;D:/KBE/kbengine-2.2.0/assets/res/
    INFO    cellapp-1 22485 8001  [2018-08-08 19:46:54 908] - Resmgr::initialize: KBE_BIN_PATH=D:/KBE/kbengine-2.2.0/kbe/bin/server/
    INFO    cellapp-1 22485 8001  [2018-08-08 19:46:54 933] - NetworkInterface::initialize(INTERNAL-TCP): bound to all interfaces with default route interface on 192.168.0.108 ( 192.168.0.108:63655 )
    INFO    cellapp-1 22485 8001  [2018-08-08 19:46:54 933] - NetworkInterface::initialize(INTERNAL-TCP): address 192.168.0.108:63655, SOMAXCONN=5.
    INFO    cellapp-1 22485 8001  [2018-08-08 19:46:54 933] - server-configs:
    INFO    cellapp-1 22485 8001  [2018-08-08 19:46:54 933] - 	gameUpdateHertz : 10
    INFO    cellapp-1 22485 8001  [2018-08-08 19:46:54 933] - 	defaultViewRadius : 80
    INFO    cellapp-1 22485 8001  [2018-08-08 19:46:54 933] - 	defaultViewHysteresisArea : 5
    INFO    cellapp-1 22485 8001  [2018-08-08 19:46:54 934] - 	entryScriptFile : kbemain
    INFO    cellapp-1 22485 8001  [2018-08-08 19:46:54 934] - 	internalTcpAddr : 192.168.0.108:63655
    INFO    cellapp-1 22485 8001  [2018-08-08 19:46:54 934] - 	componentID : 8001
 WARNING    cellapp-1 22485 8001  [2018-08-08 19:46:55 244] - BundleBroadcast::BundleBroadcast: Cannot bind to port 20119, errorno=10048
    INFO    cellapp-1 22485 8001  [2018-08-08 19:46:55 250] - ---- cellapp Version: 2.2.0. ScriptVersion: 0.1.0. Protocol: 810D2732DDBE3D44569EBB3F7F92FF77. Config: Debug X86. Built: 18:36:22 Aug  8 2018. AppID: 8001. UID: 22485. PID: 65580 ----
    INFO    cellapp-1 22485 8001  [2018-08-08 19:46:55 250] - Server : Intel(R) Core(TM) i7-6700 CPU @ 3.40GHz with 4194303kB RAM
    INFO    cellapp-1 22485 8001  [2018-08-08 19:46:55 250] - ThreadPool::createThreadPool: creating  threadpool...
    INFO    cellapp-1 22485 8001  [2018-08-08 19:46:55 251] - ThreadPool::createThreadPool: successfully(2), newThreadCount=1, normalMaxThreadCount=2, maxThreadCount=8
   DEBUG    cellapp-1 22485 8001  [2018-08-08 19:46:55 414] - Script::install_py_dlls(): PyInit_pyexpat
   DEBUG    cellapp-1 22485 8001  [2018-08-08 19:46:55 415] - Script::install_py_dlls(): PyInit__socket
   DEBUG    cellapp-1 22485 8001  [2018-08-08 19:46:55 416] - Script::install_py_dlls(): PyInit__ssl
   DEBUG    cellapp-1 22485 8001  [2018-08-08 19:46:55 422] - Script::install_py_dlls(): PyInit__hashlib
   DEBUG    cellapp-1 22485 8001  [2018-08-08 19:46:55 422] - Script::install_py_dlls(): PyInit_select
   DEBUG    cellapp-1 22485 8001  [2018-08-08 19:46:55 422] - Script::install_py_dlls(): PyInit__ctypes
   DEBUG    cellapp-1 22485 8001  [2018-08-08 19:46:55 423] - Script::install_py_dlls(): PyInit__elementtree
   DEBUG    cellapp-1 22485 8001  [2018-08-08 19:46:55 498] - Script::install_py_dlls(): PyInit_unicodedata
    INFO    cellapp-1 22485 8001  [2018-08-08 19:46:55 594] - Script::install(): is successfully, Python=(3.4.2 (default, Aug  8 2018, 18:34:53) [MSC v.1913 32 bit (Intel)])!
    INFO    cellapp-1 22485 8001  [2018-08-08 19:46:55 595] - Script::install(): KBExtra is successfully!
    INFO    cellapp-1 22485 8001  [2018-08-08 19:46:55 612] - TelnetServer server is running on port 50000
    INFO    cellapp-1 22485 8001  [2018-08-08 19:46:56 373] - ---- cellapp is running ----
   DEBUG    cellapp-1 22485 8001  [2018-08-08 19:46:56 374] - Components::process(): Request for the process of identity...
 WARNING    cellapp-1 22485 8001  [2018-08-08 19:47:02 553] - EntityApp::checkTickPeriod: tick took 6179% (6.18 seconds)!
    INFO    cellapp-1 22485 8001  [2018-08-08 19:47:03 610] - Components::findComponents: find logger(1)...
    INFO    cellapp-1 22485 8001  [2018-08-08 19:47:03 630] - Components::findComponents: found logger, addr:192.168.0.108:63653
    INFO    cellapp-1 22485 8001  [2018-08-08 19:47:03 630] - Components::addComponent: reset orderLog, uid=22485!
    INFO    cellapp-1 22485 8001  [2018-08-08 19:47:03 630] - Components::addComponent[logger], uid=22485, componentID=2000, globalorderid=1, grouporderid=1, totalcount=1
    INFO    cellapp-1 22485 8001  [2018-08-08 19:47:03 632] - Components::findComponents: find dbmgr(2)...
    INFO    cellapp-1 22485 8001  [2018-08-08 19:47:03 733] - Components::findComponents: found dbmgr, addr:192.168.0.108:63658
    INFO    cellapp-1 22485 8001  [2018-08-08 19:47:03 733] - Components::addComponent: reset orderLog, uid=22485!
    INFO    cellapp-1 22485 8001  [2018-08-08 19:47:03 733] - Components::addComponent[dbmgr], uid=22485, componentID=4000, globalorderid=1, grouporderid=1, totalcount=1
    INFO    cellapp-1 22485 8001  [2018-08-08 19:47:03 733] - Components::findComponents: found dbmgr, addr:192.168.0.108:63658
 WARNING    cellapp-1 22485 8001  [2018-08-08 19:47:04 733] - EntityApp::checkTickPeriod: tick took 1159% (1.16 seconds)!
    INFO    cellapp-1 22485 8001  [2018-08-08 19:47:05 774] - Components::findComponents: find cellappmgr(1)...
    INFO    cellapp-1 22485 8001  [2018-08-08 19:47:05 854] - Components::findComponents: found cellappmgr, addr:192.168.0.108:63654
    INFO    cellapp-1 22485 8001  [2018-08-08 19:47:05 854] - Components::addComponent[cellappmgr], uid=22485, componentID=6000, globalorderid=2, grouporderid=1, totalcount=1
    INFO    cellapp-1 22485 8001  [2018-08-08 19:47:05 855] - Components::findComponents: found cellappmgr, addr:192.168.0.108:63654
 WARNING    cellapp-1 22485 8001  [2018-08-08 19:47:06 855] - EntityApp::checkTickPeriod: tick took 1181% (1.18 seconds)!
    INFO    cellapp-1 22485 8001  [2018-08-08 19:47:07 874] - Components::findComponents: find baseappmgr(1)...
    INFO    cellapp-1 22485 8001  [2018-08-08 19:47:07 960] - Components::findComponents: found baseappmgr, addr:192.168.0.108:63657
    INFO    cellapp-1 22485 8001  [2018-08-08 19:47:07 960] - Components::addComponent[baseappmgr], uid=22485, componentID=5000, globalorderid=3, grouporderid=1, totalcount=1
    INFO    cellapp-1 22485 8001  [2018-08-08 19:47:07 961] - Components::findComponents: found baseappmgr, addr:192.168.0.108:63657
 WARNING    cellapp-1 22485 8001  [2018-08-08 19:47:08 961] - EntityApp::checkTickPeriod: tick took 1186% (1.19 seconds)!
    INFO    cellapp-1 22485 8001  [2018-08-08 19:47:10 010] - Components::findComponents: register self to dbmgr...
    INFO    cellapp-1 22485 8001  [2018-08-08 19:47:10 074] - Components::findComponents: register self to cellappmgr...
    INFO    cellapp-1 22485 8001  [2018-08-08 19:47:10 110] - Components::findComponents: register self to baseappmgr...
    INFO    cellapp-1 22485 8001  [2018-08-08 19:47:10 174] - Components::process(): Found all the components!
    INFO    cellapp-1 22485 8001  [2018-08-08 19:47:10 355] - ServerApp::onRegisterNewApp: uid:22485, username:, componentType:baseapp, componentID:7001, globalorderID=5, grouporderID=1, intaddr:192.168.0.108, intport:63659, extaddr:192.168.0.108, extport:20015,  from 192.168.0.108:63658/0/0/0.
    INFO    cellapp-1 22485 8001  [2018-08-08 19:47:10 355] - Components::addComponent[baseapp], uid=22485, componentID=7001, globalorderid=5, grouporderid=1, totalcount=1
    INFO    cellapp-1 22485 8001  [2018-08-08 19:47:13 365] - EntityApp::onDbmgrInitCompleted: entityID alloc(1-2001), startGlobalOrder=4, startGroupOrder=1, digest=363BB7D9C7C9010E5779213C13D38542.
    INFO    cellapp01 22485 8001  [2018-08-08 19:47:13 365] - IDClient::onAddRange: number of ids increased from 1 to 2001.
 WARNING    cellapp01 22485 8001  [2018-08-08 19:47:13 675] - BundleBroadcast::BundleBroadcast: Cannot bind to port 20744, errorno=10048
   S_DBG    cellapp01 22485 8001  [2018-08-08 19:47:14 889] - onInit::isReload:0
 WARNING    cellapp01 22485 8001  [2018-08-08 19:47:14 889] - d:\kbe\kbengine-2.2.0\kbe\src\lib\network\channel.cpp:938: Profile processRecvMessages took 1.52 seconds
 WARNING    cellapp01 22485 8001  [2018-08-08 19:47:14 889] - EntityApp::checkTickPeriod: tick took 1614% (1.61 seconds)!
   DEBUG    cellapp01 22485 8001  [2018-08-08 19:47:14 910] - InitProgressHandler::~InitProgressHandler()
   DEBUG    cellapp01 22485 8001  [2018-08-08 19:47:49 529] - Cellapp::lookApp: 192.168.0.108:63698/0/0/0
 WARNING    cellapp01 22485 8001  [2018-08-08 19:49:38 175] - TCPPacketReceiver::processPendingEvents(192.168.0.108:63659): Throwing REASON_GENERAL_NETWORK - WSAECONNRESET
   ERROR    cellapp01 22485 8001  [2018-08-08 19:49:38 176] - Components::removeComponentByChannel: baseapp : 7001, Abnormal exit! errorno=10054
