    INFO      dbmgr-1 31510 4000  [2018-08-23 11:45:16 679] - -----------------------------------------------------------------------------------------


    INFO      dbmgr-1 31510 4000  [2018-08-23 11:45:16 680] - Resmgr::initialize: KBE_ROOT=G:/kbengine-2.2.0/
    INFO      dbmgr-1 31510 4000  [2018-08-23 11:45:16 681] - Resmgr::initialize: KBE_RES_PATH=G:/kbengine-2.2.0/kbe/res/;G:/kbengine-2.2.0/Server/;G:/kbengine-2.2.0/Server/scripts/;G:/kbengine-2.2.0/Server/res/
    INFO      dbmgr-1 31510 4000  [2018-08-23 11:45:16 681] - Resmgr::initialize: KBE_BIN_PATH=G:/kbengine-2.2.0/kbe/bin/server/
    INFO      dbmgr-1 31510 4000  [2018-08-23 11:45:16 689] - NetworkInterface::initialize(INTERNAL-TCP): bound to all interfaces with default route interface on 192.168.0.149 ( 192.168.0.149:64166 )
    INFO      dbmgr-1 31510 4000  [2018-08-23 11:45:16 689] - NetworkInterface::initialize(INTERNAL-TCP): address 192.168.0.149:64166, SOMAXCONN=5.
    INFO      dbmgr-1 31510 4000  [2018-08-23 11:45:16 690] - server-configs:
    INFO      dbmgr-1 31510 4000  [2018-08-23 11:45:16 690] - 	internalTcpAddr : 192.168.0.149:64166
    INFO      dbmgr-1 31510 4000  [2018-08-23 11:45:16 690] - 	componentID : 4000
    INFO      dbmgr-1 31510 4000  [2018-08-23 11:45:18 204] - ---- dbmgr Version: 2.2.0. ScriptVersion: 0.1.0. Protocol: C85D8893D1079B3F8EA4D6F8485316E8. Config: Debug X86. Built: 18:10:50 Aug 17 2018. AppID: 4000. UID: 31510. PID: 10832 ----
    INFO      dbmgr-1 31510 4000  [2018-08-23 11:45:18 215] - Server : Intel(R) Xeon(R) CPU E3-1231 v3 @ 3.40GHz with 4194303kB RAM
    INFO      dbmgr-1 31510 4000  [2018-08-23 11:45:18 227] - ThreadPool::createThreadPool: creating  threadpool...
    INFO      dbmgr-1 31510 4000  [2018-08-23 11:45:18 228] - ThreadPool::createThreadPool: successfully(2), newThreadCount=1, normalMaxThreadCount=2, maxThreadCount=8
   DEBUG      dbmgr-1 31510 4000  [2018-08-23 11:45:18 422] - Script::install_py_dlls(): PyInit_pyexpat
   DEBUG      dbmgr-1 31510 4000  [2018-08-23 11:45:18 423] - Script::install_py_dlls(): PyInit__socket
   DEBUG      dbmgr-1 31510 4000  [2018-08-23 11:45:18 424] - Script::install_py_dlls(): PyInit__ssl
   DEBUG      dbmgr-1 31510 4000  [2018-08-23 11:45:18 433] - Script::install_py_dlls(): PyInit__hashlib
   DEBUG      dbmgr-1 31510 4000  [2018-08-23 11:45:18 434] - Script::install_py_dlls(): PyInit_select
   DEBUG      dbmgr-1 31510 4000  [2018-08-23 11:45:18 434] - Script::install_py_dlls(): PyInit__ctypes
   DEBUG      dbmgr-1 31510 4000  [2018-08-23 11:45:18 436] - Script::install_py_dlls(): PyInit__elementtree
   DEBUG      dbmgr-1 31510 4000  [2018-08-23 11:45:18 527] - Script::install_py_dlls(): PyInit_unicodedata
    INFO      dbmgr-1 31510 4000  [2018-08-23 11:45:18 610] - Script::install(): is successfully, Python=(3.4.2 (default, Aug 17 2018, 18:10:35) [MSC v.1914 32 bit (Intel)])!
    INFO      dbmgr-1 31510 4000  [2018-08-23 11:45:18 610] - Script::install(): KBExtra is successfully!
    INFO      dbmgr-1 31510 4000  [2018-08-23 11:45:18 737] - Dbmgr::initializeEnd: digest(194B255DEC77303F428FD992787FDA30)
  S_INFO      dbmgr-1 31510 4000  [2018-08-23 11:45:18 738] - onDBMgrReady: bootstrapGroupIndex=0, bootstrapGlobalIndex=0
    INFO      dbmgr-1 31510 4000  [2018-08-23 11:45:18 739] - TelnetServer server is running on port 32000
    INFO      dbmgr-1 31510 4000  [2018-08-23 11:45:18 741] - Dbmgr::initInterfacesHandler: interfaces addr(127.0.0.1:30099), accountType:(interfaces), chargeType:(interfaces).
 WARNING      dbmgr-1 31510 4000  [2018-08-23 11:45:19 682] - DBUtil::initialize: db(default) password is not encrypted!
please use password(rsa):
06D7E1E423B791A3A586A2A167DEDA81F59FAD8080AC47E467886CBA875A5C689D5A7BC119334B2B0799F23D191B5045E7A83F7297B30E9147E6A32CCF38E77F63CF90C79A082078F1C2DB78FAC4415C442CC5CCF5E753992D4AFC53C4BDB3D8AFCB999AAF893E383339D06DCD48A8EB04F13A7584B4EDAE1F6B89523B2A0750
   DEBUG      dbmgr-1 31510 4000  [2018-08-23 11:45:19 864] - DBInterfaceMysql::attach: connect: localhost:3306 starting...
   DEBUG      dbmgr-1 31510 4000  [2018-08-23 11:45:20 184] - DBInterfaceMysql::attach: successfully! addr: localhost:3306
    INFO      dbmgr-1 31510 4000  [2018-08-23 11:45:20 185] - DBUtil::createInterface[0x2cf05c]: interface=default, dbtype=mysql, ip=localhost, port=3306, currdatabase=ori, username=kbe, connected=yes.

    INFO      dbmgr-1 31510 4000  [2018-08-23 11:45:20 185] - ThreadPool::createThreadPool: creating  threadpool...
    INFO      dbmgr-1 31510 4000  [2018-08-23 11:45:20 187] - ThreadPool::createThreadPool: successfully(5), newThreadCount=5, normalMaxThreadCount=5, maxThreadCount=5
    INFO      dbmgr-1 31510 4000  [2018-08-23 11:45:20 308] - DBInterfaceMysql::query: successfully!
 WARNING      dbmgr-1 31510 4000  [2018-08-23 11:45:20 369] - g:\kbengine-2.2.0\kbe\src\server\dbmgr\dbmgr.cpp:307: Profile scriptCall took 1.63 seconds
    INFO      dbmgr-1 31510 4000  [2018-08-23 11:45:21 289] - ---- dbmgr is running ----
   DEBUG      dbmgr-1 31510 4000  [2018-08-23 11:45:21 290] - Components::process(): Request for the process of identity...
   DEBUG      dbmgr-1 31510 4000  [2018-08-23 11:45:20 186] - DBInterfaceMysql::attach: connect: localhost:3306 starting...
   DEBUG      dbmgr-1 31510 4000  [2018-08-23 11:45:20 188] - DBInterfaceMysql::attach: connect: localhost:3306 starting...
   DEBUG      dbmgr-1 31510 4000  [2018-08-23 11:45:20 188] - DBInterfaceMysql::attach: connect: localhost:3306 starting...
   DEBUG      dbmgr-1 31510 4000  [2018-08-23 11:45:20 189] - DBInterfaceMysql::attach: connect: localhost:3306 starting...
   DEBUG      dbmgr-1 31510 4000  [2018-08-23 11:45:20 192] - DBInterfaceMysql::attach: connect: localhost:3306 starting...
   DEBUG      dbmgr-1 31510 4000  [2018-08-23 11:45:20 200] - DBInterfaceMysql::attach: successfully! addr: localhost:3306
   DEBUG      dbmgr-1 31510 4000  [2018-08-23 11:45:20 201] - DBThread::onStart(): 0x77def0!
   DEBUG      dbmgr-1 31510 4000  [2018-08-23 11:45:20 201] - DBInterfaceMysql::attach: successfully! addr: localhost:3306
   DEBUG      dbmgr-1 31510 4000  [2018-08-23 11:45:20 201] - DBThread::onStart(): 0x77e000!
   DEBUG      dbmgr-1 31510 4000  [2018-08-23 11:45:20 205] - DBInterfaceMysql::attach: successfully! addr: localhost:3306
   DEBUG      dbmgr-1 31510 4000  [2018-08-23 11:45:20 206] - DBThread::onStart(): 0x77df78!
   DEBUG      dbmgr-1 31510 4000  [2018-08-23 11:45:20 206] - DBInterfaceMysql::attach: successfully! addr: localhost:3306
   DEBUG      dbmgr-1 31510 4000  [2018-08-23 11:45:20 206] - DBThread::onStart(): 0x77e088!
   DEBUG      dbmgr-1 31510 4000  [2018-08-23 11:45:20 207] - DBInterfaceMysql::attach: successfully! addr: localhost:3306
   DEBUG      dbmgr-1 31510 4000  [2018-08-23 11:45:20 207] - DBThread::onStart(): 0x77de68!
    INFO      dbmgr-1 31510 4000  [2018-08-23 11:45:20 329] - DBInterfaceMysql::query: successfully!
    INFO      dbmgr-1 31510 4000  [2018-08-23 11:45:20 330] - DBInterfaceMysql::query: successfully!
    INFO      dbmgr-1 31510 4000  [2018-08-23 11:45:20 330] - DBInterfaceMysql::query: successfully!
    INFO      dbmgr-1 31510 4000  [2018-08-23 11:45:20 331] - DBInterfaceMysql::query: successfully!
    INFO      dbmgr-1 31510 4000  [2018-08-23 11:45:20 342] - DBInterfaceMysql::query: successfully!
    INFO      dbmgr-1 31510 4000  [2018-08-23 11:45:20 343] - DBInterfaceMysql::query: successfully!
    INFO      dbmgr-1 31510 4000  [2018-08-23 11:45:20 343] - DBInterfaceMysql::query: successfully!
    INFO      dbmgr-1 31510 4000  [2018-08-23 11:45:20 353] - DBInterfaceMysql::query: successfully!
    INFO      dbmgr-1 31510 4000  [2018-08-23 11:45:29 097] - Components::findComponents: find logger(1)...
    INFO      dbmgr-1 31510 4000  [2018-08-23 11:45:29 128] - Components::findComponents: found logger, addr:192.168.0.149:64156
    INFO      dbmgr-1 31510 4000  [2018-08-23 11:45:29 128] - Components::addComponent: reset orderLog, uid=31510!
    INFO      dbmgr-1 31510 4000  [2018-08-23 11:45:29 128] - Components::addComponent[logger], uid=31510, componentID=2000, globalorderid=1, grouporderid=1, totalcount=1
    INFO      dbmgr-1 31510 4000  [2018-08-23 11:45:29 156] - Components::process(): Found all the components!
    INFO      dbmgr-1 31510 4000  [2018-08-23 11:45:32 162] - ServerApp::onRegisterNewApp: uid:31510, username:, componentType:cellappmgr, componentID:6000, globalorderID=-1, grouporderID=-1, intaddr:192.168.0.149, intport:64175, extaddr:nonsupport, extport:0,  from 192.168.0.149:64270/0/0/0.
    INFO      dbmgr-1 31510 4000  [2018-08-23 11:45:32 162] - Components::addComponent: reset orderLog, uid=31510!
    INFO      dbmgr-1 31510 4000  [2018-08-23 11:45:32 162] - Components::addComponent[cellappmgr], uid=31510, componentID=6000, globalorderid=1, grouporderid=1, totalcount=1
    INFO      dbmgr-1 31510 4000  [2018-08-23 11:45:32 596] - ServerApp::onRegisterNewApp: uid:31510, username:, componentType:baseappmgr, componentID:5000, globalorderID=-1, grouporderID=-1, intaddr:192.168.0.149, intport:64169, extaddr:nonsupport, extport:0,  from 192.168.0.149:64276/0/0/0.
    INFO      dbmgr-1 31510 4000  [2018-08-23 11:45:32 596] - Components::addComponent[baseappmgr], uid=31510, componentID=5000, globalorderid=2, grouporderid=1, totalcount=1
    INFO      dbmgr-1 31510 4000  [2018-08-23 11:45:36 869] - ServerApp::onRegisterNewApp: uid:31510, username:, componentType:baseapp, componentID:7001, globalorderID=-1, grouporderID=-1, intaddr:192.168.0.149, intport:64185, extaddr:192.168.0.149, extport:20015,  from 192.168.0.149:64294/0/0/0.
    INFO      dbmgr-1 31510 4000  [2018-08-23 11:45:36 869] - Components::addComponent[baseapp], uid=31510, componentID=7001, globalorderid=3, grouporderid=1, totalcount=1
    INFO      dbmgr-1 31510 4000  [2018-08-23 11:45:37 214] - ServerApp::onRegisterNewApp: uid:31510, username:, componentType:loginapp, componentID:9000, globalorderID=-1, grouporderID=-1, intaddr:192.168.0.149, intport:64208, extaddr:192.168.0.149, extport:20013,  from 192.168.0.149:64297/0/0/0.
    INFO      dbmgr-1 31510 4000  [2018-08-23 11:45:37 214] - Components::addComponent[loginapp], uid=31510, componentID=9000, globalorderid=4, grouporderid=1, totalcount=1
    INFO      dbmgr-1 31510 4000  [2018-08-23 11:45:39 258] - ServerApp::onRegisterNewApp: uid:31510, username:, componentType:cellapp, componentID:8001, globalorderID=-1, grouporderID=-1, intaddr:192.168.0.149, intport:64201, extaddr:nonsupport, extport:0,  from 192.168.0.149:64305/0/0/0.
    INFO      dbmgr-1 31510 4000  [2018-08-23 11:45:39 258] - Components::addComponent[cellapp], uid=31510, componentID=8001, globalorderid=5, grouporderid=1, totalcount=1
    INFO      dbmgr-1 31510 4000  [2018-08-23 11:45:42 276] - IDServer::allocRange: 1-2001.
    INFO      dbmgr-1 31510 4000  [2018-08-23 11:45:42 277] - IDServer::allocRange: 2001-4001.
   DEBUG      dbmgr-1 31510 4000  [2018-08-23 11:45:42 277] - SyncAppDatasHandler::~SyncAppDatasHandler()
    INFO      dbmgr-1 31510 4000  [2018-08-23 11:45:44 337] - GlobalDataServer::broadcastDataChanged: writer(baseapp, addr=192.168.0.149:64294/0/0/0), keySize=11, valSize=49, isDelete=0
   DEBUG      dbmgr-1 31510 4000  [2018-08-23 11:46:10 775] - Dbmgr::onAccountLogin:loginName=123, accountName=123, success=0, componentID=0, entityID=0, dbid=1, flags=0, deadline=0.
   DEBUG      dbmgr-1 31510 4000  [2018-08-23 11:46:10 835] - Dbmgr::queryAccount: 123, success=1, flags=0, deadline=0.
    INFO      dbmgr-1 31510 4000  [2018-08-23 11:46:10 845] - GlobalDataServer::broadcastDataChanged: writer(cellapp, addr=192.168.0.149:64305/0/0/0), keySize=12, valSize=49, isDelete=0
   DEBUG      dbmgr-1 31510 4000  [2018-08-23 11:50:32 744] - Dbmgr::onAccountLogin:loginName=12, accountName=12, success=0, componentID=0, entityID=0, dbid=3, flags=0, deadline=0.
    INFO      dbmgr-1 31510 4000  [2018-08-23 11:50:32 732] - DBTaskAccountLogin::db_thread_process(): not found account[12], autocreate successfully!
   DEBUG      dbmgr-1 31510 4000  [2018-08-23 11:50:32 824] - Dbmgr::queryAccount: 12, success=1, flags=0, deadline=0.
   DEBUG      dbmgr-1 31510 4000  [2018-08-23 11:55:22 591] - Dbmgr::writeEntity: Avatar(1).
   DEBUG      dbmgr-1 31510 4000  [2018-08-23 11:57:52 585] - Dbmgr::writeEntity: Avatar(3).
   DEBUG      dbmgr-1 31510 4000  [2018-08-23 12:00:22 558] - Dbmgr::writeEntity: Avatar(1).
   DEBUG      dbmgr-1 31510 4000  [2018-08-23 12:02:52 572] - Dbmgr::writeEntity: Avatar(3).
   DEBUG      dbmgr-1 31510 4000  [2018-08-23 12:04:43 807] - Dbmgr::onAccountLogin:loginName=123, accountName=123, success=10, componentID=7001, entityID=2, dbid=1, flags=0, deadline=0.
   DEBUG      dbmgr-1 31510 4000  [2018-08-23 12:05:22 605] - Dbmgr::writeEntity: Avatar(1).
   DEBUG      dbmgr-1 31510 4000  [2018-08-23 12:07:52 559] - Dbmgr::writeEntity: Avatar(3).
   DEBUG      dbmgr-1 31510 4000  [2018-08-23 12:10:22 553] - Dbmgr::writeEntity: Avatar(1).
   DEBUG      dbmgr-1 31510 4000  [2018-08-23 12:12:52 546] - Dbmgr::writeEntity: Avatar(1).
   DEBUG      dbmgr-1 31510 4000  [2018-08-23 12:15:22 540] - Dbmgr::writeEntity: Avatar(3).
   DEBUG      dbmgr-1 31510 4000  [2018-08-23 12:17:52 533] - Dbmgr::writeEntity: Avatar(1).
   DEBUG      dbmgr-1 31510 4000  [2018-08-23 12:20:22 547] - Dbmgr::writeEntity: Avatar(3).
   DEBUG      dbmgr-1 31510 4000  [2018-08-23 12:22:52 540] - Dbmgr::writeEntity: Avatar(3).
   DEBUG      dbmgr-1 31510 4000  [2018-08-23 12:25:22 514] - Dbmgr::writeEntity: Avatar(1).
   DEBUG      dbmgr-1 31510 4000  [2018-08-23 12:27:52 528] - Dbmgr::writeEntity: Avatar(3).
   DEBUG      dbmgr-1 31510 4000  [2018-08-23 12:30:22 521] - Dbmgr::writeEntity: Avatar(1).
   DEBUG      dbmgr-1 31510 4000  [2018-08-23 12:32:52 535] - Dbmgr::writeEntity: Avatar(1).
   DEBUG      dbmgr-1 31510 4000  [2018-08-23 12:35:22 508] - Dbmgr::writeEntity: Avatar(3).
   DEBUG      dbmgr-1 31510 4000  [2018-08-23 12:37:52 522] - Dbmgr::writeEntity: Avatar(3).
   DEBUG      dbmgr-1 31510 4000  [2018-08-23 12:40:22 516] - Dbmgr::writeEntity: Avatar(1).
   DEBUG      dbmgr-1 31510 4000  [2018-08-23 12:42:52 509] - Dbmgr::writeEntity: Avatar(3).
   DEBUG      dbmgr-1 31510 4000  [2018-08-23 12:45:20 377] - Dbmgr::DBTaskServerLog()
   DEBUG      dbmgr-1 31510 4000  [2018-08-23 12:45:22 483] - Dbmgr::writeEntity: Avatar(1).
   DEBUG      dbmgr-1 31510 4000  [2018-08-23 12:47:52 496] - Dbmgr::writeEntity: Avatar(1).
   DEBUG      dbmgr-1 31510 4000  [2018-08-23 12:50:22 490] - Dbmgr::writeEntity: Avatar(3).
   DEBUG      dbmgr-1 31510 4000  [2018-08-23 12:52:52 483] - Dbmgr::writeEntity: Avatar(1).
   DEBUG      dbmgr-1 31510 4000  [2018-08-23 12:55:22 497] - Dbmgr::writeEntity: Avatar(3).
   DEBUG      dbmgr-1 31510 4000  [2018-08-23 12:57:52 491] - Dbmgr::writeEntity: Avatar(1).
   DEBUG      dbmgr-1 31510 4000  [2018-08-23 13:00:22 484] - Dbmgr::writeEntity: Avatar(3).
   DEBUG      dbmgr-1 31510 4000  [2018-08-23 13:02:52 478] - Dbmgr::writeEntity: Avatar(3).
   DEBUG      dbmgr-1 31510 4000  [2018-08-23 13:05:22 471] - Dbmgr::writeEntity: Avatar(1).
   DEBUG      dbmgr-1 31510 4000  [2018-08-23 13:07:52 465] - Dbmgr::writeEntity: Avatar(3).
   DEBUG      dbmgr-1 31510 4000  [2018-08-23 13:10:22 458] - Dbmgr::writeEntity: Avatar(1).
   DEBUG      dbmgr-1 31510 4000  [2018-08-23 13:12:52 452] - Dbmgr::writeEntity: Avatar(1).
   DEBUG      dbmgr-1 31510 4000  [2018-08-23 13:15:22 466] - Dbmgr::writeEntity: Avatar(3).
   DEBUG      dbmgr-1 31510 4000  [2018-08-23 13:17:52 459] - Dbmgr::writeEntity: Avatar(3).
   DEBUG      dbmgr-1 31510 4000  [2018-08-23 13:20:22 433] - Dbmgr::writeEntity: Avatar(1).
   DEBUG      dbmgr-1 31510 4000  [2018-08-23 13:22:52 586] - Dbmgr::writeEntity: Avatar(1).
   DEBUG      dbmgr-1 31510 4000  [2018-08-23 13:25:22 420] - Dbmgr::writeEntity: Avatar(3).
   DEBUG      dbmgr-1 31510 4000  [2018-08-23 13:27:52 434] - Dbmgr::writeEntity: Avatar(3).
   DEBUG      dbmgr-1 31510 4000  [2018-08-23 13:30:22 427] - Dbmgr::writeEntity: Avatar(1).
   DEBUG      dbmgr-1 31510 4000  [2018-08-23 13:32:52 441] - Dbmgr::writeEntity: Avatar(3).
   DEBUG      dbmgr-1 31510 4000  [2018-08-23 13:35:22 434] - Dbmgr::writeEntity: Avatar(1).
   DEBUG      dbmgr-1 31510 4000  [2018-08-23 13:37:52 428] - Dbmgr::writeEntity: Avatar(3).
   DEBUG      dbmgr-1 31510 4000  [2018-08-23 13:40:22 441] - Dbmgr::writeEntity: Avatar(1).
   DEBUG      dbmgr-1 31510 4000  [2018-08-23 13:42:52 415] - Dbmgr::writeEntity: Avatar(1).
   DEBUG      dbmgr-1 31510 4000  [2018-08-23 13:45:20 169] - Dbmgr::DBTaskServerLog()
   DEBUG      dbmgr-1 31510 4000  [2018-08-23 13:45:22 410] - Dbmgr::writeEntity: Avatar(3).
   DEBUG      dbmgr-1 31510 4000  [2018-08-23 13:47:52 402] - Dbmgr::writeEntity: Avatar(3).
   DEBUG      dbmgr-1 31510 4000  [2018-08-23 13:50:22 397] - Dbmgr::writeEntity: Avatar(1).
   DEBUG      dbmgr-1 31510 4000  [2018-08-23 13:52:52 409] - Dbmgr::writeEntity: Avatar(1).
   DEBUG      dbmgr-1 31510 4000  [2018-08-23 13:55:22 404] - Dbmgr::writeEntity: Avatar(3).
   DEBUG      dbmgr-1 31510 4000  [2018-08-23 13:57:52 396] - Dbmgr::writeEntity: Avatar(3).
   DEBUG      dbmgr-1 31510 4000  [2018-08-23 14:00:22 391] - Dbmgr::writeEntity: Avatar(1).
   DEBUG      dbmgr-1 31510 4000  [2018-08-23 14:02:52 385] - Dbmgr::writeEntity: Avatar(1).
   DEBUG      dbmgr-1 31510 4000  [2018-08-23 14:05:22 378] - Dbmgr::writeEntity: Avatar(3).
   DEBUG      dbmgr-1 31510 4000  [2018-08-23 14:07:52 371] - Dbmgr::writeEntity: Avatar(1).
   DEBUG      dbmgr-1 31510 4000  [2018-08-23 14:10:22 385] - Dbmgr::writeEntity: Avatar(3).
   DEBUG      dbmgr-1 31510 4000  [2018-08-23 14:12:52 358] - Dbmgr::writeEntity: Avatar(3).
   DEBUG      dbmgr-1 31510 4000  [2018-08-23 14:15:22 373] - Dbmgr::writeEntity: Avatar(1).
   DEBUG      dbmgr-1 31510 4000  [2018-08-23 14:17:52 366] - Dbmgr::writeEntity: Avatar(1).
   DEBUG      dbmgr-1 31510 4000  [2018-08-23 14:20:22 360] - Dbmgr::writeEntity: Avatar(3).
   DEBUG      dbmgr-1 31510 4000  [2018-08-23 14:22:52 353] - Dbmgr::writeEntity: Avatar(3).
   DEBUG      dbmgr-1 31510 4000  [2018-08-23 14:25:22 347] - Dbmgr::writeEntity: Avatar(1).
   DEBUG      dbmgr-1 31510 4000  [2018-08-23 14:27:52 340] - Dbmgr::writeEntity: Avatar(3).
   DEBUG      dbmgr-1 31510 4000  [2018-08-23 14:30:22 334] - Dbmgr::writeEntity: Avatar(1).
   DEBUG      dbmgr-1 31510 4000  [2018-08-23 14:32:52 347] - Dbmgr::writeEntity: Avatar(3).
   DEBUG      dbmgr-1 31510 4000  [2018-08-23 14:35:22 341] - Dbmgr::writeEntity: Avatar(1).
   DEBUG      dbmgr-1 31510 4000  [2018-08-23 14:37:52 335] - Dbmgr::writeEntity: Avatar(3).
   DEBUG      dbmgr-1 31510 4000  [2018-08-23 14:40:22 328] - Dbmgr::writeEntity: Avatar(1).
   DEBUG      dbmgr-1 31510 4000  [2018-08-23 14:42:52 322] - Dbmgr::writeEntity: Avatar(3).
   DEBUG      dbmgr-1 31510 4000  [2018-08-23 14:45:20 055] - Dbmgr::DBTaskServerLog()
    INFO      dbmgr-1 10123 4000  [2018-08-23 18:17:54 902] - -----------------------------------------------------------------------------------------


    INFO      dbmgr-1 10123 4000  [2018-08-23 18:17:55 959] - Resmgr::initialize: KBE_ROOT=G:/kbengine-2.2.0/
    INFO      dbmgr-1 10123 4000  [2018-08-23 18:17:55 959] - Resmgr::initialize: KBE_RES_PATH=G:/kbengine-2.2.0/kbe/res/;G:/kbengine-2.2.0/Server/;G:/kbengine-2.2.0/Server/scripts/;G:/kbengine-2.2.0/Server/res/
    INFO      dbmgr-1 10123 4000  [2018-08-23 18:17:55 959] - Resmgr::initialize: KBE_BIN_PATH=G:/kbengine-2.2.0/kbe/bin/server/
    INFO      dbmgr-1 10123 4000  [2018-08-23 18:17:57 248] - NetworkInterface::initialize(INTERNAL-TCP): bound to all interfaces with default route interface on 192.168.0.149 ( 192.168.0.149:52103 )
    INFO      dbmgr-1 10123 4000  [2018-08-23 18:17:57 250] - NetworkInterface::initialize(INTERNAL-TCP): address 192.168.0.149:52103, SOMAXCONN=5.
    INFO      dbmgr-1 10123 4000  [2018-08-23 18:17:57 250] - server-configs:
    INFO      dbmgr-1 10123 4000  [2018-08-23 18:17:57 250] - 	internalTcpAddr : 192.168.0.149:52103
    INFO      dbmgr-1 10123 4000  [2018-08-23 18:17:57 251] - 	componentID : 4000
    INFO      dbmgr-1 10123 4000  [2018-08-23 18:17:57 381] - Components::findLogger: found logger, addr:192.168.0.149:52067
    INFO      dbmgr-1 10123 4000  [2018-08-23 18:17:57 432] - Components::addComponent: reset orderLog, uid=10123!
    INFO      dbmgr-1 10123 4000  [2018-08-23 18:17:57 432] - Components::addComponent[logger], uid=10123, componentID=2000, globalorderid=1, grouporderid=1, totalcount=1
    INFO      dbmgr-1 10123 4000  [2018-08-23 18:17:57 550] - ---- dbmgr Version: 2.2.0. ScriptVersion: 0.1.0. Protocol: C85D8893D1079B3F8EA4D6F8485316E8. Config: Debug X86. Built: 18:10:50 Aug 17 2018. AppID: 4000. UID: 10123. PID: 7616 ----
    INFO      dbmgr-1 10123 4000  [2018-08-23 18:17:57 551] - Server : Intel(R) Xeon(R) CPU E3-1231 v3 @ 3.40GHz with 4194303kB RAM
    INFO      dbmgr-1 10123 4000  [2018-08-23 18:17:57 574] - ThreadPool::createThreadPool: creating  threadpool...
    INFO      dbmgr-1 10123 4000  [2018-08-23 18:17:57 575] - ThreadPool::createThreadPool: successfully(2), newThreadCount=1, normalMaxThreadCount=2, maxThreadCount=8
   DEBUG      dbmgr-1 10123 4000  [2018-08-23 18:17:58 783] - Script::install_py_dlls(): PyInit_pyexpat
   DEBUG      dbmgr-1 10123 4000  [2018-08-23 18:17:58 936] - Script::install_py_dlls(): PyInit__socket
   DEBUG      dbmgr-1 10123 4000  [2018-08-23 18:17:59 007] - Script::install_py_dlls(): PyInit__ssl
   DEBUG      dbmgr-1 10123 4000  [2018-08-23 18:17:59 219] - Script::install_py_dlls(): PyInit__hashlib
   DEBUG      dbmgr-1 10123 4000  [2018-08-23 18:17:59 246] - Script::install_py_dlls(): PyInit_select
   DEBUG      dbmgr-1 10123 4000  [2018-08-23 18:17:59 264] - Script::install_py_dlls(): PyInit__ctypes
   DEBUG      dbmgr-1 10123 4000  [2018-08-23 18:17:59 297] - Script::install_py_dlls(): PyInit__elementtree
   DEBUG      dbmgr-1 10123 4000  [2018-08-23 18:17:59 451] - Script::install_py_dlls(): PyInit_unicodedata
    INFO      dbmgr-1 10123 4000  [2018-08-23 18:17:59 718] - Script::install(): is successfully, Python=(3.4.2 (default, Aug 17 2018, 18:10:35) [MSC v.1914 32 bit (Intel)])!
    INFO      dbmgr-1 10123 4000  [2018-08-23 18:17:59 718] - Script::install(): KBExtra is successfully!
    INFO      dbmgr-1 10123 4000  [2018-08-23 18:18:00 007] - Dbmgr::initializeEnd: digest(42DFF01205145EFBB8D53BFF8C285F5F)
  S_INFO      dbmgr-1 10123 4000  [2018-08-23 18:18:00 007] - onDBMgrReady: bootstrapGroupIndex=0, bootstrapGlobalIndex=0
    INFO      dbmgr-1 10123 4000  [2018-08-23 18:18:00 115] - TelnetServer server is running on port 32000
    INFO      dbmgr-1 10123 4000  [2018-08-23 18:18:00 116] - Dbmgr::initInterfacesHandler: interfaces addr(127.0.0.1:30099), accountType:(interfaces), chargeType:(interfaces).
 WARNING      dbmgr-1 10123 4000  [2018-08-23 18:18:00 989] - DBUtil::initialize: db(default) password is not encrypted!
please use password(rsa):
0249860BB1F0E91943A6200FA143B52BB81DC870BFDC6BC822AE8C24F8088C36C7D5CDCEA143B26856D745B6B2AA9721A39C866CE72F158573695FC1E90FC0BBC16397AC8A2069553402CD36FD7B138886409D69635E3CECDD002A0168B70E975D17F97A72DB6D5920D3AFA98B23151A5F725E8349E3D232AE9F28B9AD7DA9D5
   DEBUG      dbmgr-1 10123 4000  [2018-08-23 18:18:01 492] - DBInterfaceMysql::attach: connect: localhost:3306 starting...
   DEBUG      dbmgr-1 10123 4000  [2018-08-23 18:18:01 775] - DBInterfaceMysql::attach: successfully! addr: localhost:3306
    INFO      dbmgr-1 10123 4000  [2018-08-23 18:18:01 775] - DBUtil::createInterface[0x44ef8c]: interface=default, dbtype=mysql, ip=localhost, port=3306, currdatabase=ori, username=kbe, connected=yes.

    INFO      dbmgr-1 10123 4000  [2018-08-23 18:18:01 920] - ThreadPool::createThreadPool: creating  threadpool...
    INFO      dbmgr-1 10123 4000  [2018-08-23 18:18:01 921] - ThreadPool::createThreadPool: successfully(5), newThreadCount=5, normalMaxThreadCount=5, maxThreadCount=5
    INFO      dbmgr-1 10123 4000  [2018-08-23 18:18:02 084] - DBInterfaceMysql::query: successfully!
 WARNING      dbmgr-1 10123 4000  [2018-08-23 18:18:02 135] - g:\kbengine-2.2.0\kbe\src\server\dbmgr\dbmgr.cpp:307: Profile scriptCall took 2.13 seconds
    INFO      dbmgr-1 10123 4000  [2018-08-23 18:18:02 889] - ---- dbmgr is running ----
   DEBUG      dbmgr-1 10123 4000  [2018-08-23 18:18:02 889] - Components::process(): Request for the process of identity...
   DEBUG      dbmgr-1 10123 4000  [2018-08-23 18:18:01 920] - DBInterfaceMysql::attach: connect: localhost:3306 starting...
   DEBUG      dbmgr-1 10123 4000  [2018-08-23 18:18:01 920] - DBInterfaceMysql::attach: connect: localhost:3306 starting...
   DEBUG      dbmgr-1 10123 4000  [2018-08-23 18:18:01 921] - DBInterfaceMysql::attach: connect: localhost:3306 starting...
   DEBUG      dbmgr-1 10123 4000  [2018-08-23 18:18:01 921] - DBInterfaceMysql::attach: connect: localhost:3306 starting...
   DEBUG      dbmgr-1 10123 4000  [2018-08-23 18:18:01 922] - DBInterfaceMysql::attach: connect: localhost:3306 starting...
   DEBUG      dbmgr-1 10123 4000  [2018-08-23 18:18:01 930] - DBInterfaceMysql::attach: successfully! addr: localhost:3306
   DEBUG      dbmgr-1 10123 4000  [2018-08-23 18:18:01 930] - DBThread::onStart(): 0x2ce110!
   DEBUG      dbmgr-1 10123 4000  [2018-08-23 18:18:01 933] - DBInterfaceMysql::attach: successfully! addr: localhost:3306
   DEBUG      dbmgr-1 10123 4000  [2018-08-23 18:18:01 933] - DBThread::onStart(): 0x2ce088!
   DEBUG      dbmgr-1 10123 4000  [2018-08-23 18:18:01 934] - DBInterfaceMysql::attach: successfully! addr: localhost:3306
   DEBUG      dbmgr-1 10123 4000  [2018-08-23 18:18:01 934] - DBThread::onStart(): 0x2ce198!
   DEBUG      dbmgr-1 10123 4000  [2018-08-23 18:18:01 936] - DBInterfaceMysql::attach: successfully! addr: localhost:3306
   DEBUG      dbmgr-1 10123 4000  [2018-08-23 18:18:01 936] - DBThread::onStart(): 0x2ce220!
   DEBUG      dbmgr-1 10123 4000  [2018-08-23 18:18:01 936] - DBInterfaceMysql::attach: successfully! addr: localhost:3306
   DEBUG      dbmgr-1 10123 4000  [2018-08-23 18:18:01 936] - DBThread::onStart(): 0x2ce2a8!
    INFO      dbmgr-1 10123 4000  [2018-08-23 18:18:02 101] - DBInterfaceMysql::query: successfully!
    INFO      dbmgr-1 10123 4000  [2018-08-23 18:18:02 101] - DBInterfaceMysql::query: successfully!
    INFO      dbmgr-1 10123 4000  [2018-08-23 18:18:02 101] - DBInterfaceMysql::query: successfully!
    INFO      dbmgr-1 10123 4000  [2018-08-23 18:18:02 101] - DBInterfaceMysql::query: successfully!
    INFO      dbmgr-1 10123 4000  [2018-08-23 18:18:02 113] - DBInterfaceMysql::query: successfully!
    INFO      dbmgr-1 10123 4000  [2018-08-23 18:18:02 113] - DBInterfaceMysql::query: successfully!
    INFO      dbmgr-1 10123 4000  [2018-08-23 18:18:02 113] - DBInterfaceMysql::query: successfully!
    INFO      dbmgr-1 10123 4000  [2018-08-23 18:18:02 122] - DBInterfaceMysql::query: successfully!
    INFO      dbmgr-1 10123 4000  [2018-08-23 18:18:09 727] - ServerApp::onRegisterNewApp: uid:10123, username:, componentType:baseappmgr, componentID:5000, globalorderID=-1, grouporderID=-1, intaddr:192.168.0.149, intport:52093, extaddr:nonsupport, extport:0,  from 192.168.0.149:52190/0/0/0.
    INFO      dbmgr-1 10123 4000  [2018-08-23 18:18:09 727] - Components::addComponent: reset orderLog, uid=10123!
    INFO      dbmgr-1 10123 4000  [2018-08-23 18:18:09 727] - Components::addComponent[baseappmgr], uid=10123, componentID=5000, globalorderid=1, grouporderid=1, totalcount=1
    INFO      dbmgr-1 10123 4000  [2018-08-23 18:18:10 747] - Components::process(): Found all the components!
    INFO      dbmgr-1 10123 4000  [2018-08-23 18:18:10 922] - ServerApp::onRegisterNewApp: uid:10123, username:, componentType:cellappmgr, componentID:6000, globalorderID=-1, grouporderID=-1, intaddr:192.168.0.149, intport:52108, extaddr:nonsupport, extport:0,  from 192.168.0.149:52196/0/0/0.
    INFO      dbmgr-1 10123 4000  [2018-08-23 18:18:10 922] - Components::addComponent[cellappmgr], uid=10123, componentID=6000, globalorderid=2, grouporderid=1, totalcount=1
    INFO      dbmgr-1 10123 4000  [2018-08-23 18:18:17 415] - ServerApp::onRegisterNewApp: uid:10123, username:, componentType:baseapp, componentID:7001, globalorderID=-1, grouporderID=-1, intaddr:192.168.0.149, intport:52119, extaddr:192.168.0.149, extport:20015,  from 192.168.0.149:52221/0/0/0.
    INFO      dbmgr-1 10123 4000  [2018-08-23 18:18:17 415] - Components::addComponent[baseapp], uid=10123, componentID=7001, globalorderid=3, grouporderid=1, totalcount=1
    INFO      dbmgr-1 10123 4000  [2018-08-23 18:18:20 426] - IDServer::allocRange: 1-2001.
   DEBUG      dbmgr-1 10123 4000  [2018-08-23 18:18:20 426] - SyncAppDatasHandler::~SyncAppDatasHandler()
    INFO      dbmgr-1 10123 4000  [2018-08-23 18:18:21 310] - ServerApp::onRegisterNewApp: uid:10123, username:, componentType:cellapp, componentID:8001, globalorderID=-1, grouporderID=-1, intaddr:192.168.0.149, intport:52171, extaddr:nonsupport, extport:0,  from 192.168.0.149:52240/0/0/0.
    INFO      dbmgr-1 10123 4000  [2018-08-23 18:18:21 310] - Components::addComponent[cellapp], uid=10123, componentID=8001, globalorderid=4, grouporderid=1, totalcount=1
    INFO      dbmgr-1 10123 4000  [2018-08-23 18:18:21 812] - GlobalDataServer::broadcastDataChanged: writer(baseapp, addr=192.168.0.149:52221/0/0/0), keySize=11, valSize=49, isDelete=0
    INFO      dbmgr-1 10123 4000  [2018-08-23 18:18:22 244] - ServerApp::onRegisterNewApp: uid:10123, username:, componentType:loginapp, componentID:9000, globalorderID=-1, grouporderID=-1, intaddr:192.168.0.149, intport:52185, extaddr:192.168.0.149, extport:20013,  from 192.168.0.149:52247/0/0/0.
    INFO      dbmgr-1 10123 4000  [2018-08-23 18:18:22 244] - Components::addComponent[loginapp], uid=10123, componentID=9000, globalorderid=5, grouporderid=1, totalcount=1
    INFO      dbmgr-1 10123 4000  [2018-08-23 18:18:25 247] - IDServer::allocRange: 2001-4001.
   DEBUG      dbmgr-1 10123 4000  [2018-08-23 18:18:25 247] - SyncAppDatasHandler::~SyncAppDatasHandler()
   DEBUG      dbmgr-1 10123 4000  [2018-08-23 18:20:11 864] - Dbmgr::onAccountLogin:loginName=123, accountName=123, success=0, componentID=0, entityID=0, dbid=1, flags=0, deadline=0.
   DEBUG      dbmgr-1 10123 4000  [2018-08-23 18:20:11 924] - Dbmgr::queryAccount: 123, success=1, flags=0, deadline=0.
    INFO      dbmgr-1 10123 4000  [2018-08-23 18:20:11 931] - GlobalDataServer::broadcastDataChanged: writer(cellapp, addr=192.168.0.149:52240/0/0/0), keySize=12, valSize=49, isDelete=0
   DEBUG      dbmgr-1 10123 4000  [2018-08-23 18:22:37 759] - Dbmgr::onAccountLogin:loginName=123, accountName=123, success=10, componentID=7001, entityID=2, dbid=1, flags=0, deadline=0.
   DEBUG      dbmgr-1 10123 4000  [2018-08-23 18:28:03 631] - Dbmgr::writeEntity: Avatar(1).
   DEBUG      dbmgr-1 10123 4000  [2018-08-23 18:28:38 950] - Dbmgr::onAccountLogin:loginName=123, accountName=123, success=10, componentID=7001, entityID=2, dbid=1, flags=0, deadline=0.
   DEBUG      dbmgr-1 10123 4000  [2018-08-23 18:33:03 602] - Dbmgr::writeEntity: Avatar(1).
   DEBUG      dbmgr-1 10123 4000  [2018-08-23 18:38:03 594] - Dbmgr::writeEntity: Avatar(1).
   DEBUG      dbmgr-1 10123 4000  [2018-08-23 18:43:03 585] - Dbmgr::writeEntity: Avatar(1).
   DEBUG      dbmgr-1 10123 4000  [2018-08-23 18:48:03 577] - Dbmgr::writeEntity: Avatar(1).
   DEBUG      dbmgr-1 10123 4000  [2018-08-23 18:53:03 568] - Dbmgr::writeEntity: Avatar(1).
   DEBUG      dbmgr-1 10123 4000  [2018-08-23 18:58:03 561] - Dbmgr::writeEntity: Avatar(1).
   DEBUG      dbmgr-1 10123 4000  [2018-08-23 19:03:03 552] - Dbmgr::writeEntity: Avatar(1).
   DEBUG      dbmgr-1 10123 4000  [2018-08-23 19:08:03 544] - Dbmgr::writeEntity: Avatar(1).
   DEBUG      dbmgr-1 10123 4000  [2018-08-23 19:13:03 536] - Dbmgr::writeEntity: Avatar(1).
   DEBUG      dbmgr-1 10123 4000  [2018-08-23 19:18:02 087] - Dbmgr::DBTaskServerLog()
   DEBUG      dbmgr-1 10123 4000  [2018-08-23 19:18:03 507] - Dbmgr::writeEntity: Avatar(1).
   DEBUG      dbmgr-1 10123 4000  [2018-08-23 19:23:03 539] - Dbmgr::writeEntity: Avatar(1).
   DEBUG      dbmgr-1 10123 4000  [2018-08-23 19:28:03 511] - Dbmgr::writeEntity: Avatar(1).
   DEBUG      dbmgr-1 10123 4000  [2018-08-23 19:33:03 503] - Dbmgr::writeEntity: Avatar(1).
   DEBUG      dbmgr-1 10123 4000  [2018-08-23 19:38:03 494] - Dbmgr::writeEntity: Avatar(1).
   DEBUG      dbmgr-1 10123 4000  [2018-08-23 19:43:03 466] - Dbmgr::writeEntity: Avatar(1).
   DEBUG      dbmgr-1 10123 4000  [2018-08-23 19:48:03 477] - Dbmgr::writeEntity: Avatar(1).
   DEBUG      dbmgr-1 10123 4000  [2018-08-23 19:53:03 469] - Dbmgr::writeEntity: Avatar(1).
   DEBUG      dbmgr-1 10123 4000  [2018-08-23 19:58:03 461] - Dbmgr::writeEntity: Avatar(1).
   DEBUG      dbmgr-1 10123 4000  [2018-08-23 20:03:03 453] - Dbmgr::writeEntity: Avatar(1).
   DEBUG      dbmgr-1 10123 4000  [2018-08-23 20:08:03 444] - Dbmgr::writeEntity: Avatar(1).
   DEBUG      dbmgr-1 10123 4000  [2018-08-23 20:08:33 664] - Dbmgr::onAccountLogin:loginName=123, accountName=123, success=10, componentID=7001, entityID=2, dbid=1, flags=0, deadline=0.
   DEBUG      dbmgr-1 10123 4000  [2018-08-23 20:11:05 699] - Dbmgr::onAccountLogin:loginName=hashvr, accountName=hashvr, success=0, componentID=0, entityID=0, dbid=2, flags=0, deadline=0.
   DEBUG      dbmgr-1 10123 4000  [2018-08-23 20:11:05 859] - Dbmgr::queryAccount: hashvr, success=1, flags=0, deadline=0.
   DEBUG      dbmgr-1 10123 4000  [2018-08-23 20:13:03 496] - Dbmgr::writeEntity: Avatar(1).
   DEBUG      dbmgr-1 10123 4000  [2018-08-23 20:15:33 432] - Dbmgr::writeEntity: Avatar(1).
   DEBUG      dbmgr-1 10123 4000  [2018-08-23 20:16:38 450] - Dbmgr::onAccountLogin:loginName=123, accountName=123, success=6, componentID=0, entityID=0, dbid=0, flags=0, deadline=0.
   DEBUG      dbmgr-1 10123 4000  [2018-08-23 20:16:54 609] - Dbmgr::onAccountLogin:loginName=123, accountName=123, success=6, componentID=0, entityID=0, dbid=0, flags=0, deadline=0.
   DEBUG      dbmgr-1 10123 4000  [2018-08-23 20:16:56 389] - Dbmgr::onAccountLogin:loginName=123, accountName=123, success=6, componentID=0, entityID=0, dbid=0, flags=0, deadline=0.
   DEBUG      dbmgr-1 10123 4000  [2018-08-23 20:16:56 729] - Dbmgr::onAccountLogin:loginName=123, accountName=123, success=6, componentID=0, entityID=0, dbid=0, flags=0, deadline=0.
   DEBUG      dbmgr-1 10123 4000  [2018-08-23 20:16:56 869] - Dbmgr::onAccountLogin:loginName=123, accountName=123, success=6, componentID=0, entityID=0, dbid=0, flags=0, deadline=0.
   DEBUG      dbmgr-1 10123 4000  [2018-08-23 20:18:02 028] - Dbmgr::DBTaskServerLog()
   DEBUG      dbmgr-1 10123 4000  [2018-08-23 20:18:03 428] - Dbmgr::writeEntity: Avatar(2).
   DEBUG      dbmgr-1 10123 4000  [2018-08-23 20:20:33 444] - Dbmgr::writeEntity: Avatar(1).
   DEBUG      dbmgr-1 10123 4000  [2018-08-23 20:23:03 419] - Dbmgr::writeEntity: Avatar(2).
   DEBUG      dbmgr-1 10123 4000  [2018-08-23 20:25:33 415] - Dbmgr::writeEntity: Avatar(1).
   DEBUG      dbmgr-1 10123 4000  [2018-08-23 20:28:03 412] - Dbmgr::writeEntity: Avatar(2).
   DEBUG      dbmgr-1 10123 4000  [2018-08-23 20:30:33 407] - Dbmgr::writeEntity: Avatar(1).
   DEBUG      dbmgr-1 10123 4000  [2018-08-23 20:33:03 403] - Dbmgr::writeEntity: Avatar(2).
   DEBUG      dbmgr-1 10123 4000  [2018-08-23 20:35:33 398] - Dbmgr::writeEntity: Avatar(1).
   DEBUG      dbmgr-1 10123 4000  [2018-08-23 20:38:03 395] - Dbmgr::writeEntity: Avatar(2).
   DEBUG      dbmgr-1 10123 4000  [2018-08-23 20:40:33 390] - Dbmgr::writeEntity: Avatar(2).
   DEBUG      dbmgr-1 10123 4000  [2018-08-23 20:43:03 386] - Dbmgr::writeEntity: Avatar(1).
   DEBUG      dbmgr-1 10123 4000  [2018-08-23 20:45:33 382] - Dbmgr::writeEntity: Avatar(2).
   DEBUG      dbmgr-1 10123 4000  [2018-08-23 20:48:03 378] - Dbmgr::writeEntity: Avatar(1).
   DEBUG      dbmgr-1 10123 4000  [2018-08-23 20:50:33 374] - Dbmgr::writeEntity: Avatar(1).
   DEBUG      dbmgr-1 10123 4000  [2018-08-23 20:53:03 369] - Dbmgr::writeEntity: Avatar(2).
   DEBUG      dbmgr-1 10123 4000  [2018-08-23 20:55:33 366] - Dbmgr::writeEntity: Avatar(2).
   DEBUG      dbmgr-1 10123 4000  [2018-08-23 20:58:03 361] - Dbmgr::writeEntity: Avatar(1).
   DEBUG      dbmgr-1 10123 4000  [2018-08-23 21:00:33 357] - Dbmgr::writeEntity: Avatar(1).
   DEBUG      dbmgr-1 10123 4000  [2018-08-23 21:03:03 353] - Dbmgr::writeEntity: Avatar(2).
   DEBUG      dbmgr-1 10123 4000  [2018-08-23 21:05:33 349] - Dbmgr::writeEntity: Avatar(1).
   DEBUG      dbmgr-1 10123 4000  [2018-08-23 21:08:03 345] - Dbmgr::writeEntity: Avatar(2).
   DEBUG      dbmgr-1 10123 4000  [2018-08-23 21:10:33 340] - Dbmgr::writeEntity: Avatar(2).
   DEBUG      dbmgr-1 10123 4000  [2018-08-23 21:13:03 336] - Dbmgr::writeEntity: Avatar(1).
   DEBUG      dbmgr-1 10123 4000  [2018-08-23 21:15:33 333] - Dbmgr::writeEntity: Avatar(1).
   DEBUG      dbmgr-1 10123 4000  [2018-08-23 21:18:01 968] - Dbmgr::DBTaskServerLog()
   DEBUG      dbmgr-1 10123 4000  [2018-08-23 21:18:03 328] - Dbmgr::writeEntity: Avatar(2).
   DEBUG      dbmgr-1 10123 4000  [2018-08-23 21:20:33 324] - Dbmgr::writeEntity: Avatar(2).
   DEBUG      dbmgr-1 10123 4000  [2018-08-23 21:23:03 320] - Dbmgr::writeEntity: Avatar(1).
   DEBUG      dbmgr-1 10123 4000  [2018-08-23 21:25:33 316] - Dbmgr::writeEntity: Avatar(1).
   DEBUG      dbmgr-1 10123 4000  [2018-08-23 21:28:03 311] - Dbmgr::writeEntity: Avatar(2).
   DEBUG      dbmgr-1 10123 4000  [2018-08-23 21:30:33 307] - Dbmgr::writeEntity: Avatar(2).
   DEBUG      dbmgr-1 10123 4000  [2018-08-23 21:33:03 304] - Dbmgr::writeEntity: Avatar(1).
   DEBUG      dbmgr-1 10123 4000  [2018-08-23 21:35:33 299] - Dbmgr::writeEntity: Avatar(2).
   DEBUG      dbmgr-1 10123 4000  [2018-08-23 21:38:03 295] - Dbmgr::writeEntity: Avatar(1).
   DEBUG      dbmgr-1 10123 4000  [2018-08-23 21:40:33 290] - Dbmgr::writeEntity: Avatar(2).
   DEBUG      dbmgr-1 10123 4000  [2018-08-23 21:43:03 287] - Dbmgr::writeEntity: Avatar(1).
   DEBUG      dbmgr-1 10123 4000  [2018-08-23 21:45:33 282] - Dbmgr::writeEntity: Avatar(2).
   DEBUG      dbmgr-1 10123 4000  [2018-08-23 21:48:03 278] - Dbmgr::writeEntity: Avatar(1).
   DEBUG      dbmgr-1 10123 4000  [2018-08-23 21:50:33 274] - Dbmgr::writeEntity: Avatar(2).
   DEBUG      dbmgr-1 10123 4000  [2018-08-23 21:53:03 270] - Dbmgr::writeEntity: Avatar(1).
   DEBUG      dbmgr-1 10123 4000  [2018-08-23 21:55:33 266] - Dbmgr::writeEntity: Avatar(2).
   DEBUG      dbmgr-1 10123 4000  [2018-08-23 21:58:03 261] - Dbmgr::writeEntity: Avatar(1).
   DEBUG      dbmgr-1 10123 4000  [2018-08-23 22:00:33 258] - Dbmgr::writeEntity: Avatar(1).
   DEBUG      dbmgr-1 10123 4000  [2018-08-23 22:03:03 534] - Dbmgr::writeEntity: Avatar(2).
 WARNING      dbmgr-1 10123 4000  [2018-08-23 22:03:03 527] - DBTransaction::commit(): took 0.26 seconds
   DEBUG      dbmgr-1 10123 4000  [2018-08-23 22:05:33 249] - Dbmgr::writeEntity: Avatar(2).
   DEBUG      dbmgr-1 10123 4000  [2018-08-23 22:08:03 245] - Dbmgr::writeEntity: Avatar(1).
   DEBUG      dbmgr-1 10123 4000  [2018-08-23 22:10:33 221] - Dbmgr::writeEntity: Avatar(1).
   DEBUG      dbmgr-1 10123 4000  [2018-08-23 22:13:03 237] - Dbmgr::writeEntity: Avatar(2).
   DEBUG      dbmgr-1 10123 4000  [2018-08-23 22:15:33 232] - Dbmgr::writeEntity: Avatar(1).
   DEBUG      dbmgr-1 10123 4000  [2018-08-23 22:18:01 908] - Dbmgr::DBTaskServerLog()
   DEBUG      dbmgr-1 10123 4000  [2018-08-23 22:18:03 228] - Dbmgr::writeEntity: Avatar(2).
   DEBUG      dbmgr-1 10123 4000  [2018-08-23 22:20:33 225] - Dbmgr::writeEntity: Avatar(2).
   DEBUG      dbmgr-1 10123 4000  [2018-08-23 22:23:03 220] - Dbmgr::writeEntity: Avatar(1).
   DEBUG      dbmgr-1 10123 4000  [2018-08-23 22:25:33 196] - Dbmgr::writeEntity: Avatar(2).
   DEBUG      dbmgr-1 10123 4000  [2018-08-23 22:28:03 211] - Dbmgr::writeEntity: Avatar(1).
   DEBUG      dbmgr-1 10123 4000  [2018-08-23 22:30:33 208] - Dbmgr::writeEntity: Avatar(2).
   DEBUG      dbmgr-1 10123 4000  [2018-08-23 22:33:03 203] - Dbmgr::writeEntity: Avatar(1).
   DEBUG      dbmgr-1 10123 4000  [2018-08-23 22:35:33 199] - Dbmgr::writeEntity: Avatar(1).
   DEBUG      dbmgr-1 10123 4000  [2018-08-23 22:38:03 195] - Dbmgr::writeEntity: Avatar(2).
   DEBUG      dbmgr-1 10123 4000  [2018-08-23 22:40:33 191] - Dbmgr::writeEntity: Avatar(2).
   DEBUG      dbmgr-1 10123 4000  [2018-08-23 22:43:03 187] - Dbmgr::writeEntity: Avatar(1).
   DEBUG      dbmgr-1 10123 4000  [2018-08-23 22:45:33 182] - Dbmgr::writeEntity: Avatar(2).
   DEBUG      dbmgr-1 10123 4000  [2018-08-23 22:48:03 179] - Dbmgr::writeEntity: Avatar(1).
   DEBUG      dbmgr-1 10123 4000  [2018-08-23 22:50:33 155] - Dbmgr::writeEntity: Avatar(1).
   DEBUG      dbmgr-1 10123 4000  [2018-08-23 22:53:03 170] - Dbmgr::writeEntity: Avatar(2).
   DEBUG      dbmgr-1 10123 4000  [2018-08-23 22:55:33 166] - Dbmgr::writeEntity: Avatar(1).
   DEBUG      dbmgr-1 10123 4000  [2018-08-23 22:58:03 162] - Dbmgr::writeEntity: Avatar(2).
   DEBUG      dbmgr-1 10123 4000  [2018-08-23 23:00:33 158] - Dbmgr::writeEntity: Avatar(2).
   DEBUG      dbmgr-1 10123 4000  [2018-08-23 23:03:03 153] - Dbmgr::writeEntity: Avatar(1).
   DEBUG      dbmgr-1 10123 4000  [2018-08-23 23:05:33 149] - Dbmgr::writeEntity: Avatar(1).
   DEBUG      dbmgr-1 10123 4000  [2018-08-23 23:08:03 146] - Dbmgr::writeEntity: Avatar(2).
   DEBUG      dbmgr-1 10123 4000  [2018-08-23 23:10:33 141] - Dbmgr::writeEntity: Avatar(2).
   DEBUG      dbmgr-1 10123 4000  [2018-08-23 23:13:03 137] - Dbmgr::writeEntity: Avatar(1).
   DEBUG      dbmgr-1 10123 4000  [2018-08-23 23:15:33 133] - Dbmgr::writeEntity: Avatar(2).
   DEBUG      dbmgr-1 10123 4000  [2018-08-23 23:18:01 849] - Dbmgr::DBTaskServerLog()
   DEBUG      dbmgr-1 10123 4000  [2018-08-23 23:18:03 129] - Dbmgr::writeEntity: Avatar(1).
   DEBUG      dbmgr-1 10123 4000  [2018-08-23 23:20:33 124] - Dbmgr::writeEntity: Avatar(2).
   DEBUG      dbmgr-1 10123 4000  [2018-08-23 23:23:03 120] - Dbmgr::writeEntity: Avatar(1).
   DEBUG      dbmgr-1 10123 4000  [2018-08-23 23:25:33 117] - Dbmgr::writeEntity: Avatar(1).
   DEBUG      dbmgr-1 10123 4000  [2018-08-23 23:28:03 112] - Dbmgr::writeEntity: Avatar(2).
   DEBUG      dbmgr-1 10123 4000  [2018-08-23 23:30:33 108] - Dbmgr::writeEntity: Avatar(1).
   DEBUG      dbmgr-1 10123 4000  [2018-08-23 23:33:03 103] - Dbmgr::writeEntity: Avatar(2).
   DEBUG      dbmgr-1 10123 4000  [2018-08-23 23:35:33 100] - Dbmgr::writeEntity: Avatar(2).
   DEBUG      dbmgr-1 10123 4000  [2018-08-23 23:38:03 096] - Dbmgr::writeEntity: Avatar(1).
   DEBUG      dbmgr-1 10123 4000  [2018-08-23 23:40:33 091] - Dbmgr::writeEntity: Avatar(1).
   DEBUG      dbmgr-1 10123 4000  [2018-08-23 23:43:03 087] - Dbmgr::writeEntity: Avatar(2).
   DEBUG      dbmgr-1 10123 4000  [2018-08-23 23:45:33 083] - Dbmgr::writeEntity: Avatar(1).
   DEBUG      dbmgr-1 10123 4000  [2018-08-23 23:48:03 079] - Dbmgr::writeEntity: Avatar(2).
   DEBUG      dbmgr-1 10123 4000  [2018-08-23 23:50:33 074] - Dbmgr::writeEntity: Avatar(1).
   DEBUG      dbmgr-1 10123 4000  [2018-08-23 23:53:03 071] - Dbmgr::writeEntity: Avatar(2).
   DEBUG      dbmgr-1 10123 4000  [2018-08-23 23:55:33 067] - Dbmgr::writeEntity: Avatar(1).
   DEBUG      dbmgr-1 10123 4000  [2018-08-23 23:58:03 062] - Dbmgr::writeEntity: Avatar(2).
